<?xml version="1.0" encoding="UTF-8"?>
<!-- Generated by org.testng.reporters.JUnitXMLReporter -->
<testsuite ignored="0" hostname="DESKTOP-LQQ7F2H" failures="2" tests="33" name="Test" time="46.199" errors="0" timestamp="2026-01-04T11:49:22 ICT">
  <testcase classname="Epic9.US91" name="TC_FUNC_9_1_3_VerifyInvoiceMonthDisplay" time="1.402"/>
  <testcase classname="Epic9.US91" name="TC_UI_9_1_4_VerifyFullInvoiceInfo" time="0.044"/>
  <testcase classname="Epic9.US91" name="TC_9_1_5_VerifyTotalAmountCalculation" time="0.106"/>
  <testcase classname="Epic9.US91" name="TC_UI_9_1_7_VerifyUnpaidStatus" time="1.184"/>
  <testcase classname="Epic9.US91" name="TC_UI_9_1_8_VerifyPaidStatus" time="1.176"/>
  <testcase classname="Epic9.US91" name="TC_9_1_11_VerifyNoInvoicesFound" time="1.683"/>
  <testcase classname="Epic9.US92" name="TC_9_2_3_OpenBankSelection" time="1.523"/>
  <testcase classname="Epic9.US92" name="TC_9_2_4_VerifyBankListDisplayed" time="1.431"/>
  <testcase classname="Epic9.US92" name="TC_UI_9_2_5_and_9_2_6_SelectBankAndVerifyAmount" time="0.675"/>
  <testcase classname="Epic9.US92" name="TC_9_2_8_VerifyEmptyCardNumberError" time="0.91"/>
  <testcase classname="Epic9.US92" name="TC_9_2_7_VerifyOTPPageDisplayed" time="1.361"/>
  <testcase classname="Epic9.US92" name="TC_9_2_10_PaymentWithCorrectOTP" time="1.886"/>
  <testcase classname="Epic9.US92" name="TC_UI_9_2_13_VerifyStatusAutoUpdated" time="0.731"/>
  <testcase classname="Epic11.US115" name="TC_UI_11_5_1_VerifyReportButtonVisible" time="0.558"/>
  <testcase classname="Epic11.US115" name="TC_UI_11_5_3_and_11_5_4_OpenFormAndVerifyReasons" time="0.085"/>
  <testcase classname="Epic11.US115" name="TC_11_5_5_SubmitReportSuccessfully" time="0.701"/>
  <testcase classname="Epic11.US115" name="TC_11_5_8_LogoutAndVerifyGuestMessage" time="0.972"/>
  <testcase classname="Epic4.US41" name="TC_FUNC_4_1_11_UpdateStatusToPaid" time="0.067">
    <failure type="java.lang.AssertionError" message="expected [Chưa thanh toán] but found [Đã thanh toán]">
      <![CDATA[java.lang.AssertionError: expected [Chưa thanh toán] but found [Đã thanh toán]
at Epic4.US41.TC_FUNC_4_1_11_UpdateStatusToPaid(US41.java:51)
at java.base/java.util.ArrayList.forEach(ArrayList.java:1596)
... Removed 31 stack frames]]>
    </failure>
  </testcase> <!-- TC_FUNC_4_1_11_UpdateStatusToPaid -->
  <testcase classname="Epic4.US41" name="TC_FUNC_4_1_12_RevertToUnpaid" time="0.0">
    <skipped/>
  </testcase> <!-- TC_FUNC_4_1_12_RevertToUnpaid -->
  <testcase classname="Epic4.US41" name="TC_FUNC_4_1_13_CreateInvoiceSuccess" time="0.924"/>
  <testcase classname="Epic4.US41" name="TC_FUNC_4_1_14_DuplicateInvoiceError" time="0.845"/>
  <testcase classname="Epic4.US41" name="TC_FUNC_4_1_15_DefaultStatusCheck" time="1.371"/>
  <testcase classname="Epic14.US142" name="TC_UI_14_2_2_VerifyNewStatusInList" time="0.026">
    <failure type="java.lang.AssertionError" message="Không tìm thấy báo cáo &amp;apos;Mới&amp;apos;! expected [true] but found [false]">
      <![CDATA[java.lang.AssertionError: Không tìm thấy báo cáo 'Mới'! expected [true] but found [false]
at Epic14.US142.TC_UI_14_2_2_VerifyNewStatusInList(US142.java:55)
at java.base/java.util.ArrayList.forEach(ArrayList.java:1596)
... Removed 28 stack frames]]>
    </failure>
  </testcase> <!-- TC_UI_14_2_2_VerifyNewStatusInList -->
  <testcase classname="Epic14.US142" name="TC_14_2_5_and_14_2_6_HandleNotes" time="0.116"/>
  <testcase classname="Epic14.US142" name="TC_14_2_4_and_14_2_7_UpdateToResolved" time="0.648"/>
  <testcase classname="Epic14.US142" name="TC_UI_14_2_8_VerifySync" time="0.176"/>
  <testcase classname="Epic14.US142" name="TC_14_2_9_LockAccount" time="0.606"/>
  <testcase classname="Epic14.US141" name="TC_UI_14_1_2_VerifyTableColumns" time="0.108"/>
  <testcase classname="Epic14.US141" name="TC_UI_14_1_3_VerifyDataIntegrity" time="0.068"/>
  <testcase classname="Epic14.US141" name="TC_14_1_4_FilterByStatus" time="2.148"/>
  <testcase classname="Epic14.US141" name="TC_14_1_5_FilterByType" time="2.179"/>
  <testcase classname="Epic14.US141" name="TC_14_1_6_CombinedFilter" time="2.12"/>
  <testcase classname="Epic14.US141" name="TC_UI_14_1_7_and_14_1_8_ViewDetailAndVerifyContent" time="0.809"/>
</testsuite> <!-- Test -->
