<?xml version="1.0" encoding="UTF-8"?>
<!-- Generated by org.testng.reporters.JUnitXMLReporter -->
<testsuite ignored="0" hostname="ThanhHuy" failures="0" tests="5" name="Default test" time="26.005" errors="0" timestamp="2025-11-16T16:02:25 ICT">
  <testcase classname="Epic1.US11" name="TC111" time="4.272"/>
  <testcase classname="Epic1.US11" name="TC112" time="10.978"/>
  <testcase classname="Epic1.US11" name="TC113" time="2.48"/>
  <testcase classname="Epic1.US11" name="TC114" time="2.322"/>
  <testcase classname="Epic1.US11" name="TC115" time="2.601"/>
</testsuite> <!-- Default test -->
