# JRE version: Java(TM) SE Runtime Environment (21.0.9+7) (build 21.0.9+7-LTS-338)
# Java VM: Java HotSpot(TM) 64-Bit Server VM (21.0.9+7-LTS-338, mixed mode, sharing, tiered, compressed oops, compressed class ptrs, g1 gc, windows-amd64)
GC Precious Log:
 CardTable entry size: 512
 Card Set container configuration: InlinePtr #cards 5 size 8 Array Of Cards #cards 12 size 40 Howl #buckets 4 coarsen threshold 1843 Howl Bitmap #cards 512 size 80 coarsen threshold 460 Card regions per heap region 1 cards per card region 2048
 CPUs: 12 total, 12 available
 Memory: 8013M
 Large Page Support: Disabled
 NUMA Support: Disabled
 Compressed Oops: Enabled (32-bit)
 Heap Region Size: 1M
 Heap Min Capacity: 8M
 Heap Initial Capacity: 126M
 Heap Max Capacity: 2004M
 Pre-touch: Disabled
 Parallel Workers: 10
 Concurrent Workers: 3
 Concurrent Refinement Workers: 10
 Periodic GC: Disabled
Heap:
 garbage-first heap   total 192512K, used 91451K [0x0000000082c00000, 0x0000000100000000)
  region size 1024K, 49 young (50176K), 12 survivors (12288K)
 Metaspace       used 86121K, committed 86976K, reserved 1179648K
  class space    used 11861K, committed 12224K, reserved 1048576K
GC Heap History (20 events):
Event: 4.474 GC heap before
{Heap before GC invocations=13 (full 0):
 garbage-first heap   total 66560K, used 59347K [0x0000000082c00000, 0x0000000100000000)
  region size 1024K, 31 young (31744K), 2 survivors (2048K)
 Metaspace       used 66153K, committed 66816K, reserved 1114112K
  class space    used 8846K, committed 9152K, reserved 1048576K
}
Event: 4.477 GC heap after
{Heap after GC invocations=14 (full 0):
 garbage-first heap   total 79872K, used 31744K [0x0000000082c00000, 0x0000000100000000)
  region size 1024K, 4 young (4096K), 4 survivors (4096K)
 Metaspace       used 66153K, committed 66816K, reserved 1114112K
  class space    used 8846K, committed 9152K, reserved 1048576K
}
Event: 4.689 GC heap before
{Heap before GC invocations=14 (full 0):
 garbage-first heap   total 79872K, used 70656K [0x0000000082c00000, 0x0000000100000000)
  region size 1024K, 42 young (43008K), 4 survivors (4096K)
 Metaspace       used 67736K, committed 68416K, reserved 1114112K
  class space    used 9207K, committed 9472K, reserved 1048576K
}
Event: 4.699 GC heap after
{Heap after GC invocations=15 (full 0):
 garbage-first heap   total 83968K, used 39429K [0x0000000082c00000, 0x0000000100000000)
  region size 1024K, 6 young (6144K), 6 survivors (6144K)
 Metaspace       used 67736K, committed 68416K, reserved 1114112K
  class space    used 9207K, committed 9472K, reserved 1048576K
}
Event: 4.876 GC heap before
{Heap before GC invocations=15 (full 0):
 garbage-first heap   total 83968K, used 70149K [0x0000000082c00000, 0x0000000100000000)
  region size 1024K, 37 young (37888K), 6 survivors (6144K)
 Metaspace       used 69551K, committed 70208K, reserved 1114112K
  class space    used 9586K, committed 9856K, reserved 1048576K
}
Event: 4.884 GC heap after
{Heap after GC invocations=16 (full 0):
 garbage-first heap   total 84992K, used 46238K [0x0000000082c00000, 0x0000000100000000)
  region size 1024K, 5 young (5120K), 5 survivors (5120K)
 Metaspace       used 69551K, committed 70208K, reserved 1114112K
  class space    used 9586K, committed 9856K, reserved 1048576K
}
Event: 4.916 GC heap before
{Heap before GC invocations=16 (full 0):
 garbage-first heap   total 84992K, used 70814K [0x0000000082c00000, 0x0000000100000000)
  region size 1024K, 29 young (29696K), 5 survivors (5120K)
 Metaspace       used 69569K, committed 70272K, reserved 1114112K
  class space    used 9586K, committed 9856K, reserved 1048576K
}
Event: 4.922 GC heap after
{Heap after GC invocations=17 (full 0):
 garbage-first heap   total 84992K, used 50808K [0x0000000082c00000, 0x0000000100000000)
  region size 1024K, 4 young (4096K), 4 survivors (4096K)
 Metaspace       used 69569K, committed 70272K, reserved 1114112K
  class space    used 9586K, committed 9856K, reserved 1048576K
}
Event: 4.950 GC heap before
{Heap before GC invocations=17 (full 0):
 garbage-first heap   total 117760K, used 71288K [0x0000000082c00000, 0x0000000100000000)
  region size 1024K, 24 young (24576K), 4 survivors (4096K)
 Metaspace       used 69569K, committed 70272K, reserved 1114112K
  class space    used 9586K, committed 9856K, reserved 1048576K
}
Event: 4.957 GC heap after
{Heap after GC invocations=18 (full 0):
 garbage-first heap   total 117760K, used 58368K [0x0000000082c00000, 0x0000000100000000)
  region size 1024K, 3 young (3072K), 3 survivors (3072K)
 Metaspace       used 69569K, committed 70272K, reserved 1114112K
  class space    used 9586K, committed 9856K, reserved 1048576K
}
Event: 5.014 GC heap before
{Heap before GC invocations=19 (full 0):
 garbage-first heap   total 117760K, used 99328K [0x0000000082c00000, 0x0000000100000000)
  region size 1024K, 43 young (44032K), 3 survivors (3072K)
 Metaspace       used 69569K, committed 70272K, reserved 1114112K
  class space    used 9586K, committed 9856K, reserved 1048576K
}
Event: 5.020 GC heap after
{Heap after GC invocations=20 (full 0):
 garbage-first heap   total 192512K, used 66553K [0x0000000082c00000, 0x0000000100000000)
  region size 1024K, 6 young (6144K), 6 survivors (6144K)
 Metaspace       used 69569K, committed 70272K, reserved 1114112K
  class space    used 9586K, committed 9856K, reserved 1048576K
}
Event: 5.265 GC heap before
{Heap before GC invocations=20 (full 0):
 garbage-first heap   total 192512K, used 126969K [0x0000000082c00000, 0x0000000100000000)
  region size 1024K, 66 young (67584K), 6 survivors (6144K)
 Metaspace       used 71819K, committed 72512K, reserved 1114112K
  class space    used 9928K, committed 10240K, reserved 1048576K
}
Event: 5.271 GC heap after
{Heap after GC invocations=21 (full 0):
 garbage-first heap   total 192512K, used 70628K [0x0000000082c00000, 0x0000000100000000)
  region size 1024K, 4 young (4096K), 4 survivors (4096K)
 Metaspace       used 71819K, committed 72512K, reserved 1114112K
  class space    used 9928K, committed 10240K, reserved 1048576K
}
Event: 5.392 GC heap before
{Heap before GC invocations=21 (full 0):
 garbage-first heap   total 192512K, used 144356K [0x0000000082c00000, 0x0000000100000000)
  region size 1024K, 76 young (77824K), 4 survivors (4096K)
 Metaspace       used 71960K, committed 72704K, reserved 1114112K
  class space    used 9944K, committed 10240K, reserved 1048576K
}
Event: 5.395 GC heap after
{Heap after GC invocations=22 (full 0):
 garbage-first heap   total 192512K, used 70628K [0x0000000082c00000, 0x0000000100000000)
  region size 1024K, 4 young (4096K), 4 survivors (4096K)
 Metaspace       used 71960K, committed 72704K, reserved 1114112K
  class space    used 9944K, committed 10240K, reserved 1048576K
}
Event: 5.660 GC heap before
{Heap before GC invocations=23 (full 0):
 garbage-first heap   total 192512K, used 162788K [0x0000000082c00000, 0x0000000100000000)
  region size 1024K, 103 young (105472K), 4 survivors (4096K)
 Metaspace       used 72909K, committed 73600K, reserved 1114112K
  class space    used 10086K, committed 10432K, reserved 1048576K
}
Event: 5.664 GC heap after
{Heap after GC invocations=24 (full 0):
 garbage-first heap   total 192512K, used 63460K [0x0000000082c00000, 0x0000000100000000)
  region size 1024K, 6 young (6144K), 6 survivors (6144K)
 Metaspace       used 72909K, committed 73600K, reserved 1114112K
  class space    used 10086K, committed 10432K, reserved 1048576K
}
Event: 12.892 GC heap before
{Heap before GC invocations=24 (full 0):
 garbage-first heap   total 192512K, used 172004K [0x0000000082c00000, 0x0000000100000000)
  region size 1024K, 112 young (114688K), 6 survivors (6144K)
 Metaspace       used 79343K, committed 80128K, reserved 1179648K
  class space    used 10922K, committed 11264K, reserved 1048576K
}
Event: 12.902 GC heap after
{Heap after GC invocations=25 (full 0):
 garbage-first heap   total 192512K, used 55611K [0x0000000082c00000, 0x0000000100000000)
  region size 1024K, 12 young (12288K), 12 survivors (12288K)
 Metaspace       used 79343K, committed 80128K, reserved 1179648K
  class space    used 10922K, committed 11264K, reserved 1048576K
}

