# JRE version: Java(TM) SE Runtime Environment (21.0.9+7) (build 21.0.9+7-LTS-338)
# Java VM: Java HotSpot(TM) 64-Bit Server VM (21.0.9+7-LTS-338, mixed mode, sharing, tiered, compressed oops, compressed class ptrs, g1 gc, windows-amd64)
GC Precious Log:
 CardTable entry size: 512
 Card Set container configuration: InlinePtr #cards 5 size 8 Array Of Cards #cards 12 size 40 Howl #buckets 4 coarsen threshold 1843 Howl Bitmap #cards 512 size 80 coarsen threshold 460 Card regions per heap region 1 cards per card region 2048
 CPUs: 12 total, 12 available
 Memory: 8013M
 Large Page Support: Disabled
 NUMA Support: Disabled
 Compressed Oops: Enabled (32-bit)
 Heap Region Size: 1M
 Heap Min Capacity: 8M
 Heap Initial Capacity: 126M
 Heap Max Capacity: 2004M
 Pre-touch: Disabled
 Parallel Workers: 10
 Concurrent Workers: 3
 Concurrent Refinement Workers: 10
 Periodic GC: Disabled
Heap:
 garbage-first heap   total 225280K, used 103345K [0x0000000082c00000, 0x0000000100000000)
  region size 1024K, 49 young (50176K), 15 survivors (15360K)
 Metaspace       used 87188K, committed 88064K, reserved 1179648K
  class space    used 11970K, committed 12352K, reserved 1048576K
GC Heap History (20 events):
Event: 5.211 GC heap before
{Heap before GC invocations=14 (full 0):
 garbage-first heap   total 69632K, used 60490K [0x0000000082c00000, 0x0000000100000000)
  region size 1024K, 32 young (32768K), 4 survivors (4096K)
 Metaspace       used 67057K, committed 67776K, reserved 1114112K
  class space    used 9095K, committed 9408K, reserved 1048576K
}
Event: 5.218 GC heap after
{Heap after GC invocations=15 (full 0):
 garbage-first heap   total 71680K, used 37805K [0x0000000082c00000, 0x0000000100000000)
  region size 1024K, 4 young (4096K), 4 survivors (4096K)
 Metaspace       used 67057K, committed 67776K, reserved 1114112K
  class space    used 9095K, committed 9408K, reserved 1048576K
}
Event: 5.328 GC heap before
{Heap before GC invocations=15 (full 0):
 garbage-first heap   total 71680K, used 61357K [0x0000000082c00000, 0x0000000100000000)
  region size 1024K, 27 young (27648K), 4 survivors (4096K)
 Metaspace       used 67782K, committed 68480K, reserved 1114112K
  class space    used 9153K, committed 9472K, reserved 1048576K
}
Event: 5.332 GC heap after
{Heap after GC invocations=16 (full 0):
 garbage-first heap   total 86016K, used 40899K [0x0000000082c00000, 0x0000000100000000)
  region size 1024K, 3 young (3072K), 3 survivors (3072K)
 Metaspace       used 67782K, committed 68480K, reserved 1114112K
  class space    used 9153K, committed 9472K, reserved 1048576K
}
Event: 5.468 GC heap before
{Heap before GC invocations=17 (full 0):
 garbage-first heap   total 86016K, used 69571K [0x0000000082c00000, 0x0000000100000000)
  region size 1024K, 32 young (32768K), 3 survivors (3072K)
 Metaspace       used 68788K, committed 69504K, reserved 1114112K
  class space    used 9473K, committed 9792K, reserved 1048576K
}
Event: 5.471 GC heap after
{Heap after GC invocations=18 (full 0):
 garbage-first heap   total 86016K, used 41768K [0x0000000082c00000, 0x0000000100000000)
  region size 1024K, 1 young (1024K), 1 survivors (1024K)
 Metaspace       used 68788K, committed 69504K, reserved 1114112K
  class space    used 9473K, committed 9792K, reserved 1048576K
}
Event: 5.503 GC heap before
{Heap before GC invocations=18 (full 0):
 garbage-first heap   total 86016K, used 73512K [0x0000000082c00000, 0x0000000100000000)
  region size 1024K, 32 young (32768K), 1 survivors (1024K)
 Metaspace       used 68792K, committed 69504K, reserved 1114112K
  class space    used 9473K, committed 9792K, reserved 1048576K
}
Event: 5.509 GC heap after
{Heap after GC invocations=19 (full 0):
 garbage-first heap   total 86016K, used 49913K [0x0000000082c00000, 0x0000000100000000)
  region size 1024K, 4 young (4096K), 4 survivors (4096K)
 Metaspace       used 68792K, committed 69504K, reserved 1114112K
  class space    used 9473K, committed 9792K, reserved 1048576K
}
Event: 5.537 GC heap before
{Heap before GC invocations=19 (full 0):
 garbage-first heap   total 86016K, used 72441K [0x0000000082c00000, 0x0000000100000000)
  region size 1024K, 26 young (26624K), 4 survivors (4096K)
 Metaspace       used 68792K, committed 69504K, reserved 1114112K
  class space    used 9473K, committed 9792K, reserved 1048576K
}
Event: 5.543 GC heap after
{Heap after GC invocations=20 (full 0):
 garbage-first heap   total 86016K, used 57344K [0x0000000082c00000, 0x0000000100000000)
  region size 1024K, 4 young (4096K), 4 survivors (4096K)
 Metaspace       used 68792K, committed 69504K, reserved 1114112K
  class space    used 9473K, committed 9792K, reserved 1048576K
}
Event: 5.580 GC heap before
{Heap before GC invocations=20 (full 0):
 garbage-first heap   total 112640K, used 72704K [0x0000000082c00000, 0x0000000100000000)
  region size 1024K, 20 young (20480K), 4 survivors (4096K)
 Metaspace       used 68796K, committed 69504K, reserved 1114112K
  class space    used 9473K, committed 9792K, reserved 1048576K
}
Event: 5.584 GC heap after
{Heap after GC invocations=21 (full 0):
 garbage-first heap   total 112640K, used 58020K [0x0000000082c00000, 0x0000000100000000)
  region size 1024K, 1 young (1024K), 1 survivors (1024K)
 Metaspace       used 68796K, committed 69504K, reserved 1114112K
  class space    used 9473K, committed 9792K, reserved 1048576K
}
Event: 5.753 GC heap before
{Heap before GC invocations=22 (full 0):
 garbage-first heap   total 112640K, used 89764K [0x0000000082c00000, 0x0000000100000000)
  region size 1024K, 33 young (33792K), 1 survivors (1024K)
 Metaspace       used 71040K, committed 71744K, reserved 1114112K
  class space    used 9803K, committed 10112K, reserved 1048576K
}
Event: 5.759 GC heap after
{Heap after GC invocations=23 (full 0):
 garbage-first heap   total 233472K, used 58482K [0x0000000082c00000, 0x0000000100000000)
  region size 1024K, 2 young (2048K), 2 survivors (2048K)
 Metaspace       used 71040K, committed 71744K, reserved 1114112K
  class space    used 9803K, committed 10112K, reserved 1048576K
}
Event: 6.116 GC heap before
{Heap before GC invocations=23 (full 0):
 garbage-first heap   total 233472K, used 170098K [0x0000000082c00000, 0x0000000100000000)
  region size 1024K, 111 young (113664K), 2 survivors (2048K)
 Metaspace       used 72116K, committed 72832K, reserved 1114112K
  class space    used 9944K, committed 10240K, reserved 1048576K
}
Event: 6.120 GC heap after
{Heap after GC invocations=24 (full 0):
 garbage-first heap   total 233472K, used 58869K [0x0000000082c00000, 0x0000000100000000)
  region size 1024K, 5 young (5120K), 5 survivors (5120K)
 Metaspace       used 72116K, committed 72832K, reserved 1114112K
  class space    used 9944K, committed 10240K, reserved 1048576K
}
Event: 6.455 GC heap before
{Heap before GC invocations=24 (full 0):
 garbage-first heap   total 233472K, used 193013K [0x0000000082c00000, 0x0000000100000000)
  region size 1024K, 136 young (139264K), 5 survivors (5120K)
 Metaspace       used 73499K, committed 74240K, reserved 1114112K
  class space    used 10105K, committed 10432K, reserved 1048576K
}
Event: 6.459 GC heap after
{Heap after GC invocations=25 (full 0):
 garbage-first heap   total 233472K, used 61581K [0x0000000082c00000, 0x0000000100000000)
  region size 1024K, 7 young (7168K), 7 survivors (7168K)
 Metaspace       used 73499K, committed 74240K, reserved 1114112K
  class space    used 10105K, committed 10432K, reserved 1048576K
}
Event: 66.164 GC heap before
{Heap before GC invocations=26 (full 0):
 garbage-first heap   total 225280K, used 189581K [0x0000000082c00000, 0x0000000100000000)
  region size 1024K, 132 young (135168K), 7 survivors (7168K)
 Metaspace       used 86931K, committed 87808K, reserved 1179648K
  class space    used 11954K, committed 12352K, reserved 1048576K
}
Event: 66.189 GC heap after
{Heap after GC invocations=27 (full 0):
 garbage-first heap   total 225280K, used 69553K [0x0000000082c00000, 0x0000000100000000)
  region size 1024K, 15 young (15360K), 15 survivors (15360K)
 Metaspace       used 86931K, committed 87808K, reserved 1179648K
  class space    used 11954K, committed 12352K, reserved 1048576K
}

