# JRE version: Java(TM) SE Runtime Environment (21.0.9+7) (build 21.0.9+7-LTS-338)
# Java VM: Java HotSpot(TM) 64-Bit Server VM (21.0.9+7-LTS-338, mixed mode, sharing, tiered, compressed oops, compressed class ptrs, g1 gc, windows-amd64)
GC Precious Log:
 CardTable entry size: 512
 Card Set container configuration: InlinePtr #cards 5 size 8 Array Of Cards #cards 12 size 40 Howl #buckets 4 coarsen threshold 1843 Howl Bitmap #cards 512 size 80 coarsen threshold 460 Card regions per heap region 1 cards per card region 2048
 CPUs: 12 total, 12 available
 Memory: 8013M
 Large Page Support: Disabled
 NUMA Support: Disabled
 Compressed Oops: Enabled (32-bit)
 Heap Region Size: 1M
 Heap Min Capacity: 8M
 Heap Initial Capacity: 126M
 Heap Max Capacity: 2004M
 Pre-touch: Disabled
 Parallel Workers: 10
 Concurrent Workers: 3
 Concurrent Refinement Workers: 10
 Periodic GC: Disabled
Heap:
 garbage-first heap   total 69632K, used 28989K [0x0000000082c00000, 0x0000000100000000)
  region size 1024K, 4 young (4096K), 4 survivors (4096K)
 Metaspace       used 57789K, committed 58368K, reserved 1114112K
  class space    used 7674K, committed 7936K, reserved 1048576K
GC Heap History (17 events):
Event: 0.480 GC heap before
{Heap before GC invocations=0 (full 0):
 garbage-first heap   total 129024K, used 24576K [0x0000000082c00000, 0x0000000100000000)
  region size 1024K, 23 young (23552K), 0 survivors (0K)
 Metaspace       used 5336K, committed 5568K, reserved 1114112K
  class space    used 605K, committed 704K, reserved 1048576K
}
Event: 0.483 GC heap after
{Heap after GC invocations=1 (full 0):
 garbage-first heap   total 129024K, used 7992K [0x0000000082c00000, 0x0000000100000000)
  region size 1024K, 3 young (3072K), 3 survivors (3072K)
 Metaspace       used 5336K, committed 5568K, reserved 1114112K
  class space    used 605K, committed 704K, reserved 1048576K
}
Event: 0.909 GC heap before
{Heap before GC invocations=1 (full 0):
 garbage-first heap   total 129024K, used 38712K [0x0000000082c00000, 0x0000000100000000)
  region size 1024K, 33 young (33792K), 3 survivors (3072K)
 Metaspace       used 13408K, committed 13760K, reserved 1114112K
  class space    used 1795K, committed 1920K, reserved 1048576K
}
Event: 0.913 GC heap after
{Heap after GC invocations=2 (full 0):
 garbage-first heap   total 129024K, used 10529K [0x0000000082c00000, 0x0000000100000000)
  region size 1024K, 3 young (3072K), 3 survivors (3072K)
 Metaspace       used 13408K, committed 13760K, reserved 1114112K
  class space    used 1795K, committed 1920K, reserved 1048576K
}
Event: 1.266 GC heap before
{Heap before GC invocations=2 (full 0):
 garbage-first heap   total 129024K, used 46369K [0x0000000082c00000, 0x0000000100000000)
  region size 1024K, 40 young (40960K), 3 survivors (3072K)
 Metaspace       used 21190K, committed 21504K, reserved 1114112K
  class space    used 2655K, committed 2816K, reserved 1048576K
}
Event: 1.271 GC heap after
{Heap after GC invocations=3 (full 0):
 garbage-first heap   total 129024K, used 14491K [0x0000000082c00000, 0x0000000100000000)
  region size 1024K, 7 young (7168K), 7 survivors (7168K)
 Metaspace       used 21190K, committed 21504K, reserved 1114112K
  class space    used 2655K, committed 2816K, reserved 1048576K
}
Event: 1.898 GC heap before
{Heap before GC invocations=4 (full 0):
 garbage-first heap   total 58368K, used 57499K [0x0000000082c00000, 0x0000000100000000)
  region size 1024K, 49 young (50176K), 7 survivors (7168K)
 Metaspace       used 26336K, committed 26816K, reserved 1114112K
  class space    used 3311K, committed 3520K, reserved 1048576K
}
Event: 1.905 GC heap after
{Heap after GC invocations=5 (full 0):
 garbage-first heap   total 69632K, used 18143K [0x0000000082c00000, 0x0000000100000000)
  region size 1024K, 8 young (8192K), 8 survivors (8192K)
 Metaspace       used 26336K, committed 26816K, reserved 1114112K
  class space    used 3311K, committed 3520K, reserved 1048576K
}
Event: 2.425 GC heap before
{Heap before GC invocations=5 (full 0):
 garbage-first heap   total 69632K, used 50911K [0x0000000082c00000, 0x0000000100000000)
  region size 1024K, 40 young (40960K), 8 survivors (8192K)
 Metaspace       used 31530K, committed 32064K, reserved 1114112K
  class space    used 4065K, committed 4288K, reserved 1048576K
}
Event: 2.431 GC heap after
{Heap after GC invocations=6 (full 0):
 garbage-first heap   total 69632K, used 21283K [0x0000000082c00000, 0x0000000100000000)
  region size 1024K, 4 young (4096K), 4 survivors (4096K)
 Metaspace       used 31530K, committed 32064K, reserved 1114112K
  class space    used 4065K, committed 4288K, reserved 1048576K
}
Event: 2.738 GC heap before
{Heap before GC invocations=6 (full 0):
 garbage-first heap   total 69632K, used 40739K [0x0000000082c00000, 0x0000000100000000)
  region size 1024K, 24 young (24576K), 4 survivors (4096K)
 Metaspace       used 35590K, committed 36096K, reserved 1114112K
  class space    used 4485K, committed 4736K, reserved 1048576K
}
Event: 2.743 GC heap after
{Heap after GC invocations=7 (full 0):
 garbage-first heap   total 69632K, used 23500K [0x0000000082c00000, 0x0000000100000000)
  region size 1024K, 3 young (3072K), 3 survivors (3072K)
 Metaspace       used 35590K, committed 36096K, reserved 1114112K
  class space    used 4485K, committed 4736K, reserved 1048576K
}
Event: 3.266 GC heap before
{Heap before GC invocations=8 (full 0):
 garbage-first heap   total 69632K, used 56268K [0x0000000082c00000, 0x0000000100000000)
  region size 1024K, 35 young (35840K), 3 survivors (3072K)
 Metaspace       used 43674K, committed 44224K, reserved 1114112K
  class space    used 5671K, committed 5952K, reserved 1048576K
}
Event: 3.269 GC heap after
{Heap after GC invocations=9 (full 0):
 garbage-first heap   total 69632K, used 26145K [0x0000000082c00000, 0x0000000100000000)
  region size 1024K, 5 young (5120K), 5 survivors (5120K)
 Metaspace       used 43674K, committed 44224K, reserved 1114112K
  class space    used 5671K, committed 5952K, reserved 1048576K
}
Event: 3.713 GC heap before
{Heap before GC invocations=9 (full 0):
 garbage-first heap   total 69632K, used 57889K [0x0000000082c00000, 0x0000000100000000)
  region size 1024K, 36 young (36864K), 5 survivors (5120K)
 Metaspace       used 50681K, committed 51264K, reserved 1114112K
  class space    used 6583K, committed 6848K, reserved 1048576K
}
Event: 3.718 GC heap after
{Heap after GC invocations=10 (full 0):
 garbage-first heap   total 69632K, used 28192K [0x0000000082c00000, 0x0000000100000000)
  region size 1024K, 3 young (3072K), 3 survivors (3072K)
 Metaspace       used 50681K, committed 51264K, reserved 1114112K
  class space    used 6583K, committed 6848K, reserved 1048576K
}
Event: 4.096 GC heap before
{Heap before GC invocations=10 (full 0):
 garbage-first heap   total 69632K, used 58912K [0x0000000082c00000, 0x0000000100000000)
  region size 1024K, 33 young (33792K), 3 survivors (3072K)
 Metaspace       used 57789K, committed 58368K, reserved 1114112K
  class space    used 7674K, committed 7936K, reserved 1048576K
}

