# JRE version: Java(TM) SE Runtime Environment (21.0.9+7) (build 21.0.9+7-LTS-338)
# Java VM: Java HotSpot(TM) 64-Bit Server VM (21.0.9+7-LTS-338, mixed mode, sharing, tiered, compressed oops, compressed class ptrs, g1 gc, windows-amd64)
GC Precious Log:
 CardTable entry size: 512
 Card Set container configuration: InlinePtr #cards 5 size 8 Array Of Cards #cards 12 size 40 Howl #buckets 4 coarsen threshold 1843 Howl Bitmap #cards 512 size 80 coarsen threshold 460 Card regions per heap region 1 cards per card region 2048
 CPUs: 12 total, 12 available
 Memory: 8013M
 Large Page Support: Disabled
 NUMA Support: Disabled
 Compressed Oops: Enabled (32-bit)
 Heap Region Size: 1M
 Heap Min Capacity: 8M
 Heap Initial Capacity: 126M
 Heap Max Capacity: 2004M
 Pre-touch: Disabled
 Parallel Workers: 10
 Concurrent Workers: 3
 Concurrent Refinement Workers: 10
 Periodic GC: Disabled
Heap:
 garbage-first heap   total 293888K, used 162014K [0x0000000082c00000, 0x0000000100000000)
  region size 1024K, 82 young (83968K), 5 survivors (5120K)
 Metaspace       used 77937K, committed 78720K, reserved 1179648K
  class space    used 10769K, committed 11136K, reserved 1048576K
GC Heap History (20 events):
Event: 4.612 GC heap before
{Heap before GC invocations=17 (full 0):
 garbage-first heap   total 70656K, used 61467K [0x0000000082c00000, 0x0000000100000000)
  region size 1024K, 31 young (31744K), 4 survivors (4096K)
 Metaspace       used 67710K, committed 68416K, reserved 1114112K
  class space    used 9334K, committed 9664K, reserved 1048576K
}
Event: 4.617 GC heap after
{Heap after GC invocations=18 (full 0):
 garbage-first heap   total 71680K, used 39630K [0x0000000082c00000, 0x0000000100000000)
  region size 1024K, 4 young (4096K), 4 survivors (4096K)
 Metaspace       used 67710K, committed 68416K, reserved 1114112K
  class space    used 9334K, committed 9664K, reserved 1048576K
}
Event: 4.664 GC heap before
{Heap before GC invocations=19 (full 0):
 garbage-first heap   total 78848K, used 60110K [0x0000000082c00000, 0x0000000100000000)
  region size 1024K, 24 young (24576K), 4 survivors (4096K)
 Metaspace       used 67722K, committed 68416K, reserved 1114112K
  class space    used 9335K, committed 9664K, reserved 1048576K
}
Event: 4.669 GC heap after
{Heap after GC invocations=20 (full 0):
 garbage-first heap   total 78848K, used 45381K [0x0000000082c00000, 0x0000000100000000)
  region size 1024K, 3 young (3072K), 3 survivors (3072K)
 Metaspace       used 67722K, committed 68416K, reserved 1114112K
  class space    used 9335K, committed 9664K, reserved 1048576K
}
Event: 4.692 GC heap before
{Heap before GC invocations=20 (full 0):
 garbage-first heap   total 78848K, used 65861K [0x0000000082c00000, 0x0000000100000000)
  region size 1024K, 23 young (23552K), 3 survivors (3072K)
 Metaspace       used 67722K, committed 68416K, reserved 1114112K
  class space    used 9335K, committed 9664K, reserved 1048576K
}
Event: 4.698 GC heap after
{Heap after GC invocations=21 (full 0):
 garbage-first heap   total 78848K, used 53732K [0x0000000082c00000, 0x0000000100000000)
  region size 1024K, 3 young (3072K), 3 survivors (3072K)
 Metaspace       used 67722K, committed 68416K, reserved 1114112K
  class space    used 9335K, committed 9664K, reserved 1048576K
}
Event: 4.712 GC heap before
{Heap before GC invocations=21 (full 0):
 garbage-first heap   total 78848K, used 66020K [0x0000000082c00000, 0x0000000100000000)
  region size 1024K, 15 young (15360K), 3 survivors (3072K)
 Metaspace       used 67723K, committed 68416K, reserved 1114112K
  class space    used 9335K, committed 9664K, reserved 1048576K
}
Event: 4.716 GC heap after
{Heap after GC invocations=22 (full 0):
 garbage-first heap   total 157696K, used 57259K [0x0000000082c00000, 0x0000000100000000)
  region size 1024K, 2 young (2048K), 2 survivors (2048K)
 Metaspace       used 67723K, committed 68416K, reserved 1114112K
  class space    used 9335K, committed 9664K, reserved 1048576K
}
Event: 4.819 GC heap before
{Heap before GC invocations=23 (full 0):
 garbage-first heap   total 157696K, used 122795K [0x0000000082c00000, 0x0000000100000000)
  region size 1024K, 68 young (69632K), 2 survivors (2048K)
 Metaspace       used 67710K, committed 68416K, reserved 1114112K
  class space    used 9333K, committed 9664K, reserved 1048576K
}
Event: 4.824 GC heap after
{Heap after GC invocations=24 (full 0):
 garbage-first heap   total 157696K, used 60961K [0x0000000082c00000, 0x0000000100000000)
  region size 1024K, 8 young (8192K), 8 survivors (8192K)
 Metaspace       used 67710K, committed 68416K, reserved 1114112K
  class space    used 9333K, committed 9664K, reserved 1048576K
}
Event: 4.888 GC heap before
{Heap before GC invocations=24 (full 0):
 garbage-first heap   total 157696K, used 128545K [0x0000000082c00000, 0x0000000100000000)
  region size 1024K, 74 young (75776K), 8 survivors (8192K)
 Metaspace       used 67717K, committed 68416K, reserved 1114112K
  class space    used 9333K, committed 9664K, reserved 1048576K
}
Event: 4.897 GC heap after
{Heap after GC invocations=25 (full 0):
 garbage-first heap   total 157696K, used 68548K [0x0000000082c00000, 0x0000000100000000)
  region size 1024K, 10 young (10240K), 10 survivors (10240K)
 Metaspace       used 67717K, committed 68416K, reserved 1114112K
  class space    used 9333K, committed 9664K, reserved 1048576K
}
Event: 4.906 GC heap before
{Heap before GC invocations=25 (full 0):
 garbage-first heap   total 157696K, used 77764K [0x0000000082c00000, 0x0000000100000000)
  region size 1024K, 20 young (20480K), 10 survivors (10240K)
 Metaspace       used 67717K, committed 68416K, reserved 1114112K
  class space    used 9333K, committed 9664K, reserved 1048576K
}
Event: 4.913 GC heap after
{Heap after GC invocations=26 (full 0):
 garbage-first heap   total 157696K, used 74623K [0x0000000082c00000, 0x0000000100000000)
  region size 1024K, 5 young (5120K), 5 survivors (5120K)
 Metaspace       used 67717K, committed 68416K, reserved 1114112K
  class space    used 9333K, committed 9664K, reserved 1048576K
}
Event: 4.980 GC heap before
{Heap before GC invocations=27 (full 0):
 garbage-first heap   total 157696K, used 115583K [0x0000000082c00000, 0x0000000100000000)
  region size 1024K, 50 young (51200K), 5 survivors (5120K)
 Metaspace       used 67723K, committed 68416K, reserved 1114112K
  class space    used 9333K, committed 9664K, reserved 1048576K
}
Event: 4.990 GC heap after
{Heap after GC invocations=28 (full 0):
 garbage-first heap   total 157696K, used 84498K [0x0000000082c00000, 0x0000000100000000)
  region size 1024K, 7 young (7168K), 7 survivors (7168K)
 Metaspace       used 67723K, committed 68416K, reserved 1114112K
  class space    used 9333K, committed 9664K, reserved 1048576K
}
Event: 5.030 GC heap before
{Heap before GC invocations=28 (full 0):
 garbage-first heap   total 157696K, used 123410K [0x0000000082c00000, 0x0000000100000000)
  region size 1024K, 45 young (46080K), 7 survivors (7168K)
 Metaspace       used 67724K, committed 68416K, reserved 1114112K
  class space    used 9333K, committed 9664K, reserved 1048576K
}
Event: 5.037 GC heap after
{Heap after GC invocations=29 (full 0):
 garbage-first heap   total 157696K, used 83162K [0x0000000082c00000, 0x0000000100000000)
  region size 1024K, 6 young (6144K), 6 survivors (6144K)
 Metaspace       used 67724K, committed 68416K, reserved 1114112K
  class space    used 9333K, committed 9664K, reserved 1048576K
}
Event: 5.482 GC heap before
{Heap before GC invocations=29 (full 0):
 garbage-first heap   total 157696K, used 124122K [0x0000000082c00000, 0x0000000100000000)
  region size 1024K, 46 young (47104K), 6 survivors (6144K)
 Metaspace       used 70660K, committed 71360K, reserved 1114112K
  class space    used 9738K, committed 10048K, reserved 1048576K
}
Event: 5.489 GC heap after
{Heap after GC invocations=30 (full 0):
 garbage-first heap   total 353280K, used 88286K [0x0000000082c00000, 0x0000000100000000)
  region size 1024K, 5 young (5120K), 5 survivors (5120K)
 Metaspace       used 70660K, committed 71360K, reserved 1114112K
  class space    used 9738K, committed 10048K, reserved 1048576K
}

