# JRE version: Java(TM) SE Runtime Environment (21.0.9+7) (build 21.0.9+7-LTS-338)
# Java VM: Java HotSpot(TM) 64-Bit Server VM (21.0.9+7-LTS-338, mixed mode, sharing, tiered, compressed oops, compressed class ptrs, g1 gc, windows-amd64)
GC Precious Log:
 CardTable entry size: 512
 Card Set container configuration: InlinePtr #cards 5 size 8 Array Of Cards #cards 12 size 40 Howl #buckets 4 coarsen threshold 1843 Howl Bitmap #cards 512 size 80 coarsen threshold 460 Card regions per heap region 1 cards per card region 2048
 CPUs: 12 total, 12 available
 Memory: 8013M
 Large Page Support: Disabled
 NUMA Support: Disabled
 Compressed Oops: Enabled (32-bit)
 Heap Region Size: 1M
 Heap Min Capacity: 8M
 Heap Initial Capacity: 126M
 Heap Max Capacity: 2004M
 Pre-touch: Disabled
 Parallel Workers: 10
 Concurrent Workers: 3
 Concurrent Refinement Workers: 10
 Periodic GC: Disabled
Heap:
 garbage-first heap   total 286720K, used 121924K [0x0000000082c00000, 0x0000000100000000)
  region size 1024K, 68 young (69632K), 6 survivors (6144K)
 Metaspace       used 81096K, committed 81856K, reserved 1179648K
  class space    used 11137K, committed 11520K, reserved 1048576K
GC Heap History (20 events):
Event: 4.857 GC heap before
{Heap before GC invocations=14 (full 0):
 garbage-first heap   total 79872K, used 70315K [0x0000000082c00000, 0x0000000100000000)
  region size 1024K, 41 young (41984K), 4 survivors (4096K)
 Metaspace       used 69489K, committed 70144K, reserved 1114112K
  class space    used 9568K, committed 9856K, reserved 1048576K
}
Event: 4.861 GC heap after
{Heap after GC invocations=15 (full 0):
 garbage-first heap   total 79872K, used 34916K [0x0000000082c00000, 0x0000000100000000)
  region size 1024K, 6 young (6144K), 6 survivors (6144K)
 Metaspace       used 69489K, committed 70144K, reserved 1114112K
  class space    used 9568K, committed 9856K, reserved 1048576K
}
Event: 4.981 GC heap before
{Heap before GC invocations=15 (full 0):
 garbage-first heap   total 79872K, used 67684K [0x0000000082c00000, 0x0000000100000000)
  region size 1024K, 38 young (38912K), 6 survivors (6144K)
 Metaspace       used 70952K, committed 71552K, reserved 1114112K
  class space    used 9777K, committed 10048K, reserved 1048576K
}
Event: 4.985 GC heap after
{Heap after GC invocations=16 (full 0):
 garbage-first heap   total 79872K, used 35334K [0x0000000082c00000, 0x0000000100000000)
  region size 1024K, 4 young (4096K), 4 survivors (4096K)
 Metaspace       used 70952K, committed 71552K, reserved 1114112K
  class space    used 9777K, committed 10048K, reserved 1048576K
}
Event: 5.055 GC heap before
{Heap before GC invocations=16 (full 0):
 garbage-first heap   total 79872K, used 69126K [0x0000000082c00000, 0x0000000100000000)
  region size 1024K, 37 young (37888K), 4 survivors (4096K)
 Metaspace       used 71053K, committed 71744K, reserved 1114112K
  class space    used 9798K, committed 10112K, reserved 1048576K
}
Event: 5.057 GC heap after
{Heap after GC invocations=17 (full 0):
 garbage-first heap   total 79872K, used 36160K [0x0000000082c00000, 0x0000000100000000)
  region size 1024K, 2 young (2048K), 2 survivors (2048K)
 Metaspace       used 71053K, committed 71744K, reserved 1114112K
  class space    used 9798K, committed 10112K, reserved 1048576K
}
Event: 5.106 GC heap before
{Heap before GC invocations=18 (full 0):
 garbage-first heap   total 79872K, used 72000K [0x0000000082c00000, 0x0000000100000000)
  region size 1024K, 37 young (37888K), 2 survivors (2048K)
 Metaspace       used 71064K, committed 71808K, reserved 1114112K
  class space    used 9800K, committed 10112K, reserved 1048576K
}
Event: 5.110 GC heap after
{Heap after GC invocations=19 (full 0):
 garbage-first heap   total 80896K, used 42054K [0x0000000082c00000, 0x0000000100000000)
  region size 1024K, 5 young (5120K), 5 survivors (5120K)
 Metaspace       used 71064K, committed 71808K, reserved 1114112K
  class space    used 9800K, committed 10112K, reserved 1048576K
}
Event: 5.138 GC heap before
{Heap before GC invocations=19 (full 0):
 garbage-first heap   total 80896K, used 69702K [0x0000000082c00000, 0x0000000100000000)
  region size 1024K, 32 young (32768K), 5 survivors (5120K)
 Metaspace       used 71064K, committed 71808K, reserved 1114112K
  class space    used 9800K, committed 10112K, reserved 1048576K
}
Event: 5.146 GC heap after
{Heap after GC invocations=20 (full 0):
 garbage-first heap   total 123904K, used 50908K [0x0000000082c00000, 0x0000000100000000)
  region size 1024K, 4 young (4096K), 4 survivors (4096K)
 Metaspace       used 71064K, committed 71808K, reserved 1114112K
  class space    used 9800K, committed 10112K, reserved 1048576K
}
Event: 5.329 GC heap before
{Heap before GC invocations=20 (full 0):
 garbage-first heap   total 123904K, used 105180K [0x0000000082c00000, 0x0000000100000000)
  region size 1024K, 57 young (58368K), 4 survivors (4096K)
 Metaspace       used 71767K, committed 72384K, reserved 1114112K
  class space    used 9914K, committed 10176K, reserved 1048576K
}
Event: 5.333 GC heap after
{Heap after GC invocations=21 (full 0):
 garbage-first heap   total 123904K, used 54062K [0x0000000082c00000, 0x0000000100000000)
  region size 1024K, 8 young (8192K), 8 survivors (8192K)
 Metaspace       used 71767K, committed 72384K, reserved 1114112K
  class space    used 9914K, committed 10176K, reserved 1048576K
}
Event: 5.393 GC heap before
{Heap before GC invocations=21 (full 0):
 garbage-first heap   total 123904K, used 106286K [0x0000000082c00000, 0x0000000100000000)
  region size 1024K, 59 young (60416K), 8 survivors (8192K)
 Metaspace       used 71774K, committed 72384K, reserved 1114112K
  class space    used 9914K, committed 10176K, reserved 1048576K
}
Event: 5.400 GC heap after
{Heap after GC invocations=22 (full 0):
 garbage-first heap   total 123904K, used 59201K [0x0000000082c00000, 0x0000000100000000)
  region size 1024K, 8 young (8192K), 8 survivors (8192K)
 Metaspace       used 71774K, committed 72384K, reserved 1114112K
  class space    used 9914K, committed 10176K, reserved 1048576K
}
Event: 5.490 GC heap before
{Heap before GC invocations=22 (full 0):
 garbage-first heap   total 123904K, used 107329K [0x0000000082c00000, 0x0000000100000000)
  region size 1024K, 55 young (56320K), 8 survivors (8192K)
 Metaspace       used 71970K, committed 72704K, reserved 1114112K
  class space    used 9940K, committed 10240K, reserved 1048576K
}
Event: 5.493 GC heap after
{Heap after GC invocations=23 (full 0):
 garbage-first heap   total 123904K, used 56048K [0x0000000082c00000, 0x0000000100000000)
  region size 1024K, 2 young (2048K), 2 survivors (2048K)
 Metaspace       used 71970K, committed 72704K, reserved 1114112K
  class space    used 9940K, committed 10240K, reserved 1048576K
}
Event: 5.664 GC heap before
{Heap before GC invocations=24 (full 0):
 garbage-first heap   total 143360K, used 109296K [0x0000000082c00000, 0x0000000100000000)
  region size 1024K, 54 young (55296K), 2 survivors (2048K)
 Metaspace       used 72871K, committed 73600K, reserved 1114112K
  class space    used 10078K, committed 10432K, reserved 1048576K
}
Event: 5.666 GC heap after
{Heap after GC invocations=25 (full 0):
 garbage-first heap   total 143360K, used 56697K [0x0000000082c00000, 0x0000000100000000)
  region size 1024K, 3 young (3072K), 3 survivors (3072K)
 Metaspace       used 72871K, committed 73600K, reserved 1114112K
  class space    used 10078K, committed 10432K, reserved 1048576K
}
Event: 6.082 GC heap before
{Heap before GC invocations=25 (full 0):
 garbage-first heap   total 143360K, used 129401K [0x0000000082c00000, 0x0000000100000000)
  region size 1024K, 74 young (75776K), 3 survivors (3072K)
 Metaspace       used 75385K, committed 76096K, reserved 1179648K
  class space    used 10341K, committed 10688K, reserved 1048576K
}
Event: 6.089 GC heap after
{Heap after GC invocations=26 (full 0):
 garbage-first heap   total 286720K, used 59460K [0x0000000082c00000, 0x0000000100000000)
  region size 1024K, 6 young (6144K), 6 survivors (6144K)
 Metaspace       used 75385K, committed 76096K, reserved 1179648K
  class space    used 10341K, committed 10688K, reserved 1048576K
}

