# JRE version: Java(TM) SE Runtime Environment (21.0.9+7) (build 21.0.9+7-LTS-338)
# Java VM: Java HotSpot(TM) 64-Bit Server VM (21.0.9+7-LTS-338, mixed mode, sharing, tiered, compressed oops, compressed class ptrs, g1 gc, windows-amd64)
GC Precious Log:
 CardTable entry size: 512
 Card Set container configuration: InlinePtr #cards 5 size 8 Array Of Cards #cards 12 size 40 Howl #buckets 4 coarsen threshold 1843 Howl Bitmap #cards 512 size 80 coarsen threshold 460 Card regions per heap region 1 cards per card region 2048
 CPUs: 12 total, 12 available
 Memory: 8013M
 Large Page Support: Disabled
 NUMA Support: Disabled
 Compressed Oops: Enabled (32-bit)
 Heap Region Size: 1M
 Heap Min Capacity: 8M
 Heap Initial Capacity: 126M
 Heap Max Capacity: 2004M
 Pre-touch: Disabled
 Parallel Workers: 10
 Concurrent Workers: 3
 Concurrent Refinement Workers: 10
 Periodic GC: Disabled
Heap:
 garbage-first heap   total 176128K, used 56821K [0x0000000082c00000, 0x0000000100000000)
  region size 1024K, 14 young (14336K), 13 survivors (13312K)
 Metaspace       used 86877K, committed 87744K, reserved 1179648K
  class space    used 11904K, committed 12288K, reserved 1048576K
GC Heap History (20 events):
Event: 4.972 GC heap before
{Heap before GC invocations=18 (full 0):
 garbage-first heap   total 66560K, used 58310K [0x0000000082c00000, 0x0000000100000000)
  region size 1024K, 24 young (24576K), 4 survivors (4096K)
 Metaspace       used 67876K, committed 68544K, reserved 1114112K
  class space    used 9203K, committed 9472K, reserved 1048576K
}
Event: 4.976 GC heap after
{Heap after GC invocations=19 (full 0):
 garbage-first heap   total 66560K, used 41194K [0x0000000082c00000, 0x0000000100000000)
  region size 1024K, 3 young (3072K), 3 survivors (3072K)
 Metaspace       used 67876K, committed 68544K, reserved 1114112K
  class space    used 9203K, committed 9472K, reserved 1048576K
}
Event: 5.127 GC heap before
{Heap before GC invocations=20 (full 0):
 garbage-first heap   total 76800K, used 56554K [0x0000000082c00000, 0x0000000100000000)
  region size 1024K, 19 young (19456K), 3 survivors (3072K)
 Metaspace       used 69491K, committed 70144K, reserved 1114112K
  class space    used 9580K, committed 9856K, reserved 1048576K
}
Event: 5.131 GC heap after
{Heap after GC invocations=21 (full 0):
 garbage-first heap   total 76800K, used 44927K [0x0000000082c00000, 0x0000000100000000)
  region size 1024K, 3 young (3072K), 3 survivors (3072K)
 Metaspace       used 69491K, committed 70144K, reserved 1114112K
  class space    used 9580K, committed 9856K, reserved 1048576K
}
Event: 5.154 GC heap before
{Heap before GC invocations=21 (full 0):
 garbage-first heap   total 76800K, used 65407K [0x0000000082c00000, 0x0000000100000000)
  region size 1024K, 23 young (23552K), 3 survivors (3072K)
 Metaspace       used 69501K, committed 70208K, reserved 1114112K
  class space    used 9580K, committed 9856K, reserved 1048576K
}
Event: 5.160 GC heap after
{Heap after GC invocations=22 (full 0):
 garbage-first heap   total 76800K, used 50526K [0x0000000082c00000, 0x0000000100000000)
  region size 1024K, 3 young (3072K), 3 survivors (3072K)
 Metaspace       used 69501K, committed 70208K, reserved 1114112K
  class space    used 9580K, committed 9856K, reserved 1048576K
}
Event: 5.176 GC heap before
{Heap before GC invocations=22 (full 0):
 garbage-first heap   total 76800K, used 65886K [0x0000000082c00000, 0x0000000100000000)
  region size 1024K, 18 young (18432K), 3 survivors (3072K)
 Metaspace       used 69508K, committed 70208K, reserved 1114112K
  class space    used 9580K, committed 9856K, reserved 1048576K
}
Event: 5.180 GC heap after
{Heap after GC invocations=23 (full 0):
 garbage-first heap   total 146432K, used 53732K [0x0000000082c00000, 0x0000000100000000)
  region size 1024K, 3 young (3072K), 3 survivors (3072K)
 Metaspace       used 69508K, committed 70208K, reserved 1114112K
  class space    used 9580K, committed 9856K, reserved 1048576K
}
Event: 5.326 GC heap before
{Heap before GC invocations=24 (full 0):
 garbage-first heap   total 146432K, used 114148K [0x0000000082c00000, 0x0000000100000000)
  region size 1024K, 64 young (65536K), 3 survivors (3072K)
 Metaspace       used 70944K, committed 71680K, reserved 1114112K
  class space    used 9804K, committed 10112K, reserved 1048576K
}
Event: 5.328 GC heap after
{Heap after GC invocations=25 (full 0):
 garbage-first heap   total 146432K, used 51074K [0x0000000082c00000, 0x0000000100000000)
  region size 1024K, 1 young (1024K), 1 survivors (1024K)
 Metaspace       used 70944K, committed 71680K, reserved 1114112K
  class space    used 9804K, committed 10112K, reserved 1048576K
}
Event: 5.514 GC heap before
{Heap before GC invocations=25 (full 0):
 garbage-first heap   total 146432K, used 129922K [0x0000000082c00000, 0x0000000100000000)
  region size 1024K, 78 young (79872K), 1 survivors (1024K)
 Metaspace       used 71749K, committed 72384K, reserved 1114112K
  class space    used 9902K, committed 10176K, reserved 1048576K
}
Event: 5.517 GC heap after
{Heap after GC invocations=26 (full 0):
 garbage-first heap   total 146432K, used 52307K [0x0000000082c00000, 0x0000000100000000)
  region size 1024K, 5 young (5120K), 5 survivors (5120K)
 Metaspace       used 71749K, committed 72384K, reserved 1114112K
  class space    used 9902K, committed 10176K, reserved 1048576K
}
Event: 5.645 GC heap before
{Heap before GC invocations=26 (full 0):
 garbage-first heap   total 146432K, used 129107K [0x0000000082c00000, 0x0000000100000000)
  region size 1024K, 80 young (81920K), 5 survivors (5120K)
 Metaspace       used 72055K, committed 72768K, reserved 1114112K
  class space    used 9939K, committed 10240K, reserved 1048576K
}
Event: 5.649 GC heap after
{Heap after GC invocations=27 (full 0):
 garbage-first heap   total 146432K, used 56633K [0x0000000082c00000, 0x0000000100000000)
  region size 1024K, 9 young (9216K), 9 survivors (9216K)
 Metaspace       used 72055K, committed 72768K, reserved 1114112K
  class space    used 9939K, committed 10240K, reserved 1048576K
}
Event: 5.844 GC heap before
{Heap before GC invocations=28 (full 0):
 garbage-first heap   total 146432K, used 126265K [0x0000000082c00000, 0x0000000100000000)
  region size 1024K, 79 young (80896K), 9 survivors (9216K)
 Metaspace       used 72985K, committed 73728K, reserved 1114112K
  class space    used 10082K, committed 10432K, reserved 1048576K
}
Event: 5.848 GC heap after
{Heap after GC invocations=29 (full 0):
 garbage-first heap   total 146432K, used 52741K [0x0000000082c00000, 0x0000000100000000)
  region size 1024K, 4 young (4096K), 4 survivors (4096K)
 Metaspace       used 72985K, committed 73728K, reserved 1114112K
  class space    used 10082K, committed 10432K, reserved 1048576K
}
Event: 6.304 GC heap before
{Heap before GC invocations=29 (full 0):
 garbage-first heap   total 146432K, used 132613K [0x0000000082c00000, 0x0000000100000000)
  region size 1024K, 82 young (83968K), 4 survivors (4096K)
 Metaspace       used 75668K, committed 76352K, reserved 1179648K
  class space    used 10368K, committed 10688K, reserved 1048576K
}
Event: 6.308 GC heap after
{Heap after GC invocations=30 (full 0):
 garbage-first heap   total 176128K, used 50978K [0x0000000082c00000, 0x0000000100000000)
  region size 1024K, 7 young (7168K), 7 survivors (7168K)
 Metaspace       used 75668K, committed 76352K, reserved 1179648K
  class space    used 10368K, committed 10688K, reserved 1048576K
}
Event: 118.885 GC heap before
{Heap before GC invocations=30 (full 0):
 garbage-first heap   total 176128K, used 149282K [0x0000000082c00000, 0x0000000100000000)
  region size 1024K, 103 young (105472K), 7 survivors (7168K)
 Metaspace       used 86833K, committed 87680K, reserved 1179648K
  class space    used 11903K, committed 12288K, reserved 1048576K
}
Event: 118.896 GC heap after
{Heap after GC invocations=31 (full 0):
 garbage-first heap   total 176128K, used 56821K [0x0000000082c00000, 0x0000000100000000)
  region size 1024K, 13 young (13312K), 13 survivors (13312K)
 Metaspace       used 86833K, committed 87680K, reserved 1179648K
  class space    used 11903K, committed 12288K, reserved 1048576K
}

