# JRE version: Java(TM) SE Runtime Environment (21.0.9+7) (build 21.0.9+7-LTS-338)
# Java VM: Java HotSpot(TM) 64-Bit Server VM (21.0.9+7-LTS-338, mixed mode, sharing, tiered, compressed oops, compressed class ptrs, g1 gc, windows-amd64)
GC Precious Log:
 CardTable entry size: 512
 Card Set container configuration: InlinePtr #cards 5 size 8 Array Of Cards #cards 12 size 40 Howl #buckets 4 coarsen threshold 1843 Howl Bitmap #cards 512 size 80 coarsen threshold 460 Card regions per heap region 1 cards per card region 2048
 CPUs: 12 total, 12 available
 Memory: 8013M
 Large Page Support: Disabled
 NUMA Support: Disabled
 Compressed Oops: Enabled (32-bit)
 Heap Region Size: 1M
 Heap Min Capacity: 8M
 Heap Initial Capacity: 126M
 Heap Max Capacity: 2004M
 Pre-touch: Disabled
 Parallel Workers: 10
 Concurrent Workers: 3
 Concurrent Refinement Workers: 10
 Periodic GC: Disabled
Heap:
 garbage-first heap   total 93184K, used 50584K [0x0000000082c00000, 0x0000000100000000)
  region size 1024K, 3 young (3072K), 3 survivors (3072K)
 Metaspace       used 68729K, committed 69440K, reserved 1114112K
  class space    used 9466K, committed 9792K, reserved 1048576K
GC Heap History (20 events):
Event: 2.376 GC heap after
{Heap after GC invocations=6 (full 0):
 garbage-first heap   total 70656K, used 21419K [0x0000000082c00000, 0x0000000100000000)
  region size 1024K, 4 young (4096K), 4 survivors (4096K)
 Metaspace       used 31886K, committed 32448K, reserved 1114112K
  class space    used 4100K, committed 4352K, reserved 1048576K
}
Event: 2.709 GC heap before
{Heap before GC invocations=6 (full 0):
 garbage-first heap   total 70656K, used 38827K [0x0000000082c00000, 0x0000000100000000)
  region size 1024K, 23 young (23552K), 4 survivors (4096K)
 Metaspace       used 35599K, committed 36096K, reserved 1114112K
  class space    used 4485K, committed 4736K, reserved 1048576K
}
Event: 2.713 GC heap after
{Heap after GC invocations=7 (full 0):
 garbage-first heap   total 70656K, used 23665K [0x0000000082c00000, 0x0000000100000000)
  region size 1024K, 3 young (3072K), 3 survivors (3072K)
 Metaspace       used 35599K, committed 36096K, reserved 1114112K
  class space    used 4485K, committed 4736K, reserved 1048576K
}
Event: 3.274 GC heap before
{Heap before GC invocations=8 (full 0):
 garbage-first heap   total 70656K, used 57457K [0x0000000082c00000, 0x0000000100000000)
  region size 1024K, 36 young (36864K), 3 survivors (3072K)
 Metaspace       used 44007K, committed 44608K, reserved 1114112K
  class space    used 5722K, committed 6016K, reserved 1048576K
}
Event: 3.277 GC heap after
{Heap after GC invocations=9 (full 0):
 garbage-first heap   total 70656K, used 26572K [0x0000000082c00000, 0x0000000100000000)
  region size 1024K, 5 young (5120K), 5 survivors (5120K)
 Metaspace       used 44007K, committed 44608K, reserved 1114112K
  class space    used 5722K, committed 6016K, reserved 1048576K
}
Event: 3.745 GC heap before
{Heap before GC invocations=9 (full 0):
 garbage-first heap   total 70656K, used 59340K [0x0000000082c00000, 0x0000000100000000)
  region size 1024K, 37 young (37888K), 5 survivors (5120K)
 Metaspace       used 51203K, committed 51840K, reserved 1114112K
  class space    used 6614K, committed 6912K, reserved 1048576K
}
Event: 3.750 GC heap after
{Heap after GC invocations=10 (full 0):
 garbage-first heap   total 70656K, used 28602K [0x0000000082c00000, 0x0000000100000000)
  region size 1024K, 3 young (3072K), 3 survivors (3072K)
 Metaspace       used 51203K, committed 51840K, reserved 1114112K
  class space    used 6614K, committed 6912K, reserved 1048576K
}
Event: 4.148 GC heap before
{Heap before GC invocations=10 (full 0):
 garbage-first heap   total 70656K, used 59322K [0x0000000082c00000, 0x0000000100000000)
  region size 1024K, 34 young (34816K), 3 survivors (3072K)
 Metaspace       used 57854K, committed 58432K, reserved 1114112K
  class space    used 7674K, committed 7936K, reserved 1048576K
}
Event: 4.151 GC heap after
{Heap after GC invocations=11 (full 0):
 garbage-first heap   total 70656K, used 29602K [0x0000000082c00000, 0x0000000100000000)
  region size 1024K, 4 young (4096K), 4 survivors (4096K)
 Metaspace       used 57854K, committed 58432K, reserved 1114112K
  class space    used 7674K, committed 7936K, reserved 1048576K
}
Event: 4.300 GC heap before
{Heap before GC invocations=11 (full 0):
 garbage-first heap   total 70656K, used 41890K [0x0000000082c00000, 0x0000000100000000)
  region size 1024K, 17 young (17408K), 4 survivors (4096K)
 Metaspace       used 59859K, committed 60480K, reserved 1114112K
  class space    used 7934K, committed 8192K, reserved 1048576K
}
Event: 4.302 GC heap after
{Heap after GC invocations=12 (full 0):
 garbage-first heap   total 70656K, used 30076K [0x0000000082c00000, 0x0000000100000000)
  region size 1024K, 2 young (2048K), 2 survivors (2048K)
 Metaspace       used 59859K, committed 60480K, reserved 1114112K
  class space    used 7934K, committed 8192K, reserved 1048576K
}
Event: 4.834 GC heap before
{Heap before GC invocations=13 (full 0):
 garbage-first heap   total 70656K, used 62844K [0x0000000082c00000, 0x0000000100000000)
  region size 1024K, 34 young (34816K), 2 survivors (2048K)
 Metaspace       used 66566K, committed 67264K, reserved 1114112K
  class space    used 9039K, committed 9344K, reserved 1048576K
}
Event: 4.837 GC heap after
{Heap after GC invocations=14 (full 0):
 garbage-first heap   total 70656K, used 32465K [0x0000000082c00000, 0x0000000100000000)
  region size 1024K, 5 young (5120K), 5 survivors (5120K)
 Metaspace       used 66566K, committed 67264K, reserved 1114112K
  class space    used 9039K, committed 9344K, reserved 1048576K
}
Event: 4.961 GC heap before
{Heap before GC invocations=14 (full 0):
 garbage-first heap   total 70656K, used 60113K [0x0000000082c00000, 0x0000000100000000)
  region size 1024K, 32 young (32768K), 5 survivors (5120K)
 Metaspace       used 66994K, committed 67712K, reserved 1114112K
  class space    used 9088K, committed 9408K, reserved 1048576K
}
Event: 4.968 GC heap after
{Heap after GC invocations=15 (full 0):
 garbage-first heap   total 72704K, used 38061K [0x0000000082c00000, 0x0000000100000000)
  region size 1024K, 4 young (4096K), 4 survivors (4096K)
 Metaspace       used 66994K, committed 67712K, reserved 1114112K
  class space    used 9088K, committed 9408K, reserved 1048576K
}
Event: 5.067 GC heap before
{Heap before GC invocations=15 (full 0):
 garbage-first heap   total 72704K, used 61613K [0x0000000082c00000, 0x0000000100000000)
  region size 1024K, 27 young (27648K), 4 survivors (4096K)
 Metaspace       used 67718K, committed 68416K, reserved 1114112K
  class space    used 9146K, committed 9472K, reserved 1048576K
}
Event: 5.070 GC heap after
{Heap after GC invocations=16 (full 0):
 garbage-first heap   total 72704K, used 40801K [0x0000000082c00000, 0x0000000100000000)
  region size 1024K, 3 young (3072K), 3 survivors (3072K)
 Metaspace       used 67718K, committed 68416K, reserved 1114112K
  class space    used 9146K, committed 9472K, reserved 1048576K
}
Event: 5.177 GC heap before
{Heap before GC invocations=17 (full 0):
 garbage-first heap   total 72704K, used 61281K [0x0000000082c00000, 0x0000000100000000)
  region size 1024K, 24 young (24576K), 3 survivors (3072K)
 Metaspace       used 68725K, committed 69440K, reserved 1114112K
  class space    used 9466K, committed 9792K, reserved 1048576K
}
Event: 5.183 GC heap after
{Heap after GC invocations=18 (full 0):
 garbage-first heap   total 72704K, used 47937K [0x0000000082c00000, 0x0000000100000000)
  region size 1024K, 3 young (3072K), 3 survivors (3072K)
 Metaspace       used 68725K, committed 69440K, reserved 1114112K
  class space    used 9466K, committed 9792K, reserved 1048576K
}
Event: 5.199 GC heap before
{Heap before GC invocations=18 (full 0):
 garbage-first heap   total 72704K, used 62273K [0x0000000082c00000, 0x0000000100000000)
  region size 1024K, 17 young (17408K), 3 survivors (3072K)
 Metaspace       used 68729K, committed 69440K, reserved 1114112K
  class space    used 9466K, committed 9792K, reserved 1048576K
}

