# JRE version: Java(TM) SE Runtime Environment (21.0.9+7) (build 21.0.9+7-LTS-338)
# Java VM: Java HotSpot(TM) 64-Bit Server VM (21.0.9+7-LTS-338, mixed mode, sharing, tiered, compressed oops, compressed class ptrs, g1 gc, windows-amd64)
GC Precious Log:
 CardTable entry size: 512
 Card Set container configuration: InlinePtr #cards 5 size 8 Array Of Cards #cards 12 size 40 Howl #buckets 4 coarsen threshold 1843 Howl Bitmap #cards 512 size 80 coarsen threshold 460 Card regions per heap region 1 cards per card region 2048
 CPUs: 12 total, 12 available
 Memory: 8013M
 Large Page Support: Disabled
 NUMA Support: Disabled
 Compressed Oops: Enabled (32-bit)
 Heap Region Size: 1M
 Heap Min Capacity: 8M
 Heap Initial Capacity: 126M
 Heap Max Capacity: 2004M
 Pre-touch: Disabled
 Parallel Workers: 10
 Concurrent Workers: 3
 Concurrent Refinement Workers: 10
 Periodic GC: Disabled
Heap:
 garbage-first heap   total 216064K, used 93370K [0x0000000082c00000, 0x0000000100000000)
  region size 1024K, 27 young (27648K), 12 survivors (12288K)
 Metaspace       used 85990K, committed 86720K, reserved 1179648K
  class space    used 11755K, committed 12096K, reserved 1048576K
GC Heap History (20 events):
Event: 5.119 GC heap before
{Heap before GC invocations=18 (full 0):
 garbage-first heap   total 66560K, used 58025K [0x0000000082c00000, 0x0000000100000000)
  region size 1024K, 28 young (28672K), 4 survivors (4096K)
 Metaspace       used 68728K, committed 69376K, reserved 1114112K
  class space    used 9459K, committed 9728K, reserved 1048576K
}
Event: 5.124 GC heap after
{Heap after GC invocations=19 (full 0):
 garbage-first heap   total 66560K, used 34602K [0x0000000082c00000, 0x0000000100000000)
  region size 1024K, 2 young (2048K), 2 survivors (2048K)
 Metaspace       used 68728K, committed 69376K, reserved 1114112K
  class space    used 9459K, committed 9728K, reserved 1048576K
}
Event: 5.214 GC heap before
{Heap before GC invocations=19 (full 0):
 garbage-first heap   total 66560K, used 59178K [0x0000000082c00000, 0x0000000100000000)
  region size 1024K, 26 young (26624K), 2 survivors (2048K)
 Metaspace       used 70623K, committed 71296K, reserved 1114112K
  class space    used 9737K, committed 10048K, reserved 1048576K
}
Event: 5.216 GC heap after
{Heap after GC invocations=20 (full 0):
 garbage-first heap   total 66560K, used 34756K [0x0000000082c00000, 0x0000000100000000)
  region size 1024K, 2 young (2048K), 2 survivors (2048K)
 Metaspace       used 70623K, committed 71296K, reserved 1114112K
  class space    used 9737K, committed 10048K, reserved 1048576K
}
Event: 5.293 GC heap before
{Heap before GC invocations=21 (full 0):
 garbage-first heap   total 76800K, used 58308K [0x0000000082c00000, 0x0000000100000000)
  region size 1024K, 25 young (25600K), 2 survivors (2048K)
 Metaspace       used 70951K, committed 71680K, reserved 1114112K
  class space    used 9800K, committed 10112K, reserved 1048576K
}
Event: 5.295 GC heap after
{Heap after GC invocations=22 (full 0):
 garbage-first heap   total 76800K, used 37089K [0x0000000082c00000, 0x0000000100000000)
  region size 1024K, 4 young (4096K), 4 survivors (4096K)
 Metaspace       used 70951K, committed 71680K, reserved 1114112K
  class space    used 9800K, committed 10112K, reserved 1048576K
}
Event: 5.342 GC heap before
{Heap before GC invocations=22 (full 0):
 garbage-first heap   total 76800K, used 66785K [0x0000000082c00000, 0x0000000100000000)
  region size 1024K, 33 young (33792K), 4 survivors (4096K)
 Metaspace       used 70968K, committed 71680K, reserved 1114112K
  class space    used 9801K, committed 10112K, reserved 1048576K
}
Event: 5.348 GC heap after
{Heap after GC invocations=23 (full 0):
 garbage-first heap   total 77824K, used 42744K [0x0000000082c00000, 0x0000000100000000)
  region size 1024K, 5 young (5120K), 5 survivors (5120K)
 Metaspace       used 70968K, committed 71680K, reserved 1114112K
  class space    used 9801K, committed 10112K, reserved 1048576K
}
Event: 5.377 GC heap before
{Heap before GC invocations=23 (full 0):
 garbage-first heap   total 77824K, used 67320K [0x0000000082c00000, 0x0000000100000000)
  region size 1024K, 29 young (29696K), 5 survivors (5120K)
 Metaspace       used 70974K, committed 71680K, reserved 1114112K
  class space    used 9801K, committed 10112K, reserved 1048576K
}
Event: 5.384 GC heap after
{Heap after GC invocations=24 (full 0):
 garbage-first heap   total 82944K, used 52496K [0x0000000082c00000, 0x0000000100000000)
  region size 1024K, 4 young (4096K), 4 survivors (4096K)
 Metaspace       used 70974K, committed 71680K, reserved 1114112K
  class space    used 9801K, committed 10112K, reserved 1048576K
}
Event: 5.410 GC heap before
{Heap before GC invocations=24 (full 0):
 garbage-first heap   total 116736K, used 69904K [0x0000000082c00000, 0x0000000100000000)
  region size 1024K, 22 young (22528K), 4 survivors (4096K)
 Metaspace       used 70974K, committed 71680K, reserved 1114112K
  class space    used 9801K, committed 10112K, reserved 1048576K
}
Event: 5.417 GC heap after
{Heap after GC invocations=25 (full 0):
 garbage-first heap   total 216064K, used 61247K [0x0000000082c00000, 0x0000000100000000)
  region size 1024K, 3 young (3072K), 3 survivors (3072K)
 Metaspace       used 70974K, committed 71680K, reserved 1114112K
  class space    used 9801K, committed 10112K, reserved 1048576K
}
Event: 5.711 GC heap before
{Heap before GC invocations=26 (full 0):
 garbage-first heap   total 216064K, used 158527K [0x0000000082c00000, 0x0000000100000000)
  region size 1024K, 98 young (100352K), 3 survivors (3072K)
 Metaspace       used 71894K, committed 72576K, reserved 1114112K
  class space    used 9930K, committed 10240K, reserved 1048576K
}
Event: 5.721 GC heap after
{Heap after GC invocations=27 (full 0):
 garbage-first heap   total 216064K, used 73210K [0x0000000082c00000, 0x0000000100000000)
  region size 1024K, 13 young (13312K), 13 survivors (13312K)
 Metaspace       used 71894K, committed 72576K, reserved 1114112K
  class space    used 9930K, committed 10240K, reserved 1048576K
}
Event: 5.858 GC heap before
{Heap before GC invocations=27 (full 0):
 garbage-first heap   total 216064K, used 168442K [0x0000000082c00000, 0x0000000100000000)
  region size 1024K, 106 young (108544K), 13 survivors (13312K)
 Metaspace       used 72045K, committed 72768K, reserved 1114112K
  class space    used 9943K, committed 10240K, reserved 1048576K
}
Event: 5.866 GC heap after
{Heap after GC invocations=28 (full 0):
 garbage-first heap   total 216064K, used 77013K [0x0000000082c00000, 0x0000000100000000)
  region size 1024K, 4 young (4096K), 4 survivors (4096K)
 Metaspace       used 72045K, committed 72768K, reserved 1114112K
  class space    used 9943K, committed 10240K, reserved 1048576K
}
Event: 6.250 GC heap before
{Heap before GC invocations=28 (full 0):
 garbage-first heap   total 216064K, used 174293K [0x0000000082c00000, 0x0000000100000000)
  region size 1024K, 99 young (101376K), 4 survivors (4096K)
 Metaspace       used 73878K, committed 74624K, reserved 1114112K
  class space    used 10130K, committed 10496K, reserved 1048576K
}
Event: 6.252 GC heap after
{Heap after GC invocations=29 (full 0):
 garbage-first heap   total 216064K, used 78315K [0x0000000082c00000, 0x0000000100000000)
  region size 1024K, 5 young (5120K), 5 survivors (5120K)
 Metaspace       used 73878K, committed 74624K, reserved 1114112K
  class space    used 10130K, committed 10496K, reserved 1048576K
}
Event: 50.933 GC heap before
{Heap before GC invocations=30 (full 0):
 garbage-first heap   total 216064K, used 172523K [0x0000000082c00000, 0x0000000100000000)
  region size 1024K, 104 young (106496K), 5 survivors (5120K)
 Metaspace       used 85923K, committed 86720K, reserved 1179648K
  class space    used 11754K, committed 12096K, reserved 1048576K
}
Event: 50.943 GC heap after
{Heap after GC invocations=31 (full 0):
 garbage-first heap   total 216064K, used 79034K [0x0000000082c00000, 0x0000000100000000)
  region size 1024K, 12 young (12288K), 12 survivors (12288K)
 Metaspace       used 85923K, committed 86720K, reserved 1179648K
  class space    used 11754K, committed 12096K, reserved 1048576K
}

