# JRE version: Java(TM) SE Runtime Environment (21.0.9+7) (build 21.0.9+7-LTS-338)
# Java VM: Java HotSpot(TM) 64-Bit Server VM (21.0.9+7-LTS-338, mixed mode, sharing, tiered, compressed oops, compressed class ptrs, g1 gc, windows-amd64)
GC Precious Log:
 CardTable entry size: 512
 Card Set container configuration: InlinePtr #cards 5 size 8 Array Of Cards #cards 12 size 40 Howl #buckets 4 coarsen threshold 1843 Howl Bitmap #cards 512 size 80 coarsen threshold 460 Card regions per heap region 1 cards per card region 2048
 CPUs: 12 total, 12 available
 Memory: 8013M
 Large Page Support: Disabled
 NUMA Support: Disabled
 Compressed Oops: Enabled (32-bit)
 Heap Region Size: 1M
 Heap Min Capacity: 8M
 Heap Initial Capacity: 126M
 Heap Max Capacity: 2004M
 Pre-touch: Disabled
 Parallel Workers: 10
 Concurrent Workers: 3
 Concurrent Refinement Workers: 10
 Periodic GC: Disabled
Heap:
 garbage-first heap   total 229376K, used 82810K [0x0000000082c00000, 0x0000000100000000)
  region size 1024K, 26 young (26624K), 8 survivors (8192K)
 Metaspace       used 87888K, committed 88960K, reserved 1179648K
  class space    used 11908K, committed 12352K, reserved 1048576K
GC Heap History (20 events):
Event: 5.041 GC heap before
{Heap before GC invocations=15 (full 0):
 garbage-first heap   total 83968K, used 74928K [0x0000000082c00000, 0x0000000100000000)
  region size 1024K, 41 young (41984K), 2 survivors (2048K)
 Metaspace       used 71361K, committed 72064K, reserved 1114112K
  class space    used 9816K, committed 10112K, reserved 1048576K
}
Event: 5.046 GC heap after
{Heap after GC invocations=16 (full 0):
 garbage-first heap   total 83968K, used 41617K [0x0000000082c00000, 0x0000000100000000)
  region size 1024K, 6 young (6144K), 6 survivors (6144K)
 Metaspace       used 71361K, committed 72064K, reserved 1114112K
  class space    used 9816K, committed 10112K, reserved 1048576K
}
Event: 5.091 GC heap before
{Heap before GC invocations=16 (full 0):
 garbage-first heap   total 83968K, used 71313K [0x0000000082c00000, 0x0000000100000000)
  region size 1024K, 35 young (35840K), 6 survivors (6144K)
 Metaspace       used 71377K, committed 72064K, reserved 1114112K
  class space    used 9818K, committed 10112K, reserved 1048576K
}
Event: 5.097 GC heap after
{Heap after GC invocations=17 (full 0):
 garbage-first heap   total 83968K, used 47799K [0x0000000082c00000, 0x0000000100000000)
  region size 1024K, 5 young (5120K), 5 survivors (5120K)
 Metaspace       used 71377K, committed 72064K, reserved 1114112K
  class space    used 9818K, committed 10112K, reserved 1048576K
}
Event: 5.128 GC heap before
{Heap before GC invocations=18 (full 0):
 garbage-first heap   total 106496K, used 71351K [0x0000000082c00000, 0x0000000100000000)
  region size 1024K, 28 young (28672K), 5 survivors (5120K)
 Metaspace       used 71383K, committed 72064K, reserved 1114112K
  class space    used 9818K, committed 10112K, reserved 1048576K
}
Event: 5.136 GC heap after
{Heap after GC invocations=19 (full 0):
 garbage-first heap   total 106496K, used 58287K [0x0000000082c00000, 0x0000000100000000)
  region size 1024K, 4 young (4096K), 4 survivors (4096K)
 Metaspace       used 71383K, committed 72064K, reserved 1114112K
  class space    used 9818K, committed 10112K, reserved 1048576K
}
Event: 5.172 GC heap before
{Heap before GC invocations=19 (full 0):
 garbage-first heap   total 106496K, used 85935K [0x0000000082c00000, 0x0000000100000000)
  region size 1024K, 31 young (31744K), 4 survivors (4096K)
 Metaspace       used 71385K, committed 72064K, reserved 1114112K
  class space    used 9818K, committed 10112K, reserved 1048576K
}
Event: 5.179 GC heap after
{Heap after GC invocations=20 (full 0):
 garbage-first heap   total 270336K, used 65842K [0x0000000082c00000, 0x0000000100000000)
  region size 1024K, 4 young (4096K), 4 survivors (4096K)
 Metaspace       used 71385K, committed 72064K, reserved 1114112K
  class space    used 9818K, committed 10112K, reserved 1048576K
}
Event: 5.504 GC heap before
{Heap before GC invocations=20 (full 0):
 garbage-first heap   total 270336K, used 186674K [0x0000000082c00000, 0x0000000100000000)
  region size 1024K, 122 young (124928K), 4 survivors (4096K)
 Metaspace       used 72295K, committed 73024K, reserved 1114112K
  class space    used 9961K, committed 10240K, reserved 1048576K
}
Event: 5.509 GC heap after
{Heap after GC invocations=21 (full 0):
 garbage-first heap   total 270336K, used 69464K [0x0000000082c00000, 0x0000000100000000)
  region size 1024K, 8 young (8192K), 8 survivors (8192K)
 Metaspace       used 72295K, committed 73024K, reserved 1114112K
  class space    used 9961K, committed 10240K, reserved 1048576K
}
Event: 5.994 GC heap before
{Heap before GC invocations=21 (full 0):
 garbage-first heap   total 270336K, used 223064K [0x0000000082c00000, 0x0000000100000000)
  region size 1024K, 158 young (161792K), 8 survivors (8192K)
 Metaspace       used 74588K, committed 75328K, reserved 1114112K
  class space    used 10226K, committed 10560K, reserved 1048576K
}
Event: 6.002 GC heap after
{Heap after GC invocations=22 (full 0):
 garbage-first heap   total 270336K, used 73499K [0x0000000082c00000, 0x0000000100000000)
  region size 1024K, 12 young (12288K), 12 survivors (12288K)
 Metaspace       used 74588K, committed 75328K, reserved 1114112K
  class space    used 10226K, committed 10560K, reserved 1048576K
}
Event: 331.971 GC heap before
{Heap before GC invocations=22 (full 0):
 garbage-first heap   total 270336K, used 221979K [0x0000000082c00000, 0x0000000100000000)
  region size 1024K, 158 young (161792K), 12 survivors (12288K)
 Metaspace       used 87161K, committed 88000K, reserved 1179648K
  class space    used 11969K, committed 12352K, reserved 1048576K
}
Event: 331.985 GC heap after
{Heap after GC invocations=23 (full 0):
 garbage-first heap   total 270336K, used 80315K [0x0000000082c00000, 0x0000000100000000)
  region size 1024K, 14 young (14336K), 14 survivors (14336K)
 Metaspace       used 87161K, committed 88000K, reserved 1179648K
  class space    used 11969K, committed 12352K, reserved 1048576K
}
Event: 1164.707 GC heap before
{Heap before GC invocations=24 (full 0):
 garbage-first heap   total 260096K, used 217531K [0x0000000082c00000, 0x0000000100000000)
  region size 1024K, 152 young (155648K), 14 survivors (14336K)
 Metaspace       used 87493K, committed 88320K, reserved 1179648K
  class space    used 11986K, committed 12352K, reserved 1048576K
}
Event: 1164.713 GC heap after
{Heap after GC invocations=25 (full 0):
 garbage-first heap   total 260096K, used 76669K [0x0000000082c00000, 0x0000000100000000)
  region size 1024K, 8 young (8192K), 8 survivors (8192K)
 Metaspace       used 87493K, committed 88320K, reserved 1179648K
  class space    used 11986K, committed 12352K, reserved 1048576K
}
Event: 2027.407 GC heap before
{Heap before GC invocations=25 (full 0):
 garbage-first heap   total 260096K, used 224125K [0x0000000082c00000, 0x0000000100000000)
  region size 1024K, 152 young (155648K), 8 survivors (8192K)
 Metaspace       used 87812K, committed 88640K, reserved 1179648K
  class space    used 11996K, committed 12352K, reserved 1048576K
}
Event: 2027.413 GC heap after
{Heap after GC invocations=26 (full 0):
 garbage-first heap   total 260096K, used 73603K [0x0000000082c00000, 0x0000000100000000)
  region size 1024K, 9 young (9216K), 9 survivors (9216K)
 Metaspace       used 87812K, committed 88640K, reserved 1179648K
  class space    used 11996K, committed 12352K, reserved 1048576K
}
Event: 2887.149 GC heap before
{Heap before GC invocations=26 (full 0):
 garbage-first heap   total 260096K, used 220035K [0x0000000082c00000, 0x0000000100000000)
  region size 1024K, 152 young (155648K), 9 survivors (9216K)
 Metaspace       used 88109K, committed 88896K, reserved 1179648K
  class space    used 12000K, committed 12352K, reserved 1048576K
}
Event: 2887.153 GC heap after
{Heap after GC invocations=27 (full 0):
 garbage-first heap   total 260096K, used 72570K [0x0000000082c00000, 0x0000000100000000)
  region size 1024K, 8 young (8192K), 8 survivors (8192K)
 Metaspace       used 88109K, committed 88896K, reserved 1179648K
  class space    used 12000K, committed 12352K, reserved 1048576K
}

