<?xml version="1.0" encoding="UTF-8"?>
<!-- Generated by org.testng.reporters.JUnitReportReporter -->
<testsuite hostname="ThanhHuy" failures="0" tests="5" name="Epic7.US72" time="6.726" errors="0" timestamp="2025-11-16T16:00:49 ICT" skipped="0">
  <testcase classname="Epic7.US72" name="TC721" time="0.031"/>
  <testcase classname="Epic7.US72" name="TC722" time="0.032"/>
  <testcase classname="Epic7.US72" name="TC723" time="2.267"/>
  <testcase classname="Epic7.US72" name="TC724" time="2.220"/>
  <testcase classname="Epic7.US72" name="TC_UI_722" time="2.176"/>
</testsuite> <!-- Epic7.US72 -->
