<?xml version="1.0" encoding="UTF-8"?>
<!-- Generated by org.testng.reporters.JUnitReportReporter -->
<testsuite hostname="ThanhHuy" failures="0" tests="5" name="Epic8.US83" time="0.091" errors="0" timestamp="2025-11-16T16:00:49 ICT" skipped="0">
  <testcase classname="Epic8.US83" name="TC831" time="0.012"/>
  <testcase classname="Epic8.US83" name="TC832" time="0.016"/>
  <testcase classname="Epic8.US83" name="TC833" time="0.016"/>
  <testcase classname="Epic8.US83" name="TC_UI_832" time="0.031"/>
  <testcase classname="Epic8.US83" name="TC_UI_833" time="0.016"/>
</testsuite> <!-- Epic8.US83 -->
