<?xml version="1.0" encoding="UTF-8"?>
<!-- Generated by org.testng.reporters.JUnitReportReporter -->
<testsuite hostname="ThanhHuy" failures="0" tests="5" name="Epic1.US11" time="22.672" errors="0" timestamp="2025-11-16T16:02:25 ICT" skipped="0">
  <testcase classname="Epic1.US11" name="TC111" time="4.272"/>
  <testcase classname="Epic1.US11" name="TC112" time="10.978"/>
  <testcase classname="Epic1.US11" name="TC113" time="2.481"/>
  <testcase classname="Epic1.US11" name="TC114" time="2.326"/>
  <testcase classname="Epic1.US11" name="TC115" time="2.615"/>
</testsuite> <!-- Epic1.US11 -->
