<?xml version="1.0" encoding="UTF-8"?>
<!-- Generated by org.testng.reporters.JUnitReportReporter -->
<testsuite hostname="ThanhHuy" failures="0" tests="7" name="Epic7.US71" time="13.235" errors="0" timestamp="2025-11-16T16:00:49 ICT" skipped="0">
  <testcase classname="Epic7.US71" name="TC711" time="0.057"/>
  <testcase classname="Epic7.US71" name="TC712" time="2.289"/>
  <testcase classname="Epic7.US71" name="TC713" time="2.185"/>
  <testcase classname="Epic7.US71" name="TC714" time="2.046"/>
  <testcase classname="Epic7.US71" name="TC715" time="2.215"/>
  <testcase classname="Epic7.US71" name="TC_UI_712" time="2.258"/>
  <testcase classname="Epic7.US71" name="TC_UI_713" time="2.185"/>
</testsuite> <!-- Epic7.US71 -->
