<?xml version="1.0" encoding="UTF-8"?>
<!-- Generated by org.testng.reporters.JUnitReportReporter -->
<testsuite hostname="ThanhHuy" failures="0" tests="5" name="Epic8.US82" time="7.013" errors="0" timestamp="2025-11-16T16:00:49 ICT" skipped="0">
  <testcase classname="Epic8.US82" name="TC821" time="3.428"/>
  <testcase classname="Epic8.US82" name="TC822" time="0.021"/>
  <testcase classname="Epic8.US82" name="TC823" time="0.077"/>
  <testcase classname="Epic8.US82" name="TC824" time="0.022"/>
  <testcase classname="Epic8.US82" name="TC825" time="3.465"/>
</testsuite> <!-- Epic8.US82 -->
