<?xml version="1.0" encoding="UTF-8"?>
<!-- Generated by org.testng.reporters.JUnitReportReporter -->
<testsuite hostname="ThanhHuy" failures="0" tests="7" name="Epic7.US73" time="1.217" errors="0" timestamp="2025-11-16T16:00:49 ICT" skipped="0">
  <testcase classname="Epic7.US73" name="TC731" time="1.133"/>
  <testcase classname="Epic7.US73" name="TC732" time="0.015"/>
  <testcase classname="Epic7.US73" name="TC733" time="0.027"/>
  <testcase classname="Epic7.US73" name="TC734" time="0.012"/>
  <testcase classname="Epic7.US73" name="TC735" time="0.013"/>
  <testcase classname="Epic7.US73" name="TC_UI_732" time="0.005"/>
  <testcase classname="Epic7.US73" name="TC_UI_733" time="0.012"/>
</testsuite> <!-- Epic7.US73 -->
