<?xml version="1.0" encoding="UTF-8"?>
<!-- Generated by org.testng.reporters.JUnitReportReporter -->
<testsuite hostname="DESKTOP-LQQ7F2H" failures="0" tests="7" name="Epic9.US92" time="8.517" errors="0" timestamp="2026-01-04T11:49:22 ICT" skipped="0">
  <testcase classname="Epic9.US92" name="TC_9_2_3_OpenBankSelection" time="1.523"/>
  <testcase classname="Epic9.US92" name="TC_9_2_4_VerifyBankListDisplayed" time="1.431"/>
  <testcase classname="Epic9.US92" name="TC_UI_9_2_5_and_9_2_6_SelectBankAndVerifyAmount" time="0.675"/>
  <testcase classname="Epic9.US92" name="TC_9_2_8_VerifyEmptyCardNumberError" time="0.910"/>
  <testcase classname="Epic9.US92" name="TC_9_2_7_VerifyOTPPageDisplayed" time="1.361"/>
  <testcase classname="Epic9.US92" name="TC_9_2_10_PaymentWithCorrectOTP" time="1.886"/>
  <testcase classname="Epic9.US92" name="TC_UI_9_2_13_VerifyStatusAutoUpdated" time="0.731"/>
</testsuite> <!-- Epic9.US92 -->
