<?xml version="1.0" encoding="UTF-8"?>
<!-- Generated by org.testng.reporters.JUnitReportReporter -->
<testsuite hostname="DESKTOP-LQQ7F2H" failures="0" tests="4" name="Epic11.US115" time="2.316" errors="0" timestamp="2026-01-04T11:49:22 ICT" skipped="0">
  <testcase classname="Epic11.US115" name="TC_UI_11_5_1_VerifyReportButtonVisible" time="0.558"/>
  <testcase classname="Epic11.US115" name="TC_UI_11_5_3_and_11_5_4_OpenFormAndVerifyReasons" time="0.085"/>
  <testcase classname="Epic11.US115" name="TC_11_5_5_SubmitReportSuccessfully" time="0.701"/>
  <testcase classname="Epic11.US115" name="TC_11_5_8_LogoutAndVerifyGuestMessage" time="0.972"/>
</testsuite> <!-- Epic11.US115 -->
