<?xml version="1.0" encoding="UTF-8"?>
<!-- Generated by org.testng.reporters.JUnitReportReporter -->
<testsuite hostname="DESKTOP-LQQ7F2H" failures="0" tests="6" name="Epic9.US91" time="5.595" errors="0" timestamp="2026-01-04T11:49:22 ICT" skipped="0">
  <testcase classname="Epic9.US91" name="TC_FUNC_9_1_3_VerifyInvoiceMonthDisplay" time="1.402"/>
  <testcase classname="Epic9.US91" name="TC_UI_9_1_4_VerifyFullInvoiceInfo" time="0.044"/>
  <testcase classname="Epic9.US91" name="TC_9_1_5_VerifyTotalAmountCalculation" time="0.106"/>
  <testcase classname="Epic9.US91" name="TC_UI_9_1_7_VerifyUnpaidStatus" time="1.184"/>
  <testcase classname="Epic9.US91" name="TC_UI_9_1_8_VerifyPaidStatus" time="1.176"/>
  <testcase classname="Epic9.US91" name="TC_9_1_11_VerifyNoInvoicesFound" time="1.683"/>
</testsuite> <!-- Epic9.US91 -->
