<?xml version="1.0" encoding="UTF-8"?>
<!-- Generated by org.testng.reporters.JUnitReportReporter -->
<testsuite hostname="DESKTOP-LQQ7F2H" failures="0" tests="6" name="Epic14.US141" time="7.432" errors="0" timestamp="2026-01-04T11:49:22 ICT" skipped="0">
  <testcase classname="Epic14.US141" name="TC_UI_14_1_2_VerifyTableColumns" time="0.108"/>
  <testcase classname="Epic14.US141" name="TC_UI_14_1_3_VerifyDataIntegrity" time="0.068"/>
  <testcase classname="Epic14.US141" name="TC_14_1_4_FilterByStatus" time="2.148"/>
  <testcase classname="Epic14.US141" name="TC_14_1_5_FilterByType" time="2.179"/>
  <testcase classname="Epic14.US141" name="TC_14_1_6_CombinedFilter" time="2.120"/>
  <testcase classname="Epic14.US141" name="TC_UI_14_1_7_and_14_1_8_ViewDetailAndVerifyContent" time="0.809"/>
</testsuite> <!-- Epic14.US141 -->
