<?xml version="1.0" encoding="UTF-8"?>
<!-- Generated by org.testng.reporters.JUnitXMLReporter -->
<testsuite ignored="0" hostname="DESKTOP-EJIGPN3" failures="1" tests="1" name="RoomTests" time="3.676" errors="0" timestamp="2025-11-14T21:12:05 ICT">
  <testcase classname="tests.rooms.RoomFilterTests" name="testFilterByAreaAndPrice" time="0.079">
    <failure type="java.lang.AssertionError" message="Không lọc được danh sách phòng! expected [true] but found [false]">
      <![CDATA[java.lang.AssertionError: Không lọc được danh sách phòng! expected [true] but found [false]
at tests.rooms.RoomFilterTests.testFilterByAreaAndPrice(RoomFilterTests.java:15)
at java.base/java.util.ArrayList.forEach(ArrayList.java:1596)
at java.base/java.util.concurrent.FutureTask.run(FutureTask.java:317)
at java.base/java.util.concurrent.ThreadPoolExecutor.runWorker(ThreadPoolExecutor.java:1144)
at java.base/java.util.concurrent.ThreadPoolExecutor$Worker.run(ThreadPoolExecutor.java:642)
at java.base/java.lang.Thread.run(Thread.java:1583)
... Removed 18 stack frames]]>
    </failure>
  </testcase> <!-- testFilterByAreaAndPrice -->
</testsuite> <!-- RoomTests -->
