<?xml version="1.0" encoding="UTF-8"?>
<!-- Generated by org.testng.reporters.JUnitXMLReporter -->
<testsuite ignored="0" hostname="ThanhHuy" failures="1" tests="43" name="Run_All_US_Tests" time="49.78" errors="0" timestamp="2025-11-16T16:00:49 ICT">
  <testcase classname="Epic1.US12" name="TC121" time="3.81"/>
  <testcase classname="Epic1.US12" name="TC122" time="0.465"/>
  <testcase classname="Epic1.US11" name="TC111" time="4.253"/>
  <testcase classname="Epic1.US13" name="TC131" time="5.486"/>
  <testcase classname="Epic1.US12" name="TC123" time="2.499"/>
  <testcase classname="Epic1.US13" name="TC133" time="2.515"/>
  <testcase classname="Epic1.US14" name="TC141" time="0.027">
    <failure type="org.openqa.selenium.NoSuchElementException" message="no such element: Unable to locate element: {&amp;quot;method&amp;quot;:&amp;quot;xpath&amp;quot;,&amp;quot;selector&amp;quot;:&amp;quot;//tbody/tr[8]/td[7]/button[1]/i[1]&amp;quot;}
  (Session info: chrome=142.0.7444.163)
For documentation on this error, please visit: https://www.selenium.dev/documentation/webdriver/troubleshooting/errors#no-such-element-exception
Build info: version: &amp;apos;4.35.0&amp;apos;, revision: &amp;apos;1c58e5028b&amp;apos;
System info: os.name: &amp;apos;Windows 11&amp;apos;, os.arch: &amp;apos;amd64&amp;apos;, os.version: &amp;apos;10.0&amp;apos;, java.version: &amp;apos;21.0.1&amp;apos;
Driver info: org.openqa.selenium.chrome.ChromeDriver
Command: [037f146c3b69236af1944ae768685983, findElement {value=//tbody/tr[8]/td[7]/button[1]/i[1], using=xpath}]
Capabilities {acceptInsecureCerts: false, browserName: chrome, browserVersion: 142.0.7444.163, chrome: {chromedriverVersion: 142.0.7444.162 (c076baf266c..., userDataDir: C:\Users\nguye\AppData\Loca...}, fedcm:accounts: true, goog:chromeOptions: {debuggerAddress: localhost:56263}, goog:processID: 29156, networkConnectionEnabled: false, pageLoadStrategy: normal, platformName: windows, proxy: Proxy(), se:cdp: ws://localhost:56263/devtoo..., se:cdpVersion: 142.0.7444.163, setWindowRect: true, strictFileInteractability: false, timeouts: {implicit: 0, pageLoad: 300000, script: 30000}, unhandledPromptBehavior: dismiss and notify, webauthn:extension:credBlob: true, webauthn:extension:largeBlob: true, webauthn:extension:minPinLength: true, webauthn:extension:prf: true, webauthn:virtualAuthenticators: true}
Session ID: 037f146c3b69236af1944ae768685983">
      <![CDATA[org.openqa.selenium.NoSuchElementException: no such element: Unable to locate element: {"method":"xpath","selector":"//tbody/tr[8]/td[7]/button[1]/i[1]"}
  (Session info: chrome=142.0.7444.163)
For documentation on this error, please visit: https://www.selenium.dev/documentation/webdriver/troubleshooting/errors#no-such-element-exception
Build info: version: '4.35.0', revision: '1c58e5028b'
System info: os.name: 'Windows 11', os.arch: 'amd64', os.version: '10.0', java.version: '21.0.1'
Driver info: org.openqa.selenium.chrome.ChromeDriver
Command: [037f146c3b69236af1944ae768685983, findElement {value=//tbody/tr[8]/td[7]/button[1]/i[1], using=xpath}]
Capabilities {acceptInsecureCerts: false, browserName: chrome, browserVersion: 142.0.7444.163, chrome: {chromedriverVersion: 142.0.7444.162 (c076baf266c..., userDataDir: C:\Users\nguye\AppData\Loca...}, fedcm:accounts: true, goog:chromeOptions: {debuggerAddress: localhost:56263}, goog:processID: 29156, networkConnectionEnabled: false, pageLoadStrategy: normal, platformName: windows, proxy: Proxy(), se:cdp: ws://localhost:56263/devtoo..., se:cdpVersion: 142.0.7444.163, setWindowRect: true, strictFileInteractability: false, timeouts: {implicit: 0, pageLoad: 300000, script: 30000}, unhandledPromptBehavior: dismiss and notify, webauthn:extension:credBlob: true, webauthn:extension:largeBlob: true, webauthn:extension:minPinLength: true, webauthn:extension:prf: true, webauthn:virtualAuthenticators: true}
Session ID: 037f146c3b69236af1944ae768685983
at org.openqa.selenium.remote.ErrorCodec.decode(ErrorCodec.java:167)
at org.openqa.selenium.remote.codec.w3c.W3CHttpResponseCodec.decode(W3CHttpResponseCodec.java:138)
at org.openqa.selenium.remote.codec.w3c.W3CHttpResponseCodec.decode(W3CHttpResponseCodec.java:50)
at org.openqa.selenium.remote.HttpCommandExecutor.execute(HttpCommandExecutor.java:215)
at org.openqa.selenium.remote.service.DriverCommandExecutor.invokeExecute(DriverCommandExecutor.java:216)
at org.openqa.selenium.remote.service.DriverCommandExecutor.execute(DriverCommandExecutor.java:174)
at org.openqa.selenium.remote.RemoteWebDriver.execute(RemoteWebDriver.java:557)
at org.openqa.selenium.remote.ElementLocation$ElementFinder$2.findElement(ElementLocation.java:165)
at org.openqa.selenium.remote.ElementLocation.findElement(ElementLocation.java:59)
at org.openqa.selenium.remote.RemoteWebDriver.findElement(RemoteWebDriver.java:380)
at org.openqa.selenium.remote.RemoteWebDriver.findElement(RemoteWebDriver.java:374)
at Epic1.US14.TC141(US14.java:71)
at java.base/java.util.concurrent.Executors$RunnableAdapter.call(Executors.java:572)
at java.base/java.util.concurrent.FutureTask.run(FutureTask.java:317)
at java.base/java.util.concurrent.ThreadPoolExecutor.runWorker(ThreadPoolExecutor.java:1144)
at java.base/java.util.concurrent.ThreadPoolExecutor$Worker.run(ThreadPoolExecutor.java:642)
at java.base/java.lang.Thread.run(Thread.java:1583)
... Removed 14 stack frames]]>
    </failure>
  </testcase> <!-- TC141 -->
  <testcase classname="Epic7.US71" name="TC711" time="0.057"/>
  <testcase classname="Epic7.US71" name="TC712" time="2.289"/>
  <testcase classname="Epic1.US11" name="TC112" time="11.507"/>
  <testcase classname="Epic7.US71" name="TC713" time="2.185"/>
  <testcase classname="Epic1.US11" name="TC113" time="2.661"/>
  <testcase classname="Epic1.US14" name="TC142" time="7.403"/>
  <testcase classname="Epic7.US71" name="TC714" time="2.046"/>
  <testcase classname="Epic1.US14" name="TC143" time="2.326"/>
  <testcase classname="Epic1.US11" name="TC114" time="2.458"/>
  <testcase classname="Epic7.US71" name="TC715" time="2.215"/>
  <testcase classname="Epic7.US71" name="TC_UI_712" time="2.258"/>
  <testcase classname="Epic1.US11" name="TC115" time="2.852"/>
  <testcase classname="Epic7.US71" name="TC_UI_713" time="2.185"/>
  <testcase classname="Epic7.US72" name="TC721" time="0.031"/>
  <testcase classname="Epic7.US72" name="TC722" time="0.032"/>
  <testcase classname="Epic7.US72" name="TC723" time="2.267"/>
  <testcase classname="Epic8.US81" name="TC811" time="0.189"/>
  <testcase classname="Epic7.US72" name="TC724" time="2.22"/>
  <testcase classname="Epic7.US73" name="TC731" time="1.133"/>
  <testcase classname="Epic7.US73" name="TC732" time="0.015"/>
  <testcase classname="Epic7.US73" name="TC733" time="0.027"/>
  <testcase classname="Epic7.US73" name="TC734" time="0.012"/>
  <testcase classname="Epic7.US73" name="TC735" time="0.013"/>
  <testcase classname="Epic7.US73" name="TC_UI_732" time="0.005"/>
  <testcase classname="Epic7.US73" name="TC_UI_733" time="0.012"/>
  <testcase classname="Epic7.US72" name="TC_UI_722" time="2.176"/>
  <testcase classname="Epic8.US83" name="TC831" time="0.012"/>
  <testcase classname="Epic8.US83" name="TC832" time="0.016"/>
  <testcase classname="Epic8.US83" name="TC833" time="0.016"/>
  <testcase classname="Epic8.US83" name="TC_UI_832" time="0.031"/>
  <testcase classname="Epic8.US83" name="TC_UI_833" time="0.016"/>
  <testcase classname="Epic8.US82" name="TC821" time="3.428"/>
  <testcase classname="Epic8.US82" name="TC822" time="0.021"/>
  <testcase classname="Epic8.US82" name="TC823" time="0.077"/>
  <testcase classname="Epic8.US82" name="TC824" time="0.022"/>
  <testcase classname="Epic8.US82" name="TC825" time="3.465"/>
</testsuite> <!-- Run_All_US_Tests -->
