<!DOCTYPE html>

<html>
  <head>
  <meta charset='utf-8'>
  <title>TestNG reports</title>

    <link type="text/css" href="testng-reports1.css" rel="stylesheet" id="ultra" />
    <link type="text/css" href="testng-reports.css" rel="stylesheet" id="retro" disabled="false"/>
    <script type="text/javascript" src="jquery-3.6.0.min.js"></script>
    <script type="text/javascript" src="testng-reports.js"></script>
    <script type="text/javascript" src="https://www.google.com/jsapi"></script>
    <script type='text/javascript'>
      google.load('visualization', '1', {packages:['table']});
      google.setOnLoadCallback(drawTable);
      var suiteTableInitFunctions = new Array();
      var suiteTableData = new Array();
    </script>
    <!--
      <script type="text/javascript" src="jquery-ui/js/jquery-ui-1.8.16.custom.min.js"></script>
     -->
  </head>

  <body>    <div class="top-banner-root">
      <span class="top-banner-title-font">Test results</span>
      <button id="button" class="button">Switch Retro Theme</button> <!-- button -->
      <br/>
      <span class="top-banner-font-1">1 suite, 28 failed tests</span>
    </div> <!-- top-banner-root -->
    <div class="navigator-root">
      <div class="navigator-suite-header">
        <span>All suites</span>
        <a href="#" title="Collapse/expand all the suites" class="collapse-all-link">
          <img src="collapseall.gif" class="collapse-all-icon">
          </img> <!-- collapse-all-icon -->
        </a> <!-- collapse-all-link -->
      </div> <!-- navigator-suite-header -->
      <div class="suite">
        <div class="rounded-window">
          <div class="suite-header light-rounded-window-top">
            <a href="#" panel-name="suite-RoomManagement_Suite" class="navigator-link">
              <span class="suite-name border-failed">RoomManagement_Suite</span>
            </a> <!-- navigator-link -->
          </div> <!-- suite-header light-rounded-window-top -->
          <div class="navigator-suite-content">
            <div class="suite-section-title">
              <span>Info</span>
            </div> <!-- suite-section-title -->
            <div class="suite-section-content">
              <ul>
                <li>
                  <a href="#" panel-name="test-xml-RoomManagement_Suite" class="navigator-link ">
                    <span>C:\Users\tongh\JavaCode\AutoTesT_Sprint3\testng.xml</span>
                  </a> <!-- navigator-link  -->
                </li>
                <li>
                  <a href="#" panel-name="testlist-RoomManagement_Suite" class="navigator-link ">
                    <span class="test-stats">1 test</span>
                  </a> <!-- navigator-link  -->
                </li>
                <li>
                  <a href="#" panel-name="group-RoomManagement_Suite" class="navigator-link ">
                    <span>0 groups</span>
                  </a> <!-- navigator-link  -->
                </li>
                <li>
                  <a href="#" panel-name="times-RoomManagement_Suite" class="navigator-link ">
                    <span>Times</span>
                  </a> <!-- navigator-link  -->
                </li>
                <li>
                  <a href="#" panel-name="reporter-RoomManagement_Suite" class="navigator-link ">
                    <span>Reporter output</span>
                  </a> <!-- navigator-link  -->
                </li>
                <li>
                  <a href="#" panel-name="ignored-methods-RoomManagement_Suite" class="navigator-link ">
                    <span>Ignored methods</span>
                  </a> <!-- navigator-link  -->
                </li>
                <li>
                  <a href="#" panel-name="chronological-RoomManagement_Suite" class="navigator-link ">
                    <span>Chronological view</span>
                  </a> <!-- navigator-link  -->
                </li>
              </ul>
            </div> <!-- suite-section-content -->
            <div class="result-section">
              <div class="suite-section-title">
                <span>Results</span>
              </div> <!-- suite-section-title -->
              <div class="suite-section-content">
                <ul>
                  <li>
                    <span class="method-stats">67 methods, 28 failed,  12 skipped,  27 passed</span>
                  </li>
                  <li>
                    <span class="method-list-title failed">Failed methods</span>
                    <span class="show-or-hide-methods failed">
                      <a href="#" panel-name="suite-RoomManagement_Suite" class="hide-methods failed suite-RoomManagement_Suite"> (hide)</a> <!-- hide-methods failed suite-RoomManagement_Suite -->
                      <a href="#" panel-name="suite-RoomManagement_Suite" class="show-methods failed suite-RoomManagement_Suite"> (show)</a> <!-- show-methods failed suite-RoomManagement_Suite -->
                    </span>
                    <div class="method-list-content failed suite-RoomManagement_Suite">
                      <span>
                        <img src="failed.png" width="3%"/>
                        <a href="#" panel-name="suite-RoomManagement_Suite" title="Epic10.Test_US_10_2" class="method navigator-link" hash-for-method="TC01_AccessFeedbackPage">TC01_AccessFeedbackPage</a> <!-- method navigator-link -->
                      </span>
                      <br/>
                      <span>
                        <img src="failed.png" width="3%"/>
                        <a href="#" panel-name="suite-RoomManagement_Suite" title="Epic10.Test_US_10_1" class="method navigator-link" hash-for-method="TC01_CheckBellAndDropdown">TC01_CheckBellAndDropdown</a> <!-- method navigator-link -->
                      </span>
                      <br/>
                      <span>
                        <img src="failed.png" width="3%"/>
                        <a href="#" panel-name="suite-RoomManagement_Suite" title="Epic4.Test_US_4_3" class="method navigator-link" hash-for-method="TC01_CheckUI_Statistics">TC01_CheckUI_Statistics</a> <!-- method navigator-link -->
                      </span>
                      <br/>
                      <span>
                        <img src="failed.png" width="3%"/>
                        <a href="#" panel-name="suite-RoomManagement_Suite" title="Epic4.Test_US_4_4" class="method navigator-link" hash-for-method="TC01_CheckUI_Statistics">TC01_CheckUI_Statistics</a> <!-- method navigator-link -->
                      </span>
                      <br/>
                      <span>
                        <img src="failed.png" width="3%"/>
                        <a href="#" panel-name="suite-RoomManagement_Suite" title="Epic6.Test_US_6_1" class="method navigator-link" hash-for-method="TC01_GuiThongBao_MotPhong">TC01_GuiThongBao_MotPhong</a> <!-- method navigator-link -->
                      </span>
                      <br/>
                      <span>
                        <img src="failed.png" width="3%"/>
                        <a href="#" panel-name="suite-RoomManagement_Suite" title="Epic6.Test_US_6_2" class="method navigator-link" hash-for-method="TC01_TruyCapManHinh">TC01_TruyCapManHinh</a> <!-- method navigator-link -->
                      </span>
                      <br/>
                      <span>
                        <img src="failed.png" width="3%"/>
                        <a href="#" panel-name="suite-RoomManagement_Suite" title="Epic4.Test_US_4_4" class="method navigator-link" hash-for-method="TC02_CheckAddPopup">TC02_CheckAddPopup</a> <!-- method navigator-link -->
                      </span>
                      <br/>
                      <span>
                        <img src="failed.png" width="3%"/>
                        <a href="#" panel-name="suite-RoomManagement_Suite" title="Epic4.Test_US_4_3" class="method navigator-link" hash-for-method="TC02_CheckFilters">TC02_CheckFilters</a> <!-- method navigator-link -->
                      </span>
                      <br/>
                      <span>
                        <img src="failed.png" width="3%"/>
                        <a href="#" panel-name="suite-RoomManagement_Suite" title="Epic6.Test_US_6_1" class="method navigator-link" hash-for-method="TC02_GuiThongBao_TatCa">TC02_GuiThongBao_TatCa</a> <!-- method navigator-link -->
                      </span>
                      <br/>
                      <span>
                        <img src="failed.png" width="3%"/>
                        <a href="#" panel-name="suite-RoomManagement_Suite" title="Epic10.Test_US_10_2" class="method navigator-link" hash-for-method="TC02_OpenModalAndCheckTips">TC02_OpenModalAndCheckTips</a> <!-- method navigator-link -->
                      </span>
                      <br/>
                      <span>
                        <img src="failed.png" width="3%"/>
                        <a href="#" panel-name="suite-RoomManagement_Suite" title="Epic4.Test_US_4_4" class="method navigator-link" hash-for-method="TC03_AddNewRecord_Success">TC03_AddNewRecord_Success</a> <!-- method navigator-link -->
                      </span>
                      <br/>
                      <span>
                        <img src="failed.png" width="3%"/>
                        <a href="#" panel-name="suite-RoomManagement_Suite" title="Epic4.Test_US_4_3" class="method navigator-link" hash-for-method="TC03_CheckAddPopup">TC03_CheckAddPopup</a> <!-- method navigator-link -->
                      </span>
                      <br/>
                      <span>
                        <img src="failed.png" width="3%"/>
                        <a href="#" panel-name="suite-RoomManagement_Suite" title="Epic10.Test_US_10_2" class="method navigator-link" hash-for-method="TC03_InputData">TC03_InputData</a> <!-- method navigator-link -->
                      </span>
                      <br/>
                      <span>
                        <img src="failed.png" width="3%"/>
                        <a href="#" panel-name="suite-RoomManagement_Suite" title="Epic6.Test_US_6_2" class="method navigator-link" hash-for-method="TC03_XemChiTietPhanHoi">TC03_XemChiTietPhanHoi</a> <!-- method navigator-link -->
                      </span>
                      <br/>
                      <span>
                        <img src="failed.png" width="3%"/>
                        <a href="#" panel-name="suite-RoomManagement_Suite" title="Epic4.Test_US_4_4" class="method navigator-link" hash-for-method="TC04_Validate_NegativeAmount">TC04_Validate_NegativeAmount</a> <!-- method navigator-link -->
                      </span>
                      <br/>
                      <span>
                        <img src="failed.png" width="3%"/>
                        <a href="#" panel-name="suite-RoomManagement_Suite" title="Epic6.Test_US_6_2" class="method navigator-link" hash-for-method="TC05_HuyPhanHoi">TC05_HuyPhanHoi</a> <!-- method navigator-link -->
                      </span>
                      <br/>
                      <span>
                        <img src="failed.png" width="3%"/>
                        <a href="#" panel-name="suite-RoomManagement_Suite" title="Epic10.Test_US_10_2" class="method navigator-link" hash-for-method="TC05_SubmitFeedbackSuccess">TC05_SubmitFeedbackSuccess</a> <!-- method navigator-link -->
                      </span>
                      <br/>
                      <span>
                        <img src="failed.png" width="3%"/>
                        <a href="#" panel-name="suite-RoomManagement_Suite" title="Epic4.Test_US_4_4" class="method navigator-link" hash-for-method="TC06_EditRecord">TC06_EditRecord</a> <!-- method navigator-link -->
                      </span>
                      <br/>
                      <span>
                        <img src="failed.png" width="3%"/>
                        <a href="#" panel-name="suite-RoomManagement_Suite" title="Epic4.Test_US_4_4" class="method navigator-link" hash-for-method="TC07_DeleteRecord">TC07_DeleteRecord</a> <!-- method navigator-link -->
                      </span>
                      <br/>
                      <span>
                        <img src="failed.png" width="3%"/>
                        <a href="#" panel-name="suite-RoomManagement_Suite" title="Epic6.Test_US_6_2" class="method navigator-link" hash-for-method="TC07_KiemTraHinhAnh">TC07_KiemTraHinhAnh</a> <!-- method navigator-link -->
                      </span>
                      <br/>
                      <span>
                        <img src="failed.png" width="3%"/>
                        <a href="#" panel-name="suite-RoomManagement_Suite" title="Epic6.Test_US_6_1" class="method navigator-link" hash-for-method="TC07_TieuDe_KyTuDacBiet">TC07_TieuDe_KyTuDacBiet</a> <!-- method navigator-link -->
                      </span>
                      <br/>
                      <span>
                        <img src="failed.png" width="3%"/>
                        <a href="#" panel-name="suite-RoomManagement_Suite" title="Epic6.Test_US_6_1" class="method navigator-link" hash-for-method="TC08_NoiDung_Dai">TC08_NoiDung_Dai</a> <!-- method navigator-link -->
                      </span>
                      <br/>
                      <span>
                        <img src="failed.png" width="3%"/>
                        <a href="#" panel-name="suite-RoomManagement_Suite" title="Epic4.Test_US_4_3" class="method navigator-link" hash-for-method="TC09_AddNewRecord_Success">TC09_AddNewRecord_Success</a> <!-- method navigator-link -->
                      </span>
                      <br/>
                      <span>
                        <img src="failed.png" width="3%"/>
                        <a href="#" panel-name="suite-RoomManagement_Suite" title="Epic6.Test_US_6_1" class="method navigator-link" hash-for-method="TC09_Chon_NhieuPhong">TC09_Chon_NhieuPhong</a> <!-- method navigator-link -->
                      </span>
                      <br/>
                      <span>
                        <img src="failed.png" width="3%"/>
                        <a href="#" panel-name="suite-RoomManagement_Suite" title="Epic4.Test_US_4_4" class="method navigator-link" hash-for-method="TC09_FutureDateCheck">TC09_FutureDateCheck</a> <!-- method navigator-link -->
                      </span>
                      <br/>
                      <span>
                        <img src="failed.png" width="3%"/>
                        <a href="#" panel-name="suite-RoomManagement_Suite" title="Epic4.Test_US_4_3" class="method navigator-link" hash-for-method="TC13_Validate_IndexLogic">TC13_Validate_IndexLogic</a> <!-- method navigator-link -->
                      </span>
                      <br/>
                      <span>
                        <img src="failed.png" width="3%"/>
                        <a href="#" panel-name="suite-RoomManagement_Suite" title="Epic4.Test_US_4_3" class="method navigator-link" hash-for-method="TC45_EditRecord">TC45_EditRecord</a> <!-- method navigator-link -->
                      </span>
                      <br/>
                      <span>
                        <img src="failed.png" width="3%"/>
                        <a href="#" panel-name="suite-RoomManagement_Suite" title="Epic4.Test_US_4_3" class="method navigator-link" hash-for-method="TC64_DeleteRecord">TC64_DeleteRecord</a> <!-- method navigator-link -->
                      </span>
                      <br/>
                    </div> <!-- method-list-content failed suite-RoomManagement_Suite -->
                  </li>
                  <li>
                    <span class="method-list-title skipped">Skipped methods</span>
                    <span class="show-or-hide-methods skipped">
                      <a href="#" panel-name="suite-RoomManagement_Suite" class="hide-methods skipped suite-RoomManagement_Suite"> (hide)</a> <!-- hide-methods skipped suite-RoomManagement_Suite -->
                      <a href="#" panel-name="suite-RoomManagement_Suite" class="show-methods skipped suite-RoomManagement_Suite"> (show)</a> <!-- show-methods skipped suite-RoomManagement_Suite -->
                    </span>
                    <div class="method-list-content skipped suite-RoomManagement_Suite">
                      <span>
                        <img src="skipped.png" width="3%"/>
                        <a href="#" panel-name="suite-RoomManagement_Suite" title="Epic4.Test_US_4_2" class="method navigator-link" hash-for-method="TC01_CheckUI_Statistics">TC01_CheckUI_Statistics</a> <!-- method navigator-link -->
                      </span>
                      <br/>
                      <span>
                        <img src="skipped.png" width="3%"/>
                        <a href="#" panel-name="suite-RoomManagement_Suite" title="Epic4.Test_US_4_2" class="method navigator-link" hash-for-method="TC02_CheckSearchPlaceholder">TC02_CheckSearchPlaceholder</a> <!-- method navigator-link -->
                      </span>
                      <br/>
                      <span>
                        <img src="skipped.png" width="3%"/>
                        <a href="#" panel-name="suite-RoomManagement_Suite" title="Epic4.Test_US_4_2" class="method navigator-link" hash-for-method="TC03_CheckAddPopup">TC03_CheckAddPopup</a> <!-- method navigator-link -->
                      </span>
                      <br/>
                      <span>
                        <img src="skipped.png" width="3%"/>
                        <a href="#" panel-name="suite-RoomManagement_Suite" title="Epic4.Test_US_4_2" class="method navigator-link" hash-for-method="TC09_AddNewRecord_Success">TC09_AddNewRecord_Success</a> <!-- method navigator-link -->
                      </span>
                      <br/>
                      <span>
                        <img src="skipped.png" width="3%"/>
                        <a href="#" panel-name="suite-RoomManagement_Suite" title="Epic4.Test_US_4_2" class="method navigator-link" hash-for-method="TC10_AddNewRecord_MissingRoom">TC10_AddNewRecord_MissingRoom</a> <!-- method navigator-link -->
                      </span>
                      <br/>
                      <span>
                        <img src="skipped.png" width="3%"/>
                        <a href="#" panel-name="suite-RoomManagement_Suite" title="Epic4.Test_US_4_2" class="method navigator-link" hash-for-method="TC13_AddNewRecord_NewIndexLessThanOld">TC13_AddNewRecord_NewIndexLessThanOld</a> <!-- method navigator-link -->
                      </span>
                      <br/>
                      <span>
                        <img src="skipped.png" width="3%"/>
                        <a href="#" panel-name="suite-RoomManagement_Suite" title="Epic4.Test_US_4_2" class="method navigator-link" hash-for-method="TC17_InputCharacterInNumberFields">TC17_InputCharacterInNumberFields</a> <!-- method navigator-link -->
                      </span>
                      <br/>
                      <span>
                        <img src="skipped.png" width="3%"/>
                        <a href="#" panel-name="suite-RoomManagement_Suite" title="Epic4.Test_US_4_2" class="method navigator-link" hash-for-method="TC22_AutoCalculate">TC22_AutoCalculate</a> <!-- method navigator-link -->
                      </span>
                      <br/>
                      <span>
                        <img src="skipped.png" width="3%"/>
                        <a href="#" panel-name="suite-RoomManagement_Suite" title="Epic4.Test_US_4_2" class="method navigator-link" hash-for-method="TC34_Search">TC34_Search</a> <!-- method navigator-link -->
                      </span>
                      <br/>
                      <span>
                        <img src="skipped.png" width="3%"/>
                        <a href="#" panel-name="suite-RoomManagement_Suite" title="Epic4.Test_US_4_2" class="method navigator-link" hash-for-method="TC44_ExportExcel">TC44_ExportExcel</a> <!-- method navigator-link -->
                      </span>
                      <br/>
                      <span>
                        <img src="skipped.png" width="3%"/>
                        <a href="#" panel-name="suite-RoomManagement_Suite" title="Epic4.Test_US_4_2" class="method navigator-link" hash-for-method="TC45_EditRecord">TC45_EditRecord</a> <!-- method navigator-link -->
                      </span>
                      <br/>
                      <span>
                        <img src="skipped.png" width="3%"/>
                        <a href="#" panel-name="suite-RoomManagement_Suite" title="Epic4.Test_US_4_2" class="method navigator-link" hash-for-method="TC64_DeleteRecord">TC64_DeleteRecord</a> <!-- method navigator-link -->
                      </span>
                      <br/>
                    </div> <!-- method-list-content skipped suite-RoomManagement_Suite -->
                  </li>
                  <li>
                    <span class="method-list-title passed">Passed methods</span>
                    <span class="show-or-hide-methods passed">
                      <a href="#" panel-name="suite-RoomManagement_Suite" class="hide-methods passed suite-RoomManagement_Suite"> (hide)</a> <!-- hide-methods passed suite-RoomManagement_Suite -->
                      <a href="#" panel-name="suite-RoomManagement_Suite" class="show-methods passed suite-RoomManagement_Suite"> (show)</a> <!-- show-methods passed suite-RoomManagement_Suite -->
                    </span>
                    <div class="method-list-content passed suite-RoomManagement_Suite">
                      <span>
                        <img src="passed.png" width="3%"/>
                        <a href="#" panel-name="suite-RoomManagement_Suite" title="Epic10.Test_US_10_1" class="method navigator-link" hash-for-method="TC02_CheckDropdownContent">TC02_CheckDropdownContent</a> <!-- method navigator-link -->
                      </span>
                      <br/>
                      <span>
                        <img src="passed.png" width="3%"/>
                        <a href="#" panel-name="suite-RoomManagement_Suite" title="Epic6.Test_US_6_2" class="method navigator-link" hash-for-method="TC02_LocTheoTrangThai_ChuaXuLy">TC02_LocTheoTrangThai_ChuaXuLy</a> <!-- method navigator-link -->
                      </span>
                      <br/>
                      <span>
                        <img src="passed.png" width="3%"/>
                        <a href="#" panel-name="suite-RoomManagement_Suite" title="Epic10.Test_US_10_1" class="method navigator-link" hash-for-method="TC03_RemoveNotificationQuickly">TC03_RemoveNotificationQuickly</a> <!-- method navigator-link -->
                      </span>
                      <br/>
                      <span>
                        <img src="passed.png" width="3%"/>
                        <a href="#" panel-name="suite-RoomManagement_Suite" title="Epic6.Test_US_6_1" class="method navigator-link" hash-for-method="TC03_Validate_TrongTieuDe">TC03_Validate_TrongTieuDe</a> <!-- method navigator-link -->
                      </span>
                      <br/>
                      <span>
                        <img src="passed.png" width="3%"/>
                        <a href="#" panel-name="suite-RoomManagement_Suite" title="Epic10.Test_US_10_1" class="method navigator-link" hash-for-method="TC04_GoToAllNotifications">TC04_GoToAllNotifications</a> <!-- method navigator-link -->
                      </span>
                      <br/>
                      <span>
                        <img src="passed.png" width="3%"/>
                        <a href="#" panel-name="suite-RoomManagement_Suite" title="Epic10.Test_US_10_2" class="method navigator-link" hash-for-method="TC04_UploadImage">TC04_UploadImage</a> <!-- method navigator-link -->
                      </span>
                      <br/>
                      <span>
                        <img src="passed.png" width="3%"/>
                        <a href="#" panel-name="suite-RoomManagement_Suite" title="Epic6.Test_US_6_1" class="method navigator-link" hash-for-method="TC04_Validate_TrongNoiDung">TC04_Validate_TrongNoiDung</a> <!-- method navigator-link -->
                      </span>
                      <br/>
                      <span>
                        <img src="passed.png" width="3%"/>
                        <a href="#" panel-name="suite-RoomManagement_Suite" title="Epic6.Test_US_6_2" class="method navigator-link" hash-for-method="TC04_XuLyPhanHoi_BatDau">TC04_XuLyPhanHoi_BatDau</a> <!-- method navigator-link -->
                      </span>
                      <br/>
                      <span>
                        <img src="passed.png" width="3%"/>
                        <a href="#" panel-name="suite-RoomManagement_Suite" title="Epic10.Test_US_10_1" class="method navigator-link" hash-for-method="TC05_CheckTabs">TC05_CheckTabs</a> <!-- method navigator-link -->
                      </span>
                      <br/>
                      <span>
                        <img src="passed.png" width="3%"/>
                        <a href="#" panel-name="suite-RoomManagement_Suite" title="Epic6.Test_US_6_1" class="method navigator-link" hash-for-method="TC05_ChucNang_LuuNhap">TC05_ChucNang_LuuNhap</a> <!-- method navigator-link -->
                      </span>
                      <br/>
                      <span>
                        <img src="passed.png" width="3%"/>
                        <a href="#" panel-name="suite-RoomManagement_Suite" title="Epic4.Test_US_4_4" class="method navigator-link" hash-for-method="TC05_SearchByRoom">TC05_SearchByRoom</a> <!-- method navigator-link -->
                      </span>
                      <br/>
                      <span>
                        <img src="passed.png" width="3%"/>
                        <a href="#" panel-name="suite-RoomManagement_Suite" title="Epic10.Test_US_10_2" class="method navigator-link" hash-for-method="TC06_CancelCreation">TC06_CancelCreation</a> <!-- method navigator-link -->
                      </span>
                      <br/>
                      <span>
                        <img src="passed.png" width="3%"/>
                        <a href="#" panel-name="suite-RoomManagement_Suite" title="Epic10.Test_US_10_1" class="method navigator-link" hash-for-method="TC06_CheckListItemDetails">TC06_CheckListItemDetails</a> <!-- method navigator-link -->
                      </span>
                      <br/>
                      <span>
                        <img src="passed.png" width="3%"/>
                        <a href="#" panel-name="suite-RoomManagement_Suite" title="Epic6.Test_US_6_1" class="method navigator-link" hash-for-method="TC06_ChucNang_Huy">TC06_ChucNang_Huy</a> <!-- method navigator-link -->
                      </span>
                      <br/>
                      <span>
                        <img src="passed.png" width="3%"/>
                        <a href="#" panel-name="suite-RoomManagement_Suite" title="Epic6.Test_US_6_2" class="method navigator-link" hash-for-method="TC06_TimKiemPhanHoi">TC06_TimKiemPhanHoi</a> <!-- method navigator-link -->
                      </span>
                      <br/>
                      <span>
                        <img src="passed.png" width="3%"/>
                        <a href="#" panel-name="suite-RoomManagement_Suite" title="Epic10.Test_US_10_2" class="method navigator-link" hash-for-method="TC07_CheckCancelledItem">TC07_CheckCancelledItem</a> <!-- method navigator-link -->
                      </span>
                      <br/>
                      <span>
                        <img src="passed.png" width="3%"/>
                        <a href="#" panel-name="suite-RoomManagement_Suite" title="Epic10.Test_US_10_1" class="method navigator-link" hash-for-method="TC07_CheckResponsive">TC07_CheckResponsive</a> <!-- method navigator-link -->
                      </span>
                      <br/>
                      <span>
                        <img src="passed.png" width="3%"/>
                        <a href="#" panel-name="suite-RoomManagement_Suite" title="Epic10.Test_US_10_2" class="method navigator-link" hash-for-method="TC08_CheckRoomInfo">TC08_CheckRoomInfo</a> <!-- method navigator-link -->
                      </span>
                      <br/>
                      <span>
                        <img src="passed.png" width="3%"/>
                        <a href="#" panel-name="suite-RoomManagement_Suite" title="Epic4.Test_US_4_4" class="method navigator-link" hash-for-method="TC08_ExportExcel">TC08_ExportExcel</a> <!-- method navigator-link -->
                      </span>
                      <br/>
                      <span>
                        <img src="passed.png" width="3%"/>
                        <a href="#" panel-name="suite-RoomManagement_Suite" title="Epic6.Test_US_6_2" class="method navigator-link" hash-for-method="TC08_KiemTraThongTinKhach">TC08_KiemTraThongTinKhach</a> <!-- method navigator-link -->
                      </span>
                      <br/>
                      <span>
                        <img src="passed.png" width="3%"/>
                        <a href="#" panel-name="suite-RoomManagement_Suite" title="Epic10.Test_US_10_2" class="method navigator-link" hash-for-method="TC09_CheckAttachmentDisplay">TC09_CheckAttachmentDisplay</a> <!-- method navigator-link -->
                      </span>
                      <br/>
                      <span>
                        <img src="passed.png" width="3%"/>
                        <a href="#" panel-name="suite-RoomManagement_Suite" title="Epic6.Test_US_6_2" class="method navigator-link" hash-for-method="TC09_ClickNotification">TC09_ClickNotification</a> <!-- method navigator-link -->
                      </span>
                      <br/>
                      <span>
                        <img src="passed.png" width="3%"/>
                        <a href="#" panel-name="suite-RoomManagement_Suite" title="Epic6.Test_US_6_2" class="method navigator-link" hash-for-method="TC10_TabDaXuLy">TC10_TabDaXuLy</a> <!-- method navigator-link -->
                      </span>
                      <br/>
                      <span>
                        <img src="passed.png" width="3%"/>
                        <a href="#" panel-name="suite-RoomManagement_Suite" title="Epic6.Test_US_6_1" class="method navigator-link" hash-for-method="TC10_Verify_LichSu">TC10_Verify_LichSu</a> <!-- method navigator-link -->
                      </span>
                      <br/>
                      <span>
                        <img src="passed.png" width="3%"/>
                        <a href="#" panel-name="suite-RoomManagement_Suite" title="Epic4.Test_US_4_3" class="method navigator-link" hash-for-method="TC137_CheckChart">TC137_CheckChart</a> <!-- method navigator-link -->
                      </span>
                      <br/>
                      <span>
                        <img src="passed.png" width="3%"/>
                        <a href="#" panel-name="suite-RoomManagement_Suite" title="Epic4.Test_US_4_3" class="method navigator-link" hash-for-method="TC22_AutoCalculate">TC22_AutoCalculate</a> <!-- method navigator-link -->
                      </span>
                      <br/>
                      <span>
                        <img src="passed.png" width="3%"/>
                        <a href="#" panel-name="suite-RoomManagement_Suite" title="Epic4.Test_US_4_3" class="method navigator-link" hash-for-method="TC34_Search">TC34_Search</a> <!-- method navigator-link -->
                      </span>
                      <br/>
                    </div> <!-- method-list-content passed suite-RoomManagement_Suite -->
                  </li>
                </ul>
              </div> <!-- suite-section-content -->
            </div> <!-- result-section -->
          </div> <!-- navigator-suite-content -->
        </div> <!-- rounded-window -->
      </div> <!-- suite -->
    </div> <!-- navigator-root -->
    <div class="wrapper">
      <div class="main-panel-root">
        <div panel-name="suite-RoomManagement_Suite" class="panel RoomManagement_Suite">
          <div class="suite-RoomManagement_Suite-class-failed">
            <div class="main-panel-header rounded-window-top">
              <img src="failed.png"/>
              <span class="class-name">Epic6.Test_US_6_1</span>
            </div> <!-- main-panel-header rounded-window-top -->
            <div class="main-panel-content rounded-window-bottom">
              <div class="method">
                <div class="method-content">
                  <a name="TC01_GuiThongBao_MotPhong">
                  </a> <!-- TC01_GuiThongBao_MotPhong -->
                  <span class="method-name">TC01_GuiThongBao_MotPhong</span>
                  <div class="stack-trace">java.lang.AssertionError: FAILED: Không thấy thông báo trong lịch sử gửi! expected [true] but found [false]
	at Epic6.Test_US_6_1.TC01_GuiThongBao_MotPhong(Test_US_6_1.java:134)
	at java.base/java.util.ArrayList.forEach(ArrayList.java:1596)
... Removed 28 stack frames
</div> <!-- stack-trace -->
                  <em>
(TC01: Gửi thông báo thành công cho 1 phòng cụ thể)                  </em>
                </div> <!-- method-content -->
              </div> <!-- method -->
              <div class="method">
                <div class="method-content">
                  <a name="TC02_GuiThongBao_TatCa">
                  </a> <!-- TC02_GuiThongBao_TatCa -->
                  <span class="method-name">TC02_GuiThongBao_TatCa</span>
                  <div class="stack-trace">java.lang.AssertionError: expected [true] but found [false]
	at Epic6.Test_US_6_1.TC02_GuiThongBao_TatCa(Test_US_6_1.java:153)
	at java.base/java.util.ArrayList.forEach(ArrayList.java:1596)
... Removed 29 stack frames
</div> <!-- stack-trace -->
                  <em>
(TC02: Gửi thông báo cho TẤT CẢ khách thuê)                  </em>
                </div> <!-- method-content -->
              </div> <!-- method -->
              <div class="method">
                <div class="method-content">
                  <a name="TC07_TieuDe_KyTuDacBiet">
                  </a> <!-- TC07_TieuDe_KyTuDacBiet -->
                  <span class="method-name">TC07_TieuDe_KyTuDacBiet</span>
                  <div class="stack-trace">java.lang.AssertionError: FAILED: Không hiển thị đúng ký tự đặc biệt expected [true] but found [false]
	at Epic6.Test_US_6_1.TC07_TieuDe_KyTuDacBiet(Test_US_6_1.java:256)
	at java.base/java.util.ArrayList.forEach(ArrayList.java:1596)
... Removed 28 stack frames
</div> <!-- stack-trace -->
                  <em>
(TC07: Gửi thông báo với Tiêu đề chứa ký tự đặc biệt)                  </em>
                </div> <!-- method-content -->
              </div> <!-- method -->
              <div class="method">
                <div class="method-content">
                  <a name="TC08_NoiDung_Dai">
                  </a> <!-- TC08_NoiDung_Dai -->
                  <span class="method-name">TC08_NoiDung_Dai</span>
                  <div class="stack-trace">java.lang.AssertionError: expected [true] but found [false]
	at Epic6.Test_US_6_1.TC08_NoiDung_Dai(Test_US_6_1.java:276)
	at java.base/java.util.ArrayList.forEach(ArrayList.java:1596)
... Removed 29 stack frames
</div> <!-- stack-trace -->
                  <em>
(TC08: Gửi thông báo với Nội dung cực dài)                  </em>
                </div> <!-- method-content -->
              </div> <!-- method -->
              <div class="method">
                <div class="method-content">
                  <a name="TC09_Chon_NhieuPhong">
                  </a> <!-- TC09_Chon_NhieuPhong -->
                  <span class="method-name">TC09_Chon_NhieuPhong</span>
                  <div class="stack-trace">java.lang.AssertionError: expected [true] but found [false]
	at Epic6.Test_US_6_1.TC09_Chon_NhieuPhong(Test_US_6_1.java:296)
	at java.base/java.util.ArrayList.forEach(ArrayList.java:1596)
... Removed 29 stack frames
</div> <!-- stack-trace -->
                  <em>
(TC09: Chọn nhiều phòng cùng lúc)                  </em>
                </div> <!-- method-content -->
              </div> <!-- method -->
            </div> <!-- main-panel-content rounded-window-bottom -->
          </div> <!-- suite-RoomManagement_Suite-class-failed -->
          <div class="suite-RoomManagement_Suite-class-failed">
            <div class="main-panel-header rounded-window-top">
              <img src="failed.png"/>
              <span class="class-name">Epic10.Test_US_10_1</span>
            </div> <!-- main-panel-header rounded-window-top -->
            <div class="main-panel-content rounded-window-bottom">
              <div class="method">
                <div class="method-content">
                  <a name="TC01_CheckBellAndDropdown">
                  </a> <!-- TC01_CheckBellAndDropdown -->
                  <span class="method-name">TC01_CheckBellAndDropdown</span>
                  <div class="stack-trace">org.openqa.selenium.NoSuchElementException: no such element: Unable to locate element: {&quot;method&quot;:&quot;xpath&quot;,&quot;selector&quot;:&quot;//h6[contains(text(),&apos;Thông báo&apos;)] | //div[contains(@class,&apos;dropdown-header&apos;)]&quot;}
  (Session info: chrome=143.0.7499.170)
For documentation on this error, please visit: https://www.selenium.dev/documentation/webdriver/troubleshooting/errors#no-such-element-exception
Build info: version: &apos;4.35.0&apos;, revision: &apos;1c58e5028b&apos;
System info: os.name: &apos;Windows 11&apos;, os.arch: &apos;amd64&apos;, os.version: &apos;10.0&apos;, java.version: &apos;21.0.3&apos;
Driver info: org.openqa.selenium.chrome.ChromeDriver
Command: [36adb7d80aaf485bb0fa4fe7fab7e344, findElement {using=xpath, value=//h6[contains(text(),&apos;Thông báo&apos;)] | //div[contains(@class,&apos;dropdown-header&apos;)]}]
Capabilities {acceptInsecureCerts: false, browserName: chrome, browserVersion: 143.0.7499.170, chrome: {chromedriverVersion: 143.0.7499.169 (164b20aab62..., userDataDir: C:\Users\tongh\AppData\Loca...}, fedcm:accounts: true, goog:chromeOptions: {debuggerAddress: localhost:51563}, goog:processID: 19708, networkConnectionEnabled: false, pageLoadStrategy: normal, platformName: windows, proxy: Proxy(), se:cdp: ws://localhost:51563/devtoo..., se:cdpVersion: 143.0.7499.170, setWindowRect: true, strictFileInteractability: false, timeouts: {implicit: 0, pageLoad: 300000, script: 30000}, unhandledPromptBehavior: dismiss and notify, webauthn:extension:credBlob: true, webauthn:extension:largeBlob: true, webauthn:extension:minPinLength: true, webauthn:extension:prf: true, webauthn:virtualAuthenticators: true}
Session ID: 36adb7d80aaf485bb0fa4fe7fab7e344
	at org.openqa.selenium.remote.ErrorCodec.decode(ErrorCodec.java:167)
	at org.openqa.selenium.remote.codec.w3c.W3CHttpResponseCodec.decode(W3CHttpResponseCodec.java:138)
	at org.openqa.selenium.remote.codec.w3c.W3CHttpResponseCodec.decode(W3CHttpResponseCodec.java:50)
	at org.openqa.selenium.remote.HttpCommandExecutor.execute(HttpCommandExecutor.java:215)
	at org.openqa.selenium.remote.service.DriverCommandExecutor.invokeExecute(DriverCommandExecutor.java:216)
	at org.openqa.selenium.remote.service.DriverCommandExecutor.execute(DriverCommandExecutor.java:174)
	at org.openqa.selenium.remote.RemoteWebDriver.execute(RemoteWebDriver.java:557)
	at org.openqa.selenium.remote.ElementLocation$ElementFinder$2.findElement(ElementLocation.java:165)
	at org.openqa.selenium.remote.ElementLocation.findElement(ElementLocation.java:59)
	at org.openqa.selenium.remote.RemoteWebDriver.findElement(RemoteWebDriver.java:380)
	at org.openqa.selenium.remote.RemoteWebDriver.findElement(RemoteWebDriver.java:374)
	at Epic10.Test_US_10_1.TC01_CheckBellAndDropdown(Test_US_10_1.java:78)
	at java.base/java.util.ArrayList.forEach(ArrayList.java:1596)
... Removed 28 stack frames
</div> <!-- stack-trace -->
                  <em>
(TC_203, TC_204: Kiểm tra Icon Chuông và Mở Dropdown nhanh)                  </em>
                </div> <!-- method-content -->
              </div> <!-- method -->
            </div> <!-- main-panel-content rounded-window-bottom -->
          </div> <!-- suite-RoomManagement_Suite-class-failed -->
          <div class="suite-RoomManagement_Suite-class-failed">
            <div class="main-panel-header rounded-window-top">
              <img src="failed.png"/>
              <span class="class-name">Epic4.Test_US_4_4</span>
            </div> <!-- main-panel-header rounded-window-top -->
            <div class="main-panel-content rounded-window-bottom">
              <div class="method">
                <div class="method-content">
                  <a name="TC01_CheckUI_Statistics">
                  </a> <!-- TC01_CheckUI_Statistics -->
                  <span class="method-name">TC01_CheckUI_Statistics</span>
                  <div class="stack-trace">org.openqa.selenium.NoSuchElementException: no such element: Unable to locate element: {&quot;method&quot;:&quot;xpath&quot;,&quot;selector&quot;:&quot;//h3[contains(text(),&apos;Quản lý Chi phí Phát sinh&apos;)]&quot;}
  (Session info: chrome=143.0.7499.170)
For documentation on this error, please visit: https://www.selenium.dev/documentation/webdriver/troubleshooting/errors#no-such-element-exception
Build info: version: &apos;4.35.0&apos;, revision: &apos;1c58e5028b&apos;
System info: os.name: &apos;Windows 11&apos;, os.arch: &apos;amd64&apos;, os.version: &apos;10.0&apos;, java.version: &apos;21.0.3&apos;
Driver info: org.openqa.selenium.chrome.ChromeDriver
Command: [253dbcdaedb4d69e7483162928a3213c, findElement {using=xpath, value=//h3[contains(text(),&apos;Quản lý Chi phí Phát sinh&apos;)]}]
Capabilities {acceptInsecureCerts: false, browserName: chrome, browserVersion: 143.0.7499.170, chrome: {chromedriverVersion: 143.0.7499.169 (164b20aab62..., userDataDir: C:\Users\tongh\AppData\Loca...}, fedcm:accounts: true, goog:chromeOptions: {debuggerAddress: localhost:57915}, goog:processID: 9640, networkConnectionEnabled: false, pageLoadStrategy: normal, platformName: windows, proxy: Proxy(), se:cdp: ws://localhost:57915/devtoo..., se:cdpVersion: 143.0.7499.170, setWindowRect: true, strictFileInteractability: false, timeouts: {implicit: 0, pageLoad: 300000, script: 30000}, unhandledPromptBehavior: dismiss and notify, webauthn:extension:credBlob: true, webauthn:extension:largeBlob: true, webauthn:extension:minPinLength: true, webauthn:extension:prf: true, webauthn:virtualAuthenticators: true}
Session ID: 253dbcdaedb4d69e7483162928a3213c
	at org.openqa.selenium.remote.ErrorCodec.decode(ErrorCodec.java:167)
	at org.openqa.selenium.remote.codec.w3c.W3CHttpResponseCodec.decode(W3CHttpResponseCodec.java:138)
	at org.openqa.selenium.remote.codec.w3c.W3CHttpResponseCodec.decode(W3CHttpResponseCodec.java:50)
	at org.openqa.selenium.remote.HttpCommandExecutor.execute(HttpCommandExecutor.java:215)
	at org.openqa.selenium.remote.service.DriverCommandExecutor.invokeExecute(DriverCommandExecutor.java:216)
	at org.openqa.selenium.remote.service.DriverCommandExecutor.execute(DriverCommandExecutor.java:174)
	at org.openqa.selenium.remote.RemoteWebDriver.execute(RemoteWebDriver.java:557)
	at org.openqa.selenium.remote.ElementLocation$ElementFinder$2.findElement(ElementLocation.java:165)
	at org.openqa.selenium.remote.ElementLocation.findElement(ElementLocation.java:59)
	at org.openqa.selenium.remote.RemoteWebDriver.findElement(RemoteWebDriver.java:380)
	at org.openqa.selenium.remote.RemoteWebDriver.findElement(RemoteWebDriver.java:374)
	at Epic4.Test_US_4_4.TC01_CheckUI_Statistics(Test_US_4_4.java:80)
	at java.base/java.util.ArrayList.forEach(ArrayList.java:1596)
... Removed 28 stack frames
</div> <!-- stack-trace -->
                  <em>
(TC_138, TC_150, TC_158: Kiểm tra UI, Thống kê và Định dạng tiền tệ)                  </em>
                </div> <!-- method-content -->
              </div> <!-- method -->
              <div class="method">
                <div class="method-content">
                  <a name="TC02_CheckAddPopup">
                  </a> <!-- TC02_CheckAddPopup -->
                  <span class="method-name">TC02_CheckAddPopup</span>
                  <div class="stack-trace">org.openqa.selenium.NoSuchElementException: no such element: Unable to locate element: {&quot;method&quot;:&quot;xpath&quot;,&quot;selector&quot;:&quot;//h5[contains(text(),&apos;Thêm chi phí phát sinh&apos;)]&quot;}
  (Session info: chrome=143.0.7499.170)
For documentation on this error, please visit: https://www.selenium.dev/documentation/webdriver/troubleshooting/errors#no-such-element-exception
Build info: version: &apos;4.35.0&apos;, revision: &apos;1c58e5028b&apos;
System info: os.name: &apos;Windows 11&apos;, os.arch: &apos;amd64&apos;, os.version: &apos;10.0&apos;, java.version: &apos;21.0.3&apos;
Driver info: org.openqa.selenium.chrome.ChromeDriver
Command: [7c658cf5986772eb8feffe6d38f807a9, findElement {using=xpath, value=//h5[contains(text(),&apos;Thêm chi phí phát sinh&apos;)]}]
Capabilities {acceptInsecureCerts: false, browserName: chrome, browserVersion: 143.0.7499.170, chrome: {chromedriverVersion: 143.0.7499.169 (164b20aab62..., userDataDir: C:\Users\tongh\AppData\Loca...}, fedcm:accounts: true, goog:chromeOptions: {debuggerAddress: localhost:57805}, goog:processID: 12872, networkConnectionEnabled: false, pageLoadStrategy: normal, platformName: windows, proxy: Proxy(), se:cdp: ws://localhost:57805/devtoo..., se:cdpVersion: 143.0.7499.170, setWindowRect: true, strictFileInteractability: false, timeouts: {implicit: 0, pageLoad: 300000, script: 30000}, unhandledPromptBehavior: dismiss and notify, webauthn:extension:credBlob: true, webauthn:extension:largeBlob: true, webauthn:extension:minPinLength: true, webauthn:extension:prf: true, webauthn:virtualAuthenticators: true}
Session ID: 7c658cf5986772eb8feffe6d38f807a9
	at org.openqa.selenium.remote.ErrorCodec.decode(ErrorCodec.java:167)
	at org.openqa.selenium.remote.codec.w3c.W3CHttpResponseCodec.decode(W3CHttpResponseCodec.java:138)
	at org.openqa.selenium.remote.codec.w3c.W3CHttpResponseCodec.decode(W3CHttpResponseCodec.java:50)
	at org.openqa.selenium.remote.HttpCommandExecutor.execute(HttpCommandExecutor.java:215)
	at org.openqa.selenium.remote.service.DriverCommandExecutor.invokeExecute(DriverCommandExecutor.java:216)
	at org.openqa.selenium.remote.service.DriverCommandExecutor.execute(DriverCommandExecutor.java:174)
	at org.openqa.selenium.remote.RemoteWebDriver.execute(RemoteWebDriver.java:557)
	at org.openqa.selenium.remote.ElementLocation$ElementFinder$2.findElement(ElementLocation.java:165)
	at org.openqa.selenium.remote.ElementLocation.findElement(ElementLocation.java:59)
	at org.openqa.selenium.remote.RemoteWebDriver.findElement(RemoteWebDriver.java:380)
	at org.openqa.selenium.remote.RemoteWebDriver.findElement(RemoteWebDriver.java:374)
	at Epic4.Test_US_4_4.TC02_CheckAddPopup(Test_US_4_4.java:101)
	at java.base/java.util.ArrayList.forEach(ArrayList.java:1596)
... Removed 28 stack frames
</div> <!-- stack-trace -->
                  <em>
(TC_139: Kiểm tra Popup Thêm chi phí)                  </em>
                </div> <!-- method-content -->
              </div> <!-- method -->
              <div class="method">
                <div class="method-content">
                  <a name="TC03_AddNewRecord_Success">
                  </a> <!-- TC03_AddNewRecord_Success -->
                  <span class="method-name">TC03_AddNewRecord_Success</span>
                  <div class="stack-trace">java.lang.AssertionError: expected [true] but found [false]
	at Epic4.Test_US_4_4.TC03_AddNewRecord_Success(Test_US_4_4.java:139)
	at java.base/java.util.ArrayList.forEach(ArrayList.java:1596)
... Removed 29 stack frames
</div> <!-- stack-trace -->
                  <em>
(TC_140, TC_141: Thêm mới chi phí thành công (Happy Case))                  </em>
                </div> <!-- method-content -->
              </div> <!-- method -->
              <div class="method">
                <div class="method-content">
                  <a name="TC04_Validate_NegativeAmount">
                  </a> <!-- TC04_Validate_NegativeAmount -->
                  <span class="method-name">TC04_Validate_NegativeAmount</span>
                  <div class="stack-trace">org.openqa.selenium.UnhandledAlertException: unexpected alert open: {Alert text : Vui lòng chọn phòng!}
  (Session info: chrome=143.0.7499.170): Vui lòng chọn phòng!
Build info: version: &apos;4.35.0&apos;, revision: &apos;1c58e5028b&apos;
System info: os.name: &apos;Windows 11&apos;, os.arch: &apos;amd64&apos;, os.version: &apos;10.0&apos;, java.version: &apos;21.0.3&apos;
Driver info: org.openqa.selenium.chrome.ChromeDriver
Command: [4d1613fb498eed9631bcf8ae2f3f8c31, getPageSource {}]
Capabilities {acceptInsecureCerts: false, browserName: chrome, browserVersion: 143.0.7499.170, chrome: {chromedriverVersion: 143.0.7499.169 (164b20aab62..., userDataDir: C:\Users\tongh\AppData\Loca...}, fedcm:accounts: true, goog:chromeOptions: {debuggerAddress: localhost:57855}, goog:processID: 16832, networkConnectionEnabled: false, pageLoadStrategy: normal, platformName: windows, proxy: Proxy(), se:cdp: ws://localhost:57855/devtoo..., se:cdpVersion: 143.0.7499.170, setWindowRect: true, strictFileInteractability: false, timeouts: {implicit: 0, pageLoad: 300000, script: 30000}, unhandledPromptBehavior: dismiss and notify, webauthn:extension:credBlob: true, webauthn:extension:largeBlob: true, webauthn:extension:minPinLength: true, webauthn:extension:prf: true, webauthn:virtualAuthenticators: true}
Session ID: 4d1613fb498eed9631bcf8ae2f3f8c31
	at org.openqa.selenium.remote.codec.w3c.W3CHttpResponseCodec.decode(W3CHttpResponseCodec.java:136)
	at org.openqa.selenium.remote.codec.w3c.W3CHttpResponseCodec.decode(W3CHttpResponseCodec.java:50)
	at org.openqa.selenium.remote.HttpCommandExecutor.execute(HttpCommandExecutor.java:215)
	at org.openqa.selenium.remote.service.DriverCommandExecutor.invokeExecute(DriverCommandExecutor.java:216)
	at org.openqa.selenium.remote.service.DriverCommandExecutor.execute(DriverCommandExecutor.java:174)
	at org.openqa.selenium.remote.RemoteWebDriver.execute(RemoteWebDriver.java:557)
	at org.openqa.selenium.remote.RemoteWebDriver.execute(RemoteWebDriver.java:630)
	at org.openqa.selenium.remote.RemoteWebDriver.execute(RemoteWebDriver.java:634)
	at org.openqa.selenium.remote.RemoteWebDriver.getPageSource(RemoteWebDriver.java:406)
	at Epic4.Test_US_4_4.TC04_Validate_NegativeAmount(Test_US_4_4.java:153)
	at java.base/java.util.ArrayList.forEach(ArrayList.java:1596)
... Removed 25 stack frames
</div> <!-- stack-trace -->
                  <em>
(TC_144: Validate Số tiền không được âm)                  </em>
                </div> <!-- method-content -->
              </div> <!-- method -->
              <div class="method">
                <div class="method-content">
                  <a name="TC06_EditRecord">
                  </a> <!-- TC06_EditRecord -->
                  <span class="method-name">TC06_EditRecord</span>
                  <div class="stack-trace">org.openqa.selenium.UnhandledAlertException: unexpected alert open: {Alert text : Bản ghi đã thanh toán, không thể chỉnh sửa!}
  (Session info: chrome=143.0.7499.170): Bản ghi đã thanh toán, không thể chỉnh sửa!
Build info: version: &apos;4.35.0&apos;, revision: &apos;1c58e5028b&apos;
System info: os.name: &apos;Windows 11&apos;, os.arch: &apos;amd64&apos;, os.version: &apos;10.0&apos;, java.version: &apos;21.0.3&apos;
Driver info: org.openqa.selenium.chrome.ChromeDriver
Command: [4406aa7d409adad426022b3901a2a379, findElement {using=xpath, value=//h5[contains(text(),&apos;Cập nhật chi phí&apos;)]}]
Capabilities {acceptInsecureCerts: false, browserName: chrome, browserVersion: 143.0.7499.170, chrome: {chromedriverVersion: 143.0.7499.169 (164b20aab62..., userDataDir: C:\Users\tongh\AppData\Loca...}, fedcm:accounts: true, goog:chromeOptions: {debuggerAddress: localhost:59792}, goog:processID: 8232, networkConnectionEnabled: false, pageLoadStrategy: normal, platformName: windows, proxy: Proxy(), se:cdp: ws://localhost:59792/devtoo..., se:cdpVersion: 143.0.7499.170, setWindowRect: true, strictFileInteractability: false, timeouts: {implicit: 0, pageLoad: 300000, script: 30000}, unhandledPromptBehavior: dismiss and notify, webauthn:extension:credBlob: true, webauthn:extension:largeBlob: true, webauthn:extension:minPinLength: true, webauthn:extension:prf: true, webauthn:virtualAuthenticators: true}
Session ID: 4406aa7d409adad426022b3901a2a379
	at org.openqa.selenium.remote.codec.w3c.W3CHttpResponseCodec.decode(W3CHttpResponseCodec.java:136)
	at org.openqa.selenium.remote.codec.w3c.W3CHttpResponseCodec.decode(W3CHttpResponseCodec.java:50)
	at org.openqa.selenium.remote.HttpCommandExecutor.execute(HttpCommandExecutor.java:215)
	at org.openqa.selenium.remote.service.DriverCommandExecutor.invokeExecute(DriverCommandExecutor.java:216)
	at org.openqa.selenium.remote.service.DriverCommandExecutor.execute(DriverCommandExecutor.java:174)
	at org.openqa.selenium.remote.RemoteWebDriver.execute(RemoteWebDriver.java:557)
	at org.openqa.selenium.remote.ElementLocation$ElementFinder$2.findElement(ElementLocation.java:165)
	at org.openqa.selenium.remote.ElementLocation.findElement(ElementLocation.java:59)
	at org.openqa.selenium.remote.RemoteWebDriver.findElement(RemoteWebDriver.java:380)
	at org.openqa.selenium.remote.RemoteWebDriver.findElement(RemoteWebDriver.java:374)
	at Epic4.Test_US_4_4.TC06_EditRecord(Test_US_4_4.java:187)
	at java.base/java.util.ArrayList.forEach(ArrayList.java:1596)
... Removed 25 stack frames
</div> <!-- stack-trace -->
                  <em>
(TC_151, TC_152, TC_153: Sửa chi phí phát sinh)                  </em>
                </div> <!-- method-content -->
              </div> <!-- method -->
              <div class="method">
                <div class="method-content">
                  <a name="TC07_DeleteRecord">
                  </a> <!-- TC07_DeleteRecord -->
                  <span class="method-name">TC07_DeleteRecord</span>
                  <div class="stack-trace">org.openqa.selenium.UnhandledAlertException: unexpected alert open: {Alert text : Hóa đơn đã thanh toán nên không thể xóa!}
  (Session info: chrome=143.0.7499.170): Hóa đơn đã thanh toán nên không thể xóa!
Build info: version: &apos;4.35.0&apos;, revision: &apos;1c58e5028b&apos;
System info: os.name: &apos;Windows 11&apos;, os.arch: &apos;amd64&apos;, os.version: &apos;10.0&apos;, java.version: &apos;21.0.3&apos;
Driver info: org.openqa.selenium.chrome.ChromeDriver
Command: [02ddb859f7b1ae7c9cf43d5d9bdb27a3, findElement {using=xpath, value=//h5[contains(text(),&apos;Xác nhận xóa?&apos;)]}]
Capabilities {acceptInsecureCerts: false, browserName: chrome, browserVersion: 143.0.7499.170, chrome: {chromedriverVersion: 143.0.7499.169 (164b20aab62..., userDataDir: C:\Users\tongh\AppData\Loca...}, fedcm:accounts: true, goog:chromeOptions: {debuggerAddress: localhost:55865}, goog:processID: 12488, networkConnectionEnabled: false, pageLoadStrategy: normal, platformName: windows, proxy: Proxy(), se:cdp: ws://localhost:55865/devtoo..., se:cdpVersion: 143.0.7499.170, setWindowRect: true, strictFileInteractability: false, timeouts: {implicit: 0, pageLoad: 300000, script: 30000}, unhandledPromptBehavior: dismiss and notify, webauthn:extension:credBlob: true, webauthn:extension:largeBlob: true, webauthn:extension:minPinLength: true, webauthn:extension:prf: true, webauthn:virtualAuthenticators: true}
Session ID: 02ddb859f7b1ae7c9cf43d5d9bdb27a3
	at org.openqa.selenium.remote.codec.w3c.W3CHttpResponseCodec.decode(W3CHttpResponseCodec.java:136)
	at org.openqa.selenium.remote.codec.w3c.W3CHttpResponseCodec.decode(W3CHttpResponseCodec.java:50)
	at org.openqa.selenium.remote.HttpCommandExecutor.execute(HttpCommandExecutor.java:215)
	at org.openqa.selenium.remote.service.DriverCommandExecutor.invokeExecute(DriverCommandExecutor.java:216)
	at org.openqa.selenium.remote.service.DriverCommandExecutor.execute(DriverCommandExecutor.java:174)
	at org.openqa.selenium.remote.RemoteWebDriver.execute(RemoteWebDriver.java:557)
	at org.openqa.selenium.remote.ElementLocation$ElementFinder$2.findElement(ElementLocation.java:165)
	at org.openqa.selenium.remote.ElementLocation.findElement(ElementLocation.java:59)
	at org.openqa.selenium.remote.RemoteWebDriver.findElement(RemoteWebDriver.java:380)
	at org.openqa.selenium.remote.RemoteWebDriver.findElement(RemoteWebDriver.java:374)
	at Epic4.Test_US_4_4.TC07_DeleteRecord(Test_US_4_4.java:218)
	at java.base/java.util.ArrayList.forEach(ArrayList.java:1596)
... Removed 25 stack frames
</div> <!-- stack-trace -->
                  <em>
(TC_154: Xóa khoản chi phí)                  </em>
                </div> <!-- method-content -->
              </div> <!-- method -->
              <div class="method">
                <div class="method-content">
                  <a name="TC09_FutureDateCheck">
                  </a> <!-- TC09_FutureDateCheck -->
                  <span class="method-name">TC09_FutureDateCheck</span>
                  <div class="stack-trace">org.openqa.selenium.UnhandledAlertException: unexpected alert open: {Alert text : Vui lòng chọn phòng!}
  (Session info: chrome=143.0.7499.170): Vui lòng chọn phòng!
Build info: version: &apos;4.35.0&apos;, revision: &apos;1c58e5028b&apos;
System info: os.name: &apos;Windows 11&apos;, os.arch: &apos;amd64&apos;, os.version: &apos;10.0&apos;, java.version: &apos;21.0.3&apos;
Driver info: org.openqa.selenium.chrome.ChromeDriver
Command: [a5f1e4d64ac5b96b8bd02397cc8f9125, getPageSource {}]
Capabilities {acceptInsecureCerts: false, browserName: chrome, browserVersion: 143.0.7499.170, chrome: {chromedriverVersion: 143.0.7499.169 (164b20aab62..., userDataDir: C:\Users\tongh\AppData\Loca...}, fedcm:accounts: true, goog:chromeOptions: {debuggerAddress: localhost:60028}, goog:processID: 17800, networkConnectionEnabled: false, pageLoadStrategy: normal, platformName: windows, proxy: Proxy(), se:cdp: ws://localhost:60028/devtoo..., se:cdpVersion: 143.0.7499.170, setWindowRect: true, strictFileInteractability: false, timeouts: {implicit: 0, pageLoad: 300000, script: 30000}, unhandledPromptBehavior: dismiss and notify, webauthn:extension:credBlob: true, webauthn:extension:largeBlob: true, webauthn:extension:minPinLength: true, webauthn:extension:prf: true, webauthn:virtualAuthenticators: true}
Session ID: a5f1e4d64ac5b96b8bd02397cc8f9125
	at org.openqa.selenium.remote.codec.w3c.W3CHttpResponseCodec.decode(W3CHttpResponseCodec.java:136)
	at org.openqa.selenium.remote.codec.w3c.W3CHttpResponseCodec.decode(W3CHttpResponseCodec.java:50)
	at org.openqa.selenium.remote.HttpCommandExecutor.execute(HttpCommandExecutor.java:215)
	at org.openqa.selenium.remote.service.DriverCommandExecutor.invokeExecute(DriverCommandExecutor.java:216)
	at org.openqa.selenium.remote.service.DriverCommandExecutor.execute(DriverCommandExecutor.java:174)
	at org.openqa.selenium.remote.RemoteWebDriver.execute(RemoteWebDriver.java:557)
	at org.openqa.selenium.remote.RemoteWebDriver.execute(RemoteWebDriver.java:630)
	at org.openqa.selenium.remote.RemoteWebDriver.execute(RemoteWebDriver.java:634)
	at org.openqa.selenium.remote.RemoteWebDriver.getPageSource(RemoteWebDriver.java:406)
	at Epic4.Test_US_4_4.TC09_FutureDateCheck(Test_US_4_4.java:254)
	at java.base/java.util.ArrayList.forEach(ArrayList.java:1596)
... Removed 25 stack frames
</div> <!-- stack-trace -->
                  <em>
(TC_160: Kiểm tra Validate ngày tháng tương lai)                  </em>
                </div> <!-- method-content -->
              </div> <!-- method -->
            </div> <!-- main-panel-content rounded-window-bottom -->
          </div> <!-- suite-RoomManagement_Suite-class-failed -->
          <div class="suite-RoomManagement_Suite-class-failed">
            <div class="main-panel-header rounded-window-top">
              <img src="failed.png"/>
              <span class="class-name">Epic4.Test_US_4_3</span>
            </div> <!-- main-panel-header rounded-window-top -->
            <div class="main-panel-content rounded-window-bottom">
              <div class="method">
                <div class="method-content">
                  <a name="TC01_CheckUI_Statistics">
                  </a> <!-- TC01_CheckUI_Statistics -->
                  <span class="method-name">TC01_CheckUI_Statistics</span>
                  <div class="stack-trace">org.openqa.selenium.NoSuchElementException: no such element: Unable to locate element: {&quot;method&quot;:&quot;xpath&quot;,&quot;selector&quot;:&quot;//h3[contains(text(),&apos;Quản lý Nước&apos;)]&quot;}
  (Session info: chrome=143.0.7499.170)
For documentation on this error, please visit: https://www.selenium.dev/documentation/webdriver/troubleshooting/errors#no-such-element-exception
Build info: version: &apos;4.35.0&apos;, revision: &apos;1c58e5028b&apos;
System info: os.name: &apos;Windows 11&apos;, os.arch: &apos;amd64&apos;, os.version: &apos;10.0&apos;, java.version: &apos;21.0.3&apos;
Driver info: org.openqa.selenium.chrome.ChromeDriver
Command: [40662b523cafb0aed7daccdbc1d752c4, findElement {using=xpath, value=//h3[contains(text(),&apos;Quản lý Nước&apos;)]}]
Capabilities {acceptInsecureCerts: false, browserName: chrome, browserVersion: 143.0.7499.170, chrome: {chromedriverVersion: 143.0.7499.169 (164b20aab62..., userDataDir: C:\Users\tongh\AppData\Loca...}, fedcm:accounts: true, goog:chromeOptions: {debuggerAddress: localhost:50313}, goog:processID: 2748, networkConnectionEnabled: false, pageLoadStrategy: normal, platformName: windows, proxy: Proxy(), se:cdp: ws://localhost:50313/devtoo..., se:cdpVersion: 143.0.7499.170, setWindowRect: true, strictFileInteractability: false, timeouts: {implicit: 0, pageLoad: 300000, script: 30000}, unhandledPromptBehavior: dismiss and notify, webauthn:extension:credBlob: true, webauthn:extension:largeBlob: true, webauthn:extension:minPinLength: true, webauthn:extension:prf: true, webauthn:virtualAuthenticators: true}
Session ID: 40662b523cafb0aed7daccdbc1d752c4
	at org.openqa.selenium.remote.ErrorCodec.decode(ErrorCodec.java:167)
	at org.openqa.selenium.remote.codec.w3c.W3CHttpResponseCodec.decode(W3CHttpResponseCodec.java:138)
	at org.openqa.selenium.remote.codec.w3c.W3CHttpResponseCodec.decode(W3CHttpResponseCodec.java:50)
	at org.openqa.selenium.remote.HttpCommandExecutor.execute(HttpCommandExecutor.java:215)
	at org.openqa.selenium.remote.service.DriverCommandExecutor.invokeExecute(DriverCommandExecutor.java:216)
	at org.openqa.selenium.remote.service.DriverCommandExecutor.execute(DriverCommandExecutor.java:174)
	at org.openqa.selenium.remote.RemoteWebDriver.execute(RemoteWebDriver.java:557)
	at org.openqa.selenium.remote.ElementLocation$ElementFinder$2.findElement(ElementLocation.java:165)
	at org.openqa.selenium.remote.ElementLocation.findElement(ElementLocation.java:59)
	at org.openqa.selenium.remote.RemoteWebDriver.findElement(RemoteWebDriver.java:380)
	at org.openqa.selenium.remote.RemoteWebDriver.findElement(RemoteWebDriver.java:374)
	at Epic4.Test_US_4_3.TC01_CheckUI_Statistics(Test_US_4_3.java:80)
	at java.base/java.util.ArrayList.forEach(ArrayList.java:1596)
... Removed 28 stack frames
</div> <!-- stack-trace -->
                  <em>
(TC_069, TC_097-100: Kiểm tra UI và Thống kê)                  </em>
                </div> <!-- method-content -->
              </div> <!-- method -->
              <div class="method">
                <div class="method-content">
                  <a name="TC02_CheckFilters">
                  </a> <!-- TC02_CheckFilters -->
                  <span class="method-name">TC02_CheckFilters</span>
                  <div class="stack-trace">org.openqa.selenium.NoSuchElementException: no such element: Unable to locate element: {&quot;method&quot;:&quot;xpath&quot;,&quot;selector&quot;:&quot;//button[contains(text(),&apos;Tất cả các tháng&apos;)]&quot;}
  (Session info: chrome=143.0.7499.170)
For documentation on this error, please visit: https://www.selenium.dev/documentation/webdriver/troubleshooting/errors#no-such-element-exception
Build info: version: &apos;4.35.0&apos;, revision: &apos;1c58e5028b&apos;
System info: os.name: &apos;Windows 11&apos;, os.arch: &apos;amd64&apos;, os.version: &apos;10.0&apos;, java.version: &apos;21.0.3&apos;
Driver info: org.openqa.selenium.chrome.ChromeDriver
Command: [d4f0890d56f286582c56cffdf0ec4804, findElement {using=xpath, value=//button[contains(text(),&apos;Tất cả các tháng&apos;)]}]
Capabilities {acceptInsecureCerts: false, browserName: chrome, browserVersion: 143.0.7499.170, chrome: {chromedriverVersion: 143.0.7499.169 (164b20aab62..., userDataDir: C:\Users\tongh\AppData\Loca...}, fedcm:accounts: true, goog:chromeOptions: {debuggerAddress: localhost:62980}, goog:processID: 9928, networkConnectionEnabled: false, pageLoadStrategy: normal, platformName: windows, proxy: Proxy(), se:cdp: ws://localhost:62980/devtoo..., se:cdpVersion: 143.0.7499.170, setWindowRect: true, strictFileInteractability: false, timeouts: {implicit: 0, pageLoad: 300000, script: 30000}, unhandledPromptBehavior: dismiss and notify, webauthn:extension:credBlob: true, webauthn:extension:largeBlob: true, webauthn:extension:minPinLength: true, webauthn:extension:prf: true, webauthn:virtualAuthenticators: true}
Session ID: d4f0890d56f286582c56cffdf0ec4804
	at org.openqa.selenium.remote.ErrorCodec.decode(ErrorCodec.java:167)
	at org.openqa.selenium.remote.codec.w3c.W3CHttpResponseCodec.decode(W3CHttpResponseCodec.java:138)
	at org.openqa.selenium.remote.codec.w3c.W3CHttpResponseCodec.decode(W3CHttpResponseCodec.java:50)
	at org.openqa.selenium.remote.HttpCommandExecutor.execute(HttpCommandExecutor.java:215)
	at org.openqa.selenium.remote.service.DriverCommandExecutor.invokeExecute(DriverCommandExecutor.java:216)
	at org.openqa.selenium.remote.service.DriverCommandExecutor.execute(DriverCommandExecutor.java:174)
	at org.openqa.selenium.remote.RemoteWebDriver.execute(RemoteWebDriver.java:557)
	at org.openqa.selenium.remote.ElementLocation$ElementFinder$2.findElement(ElementLocation.java:165)
	at org.openqa.selenium.remote.ElementLocation.findElement(ElementLocation.java:59)
	at org.openqa.selenium.remote.RemoteWebDriver.findElement(RemoteWebDriver.java:380)
	at org.openqa.selenium.remote.RemoteWebDriver.findElement(RemoteWebDriver.java:374)
	at Epic4.Test_US_4_3.TC02_CheckFilters(Test_US_4_3.java:98)
	at java.base/java.util.ArrayList.forEach(ArrayList.java:1596)
... Removed 28 stack frames
</div> <!-- stack-trace -->
                  <em>
(TC_070, TC_101: Kiểm tra Bộ lọc và Tìm kiếm)                  </em>
                </div> <!-- method-content -->
              </div> <!-- method -->
              <div class="method">
                <div class="method-content">
                  <a name="TC03_CheckAddPopup">
                  </a> <!-- TC03_CheckAddPopup -->
                  <span class="method-name">TC03_CheckAddPopup</span>
                  <div class="stack-trace">org.openqa.selenium.NoSuchElementException: no such element: Unable to locate element: {&quot;method&quot;:&quot;xpath&quot;,&quot;selector&quot;:&quot;//h5[contains(text(),&apos;Ghi nước tháng mới&apos;)]&quot;}
  (Session info: chrome=143.0.7499.170)
For documentation on this error, please visit: https://www.selenium.dev/documentation/webdriver/troubleshooting/errors#no-such-element-exception
Build info: version: &apos;4.35.0&apos;, revision: &apos;1c58e5028b&apos;
System info: os.name: &apos;Windows 11&apos;, os.arch: &apos;amd64&apos;, os.version: &apos;10.0&apos;, java.version: &apos;21.0.3&apos;
Driver info: org.openqa.selenium.chrome.ChromeDriver
Command: [f41224eb541b0c94fe72ae8874ce97d9, findElement {using=xpath, value=//h5[contains(text(),&apos;Ghi nước tháng mới&apos;)]}]
Capabilities {acceptInsecureCerts: false, browserName: chrome, browserVersion: 143.0.7499.170, chrome: {chromedriverVersion: 143.0.7499.169 (164b20aab62..., userDataDir: C:\Users\tongh\AppData\Loca...}, fedcm:accounts: true, goog:chromeOptions: {debuggerAddress: localhost:57825}, goog:processID: 17560, networkConnectionEnabled: false, pageLoadStrategy: normal, platformName: windows, proxy: Proxy(), se:cdp: ws://localhost:57825/devtoo..., se:cdpVersion: 143.0.7499.170, setWindowRect: true, strictFileInteractability: false, timeouts: {implicit: 0, pageLoad: 300000, script: 30000}, unhandledPromptBehavior: dismiss and notify, webauthn:extension:credBlob: true, webauthn:extension:largeBlob: true, webauthn:extension:minPinLength: true, webauthn:extension:prf: true, webauthn:virtualAuthenticators: true}
Session ID: f41224eb541b0c94fe72ae8874ce97d9
	at org.openqa.selenium.remote.ErrorCodec.decode(ErrorCodec.java:167)
	at org.openqa.selenium.remote.codec.w3c.W3CHttpResponseCodec.decode(W3CHttpResponseCodec.java:138)
	at org.openqa.selenium.remote.codec.w3c.W3CHttpResponseCodec.decode(W3CHttpResponseCodec.java:50)
	at org.openqa.selenium.remote.HttpCommandExecutor.execute(HttpCommandExecutor.java:215)
	at org.openqa.selenium.remote.service.DriverCommandExecutor.invokeExecute(DriverCommandExecutor.java:216)
	at org.openqa.selenium.remote.service.DriverCommandExecutor.execute(DriverCommandExecutor.java:174)
	at org.openqa.selenium.remote.RemoteWebDriver.execute(RemoteWebDriver.java:557)
	at org.openqa.selenium.remote.ElementLocation$ElementFinder$2.findElement(ElementLocation.java:165)
	at org.openqa.selenium.remote.ElementLocation.findElement(ElementLocation.java:59)
	at org.openqa.selenium.remote.RemoteWebDriver.findElement(RemoteWebDriver.java:380)
	at org.openqa.selenium.remote.RemoteWebDriver.findElement(RemoteWebDriver.java:374)
	at Epic4.Test_US_4_3.TC03_CheckAddPopup(Test_US_4_3.java:110)
	at java.base/java.util.ArrayList.forEach(ArrayList.java:1596)
... Removed 28 stack frames
</div> <!-- stack-trace -->
                  <em>
(TC_071, TC_075: Kiểm tra Popup Thêm chỉ số nước)                  </em>
                </div> <!-- method-content -->
              </div> <!-- method -->
              <div class="method">
                <div class="method-content">
                  <a name="TC09_AddNewRecord_Success">
                  </a> <!-- TC09_AddNewRecord_Success -->
                  <span class="method-name">TC09_AddNewRecord_Success</span>
                  <div class="stack-trace">org.openqa.selenium.NoSuchElementException: no such element: Unable to locate element: {&quot;method&quot;:&quot;xpath&quot;,&quot;selector&quot;:&quot;//input[@type=&apos;number&apos; and @min=&apos;0&apos;][1]&quot;}
  (Session info: chrome=143.0.7499.170)
For documentation on this error, please visit: https://www.selenium.dev/documentation/webdriver/troubleshooting/errors#no-such-element-exception
Build info: version: &apos;4.35.0&apos;, revision: &apos;1c58e5028b&apos;
System info: os.name: &apos;Windows 11&apos;, os.arch: &apos;amd64&apos;, os.version: &apos;10.0&apos;, java.version: &apos;21.0.3&apos;
Driver info: org.openqa.selenium.chrome.ChromeDriver
Command: [591cd951de1cf90e1334e19e869027fe, findElement {using=xpath, value=//input[@type=&apos;number&apos; and @min=&apos;0&apos;][1]}]
Capabilities {acceptInsecureCerts: false, browserName: chrome, browserVersion: 143.0.7499.170, chrome: {chromedriverVersion: 143.0.7499.169 (164b20aab62..., userDataDir: C:\Users\tongh\AppData\Loca...}, fedcm:accounts: true, goog:chromeOptions: {debuggerAddress: localhost:63788}, goog:processID: 12140, networkConnectionEnabled: false, pageLoadStrategy: normal, platformName: windows, proxy: Proxy(), se:cdp: ws://localhost:63788/devtoo..., se:cdpVersion: 143.0.7499.170, setWindowRect: true, strictFileInteractability: false, timeouts: {implicit: 0, pageLoad: 300000, script: 30000}, unhandledPromptBehavior: dismiss and notify, webauthn:extension:credBlob: true, webauthn:extension:largeBlob: true, webauthn:extension:minPinLength: true, webauthn:extension:prf: true, webauthn:virtualAuthenticators: true}
Session ID: 591cd951de1cf90e1334e19e869027fe
	at org.openqa.selenium.remote.ErrorCodec.decode(ErrorCodec.java:167)
	at org.openqa.selenium.remote.codec.w3c.W3CHttpResponseCodec.decode(W3CHttpResponseCodec.java:138)
	at org.openqa.selenium.remote.codec.w3c.W3CHttpResponseCodec.decode(W3CHttpResponseCodec.java:50)
	at org.openqa.selenium.remote.HttpCommandExecutor.execute(HttpCommandExecutor.java:215)
	at org.openqa.selenium.remote.service.DriverCommandExecutor.invokeExecute(DriverCommandExecutor.java:216)
	at org.openqa.selenium.remote.service.DriverCommandExecutor.execute(DriverCommandExecutor.java:174)
	at org.openqa.selenium.remote.RemoteWebDriver.execute(RemoteWebDriver.java:557)
	at org.openqa.selenium.remote.ElementLocation$ElementFinder$2.findElement(ElementLocation.java:165)
	at org.openqa.selenium.remote.ElementLocation.findElement(ElementLocation.java:59)
	at org.openqa.selenium.remote.RemoteWebDriver.findElement(RemoteWebDriver.java:380)
	at org.openqa.selenium.remote.RemoteWebDriver.findElement(RemoteWebDriver.java:374)
	at Epic4.Test_US_4_3.TC09_AddNewRecord_Success(Test_US_4_3.java:135)
	at java.base/java.util.ArrayList.forEach(ArrayList.java:1596)
... Removed 28 stack frames
</div> <!-- stack-trace -->
                  <em>
(TC_077: Thêm mới chỉ số nước thành công)                  </em>
                </div> <!-- method-content -->
              </div> <!-- method -->
              <div class="method">
                <div class="method-content">
                  <a name="TC13_Validate_IndexLogic">
                  </a> <!-- TC13_Validate_IndexLogic -->
                  <span class="method-name">TC13_Validate_IndexLogic</span>
                  <div class="stack-trace">org.openqa.selenium.UnhandledAlertException: unexpected alert open: {Alert text : Lỗi: Chỉ số mới phải &gt;= chỉ số cũ!}
  (Session info: chrome=143.0.7499.170): Lỗi: Chỉ số mới phải &gt;= chỉ số cũ!
Build info: version: &apos;4.35.0&apos;, revision: &apos;1c58e5028b&apos;
System info: os.name: &apos;Windows 11&apos;, os.arch: &apos;amd64&apos;, os.version: &apos;10.0&apos;, java.version: &apos;21.0.3&apos;
Driver info: org.openqa.selenium.chrome.ChromeDriver
Command: [d7ad99fb290dd952db50df71c8129bc3, getPageSource {}]
Capabilities {acceptInsecureCerts: false, browserName: chrome, browserVersion: 143.0.7499.170, chrome: {chromedriverVersion: 143.0.7499.169 (164b20aab62..., userDataDir: C:\Users\tongh\AppData\Loca...}, fedcm:accounts: true, goog:chromeOptions: {debuggerAddress: localhost:62240}, goog:processID: 12568, networkConnectionEnabled: false, pageLoadStrategy: normal, platformName: windows, proxy: Proxy(), se:cdp: ws://localhost:62240/devtoo..., se:cdpVersion: 143.0.7499.170, setWindowRect: true, strictFileInteractability: false, timeouts: {implicit: 0, pageLoad: 300000, script: 30000}, unhandledPromptBehavior: dismiss and notify, webauthn:extension:credBlob: true, webauthn:extension:largeBlob: true, webauthn:extension:minPinLength: true, webauthn:extension:prf: true, webauthn:virtualAuthenticators: true}
Session ID: d7ad99fb290dd952db50df71c8129bc3
	at org.openqa.selenium.remote.codec.w3c.W3CHttpResponseCodec.decode(W3CHttpResponseCodec.java:136)
	at org.openqa.selenium.remote.codec.w3c.W3CHttpResponseCodec.decode(W3CHttpResponseCodec.java:50)
	at org.openqa.selenium.remote.HttpCommandExecutor.execute(HttpCommandExecutor.java:215)
	at org.openqa.selenium.remote.service.DriverCommandExecutor.invokeExecute(DriverCommandExecutor.java:216)
	at org.openqa.selenium.remote.service.DriverCommandExecutor.execute(DriverCommandExecutor.java:174)
	at org.openqa.selenium.remote.RemoteWebDriver.execute(RemoteWebDriver.java:557)
	at org.openqa.selenium.remote.RemoteWebDriver.execute(RemoteWebDriver.java:630)
	at org.openqa.selenium.remote.RemoteWebDriver.execute(RemoteWebDriver.java:634)
	at org.openqa.selenium.remote.RemoteWebDriver.getPageSource(RemoteWebDriver.java:406)
	at Epic4.Test_US_4_3.TC13_Validate_IndexLogic(Test_US_4_3.java:171)
	at java.base/java.util.ArrayList.forEach(ArrayList.java:1596)
... Removed 25 stack frames
</div> <!-- stack-trace -->
                  <em>
(TC_081: Validate Chỉ số mới < Chỉ số cũ)                  </em>
                </div> <!-- method-content -->
              </div> <!-- method -->
              <div class="method">
                <div class="method-content">
                  <a name="TC45_EditRecord">
                  </a> <!-- TC45_EditRecord -->
                  <span class="method-name">TC45_EditRecord</span>
                  <div class="stack-trace">org.openqa.selenium.UnhandledAlertException: unexpected alert open: {Alert text : Bản ghi đã thanh toán, không thể chỉnh sửa!}
  (Session info: chrome=143.0.7499.170): Bản ghi đã thanh toán, không thể chỉnh sửa!
Build info: version: &apos;4.35.0&apos;, revision: &apos;1c58e5028b&apos;
System info: os.name: &apos;Windows 11&apos;, os.arch: &apos;amd64&apos;, os.version: &apos;10.0&apos;, java.version: &apos;21.0.3&apos;
Driver info: org.openqa.selenium.chrome.ChromeDriver
Command: [9545b15010fe8d3a67dedb7193222a9f, findElement {using=xpath, value=//h5[contains(text(),&apos;Sửa chỉ số nước&apos;)]}]
Capabilities {acceptInsecureCerts: false, browserName: chrome, browserVersion: 143.0.7499.170, chrome: {chromedriverVersion: 143.0.7499.169 (164b20aab62..., userDataDir: C:\Users\tongh\AppData\Loca...}, fedcm:accounts: true, goog:chromeOptions: {debuggerAddress: localhost:65074}, goog:processID: 20500, networkConnectionEnabled: false, pageLoadStrategy: normal, platformName: windows, proxy: Proxy(), se:cdp: ws://localhost:65074/devtoo..., se:cdpVersion: 143.0.7499.170, setWindowRect: true, strictFileInteractability: false, timeouts: {implicit: 0, pageLoad: 300000, script: 30000}, unhandledPromptBehavior: dismiss and notify, webauthn:extension:credBlob: true, webauthn:extension:largeBlob: true, webauthn:extension:minPinLength: true, webauthn:extension:prf: true, webauthn:virtualAuthenticators: true}
Session ID: 9545b15010fe8d3a67dedb7193222a9f
	at org.openqa.selenium.remote.codec.w3c.W3CHttpResponseCodec.decode(W3CHttpResponseCodec.java:136)
	at org.openqa.selenium.remote.codec.w3c.W3CHttpResponseCodec.decode(W3CHttpResponseCodec.java:50)
	at org.openqa.selenium.remote.HttpCommandExecutor.execute(HttpCommandExecutor.java:215)
	at org.openqa.selenium.remote.service.DriverCommandExecutor.invokeExecute(DriverCommandExecutor.java:216)
	at org.openqa.selenium.remote.service.DriverCommandExecutor.execute(DriverCommandExecutor.java:174)
	at org.openqa.selenium.remote.RemoteWebDriver.execute(RemoteWebDriver.java:557)
	at org.openqa.selenium.remote.ElementLocation$ElementFinder$2.findElement(ElementLocation.java:165)
	at org.openqa.selenium.remote.ElementLocation.findElement(ElementLocation.java:59)
	at org.openqa.selenium.remote.RemoteWebDriver.findElement(RemoteWebDriver.java:380)
	at org.openqa.selenium.remote.RemoteWebDriver.findElement(RemoteWebDriver.java:374)
	at Epic4.Test_US_4_3.TC45_EditRecord(Test_US_4_3.java:233)
	at java.base/java.util.ArrayList.forEach(ArrayList.java:1596)
... Removed 25 stack frames
</div> <!-- stack-trace -->
                  <em>
(TC_113: Chỉnh sửa chỉ số nước)                  </em>
                </div> <!-- method-content -->
              </div> <!-- method -->
              <div class="method">
                <div class="method-content">
                  <a name="TC64_DeleteRecord">
                  </a> <!-- TC64_DeleteRecord -->
                  <span class="method-name">TC64_DeleteRecord</span>
                  <div class="stack-trace">org.openqa.selenium.UnhandledAlertException: unexpected alert open: {Alert text : Hóa đơn đã thanh toán nên không thể xóa!}
  (Session info: chrome=143.0.7499.170): Hóa đơn đã thanh toán nên không thể xóa!
Build info: version: &apos;4.35.0&apos;, revision: &apos;1c58e5028b&apos;
System info: os.name: &apos;Windows 11&apos;, os.arch: &apos;amd64&apos;, os.version: &apos;10.0&apos;, java.version: &apos;21.0.3&apos;
Driver info: org.openqa.selenium.chrome.ChromeDriver
Command: [7421a88fca652c0cfacf48500b3ac11b, findElement {using=xpath, value=//h5[contains(text(),&apos;Xác nhận xóa?&apos;)]}]
Capabilities {acceptInsecureCerts: false, browserName: chrome, browserVersion: 143.0.7499.170, chrome: {chromedriverVersion: 143.0.7499.169 (164b20aab62..., userDataDir: C:\Users\tongh\AppData\Loca...}, fedcm:accounts: true, goog:chromeOptions: {debuggerAddress: localhost:50265}, goog:processID: 21004, networkConnectionEnabled: false, pageLoadStrategy: normal, platformName: windows, proxy: Proxy(), se:cdp: ws://localhost:50265/devtoo..., se:cdpVersion: 143.0.7499.170, setWindowRect: true, strictFileInteractability: false, timeouts: {implicit: 0, pageLoad: 300000, script: 30000}, unhandledPromptBehavior: dismiss and notify, webauthn:extension:credBlob: true, webauthn:extension:largeBlob: true, webauthn:extension:minPinLength: true, webauthn:extension:prf: true, webauthn:virtualAuthenticators: true}
Session ID: 7421a88fca652c0cfacf48500b3ac11b
	at org.openqa.selenium.remote.codec.w3c.W3CHttpResponseCodec.decode(W3CHttpResponseCodec.java:136)
	at org.openqa.selenium.remote.codec.w3c.W3CHttpResponseCodec.decode(W3CHttpResponseCodec.java:50)
	at org.openqa.selenium.remote.HttpCommandExecutor.execute(HttpCommandExecutor.java:215)
	at org.openqa.selenium.remote.service.DriverCommandExecutor.invokeExecute(DriverCommandExecutor.java:216)
	at org.openqa.selenium.remote.service.DriverCommandExecutor.execute(DriverCommandExecutor.java:174)
	at org.openqa.selenium.remote.RemoteWebDriver.execute(RemoteWebDriver.java:557)
	at org.openqa.selenium.remote.ElementLocation$ElementFinder$2.findElement(ElementLocation.java:165)
	at org.openqa.selenium.remote.ElementLocation.findElement(ElementLocation.java:59)
	at org.openqa.selenium.remote.RemoteWebDriver.findElement(RemoteWebDriver.java:380)
	at org.openqa.selenium.remote.RemoteWebDriver.findElement(RemoteWebDriver.java:374)
	at Epic4.Test_US_4_3.TC64_DeleteRecord(Test_US_4_3.java:255)
	at java.base/java.util.ArrayList.forEach(ArrayList.java:1596)
... Removed 25 stack frames
</div> <!-- stack-trace -->
                  <em>
(TC_132: Xóa chỉ số nước)                  </em>
                </div> <!-- method-content -->
              </div> <!-- method -->
            </div> <!-- main-panel-content rounded-window-bottom -->
          </div> <!-- suite-RoomManagement_Suite-class-failed -->
          <div class="suite-RoomManagement_Suite-class-failed">
            <div class="main-panel-header rounded-window-top">
              <img src="failed.png"/>
              <span class="class-name">Epic6.Test_US_6_2</span>
            </div> <!-- main-panel-header rounded-window-top -->
            <div class="main-panel-content rounded-window-bottom">
              <div class="method">
                <div class="method-content">
                  <a name="TC01_TruyCapManHinh">
                  </a> <!-- TC01_TruyCapManHinh -->
                  <span class="method-name">TC01_TruyCapManHinh</span>
                  <div class="stack-trace">org.openqa.selenium.NoSuchElementException: no such element: Unable to locate element: {&quot;method&quot;:&quot;xpath&quot;,&quot;selector&quot;:&quot;//h3[contains(text(),&apos;Quản lý phản hồi&apos;)] | //h4[contains(text(),&apos;Quản lý phản hồi&apos;)]&quot;}
  (Session info: chrome=143.0.7499.170)
For documentation on this error, please visit: https://www.selenium.dev/documentation/webdriver/troubleshooting/errors#no-such-element-exception
Build info: version: &apos;4.35.0&apos;, revision: &apos;1c58e5028b&apos;
System info: os.name: &apos;Windows 11&apos;, os.arch: &apos;amd64&apos;, os.version: &apos;10.0&apos;, java.version: &apos;21.0.3&apos;
Driver info: org.openqa.selenium.chrome.ChromeDriver
Command: [c39c9a6b3c3e0b1edde4fbd78795be50, findElement {using=xpath, value=//h3[contains(text(),&apos;Quản lý phản hồi&apos;)] | //h4[contains(text(),&apos;Quản lý phản hồi&apos;)]}]
Capabilities {acceptInsecureCerts: false, browserName: chrome, browserVersion: 143.0.7499.170, chrome: {chromedriverVersion: 143.0.7499.169 (164b20aab62..., userDataDir: C:\Users\tongh\AppData\Loca...}, fedcm:accounts: true, goog:chromeOptions: {debuggerAddress: localhost:63900}, goog:processID: 21040, networkConnectionEnabled: false, pageLoadStrategy: normal, platformName: windows, proxy: Proxy(), se:cdp: ws://localhost:63900/devtoo..., se:cdpVersion: 143.0.7499.170, setWindowRect: true, strictFileInteractability: false, timeouts: {implicit: 0, pageLoad: 300000, script: 30000}, unhandledPromptBehavior: dismiss and notify, webauthn:extension:credBlob: true, webauthn:extension:largeBlob: true, webauthn:extension:minPinLength: true, webauthn:extension:prf: true, webauthn:virtualAuthenticators: true}
Session ID: c39c9a6b3c3e0b1edde4fbd78795be50
	at org.openqa.selenium.remote.ErrorCodec.decode(ErrorCodec.java:167)
	at org.openqa.selenium.remote.codec.w3c.W3CHttpResponseCodec.decode(W3CHttpResponseCodec.java:138)
	at org.openqa.selenium.remote.codec.w3c.W3CHttpResponseCodec.decode(W3CHttpResponseCodec.java:50)
	at org.openqa.selenium.remote.HttpCommandExecutor.execute(HttpCommandExecutor.java:215)
	at org.openqa.selenium.remote.service.DriverCommandExecutor.invokeExecute(DriverCommandExecutor.java:216)
	at org.openqa.selenium.remote.service.DriverCommandExecutor.execute(DriverCommandExecutor.java:174)
	at org.openqa.selenium.remote.RemoteWebDriver.execute(RemoteWebDriver.java:557)
	at org.openqa.selenium.remote.ElementLocation$ElementFinder$2.findElement(ElementLocation.java:165)
	at org.openqa.selenium.remote.ElementLocation.findElement(ElementLocation.java:59)
	at org.openqa.selenium.remote.RemoteWebDriver.findElement(RemoteWebDriver.java:380)
	at org.openqa.selenium.remote.RemoteWebDriver.findElement(RemoteWebDriver.java:374)
	at Epic6.Test_US_6_2.TC01_TruyCapManHinh(Test_US_6_2.java:82)
	at java.base/java.util.ArrayList.forEach(ArrayList.java:1596)
... Removed 28 stack frames
</div> <!-- stack-trace -->
                  <em>
(TC01: Kiểm tra truy cập màn hình Quản lý phản hồi)                  </em>
                </div> <!-- method-content -->
              </div> <!-- method -->
              <div class="method">
                <div class="method-content">
                  <a name="TC03_XemChiTietPhanHoi">
                  </a> <!-- TC03_XemChiTietPhanHoi -->
                  <span class="method-name">TC03_XemChiTietPhanHoi</span>
                  <div class="stack-trace">org.openqa.selenium.NoSuchElementException: no such element: Unable to locate element: {&quot;method&quot;:&quot;xpath&quot;,&quot;selector&quot;:&quot;//button[contains(text(),&apos;Đóng&apos;)] | //button[@aria-label=&apos;Close&apos;] | //span[contains(text(),&apos;×&apos;)]&quot;}
  (Session info: chrome=143.0.7499.170)
For documentation on this error, please visit: https://www.selenium.dev/documentation/webdriver/troubleshooting/errors#no-such-element-exception
Build info: version: &apos;4.35.0&apos;, revision: &apos;1c58e5028b&apos;
System info: os.name: &apos;Windows 11&apos;, os.arch: &apos;amd64&apos;, os.version: &apos;10.0&apos;, java.version: &apos;21.0.3&apos;
Driver info: org.openqa.selenium.chrome.ChromeDriver
Command: [bf830d33f68701677a62b93d7152c95f, findElement {using=xpath, value=//button[contains(text(),&apos;Đóng&apos;)] | //button[@aria-label=&apos;Close&apos;] | //span[contains(text(),&apos;×&apos;)]}]
Capabilities {acceptInsecureCerts: false, browserName: chrome, browserVersion: 143.0.7499.170, chrome: {chromedriverVersion: 143.0.7499.169 (164b20aab62..., userDataDir: C:\Users\tongh\AppData\Loca...}, fedcm:accounts: true, goog:chromeOptions: {debuggerAddress: localhost:63183}, goog:processID: 16632, networkConnectionEnabled: false, pageLoadStrategy: normal, platformName: windows, proxy: Proxy(), se:cdp: ws://localhost:63183/devtoo..., se:cdpVersion: 143.0.7499.170, setWindowRect: true, strictFileInteractability: false, timeouts: {implicit: 0, pageLoad: 300000, script: 30000}, unhandledPromptBehavior: dismiss and notify, webauthn:extension:credBlob: true, webauthn:extension:largeBlob: true, webauthn:extension:minPinLength: true, webauthn:extension:prf: true, webauthn:virtualAuthenticators: true}
Session ID: bf830d33f68701677a62b93d7152c95f
	at org.openqa.selenium.remote.ErrorCodec.decode(ErrorCodec.java:167)
	at org.openqa.selenium.remote.codec.w3c.W3CHttpResponseCodec.decode(W3CHttpResponseCodec.java:138)
	at org.openqa.selenium.remote.codec.w3c.W3CHttpResponseCodec.decode(W3CHttpResponseCodec.java:50)
	at org.openqa.selenium.remote.HttpCommandExecutor.execute(HttpCommandExecutor.java:215)
	at org.openqa.selenium.remote.service.DriverCommandExecutor.invokeExecute(DriverCommandExecutor.java:216)
	at org.openqa.selenium.remote.service.DriverCommandExecutor.execute(DriverCommandExecutor.java:174)
	at org.openqa.selenium.remote.RemoteWebDriver.execute(RemoteWebDriver.java:557)
	at org.openqa.selenium.remote.ElementLocation$ElementFinder$2.findElement(ElementLocation.java:165)
	at org.openqa.selenium.remote.ElementLocation.findElement(ElementLocation.java:59)
	at org.openqa.selenium.remote.RemoteWebDriver.findElement(RemoteWebDriver.java:380)
	at org.openqa.selenium.remote.RemoteWebDriver.findElement(RemoteWebDriver.java:374)
	at Epic6.Test_US_6_2.TC03_XemChiTietPhanHoi(Test_US_6_2.java:121)
	at java.base/java.util.ArrayList.forEach(ArrayList.java:1596)
... Removed 28 stack frames
</div> <!-- stack-trace -->
                  <em>
(TC03: Xem chi tiết phản hồi (Read-only))                  </em>
                </div> <!-- method-content -->
              </div> <!-- method -->
              <div class="method">
                <div class="method-content">
                  <a name="TC05_HuyPhanHoi">
                  </a> <!-- TC05_HuyPhanHoi -->
                  <span class="method-name">TC05_HuyPhanHoi</span>
                  <div class="stack-trace">org.openqa.selenium.UnhandledAlertException: unexpected alert open: {Alert text : Cập nhật trạng thái thành công!}
  (Session info: chrome=143.0.7499.170): Cập nhật trạng thái thành công!
Build info: version: &apos;4.35.0&apos;, revision: &apos;1c58e5028b&apos;
System info: os.name: &apos;Windows 11&apos;, os.arch: &apos;amd64&apos;, os.version: &apos;10.0&apos;, java.version: &apos;21.0.3&apos;
Driver info: org.openqa.selenium.chrome.ChromeDriver
Command: [b104200fc0a05634d3e21d9461aa6fa1, refresh {}]
Capabilities {acceptInsecureCerts: false, browserName: chrome, browserVersion: 143.0.7499.170, chrome: {chromedriverVersion: 143.0.7499.169 (164b20aab62..., userDataDir: C:\Users\tongh\AppData\Loca...}, fedcm:accounts: true, goog:chromeOptions: {debuggerAddress: localhost:50202}, goog:processID: 14132, networkConnectionEnabled: false, pageLoadStrategy: normal, platformName: windows, proxy: Proxy(), se:cdp: ws://localhost:50202/devtoo..., se:cdpVersion: 143.0.7499.170, setWindowRect: true, strictFileInteractability: false, timeouts: {implicit: 0, pageLoad: 300000, script: 30000}, unhandledPromptBehavior: dismiss and notify, webauthn:extension:credBlob: true, webauthn:extension:largeBlob: true, webauthn:extension:minPinLength: true, webauthn:extension:prf: true, webauthn:virtualAuthenticators: true}
Session ID: b104200fc0a05634d3e21d9461aa6fa1
	at org.openqa.selenium.remote.codec.w3c.W3CHttpResponseCodec.decode(W3CHttpResponseCodec.java:136)
	at org.openqa.selenium.remote.codec.w3c.W3CHttpResponseCodec.decode(W3CHttpResponseCodec.java:50)
	at org.openqa.selenium.remote.HttpCommandExecutor.execute(HttpCommandExecutor.java:215)
	at org.openqa.selenium.remote.service.DriverCommandExecutor.invokeExecute(DriverCommandExecutor.java:216)
	at org.openqa.selenium.remote.service.DriverCommandExecutor.execute(DriverCommandExecutor.java:174)
	at org.openqa.selenium.remote.RemoteWebDriver.execute(RemoteWebDriver.java:557)
	at org.openqa.selenium.remote.RemoteWebDriver.execute(RemoteWebDriver.java:630)
	at org.openqa.selenium.remote.RemoteWebDriver.execute(RemoteWebDriver.java:634)
	at org.openqa.selenium.remote.RemoteWebDriver$RemoteNavigation.refresh(RemoteWebDriver.java:1099)
	at Epic6.Test_US_6_2.TC05_HuyPhanHoi(Test_US_6_2.java:187)
	at java.base/java.util.ArrayList.forEach(ArrayList.java:1596)
... Removed 25 stack frames
</div> <!-- stack-trace -->
                  <em>
(TC05: Hủy phản hồi (Từ chối))                  </em>
                </div> <!-- method-content -->
              </div> <!-- method -->
              <div class="method">
                <div class="method-content">
                  <a name="TC07_KiemTraHinhAnh">
                  </a> <!-- TC07_KiemTraHinhAnh -->
                  <span class="method-name">TC07_KiemTraHinhAnh</span>
                  <div class="stack-trace">java.lang.AssertionError: FAILED: Ảnh đính kèm bị lỗi (broken image) expected [true] but found [false]
	at Epic6.Test_US_6_2.TC07_KiemTraHinhAnh(Test_US_6_2.java:227)
	at java.base/java.util.ArrayList.forEach(ArrayList.java:1596)
... Removed 28 stack frames
</div> <!-- stack-trace -->
                  <em>
(TC07: Kiểm tra hiển thị hình ảnh đính kèm trong Modal)                  </em>
                </div> <!-- method-content -->
              </div> <!-- method -->
            </div> <!-- main-panel-content rounded-window-bottom -->
          </div> <!-- suite-RoomManagement_Suite-class-failed -->
          <div class="suite-RoomManagement_Suite-class-failed">
            <div class="main-panel-header rounded-window-top">
              <img src="failed.png"/>
              <span class="class-name">Epic10.Test_US_10_2</span>
            </div> <!-- main-panel-header rounded-window-top -->
            <div class="main-panel-content rounded-window-bottom">
              <div class="method">
                <div class="method-content">
                  <a name="TC01_AccessFeedbackPage">
                  </a> <!-- TC01_AccessFeedbackPage -->
                  <span class="method-name">TC01_AccessFeedbackPage</span>
                  <div class="stack-trace">org.openqa.selenium.NoSuchElementException: no such element: Unable to locate element: {&quot;method&quot;:&quot;xpath&quot;,&quot;selector&quot;:&quot;//h3[contains(text(),&apos;Gửi phản hồi&apos;)] | //h2[contains(text(),&apos;Gửi phản hồi&apos;)]&quot;}
  (Session info: chrome=143.0.7499.170)
For documentation on this error, please visit: https://www.selenium.dev/documentation/webdriver/troubleshooting/errors#no-such-element-exception
Build info: version: &apos;4.35.0&apos;, revision: &apos;1c58e5028b&apos;
System info: os.name: &apos;Windows 11&apos;, os.arch: &apos;amd64&apos;, os.version: &apos;10.0&apos;, java.version: &apos;21.0.3&apos;
Driver info: org.openqa.selenium.chrome.ChromeDriver
Command: [682b06645151e8e800ea3ab2db6b01a6, findElement {using=xpath, value=//h3[contains(text(),&apos;Gửi phản hồi&apos;)] | //h2[contains(text(),&apos;Gửi phản hồi&apos;)]}]
Capabilities {acceptInsecureCerts: false, browserName: chrome, browserVersion: 143.0.7499.170, chrome: {chromedriverVersion: 143.0.7499.169 (164b20aab62..., userDataDir: C:\Users\tongh\AppData\Loca...}, fedcm:accounts: true, goog:chromeOptions: {debuggerAddress: localhost:54627}, goog:processID: 20508, networkConnectionEnabled: false, pageLoadStrategy: normal, platformName: windows, proxy: Proxy(), se:cdp: ws://localhost:54627/devtoo..., se:cdpVersion: 143.0.7499.170, setWindowRect: true, strictFileInteractability: false, timeouts: {implicit: 0, pageLoad: 300000, script: 30000}, unhandledPromptBehavior: dismiss and notify, webauthn:extension:credBlob: true, webauthn:extension:largeBlob: true, webauthn:extension:minPinLength: true, webauthn:extension:prf: true, webauthn:virtualAuthenticators: true}
Session ID: 682b06645151e8e800ea3ab2db6b01a6
	at org.openqa.selenium.remote.ErrorCodec.decode(ErrorCodec.java:167)
	at org.openqa.selenium.remote.codec.w3c.W3CHttpResponseCodec.decode(W3CHttpResponseCodec.java:138)
	at org.openqa.selenium.remote.codec.w3c.W3CHttpResponseCodec.decode(W3CHttpResponseCodec.java:50)
	at org.openqa.selenium.remote.HttpCommandExecutor.execute(HttpCommandExecutor.java:215)
	at org.openqa.selenium.remote.service.DriverCommandExecutor.invokeExecute(DriverCommandExecutor.java:216)
	at org.openqa.selenium.remote.service.DriverCommandExecutor.execute(DriverCommandExecutor.java:174)
	at org.openqa.selenium.remote.RemoteWebDriver.execute(RemoteWebDriver.java:557)
	at org.openqa.selenium.remote.ElementLocation$ElementFinder$2.findElement(ElementLocation.java:165)
	at org.openqa.selenium.remote.ElementLocation.findElement(ElementLocation.java:59)
	at org.openqa.selenium.remote.RemoteWebDriver.findElement(RemoteWebDriver.java:380)
	at org.openqa.selenium.remote.RemoteWebDriver.findElement(RemoteWebDriver.java:374)
	at Epic10.Test_US_10_2.TC01_AccessFeedbackPage(Test_US_10_2.java:69)
	at java.base/java.util.ArrayList.forEach(ArrayList.java:1596)
... Removed 28 stack frames
</div> <!-- stack-trace -->
                  <em>
(TC_216: Truy cập màn hình 'Gửi phản hồi')                  </em>
                </div> <!-- method-content -->
              </div> <!-- method -->
              <div class="method">
                <div class="method-content">
                  <a name="TC02_OpenModalAndCheckTips">
                  </a> <!-- TC02_OpenModalAndCheckTips -->
                  <span class="method-name">TC02_OpenModalAndCheckTips</span>
                  <div class="stack-trace">org.openqa.selenium.NoSuchElementException: no such element: Unable to locate element: {&quot;method&quot;:&quot;xpath&quot;,&quot;selector&quot;:&quot;//h5[contains(text(),&apos;Điền thông tin&apos;)] | //div[contains(@class,&apos;modal-header&apos;)]&quot;}
  (Session info: chrome=143.0.7499.170)
For documentation on this error, please visit: https://www.selenium.dev/documentation/webdriver/troubleshooting/errors#no-such-element-exception
Build info: version: &apos;4.35.0&apos;, revision: &apos;1c58e5028b&apos;
System info: os.name: &apos;Windows 11&apos;, os.arch: &apos;amd64&apos;, os.version: &apos;10.0&apos;, java.version: &apos;21.0.3&apos;
Driver info: org.openqa.selenium.chrome.ChromeDriver
Command: [76e85183c91367ba04a9cc7cd5382cd3, findElement {using=xpath, value=//h5[contains(text(),&apos;Điền thông tin&apos;)] | //div[contains(@class,&apos;modal-header&apos;)]}]
Capabilities {acceptInsecureCerts: false, browserName: chrome, browserVersion: 143.0.7499.170, chrome: {chromedriverVersion: 143.0.7499.169 (164b20aab62..., userDataDir: C:\Users\tongh\AppData\Loca...}, fedcm:accounts: true, goog:chromeOptions: {debuggerAddress: localhost:64982}, goog:processID: 14152, networkConnectionEnabled: false, pageLoadStrategy: normal, platformName: windows, proxy: Proxy(), se:cdp: ws://localhost:64982/devtoo..., se:cdpVersion: 143.0.7499.170, setWindowRect: true, strictFileInteractability: false, timeouts: {implicit: 0, pageLoad: 300000, script: 30000}, unhandledPromptBehavior: dismiss and notify, webauthn:extension:credBlob: true, webauthn:extension:largeBlob: true, webauthn:extension:minPinLength: true, webauthn:extension:prf: true, webauthn:virtualAuthenticators: true}
Session ID: 76e85183c91367ba04a9cc7cd5382cd3
	at org.openqa.selenium.remote.ErrorCodec.decode(ErrorCodec.java:167)
	at org.openqa.selenium.remote.codec.w3c.W3CHttpResponseCodec.decode(W3CHttpResponseCodec.java:138)
	at org.openqa.selenium.remote.codec.w3c.W3CHttpResponseCodec.decode(W3CHttpResponseCodec.java:50)
	at org.openqa.selenium.remote.HttpCommandExecutor.execute(HttpCommandExecutor.java:215)
	at org.openqa.selenium.remote.service.DriverCommandExecutor.invokeExecute(DriverCommandExecutor.java:216)
	at org.openqa.selenium.remote.service.DriverCommandExecutor.execute(DriverCommandExecutor.java:174)
	at org.openqa.selenium.remote.RemoteWebDriver.execute(RemoteWebDriver.java:557)
	at org.openqa.selenium.remote.ElementLocation$ElementFinder$2.findElement(ElementLocation.java:165)
	at org.openqa.selenium.remote.ElementLocation.findElement(ElementLocation.java:59)
	at org.openqa.selenium.remote.RemoteWebDriver.findElement(RemoteWebDriver.java:380)
	at org.openqa.selenium.remote.RemoteWebDriver.findElement(RemoteWebDriver.java:374)
	at Epic10.Test_US_10_2.TC02_OpenModalAndCheckTips(Test_US_10_2.java:85)
	at java.base/java.util.ArrayList.forEach(ArrayList.java:1596)
... Removed 28 stack frames
</div> <!-- stack-trace -->
                  <em>
(TC_217, TC_228: Mở Modal và Kiểm tra box Mẹo)                  </em>
                </div> <!-- method-content -->
              </div> <!-- method -->
              <div class="method">
                <div class="method-content">
                  <a name="TC03_InputData">
                  </a> <!-- TC03_InputData -->
                  <span class="method-name">TC03_InputData</span>
                  <div class="stack-trace">java.lang.AssertionError: expected [Máy lạnh hỏng [AutoTest]] but found []
	at Epic10.Test_US_10_2.TC03_InputData(Test_US_10_2.java:129)
	at java.base/java.util.ArrayList.forEach(ArrayList.java:1596)
... Removed 31 stack frames
</div> <!-- stack-trace -->
                  <em>
(TC_218, TC_219, TC_220, TC_221: Nhập liệu (Dropdown, Text, Textarea))                  </em>
                </div> <!-- method-content -->
              </div> <!-- method -->
              <div class="method">
                <div class="method-content">
                  <a name="TC05_SubmitFeedbackSuccess">
                  </a> <!-- TC05_SubmitFeedbackSuccess -->
                  <span class="method-name">TC05_SubmitFeedbackSuccess</span>
                  <div class="stack-trace">java.lang.AssertionError: Gửi phản hồi thất bại, không thấy trong list expected [true] but found [false]
	at Epic10.Test_US_10_2.TC05_SubmitFeedbackSuccess(Test_US_10_2.java:188)
	at java.base/java.util.ArrayList.forEach(ArrayList.java:1596)
... Removed 28 stack frames
</div> <!-- stack-trace -->
                  <em>
(TC_223: Gửi phản hồi thành công)                  </em>
                </div> <!-- method-content -->
              </div> <!-- method -->
            </div> <!-- main-panel-content rounded-window-bottom -->
          </div> <!-- suite-RoomManagement_Suite-class-failed -->
          <div class="suite-RoomManagement_Suite-class-skipped">
            <div class="main-panel-header rounded-window-top">
              <img src="skipped.png"/>
              <span class="class-name">Epic4.Test_US_4_2</span>
            </div> <!-- main-panel-header rounded-window-top -->
            <div class="main-panel-content rounded-window-bottom">
              <div class="method">
                <div class="method-content">
                  <a name="TC01_CheckUI_Statistics">
                  </a> <!-- TC01_CheckUI_Statistics -->
                  <span class="method-name">TC01_CheckUI_Statistics</span>
                  <div class="stack-trace">org.openqa.selenium.TimeoutException: Expected condition failed: waiting for element to be clickable: By.xpath: //a[contains(text(),&apos;Quản lý điện&apos;)]//parent::li | //span[contains(text(),&apos;Quản lý điện&apos;)] (tried for 10 second(s) with 500 milliseconds interval)
Build info: version: &apos;4.35.0&apos;, revision: &apos;1c58e5028b&apos;
System info: os.name: &apos;Windows 11&apos;, os.arch: &apos;amd64&apos;, os.version: &apos;10.0&apos;, java.version: &apos;21.0.3&apos;
Driver info: org.openqa.selenium.chrome.ChromeDriver
Capabilities {acceptInsecureCerts: false, browserName: chrome, browserVersion: 143.0.7499.170, chrome: {chromedriverVersion: 143.0.7499.169 (164b20aab62..., userDataDir: C:\Users\tongh\AppData\Loca...}, fedcm:accounts: true, goog:chromeOptions: {debuggerAddress: localhost:52909}, goog:processID: 8296, networkConnectionEnabled: false, pageLoadStrategy: normal, platformName: windows, proxy: Proxy(), se:cdp: ws://localhost:52909/devtoo..., se:cdpVersion: 143.0.7499.170, setWindowRect: true, strictFileInteractability: false, timeouts: {implicit: 0, pageLoad: 300000, script: 30000}, unhandledPromptBehavior: dismiss and notify, webauthn:extension:credBlob: true, webauthn:extension:largeBlob: true, webauthn:extension:minPinLength: true, webauthn:extension:prf: true, webauthn:virtualAuthenticators: true}
Session ID: 3a913754dd2bbe0a842b2e043cfd4034
	at org.openqa.selenium.support.ui.WebDriverWait.timeoutException(WebDriverWait.java:84)
	at org.openqa.selenium.support.ui.FluentWait.until(FluentWait.java:228)
	at Epic4.Test_US_4_2.setupAndNavigate(Test_US_4_2.java:58)
	at java.base/java.util.ArrayList.forEach(ArrayList.java:1596)
... Removed 29 stack frames
</div> <!-- stack-trace -->
                  <em>
(TC_001, TC_029-032: Kiểm tra màn hình Quản lý tiền điện và Thống kê)                  </em>
                </div> <!-- method-content -->
              </div> <!-- method -->
              <div class="method">
                <div class="method-content">
                  <a name="TC02_CheckSearchPlaceholder">
                  </a> <!-- TC02_CheckSearchPlaceholder -->
                  <span class="method-name">TC02_CheckSearchPlaceholder</span>
                  <div class="stack-trace">org.openqa.selenium.TimeoutException: Expected condition failed: waiting for element to be clickable: By.xpath: //a[contains(text(),&apos;Quản lý điện&apos;)]//parent::li | //span[contains(text(),&apos;Quản lý điện&apos;)] (tried for 10 second(s) with 500 milliseconds interval)
Build info: version: &apos;4.35.0&apos;, revision: &apos;1c58e5028b&apos;
System info: os.name: &apos;Windows 11&apos;, os.arch: &apos;amd64&apos;, os.version: &apos;10.0&apos;, java.version: &apos;21.0.3&apos;
Driver info: org.openqa.selenium.chrome.ChromeDriver
Capabilities {acceptInsecureCerts: false, browserName: chrome, browserVersion: 143.0.7499.170, chrome: {chromedriverVersion: 143.0.7499.169 (164b20aab62..., userDataDir: C:\Users\tongh\AppData\Loca...}, fedcm:accounts: true, goog:chromeOptions: {debuggerAddress: localhost:52909}, goog:processID: 8296, networkConnectionEnabled: false, pageLoadStrategy: normal, platformName: windows, proxy: Proxy(), se:cdp: ws://localhost:52909/devtoo..., se:cdpVersion: 143.0.7499.170, setWindowRect: true, strictFileInteractability: false, timeouts: {implicit: 0, pageLoad: 300000, script: 30000}, unhandledPromptBehavior: dismiss and notify, webauthn:extension:credBlob: true, webauthn:extension:largeBlob: true, webauthn:extension:minPinLength: true, webauthn:extension:prf: true, webauthn:virtualAuthenticators: true}
Session ID: 3a913754dd2bbe0a842b2e043cfd4034
	at org.openqa.selenium.support.ui.WebDriverWait.timeoutException(WebDriverWait.java:84)
	at org.openqa.selenium.support.ui.FluentWait.until(FluentWait.java:228)
	at Epic4.Test_US_4_2.setupAndNavigate(Test_US_4_2.java:58)
	at java.base/java.util.ArrayList.forEach(ArrayList.java:1596)
... Removed 29 stack frames
</div> <!-- stack-trace -->
                  <em>
(TC_002: Kiểm tra Placeholder ô tìm kiếm)                  </em>
                </div> <!-- method-content -->
              </div> <!-- method -->
              <div class="method">
                <div class="method-content">
                  <a name="TC03_CheckAddPopup">
                  </a> <!-- TC03_CheckAddPopup -->
                  <span class="method-name">TC03_CheckAddPopup</span>
                  <div class="stack-trace">org.openqa.selenium.TimeoutException: Expected condition failed: waiting for element to be clickable: By.xpath: //a[contains(text(),&apos;Quản lý điện&apos;)]//parent::li | //span[contains(text(),&apos;Quản lý điện&apos;)] (tried for 10 second(s) with 500 milliseconds interval)
Build info: version: &apos;4.35.0&apos;, revision: &apos;1c58e5028b&apos;
System info: os.name: &apos;Windows 11&apos;, os.arch: &apos;amd64&apos;, os.version: &apos;10.0&apos;, java.version: &apos;21.0.3&apos;
Driver info: org.openqa.selenium.chrome.ChromeDriver
Capabilities {acceptInsecureCerts: false, browserName: chrome, browserVersion: 143.0.7499.170, chrome: {chromedriverVersion: 143.0.7499.169 (164b20aab62..., userDataDir: C:\Users\tongh\AppData\Loca...}, fedcm:accounts: true, goog:chromeOptions: {debuggerAddress: localhost:52909}, goog:processID: 8296, networkConnectionEnabled: false, pageLoadStrategy: normal, platformName: windows, proxy: Proxy(), se:cdp: ws://localhost:52909/devtoo..., se:cdpVersion: 143.0.7499.170, setWindowRect: true, strictFileInteractability: false, timeouts: {implicit: 0, pageLoad: 300000, script: 30000}, unhandledPromptBehavior: dismiss and notify, webauthn:extension:credBlob: true, webauthn:extension:largeBlob: true, webauthn:extension:minPinLength: true, webauthn:extension:prf: true, webauthn:virtualAuthenticators: true}
Session ID: 3a913754dd2bbe0a842b2e043cfd4034
	at org.openqa.selenium.support.ui.WebDriverWait.timeoutException(WebDriverWait.java:84)
	at org.openqa.selenium.support.ui.FluentWait.until(FluentWait.java:228)
	at Epic4.Test_US_4_2.setupAndNavigate(Test_US_4_2.java:58)
	at java.base/java.util.ArrayList.forEach(ArrayList.java:1596)
... Removed 29 stack frames
</div> <!-- stack-trace -->
                  <em>
(TC_003, TC_007: Kiểm tra Popup Thêm bản ghi điện)                  </em>
                </div> <!-- method-content -->
              </div> <!-- method -->
              <div class="method">
                <div class="method-content">
                  <a name="TC09_AddNewRecord_Success">
                  </a> <!-- TC09_AddNewRecord_Success -->
                  <span class="method-name">TC09_AddNewRecord_Success</span>
                  <div class="stack-trace">org.openqa.selenium.TimeoutException: Expected condition failed: waiting for element to be clickable: By.xpath: //a[contains(text(),&apos;Quản lý điện&apos;)]//parent::li | //span[contains(text(),&apos;Quản lý điện&apos;)] (tried for 10 second(s) with 500 milliseconds interval)
Build info: version: &apos;4.35.0&apos;, revision: &apos;1c58e5028b&apos;
System info: os.name: &apos;Windows 11&apos;, os.arch: &apos;amd64&apos;, os.version: &apos;10.0&apos;, java.version: &apos;21.0.3&apos;
Driver info: org.openqa.selenium.chrome.ChromeDriver
Capabilities {acceptInsecureCerts: false, browserName: chrome, browserVersion: 143.0.7499.170, chrome: {chromedriverVersion: 143.0.7499.169 (164b20aab62..., userDataDir: C:\Users\tongh\AppData\Loca...}, fedcm:accounts: true, goog:chromeOptions: {debuggerAddress: localhost:52909}, goog:processID: 8296, networkConnectionEnabled: false, pageLoadStrategy: normal, platformName: windows, proxy: Proxy(), se:cdp: ws://localhost:52909/devtoo..., se:cdpVersion: 143.0.7499.170, setWindowRect: true, strictFileInteractability: false, timeouts: {implicit: 0, pageLoad: 300000, script: 30000}, unhandledPromptBehavior: dismiss and notify, webauthn:extension:credBlob: true, webauthn:extension:largeBlob: true, webauthn:extension:minPinLength: true, webauthn:extension:prf: true, webauthn:virtualAuthenticators: true}
Session ID: 3a913754dd2bbe0a842b2e043cfd4034
	at org.openqa.selenium.support.ui.WebDriverWait.timeoutException(WebDriverWait.java:84)
	at org.openqa.selenium.support.ui.FluentWait.until(FluentWait.java:228)
	at Epic4.Test_US_4_2.setupAndNavigate(Test_US_4_2.java:58)
	at java.base/java.util.ArrayList.forEach(ArrayList.java:1596)
... Removed 29 stack frames
</div> <!-- stack-trace -->
                  <em>
(TC_009: Thêm mới bản ghi điện thành công)                  </em>
                </div> <!-- method-content -->
              </div> <!-- method -->
              <div class="method">
                <div class="method-content">
                  <a name="TC10_AddNewRecord_MissingRoom">
                  </a> <!-- TC10_AddNewRecord_MissingRoom -->
                  <span class="method-name">TC10_AddNewRecord_MissingRoom</span>
                  <div class="stack-trace">org.openqa.selenium.TimeoutException: Expected condition failed: waiting for element to be clickable: By.xpath: //a[contains(text(),&apos;Quản lý điện&apos;)]//parent::li | //span[contains(text(),&apos;Quản lý điện&apos;)] (tried for 10 second(s) with 500 milliseconds interval)
Build info: version: &apos;4.35.0&apos;, revision: &apos;1c58e5028b&apos;
System info: os.name: &apos;Windows 11&apos;, os.arch: &apos;amd64&apos;, os.version: &apos;10.0&apos;, java.version: &apos;21.0.3&apos;
Driver info: org.openqa.selenium.chrome.ChromeDriver
Capabilities {acceptInsecureCerts: false, browserName: chrome, browserVersion: 143.0.7499.170, chrome: {chromedriverVersion: 143.0.7499.169 (164b20aab62..., userDataDir: C:\Users\tongh\AppData\Loca...}, fedcm:accounts: true, goog:chromeOptions: {debuggerAddress: localhost:52909}, goog:processID: 8296, networkConnectionEnabled: false, pageLoadStrategy: normal, platformName: windows, proxy: Proxy(), se:cdp: ws://localhost:52909/devtoo..., se:cdpVersion: 143.0.7499.170, setWindowRect: true, strictFileInteractability: false, timeouts: {implicit: 0, pageLoad: 300000, script: 30000}, unhandledPromptBehavior: dismiss and notify, webauthn:extension:credBlob: true, webauthn:extension:largeBlob: true, webauthn:extension:minPinLength: true, webauthn:extension:prf: true, webauthn:virtualAuthenticators: true}
Session ID: 3a913754dd2bbe0a842b2e043cfd4034
	at org.openqa.selenium.support.ui.WebDriverWait.timeoutException(WebDriverWait.java:84)
	at org.openqa.selenium.support.ui.FluentWait.until(FluentWait.java:228)
	at Epic4.Test_US_4_2.setupAndNavigate(Test_US_4_2.java:58)
	at java.base/java.util.ArrayList.forEach(ArrayList.java:1596)
... Removed 29 stack frames
</div> <!-- stack-trace -->
                  <em>
(TC_010: Thêm mới với trường bắt buộc 'Phòng' bỏ trống)                  </em>
                </div> <!-- method-content -->
              </div> <!-- method -->
              <div class="method">
                <div class="method-content">
                  <a name="TC13_AddNewRecord_NewIndexLessThanOld">
                  </a> <!-- TC13_AddNewRecord_NewIndexLessThanOld -->
                  <span class="method-name">TC13_AddNewRecord_NewIndexLessThanOld</span>
                  <div class="stack-trace">org.openqa.selenium.TimeoutException: Expected condition failed: waiting for element to be clickable: By.xpath: //a[contains(text(),&apos;Quản lý điện&apos;)]//parent::li | //span[contains(text(),&apos;Quản lý điện&apos;)] (tried for 10 second(s) with 500 milliseconds interval)
Build info: version: &apos;4.35.0&apos;, revision: &apos;1c58e5028b&apos;
System info: os.name: &apos;Windows 11&apos;, os.arch: &apos;amd64&apos;, os.version: &apos;10.0&apos;, java.version: &apos;21.0.3&apos;
Driver info: org.openqa.selenium.chrome.ChromeDriver
Capabilities {acceptInsecureCerts: false, browserName: chrome, browserVersion: 143.0.7499.170, chrome: {chromedriverVersion: 143.0.7499.169 (164b20aab62..., userDataDir: C:\Users\tongh\AppData\Loca...}, fedcm:accounts: true, goog:chromeOptions: {debuggerAddress: localhost:52909}, goog:processID: 8296, networkConnectionEnabled: false, pageLoadStrategy: normal, platformName: windows, proxy: Proxy(), se:cdp: ws://localhost:52909/devtoo..., se:cdpVersion: 143.0.7499.170, setWindowRect: true, strictFileInteractability: false, timeouts: {implicit: 0, pageLoad: 300000, script: 30000}, unhandledPromptBehavior: dismiss and notify, webauthn:extension:credBlob: true, webauthn:extension:largeBlob: true, webauthn:extension:minPinLength: true, webauthn:extension:prf: true, webauthn:virtualAuthenticators: true}
Session ID: 3a913754dd2bbe0a842b2e043cfd4034
	at org.openqa.selenium.support.ui.WebDriverWait.timeoutException(WebDriverWait.java:84)
	at org.openqa.selenium.support.ui.FluentWait.until(FluentWait.java:228)
	at Epic4.Test_US_4_2.setupAndNavigate(Test_US_4_2.java:58)
	at java.base/java.util.ArrayList.forEach(ArrayList.java:1596)
... Removed 29 stack frames
</div> <!-- stack-trace -->
                  <em>
(TC_013: Thêm mới với Chỉ số mới < Chỉ số cũ)                  </em>
                </div> <!-- method-content -->
              </div> <!-- method -->
              <div class="method">
                <div class="method-content">
                  <a name="TC17_InputCharacterInNumberFields">
                  </a> <!-- TC17_InputCharacterInNumberFields -->
                  <span class="method-name">TC17_InputCharacterInNumberFields</span>
                  <div class="stack-trace">org.openqa.selenium.TimeoutException: Expected condition failed: waiting for element to be clickable: By.xpath: //a[contains(text(),&apos;Quản lý điện&apos;)]//parent::li | //span[contains(text(),&apos;Quản lý điện&apos;)] (tried for 10 second(s) with 500 milliseconds interval)
Build info: version: &apos;4.35.0&apos;, revision: &apos;1c58e5028b&apos;
System info: os.name: &apos;Windows 11&apos;, os.arch: &apos;amd64&apos;, os.version: &apos;10.0&apos;, java.version: &apos;21.0.3&apos;
Driver info: org.openqa.selenium.chrome.ChromeDriver
Capabilities {acceptInsecureCerts: false, browserName: chrome, browserVersion: 143.0.7499.170, chrome: {chromedriverVersion: 143.0.7499.169 (164b20aab62..., userDataDir: C:\Users\tongh\AppData\Loca...}, fedcm:accounts: true, goog:chromeOptions: {debuggerAddress: localhost:52909}, goog:processID: 8296, networkConnectionEnabled: false, pageLoadStrategy: normal, platformName: windows, proxy: Proxy(), se:cdp: ws://localhost:52909/devtoo..., se:cdpVersion: 143.0.7499.170, setWindowRect: true, strictFileInteractability: false, timeouts: {implicit: 0, pageLoad: 300000, script: 30000}, unhandledPromptBehavior: dismiss and notify, webauthn:extension:credBlob: true, webauthn:extension:largeBlob: true, webauthn:extension:minPinLength: true, webauthn:extension:prf: true, webauthn:virtualAuthenticators: true}
Session ID: 3a913754dd2bbe0a842b2e043cfd4034
	at org.openqa.selenium.support.ui.WebDriverWait.timeoutException(WebDriverWait.java:84)
	at org.openqa.selenium.support.ui.FluentWait.until(FluentWait.java:228)
	at Epic4.Test_US_4_2.setupAndNavigate(Test_US_4_2.java:58)
	at java.base/java.util.ArrayList.forEach(ArrayList.java:1596)
... Removed 29 stack frames
</div> <!-- stack-trace -->
                  <em>
(TC_017, TC_021: Nhập ký tự vào trường số)                  </em>
                </div> <!-- method-content -->
              </div> <!-- method -->
              <div class="method">
                <div class="method-content">
                  <a name="TC22_AutoCalculate">
                  </a> <!-- TC22_AutoCalculate -->
                  <span class="method-name">TC22_AutoCalculate</span>
                  <div class="stack-trace">org.openqa.selenium.TimeoutException: Expected condition failed: waiting for element to be clickable: By.xpath: //a[contains(text(),&apos;Quản lý điện&apos;)]//parent::li | //span[contains(text(),&apos;Quản lý điện&apos;)] (tried for 10 second(s) with 500 milliseconds interval)
Build info: version: &apos;4.35.0&apos;, revision: &apos;1c58e5028b&apos;
System info: os.name: &apos;Windows 11&apos;, os.arch: &apos;amd64&apos;, os.version: &apos;10.0&apos;, java.version: &apos;21.0.3&apos;
Driver info: org.openqa.selenium.chrome.ChromeDriver
Capabilities {acceptInsecureCerts: false, browserName: chrome, browserVersion: 143.0.7499.170, chrome: {chromedriverVersion: 143.0.7499.169 (164b20aab62..., userDataDir: C:\Users\tongh\AppData\Loca...}, fedcm:accounts: true, goog:chromeOptions: {debuggerAddress: localhost:52909}, goog:processID: 8296, networkConnectionEnabled: false, pageLoadStrategy: normal, platformName: windows, proxy: Proxy(), se:cdp: ws://localhost:52909/devtoo..., se:cdpVersion: 143.0.7499.170, setWindowRect: true, strictFileInteractability: false, timeouts: {implicit: 0, pageLoad: 300000, script: 30000}, unhandledPromptBehavior: dismiss and notify, webauthn:extension:credBlob: true, webauthn:extension:largeBlob: true, webauthn:extension:minPinLength: true, webauthn:extension:prf: true, webauthn:virtualAuthenticators: true}
Session ID: 3a913754dd2bbe0a842b2e043cfd4034
	at org.openqa.selenium.support.ui.WebDriverWait.timeoutException(WebDriverWait.java:84)
	at org.openqa.selenium.support.ui.FluentWait.until(FluentWait.java:228)
	at Epic4.Test_US_4_2.setupAndNavigate(Test_US_4_2.java:58)
	at java.base/java.util.ArrayList.forEach(ArrayList.java:1596)
... Removed 29 stack frames
</div> <!-- stack-trace -->
                  <em>
(TC_022, TC_023, TC_027, TC_028: Tự động tính Tiêu thụ và Thành tiền)                  </em>
                </div> <!-- method-content -->
              </div> <!-- method -->
              <div class="method">
                <div class="method-content">
                  <a name="TC34_Search">
                  </a> <!-- TC34_Search -->
                  <span class="method-name">TC34_Search</span>
                  <div class="stack-trace">org.openqa.selenium.TimeoutException: Expected condition failed: waiting for element to be clickable: By.xpath: //a[contains(text(),&apos;Quản lý điện&apos;)]//parent::li | //span[contains(text(),&apos;Quản lý điện&apos;)] (tried for 10 second(s) with 500 milliseconds interval)
Build info: version: &apos;4.35.0&apos;, revision: &apos;1c58e5028b&apos;
System info: os.name: &apos;Windows 11&apos;, os.arch: &apos;amd64&apos;, os.version: &apos;10.0&apos;, java.version: &apos;21.0.3&apos;
Driver info: org.openqa.selenium.chrome.ChromeDriver
Capabilities {acceptInsecureCerts: false, browserName: chrome, browserVersion: 143.0.7499.170, chrome: {chromedriverVersion: 143.0.7499.169 (164b20aab62..., userDataDir: C:\Users\tongh\AppData\Loca...}, fedcm:accounts: true, goog:chromeOptions: {debuggerAddress: localhost:52909}, goog:processID: 8296, networkConnectionEnabled: false, pageLoadStrategy: normal, platformName: windows, proxy: Proxy(), se:cdp: ws://localhost:52909/devtoo..., se:cdpVersion: 143.0.7499.170, setWindowRect: true, strictFileInteractability: false, timeouts: {implicit: 0, pageLoad: 300000, script: 30000}, unhandledPromptBehavior: dismiss and notify, webauthn:extension:credBlob: true, webauthn:extension:largeBlob: true, webauthn:extension:minPinLength: true, webauthn:extension:prf: true, webauthn:virtualAuthenticators: true}
Session ID: 3a913754dd2bbe0a842b2e043cfd4034
	at org.openqa.selenium.support.ui.WebDriverWait.timeoutException(WebDriverWait.java:84)
	at org.openqa.selenium.support.ui.FluentWait.until(FluentWait.java:228)
	at Epic4.Test_US_4_2.setupAndNavigate(Test_US_4_2.java:58)
	at java.base/java.util.ArrayList.forEach(ArrayList.java:1596)
... Removed 29 stack frames
</div> <!-- stack-trace -->
                  <em>
(TC_034, TC_035: Tìm kiếm)                  </em>
                </div> <!-- method-content -->
              </div> <!-- method -->
              <div class="method">
                <div class="method-content">
                  <a name="TC44_ExportExcel">
                  </a> <!-- TC44_ExportExcel -->
                  <span class="method-name">TC44_ExportExcel</span>
                  <div class="stack-trace">org.openqa.selenium.TimeoutException: Expected condition failed: waiting for element to be clickable: By.xpath: //a[contains(text(),&apos;Quản lý điện&apos;)]//parent::li | //span[contains(text(),&apos;Quản lý điện&apos;)] (tried for 10 second(s) with 500 milliseconds interval)
Build info: version: &apos;4.35.0&apos;, revision: &apos;1c58e5028b&apos;
System info: os.name: &apos;Windows 11&apos;, os.arch: &apos;amd64&apos;, os.version: &apos;10.0&apos;, java.version: &apos;21.0.3&apos;
Driver info: org.openqa.selenium.chrome.ChromeDriver
Capabilities {acceptInsecureCerts: false, browserName: chrome, browserVersion: 143.0.7499.170, chrome: {chromedriverVersion: 143.0.7499.169 (164b20aab62..., userDataDir: C:\Users\tongh\AppData\Loca...}, fedcm:accounts: true, goog:chromeOptions: {debuggerAddress: localhost:52909}, goog:processID: 8296, networkConnectionEnabled: false, pageLoadStrategy: normal, platformName: windows, proxy: Proxy(), se:cdp: ws://localhost:52909/devtoo..., se:cdpVersion: 143.0.7499.170, setWindowRect: true, strictFileInteractability: false, timeouts: {implicit: 0, pageLoad: 300000, script: 30000}, unhandledPromptBehavior: dismiss and notify, webauthn:extension:credBlob: true, webauthn:extension:largeBlob: true, webauthn:extension:minPinLength: true, webauthn:extension:prf: true, webauthn:virtualAuthenticators: true}
Session ID: 3a913754dd2bbe0a842b2e043cfd4034
	at org.openqa.selenium.support.ui.WebDriverWait.timeoutException(WebDriverWait.java:84)
	at org.openqa.selenium.support.ui.FluentWait.until(FluentWait.java:228)
	at Epic4.Test_US_4_2.setupAndNavigate(Test_US_4_2.java:58)
	at java.base/java.util.ArrayList.forEach(ArrayList.java:1596)
... Removed 29 stack frames
</div> <!-- stack-trace -->
                  <em>
(TC_044: Xuất file Excel)                  </em>
                </div> <!-- method-content -->
              </div> <!-- method -->
              <div class="method">
                <div class="method-content">
                  <a name="TC45_EditRecord">
                  </a> <!-- TC45_EditRecord -->
                  <span class="method-name">TC45_EditRecord</span>
                  <div class="stack-trace">org.openqa.selenium.TimeoutException: Expected condition failed: waiting for element to be clickable: By.xpath: //a[contains(text(),&apos;Quản lý điện&apos;)]//parent::li | //span[contains(text(),&apos;Quản lý điện&apos;)] (tried for 10 second(s) with 500 milliseconds interval)
Build info: version: &apos;4.35.0&apos;, revision: &apos;1c58e5028b&apos;
System info: os.name: &apos;Windows 11&apos;, os.arch: &apos;amd64&apos;, os.version: &apos;10.0&apos;, java.version: &apos;21.0.3&apos;
Driver info: org.openqa.selenium.chrome.ChromeDriver
Capabilities {acceptInsecureCerts: false, browserName: chrome, browserVersion: 143.0.7499.170, chrome: {chromedriverVersion: 143.0.7499.169 (164b20aab62..., userDataDir: C:\Users\tongh\AppData\Loca...}, fedcm:accounts: true, goog:chromeOptions: {debuggerAddress: localhost:52909}, goog:processID: 8296, networkConnectionEnabled: false, pageLoadStrategy: normal, platformName: windows, proxy: Proxy(), se:cdp: ws://localhost:52909/devtoo..., se:cdpVersion: 143.0.7499.170, setWindowRect: true, strictFileInteractability: false, timeouts: {implicit: 0, pageLoad: 300000, script: 30000}, unhandledPromptBehavior: dismiss and notify, webauthn:extension:credBlob: true, webauthn:extension:largeBlob: true, webauthn:extension:minPinLength: true, webauthn:extension:prf: true, webauthn:virtualAuthenticators: true}
Session ID: 3a913754dd2bbe0a842b2e043cfd4034
	at org.openqa.selenium.support.ui.WebDriverWait.timeoutException(WebDriverWait.java:84)
	at org.openqa.selenium.support.ui.FluentWait.until(FluentWait.java:228)
	at Epic4.Test_US_4_2.setupAndNavigate(Test_US_4_2.java:58)
	at java.base/java.util.ArrayList.forEach(ArrayList.java:1596)
... Removed 29 stack frames
</div> <!-- stack-trace -->
                  <em>
(TC_045: Chỉnh sửa bản ghi điện)                  </em>
                </div> <!-- method-content -->
              </div> <!-- method -->
              <div class="method">
                <div class="method-content">
                  <a name="TC64_DeleteRecord">
                  </a> <!-- TC64_DeleteRecord -->
                  <span class="method-name">TC64_DeleteRecord</span>
                  <div class="stack-trace">org.openqa.selenium.TimeoutException: Expected condition failed: waiting for element to be clickable: By.xpath: //a[contains(text(),&apos;Quản lý điện&apos;)]//parent::li | //span[contains(text(),&apos;Quản lý điện&apos;)] (tried for 10 second(s) with 500 milliseconds interval)
Build info: version: &apos;4.35.0&apos;, revision: &apos;1c58e5028b&apos;
System info: os.name: &apos;Windows 11&apos;, os.arch: &apos;amd64&apos;, os.version: &apos;10.0&apos;, java.version: &apos;21.0.3&apos;
Driver info: org.openqa.selenium.chrome.ChromeDriver
Capabilities {acceptInsecureCerts: false, browserName: chrome, browserVersion: 143.0.7499.170, chrome: {chromedriverVersion: 143.0.7499.169 (164b20aab62..., userDataDir: C:\Users\tongh\AppData\Loca...}, fedcm:accounts: true, goog:chromeOptions: {debuggerAddress: localhost:52909}, goog:processID: 8296, networkConnectionEnabled: false, pageLoadStrategy: normal, platformName: windows, proxy: Proxy(), se:cdp: ws://localhost:52909/devtoo..., se:cdpVersion: 143.0.7499.170, setWindowRect: true, strictFileInteractability: false, timeouts: {implicit: 0, pageLoad: 300000, script: 30000}, unhandledPromptBehavior: dismiss and notify, webauthn:extension:credBlob: true, webauthn:extension:largeBlob: true, webauthn:extension:minPinLength: true, webauthn:extension:prf: true, webauthn:virtualAuthenticators: true}
Session ID: 3a913754dd2bbe0a842b2e043cfd4034
	at org.openqa.selenium.support.ui.WebDriverWait.timeoutException(WebDriverWait.java:84)
	at org.openqa.selenium.support.ui.FluentWait.until(FluentWait.java:228)
	at Epic4.Test_US_4_2.setupAndNavigate(Test_US_4_2.java:58)
	at java.base/java.util.ArrayList.forEach(ArrayList.java:1596)
... Removed 29 stack frames
</div> <!-- stack-trace -->
                  <em>
(TC_064: Xóa bản ghi điện)                  </em>
                </div> <!-- method-content -->
              </div> <!-- method -->
            </div> <!-- main-panel-content rounded-window-bottom -->
          </div> <!-- suite-RoomManagement_Suite-class-skipped -->
          <div class="suite-RoomManagement_Suite-class-passed">
            <div class="main-panel-header rounded-window-top">
              <img src="passed.png"/>
              <span class="class-name">Epic6.Test_US_6_1</span>
            </div> <!-- main-panel-header rounded-window-top -->
            <div class="main-panel-content rounded-window-bottom">
              <div class="method">
                <div class="method-content">
                  <a name="TC03_Validate_TrongTieuDe">
                  </a> <!-- TC03_Validate_TrongTieuDe -->
                  <span class="method-name">TC03_Validate_TrongTieuDe</span>
                  <em>
(TC03: Validate lỗi khi bỏ trống Tiêu đề)                  </em>
                </div> <!-- method-content -->
              </div> <!-- method -->
              <div class="method">
                <div class="method-content">
                  <a name="TC04_Validate_TrongNoiDung">
                  </a> <!-- TC04_Validate_TrongNoiDung -->
                  <span class="method-name">TC04_Validate_TrongNoiDung</span>
                  <em>
(TC04: Validate lỗi khi bỏ trống Nội dung)                  </em>
                </div> <!-- method-content -->
              </div> <!-- method -->
              <div class="method">
                <div class="method-content">
                  <a name="TC05_ChucNang_LuuNhap">
                  </a> <!-- TC05_ChucNang_LuuNhap -->
                  <span class="method-name">TC05_ChucNang_LuuNhap</span>
                  <em>
(TC05: Chức năng Lưu nháp (Draft))                  </em>
                </div> <!-- method-content -->
              </div> <!-- method -->
              <div class="method">
                <div class="method-content">
                  <a name="TC06_ChucNang_Huy">
                  </a> <!-- TC06_ChucNang_Huy -->
                  <span class="method-name">TC06_ChucNang_Huy</span>
                  <em>
(TC06: Chức năng Hủy)                  </em>
                </div> <!-- method-content -->
              </div> <!-- method -->
              <div class="method">
                <div class="method-content">
                  <a name="TC10_Verify_LichSu">
                  </a> <!-- TC10_Verify_LichSu -->
                  <span class="method-name">TC10_Verify_LichSu</span>
                  <em>
(TC10: Kiểm tra hiển thị Lịch sử gửi)                  </em>
                </div> <!-- method-content -->
              </div> <!-- method -->
            </div> <!-- main-panel-content rounded-window-bottom -->
          </div> <!-- suite-RoomManagement_Suite-class-passed -->
          <div class="suite-RoomManagement_Suite-class-passed">
            <div class="main-panel-header rounded-window-top">
              <img src="passed.png"/>
              <span class="class-name">Epic10.Test_US_10_1</span>
            </div> <!-- main-panel-header rounded-window-top -->
            <div class="main-panel-content rounded-window-bottom">
              <div class="method">
                <div class="method-content">
                  <a name="TC02_CheckDropdownContent">
                  </a> <!-- TC02_CheckDropdownContent -->
                  <span class="method-name">TC02_CheckDropdownContent</span>
                  <em>
(TC_205, TC_215: Kiểm tra nội dung tóm tắt và Icon trong dropdown)                  </em>
                </div> <!-- method-content -->
              </div> <!-- method -->
              <div class="method">
                <div class="method-content">
                  <a name="TC03_RemoveNotificationQuickly">
                  </a> <!-- TC03_RemoveNotificationQuickly -->
                  <span class="method-name">TC03_RemoveNotificationQuickly</span>
                  <em>
(TC_206: Xóa/Ẩn thông báo nhanh từ dropdown)                  </em>
                </div> <!-- method-content -->
              </div> <!-- method -->
              <div class="method">
                <div class="method-content">
                  <a name="TC04_GoToAllNotifications">
                  </a> <!-- TC04_GoToAllNotifications -->
                  <span class="method-name">TC04_GoToAllNotifications</span>
                  <em>
(TC_207, TC_214: Chuyển đến trang 'Xem tất cả')                  </em>
                </div> <!-- method-content -->
              </div> <!-- method -->
              <div class="method">
                <div class="method-content">
                  <a name="TC05_CheckTabs">
                  </a> <!-- TC05_CheckTabs -->
                  <span class="method-name">TC05_CheckTabs</span>
                  <em>
(TC_208, TC_209, TC_210: Kiểm tra các Tab Lọc (Tất cả, Chưa đọc, Đã đọc))                  </em>
                </div> <!-- method-content -->
              </div> <!-- method -->
              <div class="method">
                <div class="method-content">
                  <a name="TC06_CheckListItemDetails">
                  </a> <!-- TC06_CheckListItemDetails -->
                  <span class="method-name">TC06_CheckListItemDetails</span>
                  <em>
(TC_211, TC_212, TC_215: Kiểm tra chi tiết item trong danh sách đầy đủ)                  </em>
                </div> <!-- method-content -->
              </div> <!-- method -->
              <div class="method">
                <div class="method-content">
                  <a name="TC07_CheckResponsive">
                  </a> <!-- TC07_CheckResponsive -->
                  <span class="method-name">TC07_CheckResponsive</span>
                  <em>
(TC_213: Kiểm tra Responsive (Resize window))                  </em>
                </div> <!-- method-content -->
              </div> <!-- method -->
            </div> <!-- main-panel-content rounded-window-bottom -->
          </div> <!-- suite-RoomManagement_Suite-class-passed -->
          <div class="suite-RoomManagement_Suite-class-passed">
            <div class="main-panel-header rounded-window-top">
              <img src="passed.png"/>
              <span class="class-name">Epic4.Test_US_4_4</span>
            </div> <!-- main-panel-header rounded-window-top -->
            <div class="main-panel-content rounded-window-bottom">
              <div class="method">
                <div class="method-content">
                  <a name="TC05_SearchByRoom">
                  </a> <!-- TC05_SearchByRoom -->
                  <span class="method-name">TC05_SearchByRoom</span>
                  <em>
(TC_148: Tìm kiếm theo Phòng)                  </em>
                </div> <!-- method-content -->
              </div> <!-- method -->
              <div class="method">
                <div class="method-content">
                  <a name="TC08_ExportExcel">
                  </a> <!-- TC08_ExportExcel -->
                  <span class="method-name">TC08_ExportExcel</span>
                  <em>
(TC_156: Xuất Excel)                  </em>
                </div> <!-- method-content -->
              </div> <!-- method -->
            </div> <!-- main-panel-content rounded-window-bottom -->
          </div> <!-- suite-RoomManagement_Suite-class-passed -->
          <div class="suite-RoomManagement_Suite-class-passed">
            <div class="main-panel-header rounded-window-top">
              <img src="passed.png"/>
              <span class="class-name">Epic4.Test_US_4_3</span>
            </div> <!-- main-panel-header rounded-window-top -->
            <div class="main-panel-content rounded-window-bottom">
              <div class="method">
                <div class="method-content">
                  <a name="TC137_CheckChart">
                  </a> <!-- TC137_CheckChart -->
                  <span class="method-name">TC137_CheckChart</span>
                  <em>
(TC_137: Kiểm tra biểu đồ)                  </em>
                </div> <!-- method-content -->
              </div> <!-- method -->
              <div class="method">
                <div class="method-content">
                  <a name="TC22_AutoCalculate">
                  </a> <!-- TC22_AutoCalculate -->
                  <span class="method-name">TC22_AutoCalculate</span>
                  <em>
(TC_090, TC_091, TC_095, TC_096: Tính toán tự động (Tiêu thụ & Thành tiền))                  </em>
                </div> <!-- method-content -->
              </div> <!-- method -->
              <div class="method">
                <div class="method-content">
                  <a name="TC34_Search">
                  </a> <!-- TC34_Search -->
                  <span class="method-name">TC34_Search</span>
                  <em>
(TC_102, TC_103: Tìm kiếm)                  </em>
                </div> <!-- method-content -->
              </div> <!-- method -->
            </div> <!-- main-panel-content rounded-window-bottom -->
          </div> <!-- suite-RoomManagement_Suite-class-passed -->
          <div class="suite-RoomManagement_Suite-class-passed">
            <div class="main-panel-header rounded-window-top">
              <img src="passed.png"/>
              <span class="class-name">Epic6.Test_US_6_2</span>
            </div> <!-- main-panel-header rounded-window-top -->
            <div class="main-panel-content rounded-window-bottom">
              <div class="method">
                <div class="method-content">
                  <a name="TC02_LocTheoTrangThai_ChuaXuLy">
                  </a> <!-- TC02_LocTheoTrangThai_ChuaXuLy -->
                  <span class="method-name">TC02_LocTheoTrangThai_ChuaXuLy</span>
                  <em>
(TC02: Lọc phản hồi theo Tab 'Chưa xử lý')                  </em>
                </div> <!-- method-content -->
              </div> <!-- method -->
              <div class="method">
                <div class="method-content">
                  <a name="TC04_XuLyPhanHoi_BatDau">
                  </a> <!-- TC04_XuLyPhanHoi_BatDau -->
                  <span class="method-name">TC04_XuLyPhanHoi_BatDau</span>
                  <em>
(TC04: Xử lý phản hồi - Chuyển sang 'Đang xử lý')                  </em>
                </div> <!-- method-content -->
              </div> <!-- method -->
              <div class="method">
                <div class="method-content">
                  <a name="TC06_TimKiemPhanHoi">
                  </a> <!-- TC06_TimKiemPhanHoi -->
                  <span class="method-name">TC06_TimKiemPhanHoi</span>
                  <em>
(TC06: Tìm kiếm phản hồi)                  </em>
                </div> <!-- method-content -->
              </div> <!-- method -->
              <div class="method">
                <div class="method-content">
                  <a name="TC08_KiemTraThongTinKhach">
                  </a> <!-- TC08_KiemTraThongTinKhach -->
                  <span class="method-name">TC08_KiemTraThongTinKhach</span>
                  <em>
(TC08: Kiểm tra thông tin Khách thuê trong danh sách)                  </em>
                </div> <!-- method-content -->
              </div> <!-- method -->
              <div class="method">
                <div class="method-content">
                  <a name="TC09_ClickNotification">
                  </a> <!-- TC09_ClickNotification -->
                  <span class="method-name">TC09_ClickNotification</span>
                  <em>
(TC09: Click thông báo từ chuông (Bell Notification))                  </em>
                </div> <!-- method-content -->
              </div> <!-- method -->
              <div class="method">
                <div class="method-content">
                  <a name="TC10_TabDaXuLy">
                  </a> <!-- TC10_TabDaXuLy -->
                  <span class="method-name">TC10_TabDaXuLy</span>
                  <em>
(TC10: Kiểm tra Tab 'Đã xử lý')                  </em>
                </div> <!-- method-content -->
              </div> <!-- method -->
            </div> <!-- main-panel-content rounded-window-bottom -->
          </div> <!-- suite-RoomManagement_Suite-class-passed -->
          <div class="suite-RoomManagement_Suite-class-passed">
            <div class="main-panel-header rounded-window-top">
              <img src="passed.png"/>
              <span class="class-name">Epic10.Test_US_10_2</span>
            </div> <!-- main-panel-header rounded-window-top -->
            <div class="main-panel-content rounded-window-bottom">
              <div class="method">
                <div class="method-content">
                  <a name="TC04_UploadImage">
                  </a> <!-- TC04_UploadImage -->
                  <span class="method-name">TC04_UploadImage</span>
                  <em>
(TC_222: Upload ảnh minh họa)                  </em>
                </div> <!-- method-content -->
              </div> <!-- method -->
              <div class="method">
                <div class="method-content">
                  <a name="TC06_CancelCreation">
                  </a> <!-- TC06_CancelCreation -->
                  <span class="method-name">TC06_CancelCreation</span>
                  <em>
(TC_224: Hủy tạo phản hồi)                  </em>
                </div> <!-- method-content -->
              </div> <!-- method -->
              <div class="method">
                <div class="method-content">
                  <a name="TC07_CheckCancelledItem">
                  </a> <!-- TC07_CheckCancelledItem -->
                  <span class="method-name">TC07_CheckCancelledItem</span>
                  <em>
(TC_225, TC_230: Kiểm tra Lịch sử (Item đã hủy))                  </em>
                </div> <!-- method-content -->
              </div> <!-- method -->
              <div class="method">
                <div class="method-content">
                  <a name="TC08_CheckRoomInfo">
                  </a> <!-- TC08_CheckRoomInfo -->
                  <span class="method-name">TC08_CheckRoomInfo</span>
                  <em>
(TC_226: Kiểm tra thông tin phòng trong lịch sử)                  </em>
                </div> <!-- method-content -->
              </div> <!-- method -->
              <div class="method">
                <div class="method-content">
                  <a name="TC09_CheckAttachmentDisplay">
                  </a> <!-- TC09_CheckAttachmentDisplay -->
                  <span class="method-name">TC09_CheckAttachmentDisplay</span>
                  <em>
(TC_227: Kiểm tra ảnh đính kèm trong lịch sử)                  </em>
                </div> <!-- method-content -->
              </div> <!-- method -->
            </div> <!-- main-panel-content rounded-window-bottom -->
          </div> <!-- suite-RoomManagement_Suite-class-passed -->
        </div> <!-- panel RoomManagement_Suite -->
        <div panel-name="test-xml-RoomManagement_Suite" class="panel">
          <div class="main-panel-header rounded-window-top">
            <span class="header-content">C:\Users\tongh\JavaCode\AutoTesT_Sprint3\testng.xml</span>
          </div> <!-- main-panel-header rounded-window-top -->
          <div class="main-panel-content rounded-window-bottom">
            <pre>
&lt;?xml version=&quot;1.0&quot; encoding=&quot;UTF-8&quot;?&gt;
&lt;!DOCTYPE suite SYSTEM &quot;https://testng.org/testng-1.0.dtd&quot;&gt;
&lt;suite name=&quot;RoomManagement_Suite&quot; guice-stage=&quot;DEVELOPMENT&quot;&gt;
  &lt;test thread-count=&quot;5&quot; name=&quot;Test_Full&quot;&gt;
    &lt;classes&gt;
      &lt;class name=&quot;Epic4.Test_US_4_4&quot;/&gt;
      &lt;class name=&quot;Epic6.Test_US_6_2&quot;/&gt;
      &lt;class name=&quot;Epic6.Test_US_6_1&quot;/&gt;
      &lt;class name=&quot;Epic10.Test_US_10_1&quot;/&gt;
      &lt;class name=&quot;Epic10.Test_US_10_2&quot;/&gt;
      &lt;class name=&quot;Epic4.Test_US_4_2&quot;/&gt;
      &lt;class name=&quot;Epic4.Test_US_4_3&quot;/&gt;
    &lt;/classes&gt;
  &lt;/test&gt; &lt;!-- Test_Full --&gt;
&lt;/suite&gt; &lt;!-- RoomManagement_Suite --&gt;
            </pre>
          </div> <!-- main-panel-content rounded-window-bottom -->
        </div> <!-- panel -->
        <div panel-name="testlist-RoomManagement_Suite" class="panel">
          <div class="main-panel-header rounded-window-top">
            <span class="header-content">Tests for RoomManagement_Suite</span>
          </div> <!-- main-panel-header rounded-window-top -->
          <div class="main-panel-content rounded-window-bottom">
            <ul>
              <li>
                <span class="test-name">Test_Full (7 classes)</span>
              </li>
            </ul>
          </div> <!-- main-panel-content rounded-window-bottom -->
        </div> <!-- panel -->
        <div panel-name="group-RoomManagement_Suite" class="panel">
          <div class="main-panel-header rounded-window-top">
            <span class="header-content">Groups for RoomManagement_Suite</span>
          </div> <!-- main-panel-header rounded-window-top -->
          <div class="main-panel-content rounded-window-bottom">
          </div> <!-- main-panel-content rounded-window-bottom -->
        </div> <!-- panel -->
        <div panel-name="times-RoomManagement_Suite" class="panel">
          <div class="main-panel-header rounded-window-top">
            <span class="header-content">Times for RoomManagement_Suite</span>
          </div> <!-- main-panel-header rounded-window-top -->
          <div class="main-panel-content rounded-window-bottom">
            <div class="times-div">
              <script type="text/javascript">
suiteTableInitFunctions.push('tableData_RoomManagement_Suite');
function tableData_RoomManagement_Suite() {
var data = new google.visualization.DataTable();
data.addColumn('number', 'Number');
data.addColumn('string', 'Method');
data.addColumn('string', 'Class');
data.addColumn('number', 'Time (ms)');
data.addRows(67);
data.setCell(0, 0, 0)
data.setCell(0, 1, 'TC06_CancelCreation')
data.setCell(0, 2, 'Epic10.Test_US_10_2')
data.setCell(0, 3, 12143);
data.setCell(1, 0, 1)
data.setCell(1, 1, 'TC06_CheckListItemDetails')
data.setCell(1, 2, 'Epic10.Test_US_10_1')
data.setCell(1, 3, 12113);
data.setCell(2, 0, 2)
data.setCell(2, 1, 'TC03_XemChiTietPhanHoi')
data.setCell(2, 2, 'Epic6.Test_US_6_2')
data.setCell(2, 3, 11607);
data.setCell(3, 0, 3)
data.setCell(3, 1, 'TC01_CheckBellAndDropdown')
data.setCell(3, 2, 'Epic10.Test_US_10_1')
data.setCell(3, 3, 11113);
data.setCell(4, 0, 4)
data.setCell(4, 1, 'TC09_ClickNotification')
data.setCell(4, 2, 'Epic6.Test_US_6_2')
data.setCell(4, 3, 11101);
data.setCell(5, 0, 5)
data.setCell(5, 1, 'TC03_RemoveNotificationQuickly')
data.setCell(5, 2, 'Epic10.Test_US_10_1')
data.setCell(5, 3, 11086);
data.setCell(6, 0, 6)
data.setCell(6, 1, 'TC02_CheckAddPopup')
data.setCell(6, 2, 'Epic4.Test_US_4_4')
data.setCell(6, 3, 11077);
data.setCell(7, 0, 7)
data.setCell(7, 1, 'TC09_AddNewRecord_Success')
data.setCell(7, 2, 'Epic4.Test_US_4_3')
data.setCell(7, 3, 11073);
data.setCell(8, 0, 8)
data.setCell(8, 1, 'TC04_XuLyPhanHoi_BatDau')
data.setCell(8, 2, 'Epic6.Test_US_6_2')
data.setCell(8, 3, 11062);
data.setCell(9, 0, 9)
data.setCell(9, 1, 'TC02_LocTheoTrangThai_ChuaXuLy')
data.setCell(9, 2, 'Epic6.Test_US_6_2')
data.setCell(9, 3, 11050);
data.setCell(10, 0, 10)
data.setCell(10, 1, 'TC02_OpenModalAndCheckTips')
data.setCell(10, 2, 'Epic10.Test_US_10_2')
data.setCell(10, 3, 11048);
data.setCell(11, 0, 11)
data.setCell(11, 1, 'TC03_CheckAddPopup')
data.setCell(11, 2, 'Epic4.Test_US_4_3')
data.setCell(11, 3, 11045);
data.setCell(12, 0, 12)
data.setCell(12, 1, 'TC02_CheckDropdownContent')
data.setCell(12, 2, 'Epic10.Test_US_10_1')
data.setCell(12, 3, 11036);
data.setCell(13, 0, 13)
data.setCell(13, 1, 'TC02_CheckFilters')
data.setCell(13, 2, 'Epic4.Test_US_4_3')
data.setCell(13, 3, 10072);
data.setCell(14, 0, 14)
data.setCell(14, 1, 'TC09_CheckAttachmentDisplay')
data.setCell(14, 2, 'Epic10.Test_US_10_2')
data.setCell(14, 3, 10058);
data.setCell(15, 0, 15)
data.setCell(15, 1, 'TC01_TruyCapManHinh')
data.setCell(15, 2, 'Epic6.Test_US_6_2')
data.setCell(15, 3, 10047);
data.setCell(16, 0, 16)
data.setCell(16, 1, 'TC01_CheckUI_Statistics')
data.setCell(16, 2, 'Epic4.Test_US_4_3')
data.setCell(16, 3, 10045);
data.setCell(17, 0, 17)
data.setCell(17, 1, 'TC01_CheckUI_Statistics')
data.setCell(17, 2, 'Epic4.Test_US_4_4')
data.setCell(17, 3, 10012);
data.setCell(18, 0, 18)
data.setCell(18, 1, 'TC01_AccessFeedbackPage')
data.setCell(18, 2, 'Epic10.Test_US_10_2')
data.setCell(18, 3, 10011);
data.setCell(19, 0, 19)
data.setCell(19, 1, 'TC09_Chon_NhieuPhong')
data.setCell(19, 2, 'Epic6.Test_US_6_1')
data.setCell(19, 3, 5744);
data.setCell(20, 0, 20)
data.setCell(20, 1, 'TC08_NoiDung_Dai')
data.setCell(20, 2, 'Epic6.Test_US_6_1')
data.setCell(20, 3, 5379);
data.setCell(21, 0, 21)
data.setCell(21, 1, 'TC07_TieuDe_KyTuDacBiet')
data.setCell(21, 2, 'Epic6.Test_US_6_1')
data.setCell(21, 3, 4764);
data.setCell(22, 0, 22)
data.setCell(22, 1, 'TC01_GuiThongBao_MotPhong')
data.setCell(22, 2, 'Epic6.Test_US_6_1')
data.setCell(22, 3, 4755);
data.setCell(23, 0, 23)
data.setCell(23, 1, 'TC05_HuyPhanHoi')
data.setCell(23, 2, 'Epic6.Test_US_6_2')
data.setCell(23, 3, 4582);
data.setCell(24, 0, 24)
data.setCell(24, 1, 'TC05_SubmitFeedbackSuccess')
data.setCell(24, 2, 'Epic10.Test_US_10_2')
data.setCell(24, 3, 4173);
data.setCell(25, 0, 25)
data.setCell(25, 1, 'TC07_CheckResponsive')
data.setCell(25, 2, 'Epic10.Test_US_10_1')
data.setCell(25, 3, 3513);
data.setCell(26, 0, 26)
data.setCell(26, 1, 'TC05_ChucNang_LuuNhap')
data.setCell(26, 2, 'Epic6.Test_US_6_1')
data.setCell(26, 3, 3184);
data.setCell(27, 0, 27)
data.setCell(27, 1, 'TC05_CheckTabs')
data.setCell(27, 2, 'Epic10.Test_US_10_1')
data.setCell(27, 3, 3105);
data.setCell(28, 0, 28)
data.setCell(28, 1, 'TC04_GoToAllNotifications')
data.setCell(28, 2, 'Epic10.Test_US_10_1')
data.setCell(28, 3, 2571);
data.setCell(29, 0, 29)
data.setCell(29, 1, 'TC02_GuiThongBao_TatCa')
data.setCell(29, 2, 'Epic6.Test_US_6_1')
data.setCell(29, 3, 2331);
data.setCell(30, 0, 30)
data.setCell(30, 1, 'TC03_AddNewRecord_Success')
data.setCell(30, 2, 'Epic4.Test_US_4_4')
data.setCell(30, 3, 2289);
data.setCell(31, 0, 31)
data.setCell(31, 1, 'TC09_FutureDateCheck')
data.setCell(31, 2, 'Epic4.Test_US_4_4')
data.setCell(31, 3, 2200);
data.setCell(32, 0, 32)
data.setCell(32, 1, 'TC04_Validate_TrongNoiDung')
data.setCell(32, 2, 'Epic6.Test_US_6_1')
data.setCell(32, 3, 2169);
data.setCell(33, 0, 33)
data.setCell(33, 1, 'TC03_Validate_TrongTieuDe')
data.setCell(33, 2, 'Epic6.Test_US_6_1')
data.setCell(33, 3, 2162);
data.setCell(34, 0, 34)
data.setCell(34, 1, 'TC06_TimKiemPhanHoi')
data.setCell(34, 2, 'Epic6.Test_US_6_2')
data.setCell(34, 3, 2065);
data.setCell(35, 0, 35)
data.setCell(35, 1, 'TC22_AutoCalculate')
data.setCell(35, 2, 'Epic4.Test_US_4_3')
data.setCell(35, 3, 1786);
data.setCell(36, 0, 36)
data.setCell(36, 1, 'TC07_KiemTraHinhAnh')
data.setCell(36, 2, 'Epic6.Test_US_6_2')
data.setCell(36, 3, 1534);
data.setCell(37, 0, 37)
data.setCell(37, 1, 'TC13_Validate_IndexLogic')
data.setCell(37, 2, 'Epic4.Test_US_4_3')
data.setCell(37, 3, 1191);
data.setCell(38, 0, 38)
data.setCell(38, 1, 'TC03_InputData')
data.setCell(38, 2, 'Epic10.Test_US_10_2')
data.setCell(38, 3, 1170);
data.setCell(39, 0, 39)
data.setCell(39, 1, 'TC04_Validate_NegativeAmount')
data.setCell(39, 2, 'Epic4.Test_US_4_4')
data.setCell(39, 3, 1152);
data.setCell(40, 0, 40)
data.setCell(40, 1, 'TC34_Search')
data.setCell(40, 2, 'Epic4.Test_US_4_3')
data.setCell(40, 3, 1123);
data.setCell(41, 0, 41)
data.setCell(41, 1, 'TC05_SearchByRoom')
data.setCell(41, 2, 'Epic4.Test_US_4_4')
data.setCell(41, 3, 1111);
data.setCell(42, 0, 42)
data.setCell(42, 1, 'TC04_UploadImage')
data.setCell(42, 2, 'Epic10.Test_US_10_2')
data.setCell(42, 3, 1090);
data.setCell(43, 0, 43)
data.setCell(43, 1, 'TC45_EditRecord')
data.setCell(43, 2, 'Epic4.Test_US_4_3')
data.setCell(43, 3, 1032);
data.setCell(44, 0, 44)
data.setCell(44, 1, 'TC10_TabDaXuLy')
data.setCell(44, 2, 'Epic6.Test_US_6_2')
data.setCell(44, 3, 1028);
data.setCell(45, 0, 45)
data.setCell(45, 1, 'TC06_EditRecord')
data.setCell(45, 2, 'Epic4.Test_US_4_4')
data.setCell(45, 3, 1025);
data.setCell(46, 0, 46)
data.setCell(46, 1, 'TC64_DeleteRecord')
data.setCell(46, 2, 'Epic4.Test_US_4_3')
data.setCell(46, 3, 525);
data.setCell(47, 0, 47)
data.setCell(47, 1, 'TC07_DeleteRecord')
data.setCell(47, 2, 'Epic4.Test_US_4_4')
data.setCell(47, 3, 525);
data.setCell(48, 0, 48)
data.setCell(48, 1, 'TC06_ChucNang_Huy')
data.setCell(48, 2, 'Epic6.Test_US_6_1')
data.setCell(48, 3, 76);
data.setCell(49, 0, 49)
data.setCell(49, 1, 'TC07_CheckCancelledItem')
data.setCell(49, 2, 'Epic10.Test_US_10_2')
data.setCell(49, 3, 32);
data.setCell(50, 0, 50)
data.setCell(50, 1, 'TC08_ExportExcel')
data.setCell(50, 2, 'Epic4.Test_US_4_4')
data.setCell(50, 3, 25);
data.setCell(51, 0, 51)
data.setCell(51, 1, 'TC137_CheckChart')
data.setCell(51, 2, 'Epic4.Test_US_4_3')
data.setCell(51, 3, 22);
data.setCell(52, 0, 52)
data.setCell(52, 1, 'TC10_Verify_LichSu')
data.setCell(52, 2, 'Epic6.Test_US_6_1')
data.setCell(52, 3, 17);
data.setCell(53, 0, 53)
data.setCell(53, 1, 'TC08_KiemTraThongTinKhach')
data.setCell(53, 2, 'Epic6.Test_US_6_2')
data.setCell(53, 3, 13);
data.setCell(54, 0, 54)
data.setCell(54, 1, 'TC08_CheckRoomInfo')
data.setCell(54, 2, 'Epic10.Test_US_10_2')
data.setCell(54, 3, 7);
data.setCell(55, 0, 55)
data.setCell(55, 1, 'TC64_DeleteRecord')
data.setCell(55, 2, 'Epic4.Test_US_4_2')
data.setCell(55, 3, 0);
data.setCell(56, 0, 56)
data.setCell(56, 1, 'TC02_CheckSearchPlaceholder')
data.setCell(56, 2, 'Epic4.Test_US_4_2')
data.setCell(56, 3, 0);
data.setCell(57, 0, 57)
data.setCell(57, 1, 'TC17_InputCharacterInNumberFields')
data.setCell(57, 2, 'Epic4.Test_US_4_2')
data.setCell(57, 3, 0);
data.setCell(58, 0, 58)
data.setCell(58, 1, 'TC13_AddNewRecord_NewIndexLessThanOld')
data.setCell(58, 2, 'Epic4.Test_US_4_2')
data.setCell(58, 3, 0);
data.setCell(59, 0, 59)
data.setCell(59, 1, 'TC34_Search')
data.setCell(59, 2, 'Epic4.Test_US_4_2')
data.setCell(59, 3, 0);
data.setCell(60, 0, 60)
data.setCell(60, 1, 'TC09_AddNewRecord_Success')
data.setCell(60, 2, 'Epic4.Test_US_4_2')
data.setCell(60, 3, 0);
data.setCell(61, 0, 61)
data.setCell(61, 1, 'TC10_AddNewRecord_MissingRoom')
data.setCell(61, 2, 'Epic4.Test_US_4_2')
data.setCell(61, 3, 0);
data.setCell(62, 0, 62)
data.setCell(62, 1, 'TC22_AutoCalculate')
data.setCell(62, 2, 'Epic4.Test_US_4_2')
data.setCell(62, 3, 0);
data.setCell(63, 0, 63)
data.setCell(63, 1, 'TC01_CheckUI_Statistics')
data.setCell(63, 2, 'Epic4.Test_US_4_2')
data.setCell(63, 3, 0);
data.setCell(64, 0, 64)
data.setCell(64, 1, 'TC45_EditRecord')
data.setCell(64, 2, 'Epic4.Test_US_4_2')
data.setCell(64, 3, 0);
data.setCell(65, 0, 65)
data.setCell(65, 1, 'TC03_CheckAddPopup')
data.setCell(65, 2, 'Epic4.Test_US_4_2')
data.setCell(65, 3, 0);
data.setCell(66, 0, 66)
data.setCell(66, 1, 'TC44_ExportExcel')
data.setCell(66, 2, 'Epic4.Test_US_4_2')
data.setCell(66, 3, 0);
window.suiteTableData['RoomManagement_Suite']= { tableData: data, tableDiv: 'times-div-RoomManagement_Suite'}
return data;
}
              </script>
              <span class="suite-total-time">Total running time: 4 minutes</span>
              <div id="times-div-RoomManagement_Suite">
              </div> <!-- times-div-RoomManagement_Suite -->
            </div> <!-- times-div -->
          </div> <!-- main-panel-content rounded-window-bottom -->
        </div> <!-- panel -->
        <div panel-name="reporter-RoomManagement_Suite" class="panel">
          <div class="main-panel-header rounded-window-top">
            <span class="header-content">Reporter output for RoomManagement_Suite</span>
          </div> <!-- main-panel-header rounded-window-top -->
          <div class="main-panel-content rounded-window-bottom">
          </div> <!-- main-panel-content rounded-window-bottom -->
        </div> <!-- panel -->
        <div panel-name="ignored-methods-RoomManagement_Suite" class="panel">
          <div class="main-panel-header rounded-window-top">
            <span class="header-content">0 ignored methods</span>
          </div> <!-- main-panel-header rounded-window-top -->
          <div class="main-panel-content rounded-window-bottom">
          </div> <!-- main-panel-content rounded-window-bottom -->
        </div> <!-- panel -->
        <div panel-name="chronological-RoomManagement_Suite" class="panel">
          <div class="main-panel-header rounded-window-top">
            <span class="header-content">Methods in chronological order</span>
          </div> <!-- main-panel-header rounded-window-top -->
          <div class="main-panel-content rounded-window-bottom">
            <div class="chronological-class">
              <div class="chronological-class-name">Epic4.Test_US_4_4</div> <!-- chronological-class-name -->
              <div class="configuration-method before">
                <span class="method-name">setupAndNavigate</span>
                <span class="method-start">0 ms</span>
              </div> <!-- configuration-method before -->
              <div class="test-method">
                <img src="failed.png">
                </img>
                <span class="method-name">TC01_CheckUI_Statistics</span>
                <span class="method-start">7863 ms</span>
              </div> <!-- test-method -->
              <div class="configuration-method after">
                <span class="method-name">tearDown</span>
                <span class="method-start">17886 ms</span>
              </div> <!-- configuration-method after -->
              <div class="configuration-method before">
                <span class="method-name">setupAndNavigate</span>
                <span class="method-start">20114 ms</span>
              </div> <!-- configuration-method before -->
              <div class="test-method">
                <img src="failed.png">
                </img>
                <span class="method-name">TC02_CheckAddPopup</span>
                <span class="method-start">26431 ms</span>
              </div> <!-- test-method -->
              <div class="configuration-method after">
                <span class="method-name">tearDown</span>
                <span class="method-start">37508 ms</span>
              </div> <!-- configuration-method after -->
              <div class="configuration-method before">
                <span class="method-name">setupAndNavigate</span>
                <span class="method-start">39733 ms</span>
              </div> <!-- configuration-method before -->
              <div class="test-method">
                <img src="failed.png">
                </img>
                <span class="method-name">TC03_AddNewRecord_Success</span>
                <span class="method-start">46062 ms</span>
              </div> <!-- test-method -->
              <div class="configuration-method after">
                <span class="method-name">tearDown</span>
                <span class="method-start">48360 ms</span>
              </div> <!-- configuration-method after -->
              <div class="configuration-method before">
                <span class="method-name">setupAndNavigate</span>
                <span class="method-start">50587 ms</span>
              </div> <!-- configuration-method before -->
              <div class="test-method">
                <img src="failed.png">
                </img>
                <span class="method-name">TC04_Validate_NegativeAmount</span>
                <span class="method-start">56840 ms</span>
              </div> <!-- test-method -->
              <div class="configuration-method after">
                <span class="method-name">tearDown</span>
                <span class="method-start">57997 ms</span>
              </div> <!-- configuration-method after -->
              <div class="configuration-method before">
                <span class="method-name">setupAndNavigate</span>
                <span class="method-start">60222 ms</span>
              </div> <!-- configuration-method before -->
              <div class="test-method">
                <span class="method-name">TC05_SearchByRoom</span>
                <span class="method-start">66485 ms</span>
              </div> <!-- test-method -->
              <div class="configuration-method after">
                <span class="method-name">tearDown</span>
                <span class="method-start">67597 ms</span>
              </div> <!-- configuration-method after -->
              <div class="configuration-method before">
                <span class="method-name">setupAndNavigate</span>
                <span class="method-start">69812 ms</span>
              </div> <!-- configuration-method before -->
              <div class="test-method">
                <img src="failed.png">
                </img>
                <span class="method-name">TC06_EditRecord</span>
                <span class="method-start">76008 ms</span>
              </div> <!-- test-method -->
              <div class="configuration-method after">
                <span class="method-name">tearDown</span>
                <span class="method-start">77036 ms</span>
              </div> <!-- configuration-method after -->
              <div class="configuration-method before">
                <span class="method-name">setupAndNavigate</span>
                <span class="method-start">79243 ms</span>
              </div> <!-- configuration-method before -->
              <div class="test-method">
                <img src="failed.png">
                </img>
                <span class="method-name">TC07_DeleteRecord</span>
                <span class="method-start">85417 ms</span>
              </div> <!-- test-method -->
              <div class="configuration-method after">
                <span class="method-name">tearDown</span>
                <span class="method-start">85943 ms</span>
              </div> <!-- configuration-method after -->
              <div class="configuration-method before">
                <span class="method-name">setupAndNavigate</span>
                <span class="method-start">88157 ms</span>
              </div> <!-- configuration-method before -->
              <div class="test-method">
                <span class="method-name">TC08_ExportExcel</span>
                <span class="method-start">94351 ms</span>
              </div> <!-- test-method -->
              <div class="configuration-method after">
                <span class="method-name">tearDown</span>
                <span class="method-start">94376 ms</span>
              </div> <!-- configuration-method after -->
              <div class="configuration-method before">
                <span class="method-name">setupAndNavigate</span>
                <span class="method-start">96626 ms</span>
              </div> <!-- configuration-method before -->
              <div class="test-method">
                <img src="failed.png">
                </img>
                <span class="method-name">TC09_FutureDateCheck</span>
                <span class="method-start">102829 ms</span>
              </div> <!-- test-method -->
              <div class="configuration-method after">
                <span class="method-name">tearDown</span>
                <span class="method-start">105031 ms</span>
              </div> <!-- configuration-method after -->
            </div> <!-- chronological-class -->
            <div class="chronological-class">
              <div class="chronological-class-name">Epic6.Test_US_6_2</div> <!-- chronological-class-name -->
              <div class="configuration-method before">
                <span class="method-name">setupAndNavigate</span>
                <span class="method-start">107241 ms</span>
              </div> <!-- configuration-method before -->
              <div class="test-method">
                <img src="failed.png">
                </img>
                <span class="method-name">TC01_TruyCapManHinh</span>
                <span class="method-start">113792 ms</span>
              </div> <!-- test-method -->
              <div class="configuration-method after">
                <span class="method-name">tearDown</span>
                <span class="method-start">123840 ms</span>
              </div> <!-- configuration-method after -->
              <div class="configuration-method before">
                <span class="method-name">setupAndNavigate</span>
                <span class="method-start">126076 ms</span>
              </div> <!-- configuration-method before -->
              <div class="test-method">
                <span class="method-name">TC02_LocTheoTrangThai_ChuaXuLy</span>
                <span class="method-start">132617 ms</span>
              </div> <!-- test-method -->
              <div class="configuration-method after">
                <span class="method-name">tearDown</span>
                <span class="method-start">143667 ms</span>
              </div> <!-- configuration-method after -->
              <div class="configuration-method before">
                <span class="method-name">setupAndNavigate</span>
                <span class="method-start">145846 ms</span>
              </div> <!-- configuration-method before -->
              <div class="test-method">
                <img src="failed.png">
                </img>
                <span class="method-name">TC03_XemChiTietPhanHoi</span>
                <span class="method-start">152888 ms</span>
              </div> <!-- test-method -->
              <div class="configuration-method after">
                <span class="method-name">tearDown</span>
                <span class="method-start">164495 ms</span>
              </div> <!-- configuration-method after -->
              <div class="configuration-method before">
                <span class="method-name">setupAndNavigate</span>
                <span class="method-start">166723 ms</span>
              </div> <!-- configuration-method before -->
              <div class="test-method">
                <span class="method-name">TC04_XuLyPhanHoi_BatDau</span>
                <span class="method-start">173520 ms</span>
              </div> <!-- test-method -->
              <div class="configuration-method after">
                <span class="method-name">tearDown</span>
                <span class="method-start">184582 ms</span>
              </div> <!-- configuration-method after -->
              <div class="configuration-method before">
                <span class="method-name">setupAndNavigate</span>
                <span class="method-start">186794 ms</span>
              </div> <!-- configuration-method before -->
              <div class="test-method">
                <img src="failed.png">
                </img>
                <span class="method-name">TC05_HuyPhanHoi</span>
                <span class="method-start">193806 ms</span>
              </div> <!-- test-method -->
              <div class="configuration-method after">
                <span class="method-name">tearDown</span>
                <span class="method-start">198389 ms</span>
              </div> <!-- configuration-method after -->
              <div class="configuration-method before">
                <span class="method-name">setupAndNavigate</span>
                <span class="method-start">200611 ms</span>
              </div> <!-- configuration-method before -->
              <div class="test-method">
                <span class="method-name">TC06_TimKiemPhanHoi</span>
                <span class="method-start">207191 ms</span>
              </div> <!-- test-method -->
              <div class="configuration-method after">
                <span class="method-name">tearDown</span>
                <span class="method-start">209257 ms</span>
              </div> <!-- configuration-method after -->
              <div class="configuration-method before">
                <span class="method-name">setupAndNavigate</span>
                <span class="method-start">211452 ms</span>
              </div> <!-- configuration-method before -->
              <div class="test-method">
                <img src="failed.png">
                </img>
                <span class="method-name">TC07_KiemTraHinhAnh</span>
                <span class="method-start">218016 ms</span>
              </div> <!-- test-method -->
              <div class="configuration-method after">
                <span class="method-name">tearDown</span>
                <span class="method-start">219550 ms</span>
              </div> <!-- configuration-method after -->
              <div class="configuration-method before">
                <span class="method-name">setupAndNavigate</span>
                <span class="method-start">221749 ms</span>
              </div> <!-- configuration-method before -->
              <div class="test-method">
                <span class="method-name">TC08_KiemTraThongTinKhach</span>
                <span class="method-start">228439 ms</span>
              </div> <!-- test-method -->
              <div class="configuration-method after">
                <span class="method-name">tearDown</span>
                <span class="method-start">228453 ms</span>
              </div> <!-- configuration-method after -->
              <div class="configuration-method before">
                <span class="method-name">setupAndNavigate</span>
                <span class="method-start">230663 ms</span>
              </div> <!-- configuration-method before -->
              <div class="test-method">
                <span class="method-name">TC09_ClickNotification</span>
                <span class="method-start">237265 ms</span>
              </div> <!-- test-method -->
              <div class="configuration-method after">
                <span class="method-name">tearDown</span>
                <span class="method-start">248366 ms</span>
              </div> <!-- configuration-method after -->
              <div class="configuration-method before">
                <span class="method-name">setupAndNavigate</span>
                <span class="method-start">250556 ms</span>
              </div> <!-- configuration-method before -->
              <div class="test-method">
                <span class="method-name">TC10_TabDaXuLy</span>
                <span class="method-start">257214 ms</span>
              </div> <!-- test-method -->
              <div class="configuration-method after">
                <span class="method-name">tearDown</span>
                <span class="method-start">258243 ms</span>
              </div> <!-- configuration-method after -->
            </div> <!-- chronological-class -->
            <div class="chronological-class">
              <div class="chronological-class-name">Epic6.Test_US_6_1</div> <!-- chronological-class-name -->
              <div class="configuration-method before">
                <span class="method-name">setupAndNavigate</span>
                <span class="method-start">260446 ms</span>
              </div> <!-- configuration-method before -->
              <div class="test-method">
                <img src="failed.png">
                </img>
                <span class="method-name">TC01_GuiThongBao_MotPhong</span>
                <span class="method-start">267090 ms</span>
              </div> <!-- test-method -->
              <div class="configuration-method after">
                <span class="method-name">tearDown</span>
                <span class="method-start">271846 ms</span>
              </div> <!-- configuration-method after -->
              <div class="configuration-method before">
                <span class="method-name">setupAndNavigate</span>
                <span class="method-start">274052 ms</span>
              </div> <!-- configuration-method before -->
              <div class="test-method">
                <img src="failed.png">
                </img>
                <span class="method-name">TC02_GuiThongBao_TatCa</span>
                <span class="method-start">280771 ms</span>
              </div> <!-- test-method -->
              <div class="configuration-method after">
                <span class="method-name">tearDown</span>
                <span class="method-start">283106 ms</span>
              </div> <!-- configuration-method after -->
              <div class="configuration-method before">
                <span class="method-name">setupAndNavigate</span>
                <span class="method-start">285320 ms</span>
              </div> <!-- configuration-method before -->
              <div class="test-method">
                <span class="method-name">TC03_Validate_TrongTieuDe</span>
                <span class="method-start">292003 ms</span>
              </div> <!-- test-method -->
              <div class="configuration-method after">
                <span class="method-name">tearDown</span>
                <span class="method-start">294165 ms</span>
              </div> <!-- configuration-method after -->
              <div class="configuration-method before">
                <span class="method-name">setupAndNavigate</span>
                <span class="method-start">296358 ms</span>
              </div> <!-- configuration-method before -->
              <div class="test-method">
                <span class="method-name">TC04_Validate_TrongNoiDung</span>
                <span class="method-start">302978 ms</span>
              </div> <!-- test-method -->
              <div class="configuration-method after">
                <span class="method-name">tearDown</span>
                <span class="method-start">305148 ms</span>
              </div> <!-- configuration-method after -->
              <div class="configuration-method before">
                <span class="method-name">setupAndNavigate</span>
                <span class="method-start">307342 ms</span>
              </div> <!-- configuration-method before -->
              <div class="test-method">
                <span class="method-name">TC05_ChucNang_LuuNhap</span>
                <span class="method-start">314016 ms</span>
              </div> <!-- test-method -->
              <div class="configuration-method after">
                <span class="method-name">tearDown</span>
                <span class="method-start">317200 ms</span>
              </div> <!-- configuration-method after -->
              <div class="configuration-method before">
                <span class="method-name">setupAndNavigate</span>
                <span class="method-start">319417 ms</span>
              </div> <!-- configuration-method before -->
              <div class="test-method">
                <span class="method-name">TC06_ChucNang_Huy</span>
                <span class="method-start">326011 ms</span>
              </div> <!-- test-method -->
              <div class="configuration-method after">
                <span class="method-name">tearDown</span>
                <span class="method-start">326088 ms</span>
              </div> <!-- configuration-method after -->
              <div class="configuration-method before">
                <span class="method-name">setupAndNavigate</span>
                <span class="method-start">328294 ms</span>
              </div> <!-- configuration-method before -->
              <div class="test-method">
                <img src="failed.png">
                </img>
                <span class="method-name">TC07_TieuDe_KyTuDacBiet</span>
                <span class="method-start">334944 ms</span>
              </div> <!-- test-method -->
              <div class="configuration-method after">
                <span class="method-name">tearDown</span>
                <span class="method-start">339710 ms</span>
              </div> <!-- configuration-method after -->
              <div class="configuration-method before">
                <span class="method-name">setupAndNavigate</span>
                <span class="method-start">341928 ms</span>
              </div> <!-- configuration-method before -->
              <div class="test-method">
                <img src="failed.png">
                </img>
                <span class="method-name">TC08_NoiDung_Dai</span>
                <span class="method-start">348538 ms</span>
              </div> <!-- test-method -->
              <div class="configuration-method after">
                <span class="method-name">tearDown</span>
                <span class="method-start">353917 ms</span>
              </div> <!-- configuration-method after -->
              <div class="configuration-method before">
                <span class="method-name">setupAndNavigate</span>
                <span class="method-start">356132 ms</span>
              </div> <!-- configuration-method before -->
              <div class="test-method">
                <img src="failed.png">
                </img>
                <span class="method-name">TC09_Chon_NhieuPhong</span>
                <span class="method-start">362776 ms</span>
              </div> <!-- test-method -->
              <div class="configuration-method after">
                <span class="method-name">tearDown</span>
                <span class="method-start">368521 ms</span>
              </div> <!-- configuration-method after -->
              <div class="configuration-method before">
                <span class="method-name">setupAndNavigate</span>
                <span class="method-start">370723 ms</span>
              </div> <!-- configuration-method before -->
              <div class="test-method">
                <span class="method-name">TC10_Verify_LichSu</span>
                <span class="method-start">377265 ms</span>
              </div> <!-- test-method -->
              <div class="configuration-method after">
                <span class="method-name">tearDown</span>
                <span class="method-start">377283 ms</span>
              </div> <!-- configuration-method after -->
            </div> <!-- chronological-class -->
            <div class="chronological-class">
              <div class="chronological-class-name">Epic10.Test_US_10_1</div> <!-- chronological-class-name -->
              <div class="configuration-method before">
                <span class="method-name">setupAndNavigate</span>
                <span class="method-start">379480 ms</span>
              </div> <!-- configuration-method before -->
              <div class="test-method">
                <img src="failed.png">
                </img>
                <span class="method-name">TC01_CheckBellAndDropdown</span>
                <span class="method-start">383286 ms</span>
              </div> <!-- test-method -->
              <div class="configuration-method after">
                <span class="method-name">tearDown</span>
                <span class="method-start">394400 ms</span>
              </div> <!-- configuration-method after -->
              <div class="configuration-method before">
                <span class="method-name">setupAndNavigate</span>
                <span class="method-start">396564 ms</span>
              </div> <!-- configuration-method before -->
              <div class="test-method">
                <span class="method-name">TC02_CheckDropdownContent</span>
                <span class="method-start">400385 ms</span>
              </div> <!-- test-method -->
              <div class="configuration-method after">
                <span class="method-name">tearDown</span>
                <span class="method-start">411422 ms</span>
              </div> <!-- configuration-method after -->
              <div class="configuration-method before">
                <span class="method-name">setupAndNavigate</span>
                <span class="method-start">413607 ms</span>
              </div> <!-- configuration-method before -->
              <div class="test-method">
                <span class="method-name">TC03_RemoveNotificationQuickly</span>
                <span class="method-start">417594 ms</span>
              </div> <!-- test-method -->
              <div class="configuration-method after">
                <span class="method-name">tearDown</span>
                <span class="method-start">428680 ms</span>
              </div> <!-- configuration-method after -->
              <div class="configuration-method before">
                <span class="method-name">setupAndNavigate</span>
                <span class="method-start">430847 ms</span>
              </div> <!-- configuration-method before -->
              <div class="test-method">
                <span class="method-name">TC04_GoToAllNotifications</span>
                <span class="method-start">434853 ms</span>
              </div> <!-- test-method -->
              <div class="configuration-method after">
                <span class="method-name">tearDown</span>
                <span class="method-start">437426 ms</span>
              </div> <!-- configuration-method after -->
              <div class="configuration-method before">
                <span class="method-name">setupAndNavigate</span>
                <span class="method-start">439603 ms</span>
              </div> <!-- configuration-method before -->
              <div class="test-method">
                <span class="method-name">TC05_CheckTabs</span>
                <span class="method-start">443589 ms</span>
              </div> <!-- test-method -->
              <div class="configuration-method after">
                <span class="method-name">tearDown</span>
                <span class="method-start">446694 ms</span>
              </div> <!-- configuration-method after -->
              <div class="configuration-method before">
                <span class="method-name">setupAndNavigate</span>
                <span class="method-start">448855 ms</span>
              </div> <!-- configuration-method before -->
              <div class="test-method">
                <span class="method-name">TC06_CheckListItemDetails</span>
                <span class="method-start">452768 ms</span>
              </div> <!-- test-method -->
              <div class="configuration-method after">
                <span class="method-name">tearDown</span>
                <span class="method-start">464882 ms</span>
              </div> <!-- configuration-method after -->
              <div class="configuration-method before">
                <span class="method-name">setupAndNavigate</span>
                <span class="method-start">467070 ms</span>
              </div> <!-- configuration-method before -->
              <div class="test-method">
                <span class="method-name">TC07_CheckResponsive</span>
                <span class="method-start">470995 ms</span>
              </div> <!-- test-method -->
              <div class="configuration-method after">
                <span class="method-name">tearDown</span>
                <span class="method-start">474509 ms</span>
              </div> <!-- configuration-method after -->
            </div> <!-- chronological-class -->
            <div class="chronological-class">
              <div class="chronological-class-name">Epic10.Test_US_10_2</div> <!-- chronological-class-name -->
              <div class="configuration-method before">
                <span class="method-name">setupAndNavigate</span>
                <span class="method-start">476683 ms</span>
              </div> <!-- configuration-method before -->
              <div class="test-method">
                <img src="failed.png">
                </img>
                <span class="method-name">TC01_AccessFeedbackPage</span>
                <span class="method-start">482674 ms</span>
              </div> <!-- test-method -->
              <div class="configuration-method after">
                <span class="method-name">tearDown</span>
                <span class="method-start">492687 ms</span>
              </div> <!-- configuration-method after -->
              <div class="configuration-method before">
                <span class="method-name">setupAndNavigate</span>
                <span class="method-start">494872 ms</span>
              </div> <!-- configuration-method before -->
              <div class="test-method">
                <img src="failed.png">
                </img>
                <span class="method-name">TC02_OpenModalAndCheckTips</span>
                <span class="method-start">500794 ms</span>
              </div> <!-- test-method -->
              <div class="configuration-method after">
                <span class="method-name">tearDown</span>
                <span class="method-start">511844 ms</span>
              </div> <!-- configuration-method after -->
              <div class="configuration-method before">
                <span class="method-name">setupAndNavigate</span>
                <span class="method-start">514033 ms</span>
              </div> <!-- configuration-method before -->
              <div class="test-method">
                <img src="failed.png">
                </img>
                <span class="method-name">TC03_InputData</span>
                <span class="method-start">519967 ms</span>
              </div> <!-- test-method -->
              <div class="configuration-method after">
                <span class="method-name">tearDown</span>
                <span class="method-start">521138 ms</span>
              </div> <!-- configuration-method after -->
              <div class="configuration-method before">
                <span class="method-name">setupAndNavigate</span>
                <span class="method-start">523319 ms</span>
              </div> <!-- configuration-method before -->
              <div class="test-method">
                <span class="method-name">TC04_UploadImage</span>
                <span class="method-start">529260 ms</span>
              </div> <!-- test-method -->
              <div class="configuration-method after">
                <span class="method-name">tearDown</span>
                <span class="method-start">530350 ms</span>
              </div> <!-- configuration-method after -->
              <div class="configuration-method before">
                <span class="method-name">setupAndNavigate</span>
                <span class="method-start">532538 ms</span>
              </div> <!-- configuration-method before -->
              <div class="test-method">
                <img src="failed.png">
                </img>
                <span class="method-name">TC05_SubmitFeedbackSuccess</span>
                <span class="method-start">538502 ms</span>
              </div> <!-- test-method -->
              <div class="configuration-method after">
                <span class="method-name">tearDown</span>
                <span class="method-start">542676 ms</span>
              </div> <!-- configuration-method after -->
              <div class="configuration-method before">
                <span class="method-name">setupAndNavigate</span>
                <span class="method-start">544854 ms</span>
              </div> <!-- configuration-method before -->
              <div class="test-method">
                <span class="method-name">TC06_CancelCreation</span>
                <span class="method-start">550831 ms</span>
              </div> <!-- test-method -->
              <div class="configuration-method after">
                <span class="method-name">tearDown</span>
                <span class="method-start">562974 ms</span>
              </div> <!-- configuration-method after -->
              <div class="configuration-method before">
                <span class="method-name">setupAndNavigate</span>
                <span class="method-start">565207 ms</span>
              </div> <!-- configuration-method before -->
              <div class="test-method">
                <span class="method-name">TC07_CheckCancelledItem</span>
                <span class="method-start">571214 ms</span>
              </div> <!-- test-method -->
              <div class="configuration-method after">
                <span class="method-name">tearDown</span>
                <span class="method-start">571247 ms</span>
              </div> <!-- configuration-method after -->
              <div class="configuration-method before">
                <span class="method-name">setupAndNavigate</span>
                <span class="method-start">573407 ms</span>
              </div> <!-- configuration-method before -->
              <div class="test-method">
                <span class="method-name">TC08_CheckRoomInfo</span>
                <span class="method-start">579300 ms</span>
              </div> <!-- test-method -->
              <div class="configuration-method after">
                <span class="method-name">tearDown</span>
                <span class="method-start">579308 ms</span>
              </div> <!-- configuration-method after -->
              <div class="configuration-method before">
                <span class="method-name">setupAndNavigate</span>
                <span class="method-start">581493 ms</span>
              </div> <!-- configuration-method before -->
              <div class="test-method">
                <span class="method-name">TC09_CheckAttachmentDisplay</span>
                <span class="method-start">587409 ms</span>
              </div> <!-- test-method -->
              <div class="configuration-method after">
                <span class="method-name">tearDown</span>
                <span class="method-start">597468 ms</span>
              </div> <!-- configuration-method after -->
            </div> <!-- chronological-class -->
            <div class="chronological-class">
              <div class="chronological-class-name">Epic4.Test_US_4_2</div> <!-- chronological-class-name -->
              <div class="configuration-method before">
                <img src="failed.png">
                </img>
                <span class="method-name">setupAndNavigate</span>
                <span class="method-start">599630 ms</span>
              </div> <!-- configuration-method before -->
              <div class="configuration-method before">
                <span class="method-name">setupAndNavigate</span>
                <span class="method-start">614091 ms</span>
              </div> <!-- configuration-method before -->
              <div class="configuration-method before">
                <span class="method-name">setupAndNavigate</span>
                <span class="method-start">614093 ms</span>
              </div> <!-- configuration-method before -->
              <div class="configuration-method before">
                <span class="method-name">setupAndNavigate</span>
                <span class="method-start">614095 ms</span>
              </div> <!-- configuration-method before -->
              <div class="configuration-method before">
                <span class="method-name">setupAndNavigate</span>
                <span class="method-start">614096 ms</span>
              </div> <!-- configuration-method before -->
              <div class="configuration-method before">
                <span class="method-name">setupAndNavigate</span>
                <span class="method-start">614099 ms</span>
              </div> <!-- configuration-method before -->
              <div class="configuration-method before">
                <span class="method-name">setupAndNavigate</span>
                <span class="method-start">614100 ms</span>
              </div> <!-- configuration-method before -->
              <div class="configuration-method before">
                <span class="method-name">setupAndNavigate</span>
                <span class="method-start">614102 ms</span>
              </div> <!-- configuration-method before -->
              <div class="configuration-method before">
                <span class="method-name">setupAndNavigate</span>
                <span class="method-start">614103 ms</span>
              </div> <!-- configuration-method before -->
              <div class="configuration-method before">
                <span class="method-name">setupAndNavigate</span>
                <span class="method-start">614106 ms</span>
              </div> <!-- configuration-method before -->
              <div class="configuration-method before">
                <span class="method-name">setupAndNavigate</span>
                <span class="method-start">614111 ms</span>
              </div> <!-- configuration-method before -->
              <div class="configuration-method before">
                <span class="method-name">setupAndNavigate</span>
                <span class="method-start">614113 ms</span>
              </div> <!-- configuration-method before -->
            </div> <!-- chronological-class -->
            <div class="chronological-class">
              <div class="chronological-class-name">Epic4.Test_US_4_3</div> <!-- chronological-class-name -->
              <div class="configuration-method before">
                <span class="method-name">setupAndNavigate</span>
                <span class="method-start">614116 ms</span>
              </div> <!-- configuration-method before -->
              <div class="test-method">
                <img src="failed.png">
                </img>
                <span class="method-name">TC01_CheckUI_Statistics</span>
                <span class="method-start">620339 ms</span>
              </div> <!-- test-method -->
              <div class="configuration-method after">
                <span class="method-name">tearDown</span>
                <span class="method-start">630385 ms</span>
              </div> <!-- configuration-method after -->
              <div class="configuration-method before">
                <span class="method-name">setupAndNavigate</span>
                <span class="method-start">632547 ms</span>
              </div> <!-- configuration-method before -->
              <div class="test-method">
                <img src="failed.png">
                </img>
                <span class="method-name">TC02_CheckFilters</span>
                <span class="method-start">638832 ms</span>
              </div> <!-- test-method -->
              <div class="configuration-method after">
                <span class="method-name">tearDown</span>
                <span class="method-start">648904 ms</span>
              </div> <!-- configuration-method after -->
              <div class="configuration-method before">
                <span class="method-name">setupAndNavigate</span>
                <span class="method-start">651078 ms</span>
              </div> <!-- configuration-method before -->
              <div class="test-method">
                <img src="failed.png">
                </img>
                <span class="method-name">TC03_CheckAddPopup</span>
                <span class="method-start">657354 ms</span>
              </div> <!-- test-method -->
              <div class="configuration-method after">
                <span class="method-name">tearDown</span>
                <span class="method-start">668400 ms</span>
              </div> <!-- configuration-method after -->
              <div class="configuration-method before">
                <span class="method-name">setupAndNavigate</span>
                <span class="method-start">670624 ms</span>
              </div> <!-- configuration-method before -->
              <div class="test-method">
                <img src="failed.png">
                </img>
                <span class="method-name">TC09_AddNewRecord_Success</span>
                <span class="method-start">677109 ms</span>
              </div> <!-- test-method -->
              <div class="configuration-method after">
                <span class="method-name">tearDown</span>
                <span class="method-start">688186 ms</span>
              </div> <!-- configuration-method after -->
              <div class="configuration-method before">
                <span class="method-name">setupAndNavigate</span>
                <span class="method-start">690396 ms</span>
              </div> <!-- configuration-method before -->
              <div class="test-method">
                <img src="failed.png">
                </img>
                <span class="method-name">TC13_Validate_IndexLogic</span>
                <span class="method-start">696605 ms</span>
              </div> <!-- test-method -->
              <div class="configuration-method after">
                <span class="method-name">tearDown</span>
                <span class="method-start">697797 ms</span>
              </div> <!-- configuration-method after -->
              <div class="configuration-method before">
                <span class="method-name">setupAndNavigate</span>
                <span class="method-start">700024 ms</span>
              </div> <!-- configuration-method before -->
              <div class="test-method">
                <span class="method-name">TC22_AutoCalculate</span>
                <span class="method-start">706143 ms</span>
              </div> <!-- test-method -->
              <div class="configuration-method after">
                <span class="method-name">tearDown</span>
                <span class="method-start">707929 ms</span>
              </div> <!-- configuration-method after -->
              <div class="configuration-method before">
                <span class="method-name">setupAndNavigate</span>
                <span class="method-start">710138 ms</span>
              </div> <!-- configuration-method before -->
              <div class="test-method">
                <span class="method-name">TC34_Search</span>
                <span class="method-start">716353 ms</span>
              </div> <!-- test-method -->
              <div class="configuration-method after">
                <span class="method-name">tearDown</span>
                <span class="method-start">717478 ms</span>
              </div> <!-- configuration-method after -->
              <div class="configuration-method before">
                <span class="method-name">setupAndNavigate</span>
                <span class="method-start">719674 ms</span>
              </div> <!-- configuration-method before -->
              <div class="test-method">
                <img src="failed.png">
                </img>
                <span class="method-name">TC45_EditRecord</span>
                <span class="method-start">725913 ms</span>
              </div> <!-- test-method -->
              <div class="configuration-method after">
                <span class="method-name">tearDown</span>
                <span class="method-start">726945 ms</span>
              </div> <!-- configuration-method after -->
              <div class="configuration-method before">
                <span class="method-name">setupAndNavigate</span>
                <span class="method-start">729173 ms</span>
              </div> <!-- configuration-method before -->
              <div class="test-method">
                <img src="failed.png">
                </img>
                <span class="method-name">TC64_DeleteRecord</span>
                <span class="method-start">735264 ms</span>
              </div> <!-- test-method -->
              <div class="configuration-method after">
                <span class="method-name">tearDown</span>
                <span class="method-start">735789 ms</span>
              </div> <!-- configuration-method after -->
              <div class="configuration-method before">
                <span class="method-name">setupAndNavigate</span>
                <span class="method-start">738003 ms</span>
              </div> <!-- configuration-method before -->
              <div class="test-method">
                <span class="method-name">TC137_CheckChart</span>
                <span class="method-start">744257 ms</span>
              </div> <!-- test-method -->
              <div class="configuration-method after">
                <span class="method-name">tearDown</span>
                <span class="method-start">744280 ms</span>
              </div> <!-- configuration-method after -->
          </div> <!-- main-panel-content rounded-window-bottom -->
        </div> <!-- panel -->
      </div> <!-- main-panel-root -->
    </div> <!-- wrapper -->
  </body>
<script type="text/javascript" src="testng-reports2.js"></script>
</html>
