<?xml version="1.0" encoding="UTF-8"?>
<testng-results ignored="0" total="67" passed="27" failed="28" skipped="12">
  <reporter-output>
  </reporter-output>
  <suite started-at="2025-12-30T17:00:43 ICT" name="RoomManagement_Suite" finished-at="2025-12-30T17:13:10 ICT" duration-ms="746537">
    <groups>
    </groups>
    <test started-at="2025-12-30T17:00:43 ICT" name="Test_Full" finished-at="2025-12-30T17:13:10 ICT" duration-ms="746537">
      <class name="Epic10.Test_US_10_1">
        <test-method is-config="true" signature="setupAndNavigate()[pri:0, instance:Epic10.Test_US_10_1@782859e]" started-at="2025-12-30T17:07:03 ICT" name="setupAndNavigate" finished-at="2025-12-30T17:07:06 ICT" duration-ms="3806" status="PASS">
          <reporter-output>
          </reporter-output>
        </test-method> <!-- setupAndNavigate -->
        <test-method signature="TC01_CheckBellAndDropdown()[pri:1, instance:Epic10.Test_US_10_1@782859e]" started-at="2025-12-30T17:07:06 ICT" name="TC01_CheckBellAndDropdown" description="TC_203, TC_204: Kiểm tra Icon Chuông và Mở Dropdown nhanh" finished-at="2025-12-30T17:07:17 ICT" duration-ms="11113" status="FAIL">
          <exception class="org.openqa.selenium.NoSuchElementException">
            <message>
              <![CDATA[no such element: Unable to locate element: {"method":"xpath","selector":"//h6[contains(text(),'Thông báo')] | //div[contains(@class,'dropdown-header')]"}
  (Session info: chrome=143.0.7499.170)
For documentation on this error, please visit: https://www.selenium.dev/documentation/webdriver/troubleshooting/errors#no-such-element-exception
Build info: version: '4.35.0', revision: '1c58e5028b'
System info: os.name: 'Windows 11', os.arch: 'amd64', os.version: '10.0', java.version: '21.0.3'
Driver info: org.openqa.selenium.chrome.ChromeDriver
Command: [36adb7d80aaf485bb0fa4fe7fab7e344, findElement {using=xpath, value=//h6[contains(text(),'Thông báo')] | //div[contains(@class,'dropdown-header')]}]
Capabilities {acceptInsecureCerts: false, browserName: chrome, browserVersion: 143.0.7499.170, chrome: {chromedriverVersion: 143.0.7499.169 (164b20aab62..., userDataDir: C:\Users\tongh\AppData\Loca...}, fedcm:accounts: true, goog:chromeOptions: {debuggerAddress: localhost:51563}, goog:processID: 19708, networkConnectionEnabled: false, pageLoadStrategy: normal, platformName: windows, proxy: Proxy(), se:cdp: ws://localhost:51563/devtoo..., se:cdpVersion: 143.0.7499.170, setWindowRect: true, strictFileInteractability: false, timeouts: {implicit: 0, pageLoad: 300000, script: 30000}, unhandledPromptBehavior: dismiss and notify, webauthn:extension:credBlob: true, webauthn:extension:largeBlob: true, webauthn:extension:minPinLength: true, webauthn:extension:prf: true, webauthn:virtualAuthenticators: true}
Session ID: 36adb7d80aaf485bb0fa4fe7fab7e344]]>
            </message>
            <full-stacktrace>
              <![CDATA[org.openqa.selenium.NoSuchElementException: no such element: Unable to locate element: {"method":"xpath","selector":"//h6[contains(text(),'Thông báo')] | //div[contains(@class,'dropdown-header')]"}
  (Session info: chrome=143.0.7499.170)
For documentation on this error, please visit: https://www.selenium.dev/documentation/webdriver/troubleshooting/errors#no-such-element-exception
Build info: version: '4.35.0', revision: '1c58e5028b'
System info: os.name: 'Windows 11', os.arch: 'amd64', os.version: '10.0', java.version: '21.0.3'
Driver info: org.openqa.selenium.chrome.ChromeDriver
Command: [36adb7d80aaf485bb0fa4fe7fab7e344, findElement {using=xpath, value=//h6[contains(text(),'Thông báo')] | //div[contains(@class,'dropdown-header')]}]
Capabilities {acceptInsecureCerts: false, browserName: chrome, browserVersion: 143.0.7499.170, chrome: {chromedriverVersion: 143.0.7499.169 (164b20aab62..., userDataDir: C:\Users\tongh\AppData\Loca...}, fedcm:accounts: true, goog:chromeOptions: {debuggerAddress: localhost:51563}, goog:processID: 19708, networkConnectionEnabled: false, pageLoadStrategy: normal, platformName: windows, proxy: Proxy(), se:cdp: ws://localhost:51563/devtoo..., se:cdpVersion: 143.0.7499.170, setWindowRect: true, strictFileInteractability: false, timeouts: {implicit: 0, pageLoad: 300000, script: 30000}, unhandledPromptBehavior: dismiss and notify, webauthn:extension:credBlob: true, webauthn:extension:largeBlob: true, webauthn:extension:minPinLength: true, webauthn:extension:prf: true, webauthn:virtualAuthenticators: true}
Session ID: 36adb7d80aaf485bb0fa4fe7fab7e344
at java.base/jdk.internal.reflect.DirectConstructorHandleAccessor.newInstance(DirectConstructorHandleAccessor.java:62)
at java.base/java.lang.reflect.Constructor.newInstanceWithCaller(Constructor.java:502)
at java.base/java.lang.reflect.Constructor.newInstance(Constructor.java:486)
at org.openqa.selenium.remote.ErrorCodec.decode(ErrorCodec.java:167)
at org.openqa.selenium.remote.codec.w3c.W3CHttpResponseCodec.decode(W3CHttpResponseCodec.java:138)
at org.openqa.selenium.remote.codec.w3c.W3CHttpResponseCodec.decode(W3CHttpResponseCodec.java:50)
at org.openqa.selenium.remote.HttpCommandExecutor.execute(HttpCommandExecutor.java:215)
at org.openqa.selenium.remote.service.DriverCommandExecutor.invokeExecute(DriverCommandExecutor.java:216)
at org.openqa.selenium.remote.service.DriverCommandExecutor.execute(DriverCommandExecutor.java:174)
at org.openqa.selenium.remote.RemoteWebDriver.execute(RemoteWebDriver.java:557)
at org.openqa.selenium.remote.ElementLocation$ElementFinder$2.findElement(ElementLocation.java:165)
at org.openqa.selenium.remote.ElementLocation.findElement(ElementLocation.java:59)
at org.openqa.selenium.remote.RemoteWebDriver.findElement(RemoteWebDriver.java:380)
at org.openqa.selenium.remote.RemoteWebDriver.findElement(RemoteWebDriver.java:374)
at Epic10.Test_US_10_1.TC01_CheckBellAndDropdown(Test_US_10_1.java:78)
at java.base/jdk.internal.reflect.DirectMethodHandleAccessor.invoke(DirectMethodHandleAccessor.java:103)
at java.base/java.lang.reflect.Method.invoke(Method.java:580)
at org.testng.internal.invokers.MethodInvocationHelper.invokeMethod(MethodInvocationHelper.java:141)
at org.testng.internal.invokers.TestInvoker.invokeMethod(TestInvoker.java:687)
at org.testng.internal.invokers.TestInvoker.invokeTestMethod(TestInvoker.java:230)
at org.testng.internal.invokers.MethodRunner.runInSequence(MethodRunner.java:63)
at org.testng.internal.invokers.TestInvoker$MethodInvocationAgent.invoke(TestInvoker.java:995)
at org.testng.internal.invokers.TestInvoker.invokeTestMethods(TestInvoker.java:203)
at org.testng.internal.invokers.TestMethodWorker.invokeTestMethods(TestMethodWorker.java:154)
at org.testng.internal.invokers.TestMethodWorker.run(TestMethodWorker.java:134)
at java.base/java.util.ArrayList.forEach(ArrayList.java:1596)
at org.testng.TestRunner.privateRun(TestRunner.java:741)
at org.testng.TestRunner.run(TestRunner.java:616)
at org.testng.SuiteRunner.runTest(SuiteRunner.java:421)
at org.testng.SuiteRunner.runSequentially(SuiteRunner.java:413)
at org.testng.SuiteRunner.privateRun(SuiteRunner.java:373)
at org.testng.SuiteRunner.run(SuiteRunner.java:312)
at org.testng.SuiteRunnerWorker.runSuite(SuiteRunnerWorker.java:52)
at org.testng.SuiteRunnerWorker.run(SuiteRunnerWorker.java:95)
at org.testng.TestNG.runSuitesSequentially(TestNG.java:1274)
at org.testng.TestNG.runSuitesLocally(TestNG.java:1208)
at org.testng.TestNG.runSuites(TestNG.java:1112)
at org.testng.TestNG.run(TestNG.java:1079)
at org.testng.remote.AbstractRemoteTestNG.run(AbstractRemoteTestNG.java:115)
at org.testng.remote.RemoteTestNG.initAndRun(RemoteTestNG.java:293)
at org.testng.remote.RemoteTestNG.main(RemoteTestNG.java:91)
]]>
            </full-stacktrace>
          </exception> <!-- org.openqa.selenium.NoSuchElementException -->
          <reporter-output>
          </reporter-output>
        </test-method> <!-- TC01_CheckBellAndDropdown -->
        <test-method is-config="true" signature="tearDown()[pri:0, instance:Epic10.Test_US_10_1@782859e]" started-at="2025-12-30T17:07:17 ICT" name="tearDown" finished-at="2025-12-30T17:07:20 ICT" duration-ms="2163" status="PASS">
          <reporter-output>
          </reporter-output>
        </test-method> <!-- tearDown -->
        <test-method is-config="true" signature="setupAndNavigate()[pri:0, instance:Epic10.Test_US_10_1@782859e]" started-at="2025-12-30T17:07:20 ICT" name="setupAndNavigate" finished-at="2025-12-30T17:07:23 ICT" duration-ms="3821" status="PASS">
          <reporter-output>
          </reporter-output>
        </test-method> <!-- setupAndNavigate -->
        <test-method signature="TC02_CheckDropdownContent()[pri:2, instance:Epic10.Test_US_10_1@782859e]" started-at="2025-12-30T17:07:23 ICT" name="TC02_CheckDropdownContent" description="TC_205, TC_215: Kiểm tra nội dung tóm tắt và Icon trong dropdown" finished-at="2025-12-30T17:07:34 ICT" duration-ms="11036" status="PASS">
          <reporter-output>
          </reporter-output>
        </test-method> <!-- TC02_CheckDropdownContent -->
        <test-method is-config="true" signature="tearDown()[pri:0, instance:Epic10.Test_US_10_1@782859e]" started-at="2025-12-30T17:07:34 ICT" name="tearDown" finished-at="2025-12-30T17:07:37 ICT" duration-ms="2185" status="PASS">
          <reporter-output>
          </reporter-output>
        </test-method> <!-- tearDown -->
        <test-method is-config="true" signature="setupAndNavigate()[pri:0, instance:Epic10.Test_US_10_1@782859e]" started-at="2025-12-30T17:07:37 ICT" name="setupAndNavigate" finished-at="2025-12-30T17:07:41 ICT" duration-ms="3987" status="PASS">
          <reporter-output>
          </reporter-output>
        </test-method> <!-- setupAndNavigate -->
        <test-method signature="TC03_RemoveNotificationQuickly()[pri:3, instance:Epic10.Test_US_10_1@782859e]" started-at="2025-12-30T17:07:41 ICT" name="TC03_RemoveNotificationQuickly" description="TC_206: Xóa/Ẩn thông báo nhanh từ dropdown" finished-at="2025-12-30T17:07:52 ICT" duration-ms="11086" status="PASS">
          <reporter-output>
          </reporter-output>
        </test-method> <!-- TC03_RemoveNotificationQuickly -->
        <test-method is-config="true" signature="tearDown()[pri:0, instance:Epic10.Test_US_10_1@782859e]" started-at="2025-12-30T17:07:52 ICT" name="tearDown" finished-at="2025-12-30T17:07:54 ICT" duration-ms="2167" status="PASS">
          <reporter-output>
          </reporter-output>
        </test-method> <!-- tearDown -->
        <test-method is-config="true" signature="setupAndNavigate()[pri:0, instance:Epic10.Test_US_10_1@782859e]" started-at="2025-12-30T17:07:54 ICT" name="setupAndNavigate" finished-at="2025-12-30T17:07:58 ICT" duration-ms="4006" status="PASS">
          <reporter-output>
          </reporter-output>
        </test-method> <!-- setupAndNavigate -->
        <test-method signature="TC04_GoToAllNotifications()[pri:4, instance:Epic10.Test_US_10_1@782859e]" started-at="2025-12-30T17:07:58 ICT" name="TC04_GoToAllNotifications" description="TC_207, TC_214: Chuyển đến trang &#039;Xem tất cả&#039;" finished-at="2025-12-30T17:08:00 ICT" duration-ms="2571" status="PASS">
          <reporter-output>
          </reporter-output>
        </test-method> <!-- TC04_GoToAllNotifications -->
        <test-method is-config="true" signature="tearDown()[pri:0, instance:Epic10.Test_US_10_1@782859e]" started-at="2025-12-30T17:08:00 ICT" name="tearDown" finished-at="2025-12-30T17:08:03 ICT" duration-ms="2176" status="PASS">
          <reporter-output>
          </reporter-output>
        </test-method> <!-- tearDown -->
        <test-method is-config="true" signature="setupAndNavigate()[pri:0, instance:Epic10.Test_US_10_1@782859e]" started-at="2025-12-30T17:08:03 ICT" name="setupAndNavigate" finished-at="2025-12-30T17:08:07 ICT" duration-ms="3986" status="PASS">
          <reporter-output>
          </reporter-output>
        </test-method> <!-- setupAndNavigate -->
        <test-method signature="TC05_CheckTabs()[pri:5, instance:Epic10.Test_US_10_1@782859e]" started-at="2025-12-30T17:08:07 ICT" name="TC05_CheckTabs" description="TC_208, TC_209, TC_210: Kiểm tra các Tab Lọc (Tất cả, Chưa đọc, Đã đọc)" finished-at="2025-12-30T17:08:10 ICT" duration-ms="3105" status="PASS">
          <reporter-output>
          </reporter-output>
        </test-method> <!-- TC05_CheckTabs -->
        <test-method is-config="true" signature="tearDown()[pri:0, instance:Epic10.Test_US_10_1@782859e]" started-at="2025-12-30T17:08:10 ICT" name="tearDown" finished-at="2025-12-30T17:08:12 ICT" duration-ms="2161" status="PASS">
          <reporter-output>
          </reporter-output>
        </test-method> <!-- tearDown -->
        <test-method is-config="true" signature="setupAndNavigate()[pri:0, instance:Epic10.Test_US_10_1@782859e]" started-at="2025-12-30T17:08:12 ICT" name="setupAndNavigate" finished-at="2025-12-30T17:08:16 ICT" duration-ms="3913" status="PASS">
          <reporter-output>
          </reporter-output>
        </test-method> <!-- setupAndNavigate -->
        <test-method signature="TC06_CheckListItemDetails()[pri:6, instance:Epic10.Test_US_10_1@782859e]" started-at="2025-12-30T17:08:16 ICT" name="TC06_CheckListItemDetails" description="TC_211, TC_212, TC_215: Kiểm tra chi tiết item trong danh sách đầy đủ" finished-at="2025-12-30T17:08:28 ICT" duration-ms="12113" status="PASS">
          <reporter-output>
          </reporter-output>
        </test-method> <!-- TC06_CheckListItemDetails -->
        <test-method is-config="true" signature="tearDown()[pri:0, instance:Epic10.Test_US_10_1@782859e]" started-at="2025-12-30T17:08:28 ICT" name="tearDown" finished-at="2025-12-30T17:08:30 ICT" duration-ms="2186" status="PASS">
          <reporter-output>
          </reporter-output>
        </test-method> <!-- tearDown -->
        <test-method is-config="true" signature="setupAndNavigate()[pri:0, instance:Epic10.Test_US_10_1@782859e]" started-at="2025-12-30T17:08:30 ICT" name="setupAndNavigate" finished-at="2025-12-30T17:08:34 ICT" duration-ms="3925" status="PASS">
          <reporter-output>
          </reporter-output>
        </test-method> <!-- setupAndNavigate -->
        <test-method signature="TC07_CheckResponsive()[pri:7, instance:Epic10.Test_US_10_1@782859e]" started-at="2025-12-30T17:08:34 ICT" name="TC07_CheckResponsive" description="TC_213: Kiểm tra Responsive (Resize window)" finished-at="2025-12-30T17:08:38 ICT" duration-ms="3513" status="PASS">
          <reporter-output>
          </reporter-output>
        </test-method> <!-- TC07_CheckResponsive -->
        <test-method is-config="true" signature="tearDown()[pri:0, instance:Epic10.Test_US_10_1@782859e]" started-at="2025-12-30T17:08:38 ICT" name="tearDown" finished-at="2025-12-30T17:08:40 ICT" duration-ms="2173" status="PASS">
          <reporter-output>
          </reporter-output>
        </test-method> <!-- tearDown -->
      </class> <!-- Epic10.Test_US_10_1 -->
      <class name="Epic6.Test_US_6_1">
        <test-method is-config="true" signature="setupAndNavigate()[pri:0, instance:Epic6.Test_US_6_1@3932c79a]" started-at="2025-12-30T17:05:04 ICT" name="setupAndNavigate" finished-at="2025-12-30T17:05:10 ICT" duration-ms="6644" status="PASS">
          <reporter-output>
          </reporter-output>
        </test-method> <!-- setupAndNavigate -->
        <test-method signature="TC01_GuiThongBao_MotPhong()[pri:1, instance:Epic6.Test_US_6_1@3932c79a]" started-at="2025-12-30T17:05:10 ICT" name="TC01_GuiThongBao_MotPhong" description="TC01: Gửi thông báo thành công cho 1 phòng cụ thể" finished-at="2025-12-30T17:05:15 ICT" duration-ms="4755" status="FAIL">
          <exception class="java.lang.AssertionError">
            <message>
              <![CDATA[FAILED: Không thấy thông báo trong lịch sử gửi! expected [true] but found [false]]]>
            </message>
            <full-stacktrace>
              <![CDATA[java.lang.AssertionError: FAILED: Không thấy thông báo trong lịch sử gửi! expected [true] but found [false]
at org.testng.Assert.fail(Assert.java:111)
at org.testng.Assert.failNotEquals(Assert.java:1590)
at org.testng.Assert.assertTrue(Assert.java:57)
at Epic6.Test_US_6_1.TC01_GuiThongBao_MotPhong(Test_US_6_1.java:134)
at java.base/jdk.internal.reflect.DirectMethodHandleAccessor.invoke(DirectMethodHandleAccessor.java:103)
at java.base/java.lang.reflect.Method.invoke(Method.java:580)
at org.testng.internal.invokers.MethodInvocationHelper.invokeMethod(MethodInvocationHelper.java:141)
at org.testng.internal.invokers.TestInvoker.invokeMethod(TestInvoker.java:687)
at org.testng.internal.invokers.TestInvoker.invokeTestMethod(TestInvoker.java:230)
at org.testng.internal.invokers.MethodRunner.runInSequence(MethodRunner.java:63)
at org.testng.internal.invokers.TestInvoker$MethodInvocationAgent.invoke(TestInvoker.java:995)
at org.testng.internal.invokers.TestInvoker.invokeTestMethods(TestInvoker.java:203)
at org.testng.internal.invokers.TestMethodWorker.invokeTestMethods(TestMethodWorker.java:154)
at org.testng.internal.invokers.TestMethodWorker.run(TestMethodWorker.java:134)
at java.base/java.util.ArrayList.forEach(ArrayList.java:1596)
at org.testng.TestRunner.privateRun(TestRunner.java:741)
at org.testng.TestRunner.run(TestRunner.java:616)
at org.testng.SuiteRunner.runTest(SuiteRunner.java:421)
at org.testng.SuiteRunner.runSequentially(SuiteRunner.java:413)
at org.testng.SuiteRunner.privateRun(SuiteRunner.java:373)
at org.testng.SuiteRunner.run(SuiteRunner.java:312)
at org.testng.SuiteRunnerWorker.runSuite(SuiteRunnerWorker.java:52)
at org.testng.SuiteRunnerWorker.run(SuiteRunnerWorker.java:95)
at org.testng.TestNG.runSuitesSequentially(TestNG.java:1274)
at org.testng.TestNG.runSuitesLocally(TestNG.java:1208)
at org.testng.TestNG.runSuites(TestNG.java:1112)
at org.testng.TestNG.run(TestNG.java:1079)
at org.testng.remote.AbstractRemoteTestNG.run(AbstractRemoteTestNG.java:115)
at org.testng.remote.RemoteTestNG.initAndRun(RemoteTestNG.java:293)
at org.testng.remote.RemoteTestNG.main(RemoteTestNG.java:91)
]]>
            </full-stacktrace>
          </exception> <!-- java.lang.AssertionError -->
          <reporter-output>
          </reporter-output>
        </test-method> <!-- TC01_GuiThongBao_MotPhong -->
        <test-method is-config="true" signature="tearDown()[pri:0, instance:Epic6.Test_US_6_1@3932c79a]" started-at="2025-12-30T17:05:15 ICT" name="tearDown" finished-at="2025-12-30T17:05:17 ICT" duration-ms="2206" status="PASS">
          <reporter-output>
          </reporter-output>
        </test-method> <!-- tearDown -->
        <test-method is-config="true" signature="setupAndNavigate()[pri:0, instance:Epic6.Test_US_6_1@3932c79a]" started-at="2025-12-30T17:05:17 ICT" name="setupAndNavigate" finished-at="2025-12-30T17:05:24 ICT" duration-ms="6719" status="PASS">
          <reporter-output>
          </reporter-output>
        </test-method> <!-- setupAndNavigate -->
        <test-method signature="TC02_GuiThongBao_TatCa()[pri:2, instance:Epic6.Test_US_6_1@3932c79a]" started-at="2025-12-30T17:05:24 ICT" name="TC02_GuiThongBao_TatCa" description="TC02: Gửi thông báo cho TẤT CẢ khách thuê" finished-at="2025-12-30T17:05:26 ICT" duration-ms="2331" status="FAIL">
          <exception class="java.lang.AssertionError">
            <message>
              <![CDATA[expected [true] but found [false]]]>
            </message>
            <full-stacktrace>
              <![CDATA[java.lang.AssertionError: expected [true] but found [false]
at org.testng.Assert.fail(Assert.java:111)
at org.testng.Assert.failNotEquals(Assert.java:1590)
at org.testng.Assert.assertTrue(Assert.java:57)
at org.testng.Assert.assertTrue(Assert.java:67)
at Epic6.Test_US_6_1.TC02_GuiThongBao_TatCa(Test_US_6_1.java:153)
at java.base/jdk.internal.reflect.DirectMethodHandleAccessor.invoke(DirectMethodHandleAccessor.java:103)
at java.base/java.lang.reflect.Method.invoke(Method.java:580)
at org.testng.internal.invokers.MethodInvocationHelper.invokeMethod(MethodInvocationHelper.java:141)
at org.testng.internal.invokers.TestInvoker.invokeMethod(TestInvoker.java:687)
at org.testng.internal.invokers.TestInvoker.invokeTestMethod(TestInvoker.java:230)
at org.testng.internal.invokers.MethodRunner.runInSequence(MethodRunner.java:63)
at org.testng.internal.invokers.TestInvoker$MethodInvocationAgent.invoke(TestInvoker.java:995)
at org.testng.internal.invokers.TestInvoker.invokeTestMethods(TestInvoker.java:203)
at org.testng.internal.invokers.TestMethodWorker.invokeTestMethods(TestMethodWorker.java:154)
at org.testng.internal.invokers.TestMethodWorker.run(TestMethodWorker.java:134)
at java.base/java.util.ArrayList.forEach(ArrayList.java:1596)
at org.testng.TestRunner.privateRun(TestRunner.java:741)
at org.testng.TestRunner.run(TestRunner.java:616)
at org.testng.SuiteRunner.runTest(SuiteRunner.java:421)
at org.testng.SuiteRunner.runSequentially(SuiteRunner.java:413)
at org.testng.SuiteRunner.privateRun(SuiteRunner.java:373)
at org.testng.SuiteRunner.run(SuiteRunner.java:312)
at org.testng.SuiteRunnerWorker.runSuite(SuiteRunnerWorker.java:52)
at org.testng.SuiteRunnerWorker.run(SuiteRunnerWorker.java:95)
at org.testng.TestNG.runSuitesSequentially(TestNG.java:1274)
at org.testng.TestNG.runSuitesLocally(TestNG.java:1208)
at org.testng.TestNG.runSuites(TestNG.java:1112)
at org.testng.TestNG.run(TestNG.java:1079)
at org.testng.remote.AbstractRemoteTestNG.run(AbstractRemoteTestNG.java:115)
at org.testng.remote.RemoteTestNG.initAndRun(RemoteTestNG.java:293)
at org.testng.remote.RemoteTestNG.main(RemoteTestNG.java:91)
]]>
            </full-stacktrace>
          </exception> <!-- java.lang.AssertionError -->
          <reporter-output>
          </reporter-output>
        </test-method> <!-- TC02_GuiThongBao_TatCa -->
        <test-method is-config="true" signature="tearDown()[pri:0, instance:Epic6.Test_US_6_1@3932c79a]" started-at="2025-12-30T17:05:26 ICT" name="tearDown" finished-at="2025-12-30T17:05:28 ICT" duration-ms="2213" status="PASS">
          <reporter-output>
          </reporter-output>
        </test-method> <!-- tearDown -->
        <test-method is-config="true" signature="setupAndNavigate()[pri:0, instance:Epic6.Test_US_6_1@3932c79a]" started-at="2025-12-30T17:05:28 ICT" name="setupAndNavigate" finished-at="2025-12-30T17:05:35 ICT" duration-ms="6683" status="PASS">
          <reporter-output>
          </reporter-output>
        </test-method> <!-- setupAndNavigate -->
        <test-method signature="TC03_Validate_TrongTieuDe()[pri:3, instance:Epic6.Test_US_6_1@3932c79a]" started-at="2025-12-30T17:05:35 ICT" name="TC03_Validate_TrongTieuDe" description="TC03: Validate lỗi khi bỏ trống Tiêu đề" finished-at="2025-12-30T17:05:37 ICT" duration-ms="2162" status="PASS">
          <reporter-output>
          </reporter-output>
        </test-method> <!-- TC03_Validate_TrongTieuDe -->
        <test-method is-config="true" signature="tearDown()[pri:0, instance:Epic6.Test_US_6_1@3932c79a]" started-at="2025-12-30T17:05:37 ICT" name="tearDown" finished-at="2025-12-30T17:05:39 ICT" duration-ms="2192" status="PASS">
          <reporter-output>
          </reporter-output>
        </test-method> <!-- tearDown -->
        <test-method is-config="true" signature="setupAndNavigate()[pri:0, instance:Epic6.Test_US_6_1@3932c79a]" started-at="2025-12-30T17:05:39 ICT" name="setupAndNavigate" finished-at="2025-12-30T17:05:46 ICT" duration-ms="6620" status="PASS">
          <reporter-output>
          </reporter-output>
        </test-method> <!-- setupAndNavigate -->
        <test-method signature="TC04_Validate_TrongNoiDung()[pri:4, instance:Epic6.Test_US_6_1@3932c79a]" started-at="2025-12-30T17:05:46 ICT" name="TC04_Validate_TrongNoiDung" description="TC04: Validate lỗi khi bỏ trống Nội dung" finished-at="2025-12-30T17:05:48 ICT" duration-ms="2169" status="PASS">
          <reporter-output>
          </reporter-output>
        </test-method> <!-- TC04_Validate_TrongNoiDung -->
        <test-method is-config="true" signature="tearDown()[pri:0, instance:Epic6.Test_US_6_1@3932c79a]" started-at="2025-12-30T17:05:48 ICT" name="tearDown" finished-at="2025-12-30T17:05:50 ICT" duration-ms="2193" status="PASS">
          <reporter-output>
          </reporter-output>
        </test-method> <!-- tearDown -->
        <test-method is-config="true" signature="setupAndNavigate()[pri:0, instance:Epic6.Test_US_6_1@3932c79a]" started-at="2025-12-30T17:05:50 ICT" name="setupAndNavigate" finished-at="2025-12-30T17:05:57 ICT" duration-ms="6674" status="PASS">
          <reporter-output>
          </reporter-output>
        </test-method> <!-- setupAndNavigate -->
        <test-method signature="TC05_ChucNang_LuuNhap()[pri:5, instance:Epic6.Test_US_6_1@3932c79a]" started-at="2025-12-30T17:05:57 ICT" name="TC05_ChucNang_LuuNhap" description="TC05: Chức năng Lưu nháp (Draft)" finished-at="2025-12-30T17:06:00 ICT" duration-ms="3184" status="PASS">
          <reporter-output>
          </reporter-output>
        </test-method> <!-- TC05_ChucNang_LuuNhap -->
        <test-method is-config="true" signature="tearDown()[pri:0, instance:Epic6.Test_US_6_1@3932c79a]" started-at="2025-12-30T17:06:00 ICT" name="tearDown" finished-at="2025-12-30T17:06:02 ICT" duration-ms="2217" status="PASS">
          <reporter-output>
          </reporter-output>
        </test-method> <!-- tearDown -->
        <test-method is-config="true" signature="setupAndNavigate()[pri:0, instance:Epic6.Test_US_6_1@3932c79a]" started-at="2025-12-30T17:06:02 ICT" name="setupAndNavigate" finished-at="2025-12-30T17:06:09 ICT" duration-ms="6594" status="PASS">
          <reporter-output>
          </reporter-output>
        </test-method> <!-- setupAndNavigate -->
        <test-method signature="TC06_ChucNang_Huy()[pri:6, instance:Epic6.Test_US_6_1@3932c79a]" started-at="2025-12-30T17:06:09 ICT" name="TC06_ChucNang_Huy" description="TC06: Chức năng Hủy" finished-at="2025-12-30T17:06:09 ICT" duration-ms="76" status="PASS">
          <reporter-output>
          </reporter-output>
        </test-method> <!-- TC06_ChucNang_Huy -->
        <test-method is-config="true" signature="tearDown()[pri:0, instance:Epic6.Test_US_6_1@3932c79a]" started-at="2025-12-30T17:06:09 ICT" name="tearDown" finished-at="2025-12-30T17:06:11 ICT" duration-ms="2205" status="PASS">
          <reporter-output>
          </reporter-output>
        </test-method> <!-- tearDown -->
        <test-method is-config="true" signature="setupAndNavigate()[pri:0, instance:Epic6.Test_US_6_1@3932c79a]" started-at="2025-12-30T17:06:11 ICT" name="setupAndNavigate" finished-at="2025-12-30T17:06:18 ICT" duration-ms="6650" status="PASS">
          <reporter-output>
          </reporter-output>
        </test-method> <!-- setupAndNavigate -->
        <test-method signature="TC07_TieuDe_KyTuDacBiet()[pri:7, instance:Epic6.Test_US_6_1@3932c79a]" started-at="2025-12-30T17:06:18 ICT" name="TC07_TieuDe_KyTuDacBiet" description="TC07: Gửi thông báo với Tiêu đề chứa ký tự đặc biệt" finished-at="2025-12-30T17:06:23 ICT" duration-ms="4764" status="FAIL">
          <exception class="java.lang.AssertionError">
            <message>
              <![CDATA[FAILED: Không hiển thị đúng ký tự đặc biệt expected [true] but found [false]]]>
            </message>
            <full-stacktrace>
              <![CDATA[java.lang.AssertionError: FAILED: Không hiển thị đúng ký tự đặc biệt expected [true] but found [false]
at org.testng.Assert.fail(Assert.java:111)
at org.testng.Assert.failNotEquals(Assert.java:1590)
at org.testng.Assert.assertTrue(Assert.java:57)
at Epic6.Test_US_6_1.TC07_TieuDe_KyTuDacBiet(Test_US_6_1.java:256)
at java.base/jdk.internal.reflect.DirectMethodHandleAccessor.invoke(DirectMethodHandleAccessor.java:103)
at java.base/java.lang.reflect.Method.invoke(Method.java:580)
at org.testng.internal.invokers.MethodInvocationHelper.invokeMethod(MethodInvocationHelper.java:141)
at org.testng.internal.invokers.TestInvoker.invokeMethod(TestInvoker.java:687)
at org.testng.internal.invokers.TestInvoker.invokeTestMethod(TestInvoker.java:230)
at org.testng.internal.invokers.MethodRunner.runInSequence(MethodRunner.java:63)
at org.testng.internal.invokers.TestInvoker$MethodInvocationAgent.invoke(TestInvoker.java:995)
at org.testng.internal.invokers.TestInvoker.invokeTestMethods(TestInvoker.java:203)
at org.testng.internal.invokers.TestMethodWorker.invokeTestMethods(TestMethodWorker.java:154)
at org.testng.internal.invokers.TestMethodWorker.run(TestMethodWorker.java:134)
at java.base/java.util.ArrayList.forEach(ArrayList.java:1596)
at org.testng.TestRunner.privateRun(TestRunner.java:741)
at org.testng.TestRunner.run(TestRunner.java:616)
at org.testng.SuiteRunner.runTest(SuiteRunner.java:421)
at org.testng.SuiteRunner.runSequentially(SuiteRunner.java:413)
at org.testng.SuiteRunner.privateRun(SuiteRunner.java:373)
at org.testng.SuiteRunner.run(SuiteRunner.java:312)
at org.testng.SuiteRunnerWorker.runSuite(SuiteRunnerWorker.java:52)
at org.testng.SuiteRunnerWorker.run(SuiteRunnerWorker.java:95)
at org.testng.TestNG.runSuitesSequentially(TestNG.java:1274)
at org.testng.TestNG.runSuitesLocally(TestNG.java:1208)
at org.testng.TestNG.runSuites(TestNG.java:1112)
at org.testng.TestNG.run(TestNG.java:1079)
at org.testng.remote.AbstractRemoteTestNG.run(AbstractRemoteTestNG.java:115)
at org.testng.remote.RemoteTestNG.initAndRun(RemoteTestNG.java:293)
at org.testng.remote.RemoteTestNG.main(RemoteTestNG.java:91)
]]>
            </full-stacktrace>
          </exception> <!-- java.lang.AssertionError -->
          <reporter-output>
          </reporter-output>
        </test-method> <!-- TC07_TieuDe_KyTuDacBiet -->
        <test-method is-config="true" signature="tearDown()[pri:0, instance:Epic6.Test_US_6_1@3932c79a]" started-at="2025-12-30T17:06:23 ICT" name="tearDown" finished-at="2025-12-30T17:06:25 ICT" duration-ms="2218" status="PASS">
          <reporter-output>
          </reporter-output>
        </test-method> <!-- tearDown -->
        <test-method is-config="true" signature="setupAndNavigate()[pri:0, instance:Epic6.Test_US_6_1@3932c79a]" started-at="2025-12-30T17:06:25 ICT" name="setupAndNavigate" finished-at="2025-12-30T17:06:32 ICT" duration-ms="6610" status="PASS">
          <reporter-output>
          </reporter-output>
        </test-method> <!-- setupAndNavigate -->
        <test-method signature="TC08_NoiDung_Dai()[pri:8, instance:Epic6.Test_US_6_1@3932c79a]" started-at="2025-12-30T17:06:32 ICT" name="TC08_NoiDung_Dai" description="TC08: Gửi thông báo với Nội dung cực dài" finished-at="2025-12-30T17:06:37 ICT" duration-ms="5379" status="FAIL">
          <exception class="java.lang.AssertionError">
            <message>
              <![CDATA[expected [true] but found [false]]]>
            </message>
            <full-stacktrace>
              <![CDATA[java.lang.AssertionError: expected [true] but found [false]
at org.testng.Assert.fail(Assert.java:111)
at org.testng.Assert.failNotEquals(Assert.java:1590)
at org.testng.Assert.assertTrue(Assert.java:57)
at org.testng.Assert.assertTrue(Assert.java:67)
at Epic6.Test_US_6_1.TC08_NoiDung_Dai(Test_US_6_1.java:276)
at java.base/jdk.internal.reflect.DirectMethodHandleAccessor.invoke(DirectMethodHandleAccessor.java:103)
at java.base/java.lang.reflect.Method.invoke(Method.java:580)
at org.testng.internal.invokers.MethodInvocationHelper.invokeMethod(MethodInvocationHelper.java:141)
at org.testng.internal.invokers.TestInvoker.invokeMethod(TestInvoker.java:687)
at org.testng.internal.invokers.TestInvoker.invokeTestMethod(TestInvoker.java:230)
at org.testng.internal.invokers.MethodRunner.runInSequence(MethodRunner.java:63)
at org.testng.internal.invokers.TestInvoker$MethodInvocationAgent.invoke(TestInvoker.java:995)
at org.testng.internal.invokers.TestInvoker.invokeTestMethods(TestInvoker.java:203)
at org.testng.internal.invokers.TestMethodWorker.invokeTestMethods(TestMethodWorker.java:154)
at org.testng.internal.invokers.TestMethodWorker.run(TestMethodWorker.java:134)
at java.base/java.util.ArrayList.forEach(ArrayList.java:1596)
at org.testng.TestRunner.privateRun(TestRunner.java:741)
at org.testng.TestRunner.run(TestRunner.java:616)
at org.testng.SuiteRunner.runTest(SuiteRunner.java:421)
at org.testng.SuiteRunner.runSequentially(SuiteRunner.java:413)
at org.testng.SuiteRunner.privateRun(SuiteRunner.java:373)
at org.testng.SuiteRunner.run(SuiteRunner.java:312)
at org.testng.SuiteRunnerWorker.runSuite(SuiteRunnerWorker.java:52)
at org.testng.SuiteRunnerWorker.run(SuiteRunnerWorker.java:95)
at org.testng.TestNG.runSuitesSequentially(TestNG.java:1274)
at org.testng.TestNG.runSuitesLocally(TestNG.java:1208)
at org.testng.TestNG.runSuites(TestNG.java:1112)
at org.testng.TestNG.run(TestNG.java:1079)
at org.testng.remote.AbstractRemoteTestNG.run(AbstractRemoteTestNG.java:115)
at org.testng.remote.RemoteTestNG.initAndRun(RemoteTestNG.java:293)
at org.testng.remote.RemoteTestNG.main(RemoteTestNG.java:91)
]]>
            </full-stacktrace>
          </exception> <!-- java.lang.AssertionError -->
          <reporter-output>
          </reporter-output>
        </test-method> <!-- TC08_NoiDung_Dai -->
        <test-method is-config="true" signature="tearDown()[pri:0, instance:Epic6.Test_US_6_1@3932c79a]" started-at="2025-12-30T17:06:37 ICT" name="tearDown" finished-at="2025-12-30T17:06:39 ICT" duration-ms="2215" status="PASS">
          <reporter-output>
          </reporter-output>
        </test-method> <!-- tearDown -->
        <test-method is-config="true" signature="setupAndNavigate()[pri:0, instance:Epic6.Test_US_6_1@3932c79a]" started-at="2025-12-30T17:06:39 ICT" name="setupAndNavigate" finished-at="2025-12-30T17:06:46 ICT" duration-ms="6644" status="PASS">
          <reporter-output>
          </reporter-output>
        </test-method> <!-- setupAndNavigate -->
        <test-method signature="TC09_Chon_NhieuPhong()[pri:9, instance:Epic6.Test_US_6_1@3932c79a]" started-at="2025-12-30T17:06:46 ICT" name="TC09_Chon_NhieuPhong" description="TC09: Chọn nhiều phòng cùng lúc" finished-at="2025-12-30T17:06:52 ICT" duration-ms="5744" status="FAIL">
          <exception class="java.lang.AssertionError">
            <message>
              <![CDATA[expected [true] but found [false]]]>
            </message>
            <full-stacktrace>
              <![CDATA[java.lang.AssertionError: expected [true] but found [false]
at org.testng.Assert.fail(Assert.java:111)
at org.testng.Assert.failNotEquals(Assert.java:1590)
at org.testng.Assert.assertTrue(Assert.java:57)
at org.testng.Assert.assertTrue(Assert.java:67)
at Epic6.Test_US_6_1.TC09_Chon_NhieuPhong(Test_US_6_1.java:296)
at java.base/jdk.internal.reflect.DirectMethodHandleAccessor.invoke(DirectMethodHandleAccessor.java:103)
at java.base/java.lang.reflect.Method.invoke(Method.java:580)
at org.testng.internal.invokers.MethodInvocationHelper.invokeMethod(MethodInvocationHelper.java:141)
at org.testng.internal.invokers.TestInvoker.invokeMethod(TestInvoker.java:687)
at org.testng.internal.invokers.TestInvoker.invokeTestMethod(TestInvoker.java:230)
at org.testng.internal.invokers.MethodRunner.runInSequence(MethodRunner.java:63)
at org.testng.internal.invokers.TestInvoker$MethodInvocationAgent.invoke(TestInvoker.java:995)
at org.testng.internal.invokers.TestInvoker.invokeTestMethods(TestInvoker.java:203)
at org.testng.internal.invokers.TestMethodWorker.invokeTestMethods(TestMethodWorker.java:154)
at org.testng.internal.invokers.TestMethodWorker.run(TestMethodWorker.java:134)
at java.base/java.util.ArrayList.forEach(ArrayList.java:1596)
at org.testng.TestRunner.privateRun(TestRunner.java:741)
at org.testng.TestRunner.run(TestRunner.java:616)
at org.testng.SuiteRunner.runTest(SuiteRunner.java:421)
at org.testng.SuiteRunner.runSequentially(SuiteRunner.java:413)
at org.testng.SuiteRunner.privateRun(SuiteRunner.java:373)
at org.testng.SuiteRunner.run(SuiteRunner.java:312)
at org.testng.SuiteRunnerWorker.runSuite(SuiteRunnerWorker.java:52)
at org.testng.SuiteRunnerWorker.run(SuiteRunnerWorker.java:95)
at org.testng.TestNG.runSuitesSequentially(TestNG.java:1274)
at org.testng.TestNG.runSuitesLocally(TestNG.java:1208)
at org.testng.TestNG.runSuites(TestNG.java:1112)
at org.testng.TestNG.run(TestNG.java:1079)
at org.testng.remote.AbstractRemoteTestNG.run(AbstractRemoteTestNG.java:115)
at org.testng.remote.RemoteTestNG.initAndRun(RemoteTestNG.java:293)
at org.testng.remote.RemoteTestNG.main(RemoteTestNG.java:91)
]]>
            </full-stacktrace>
          </exception> <!-- java.lang.AssertionError -->
          <reporter-output>
          </reporter-output>
        </test-method> <!-- TC09_Chon_NhieuPhong -->
        <test-method is-config="true" signature="tearDown()[pri:0, instance:Epic6.Test_US_6_1@3932c79a]" started-at="2025-12-30T17:06:52 ICT" name="tearDown" finished-at="2025-12-30T17:06:54 ICT" duration-ms="2202" status="PASS">
          <reporter-output>
          </reporter-output>
        </test-method> <!-- tearDown -->
        <test-method is-config="true" signature="setupAndNavigate()[pri:0, instance:Epic6.Test_US_6_1@3932c79a]" started-at="2025-12-30T17:06:54 ICT" name="setupAndNavigate" finished-at="2025-12-30T17:07:00 ICT" duration-ms="6542" status="PASS">
          <reporter-output>
          </reporter-output>
        </test-method> <!-- setupAndNavigate -->
        <test-method signature="TC10_Verify_LichSu()[pri:10, instance:Epic6.Test_US_6_1@3932c79a]" started-at="2025-12-30T17:07:00 ICT" name="TC10_Verify_LichSu" description="TC10: Kiểm tra hiển thị Lịch sử gửi" finished-at="2025-12-30T17:07:00 ICT" duration-ms="17" status="PASS">
          <reporter-output>
          </reporter-output>
        </test-method> <!-- TC10_Verify_LichSu -->
        <test-method is-config="true" signature="tearDown()[pri:0, instance:Epic6.Test_US_6_1@3932c79a]" started-at="2025-12-30T17:07:00 ICT" name="tearDown" finished-at="2025-12-30T17:07:03 ICT" duration-ms="2197" status="PASS">
          <reporter-output>
          </reporter-output>
        </test-method> <!-- tearDown -->
      </class> <!-- Epic6.Test_US_6_1 -->
      <class name="Epic6.Test_US_6_2">
        <test-method is-config="true" signature="setupAndNavigate()[pri:0, instance:Epic6.Test_US_6_2@624ea235]" started-at="2025-12-30T17:02:30 ICT" name="setupAndNavigate" finished-at="2025-12-30T17:02:37 ICT" duration-ms="6551" status="PASS">
          <reporter-output>
          </reporter-output>
        </test-method> <!-- setupAndNavigate -->
        <test-method signature="TC01_TruyCapManHinh()[pri:1, instance:Epic6.Test_US_6_2@624ea235]" started-at="2025-12-30T17:02:37 ICT" name="TC01_TruyCapManHinh" description="TC01: Kiểm tra truy cập màn hình Quản lý phản hồi" finished-at="2025-12-30T17:02:47 ICT" duration-ms="10047" status="FAIL">
          <exception class="org.openqa.selenium.NoSuchElementException">
            <message>
              <![CDATA[no such element: Unable to locate element: {"method":"xpath","selector":"//h3[contains(text(),'Quản lý phản hồi')] | //h4[contains(text(),'Quản lý phản hồi')]"}
  (Session info: chrome=143.0.7499.170)
For documentation on this error, please visit: https://www.selenium.dev/documentation/webdriver/troubleshooting/errors#no-such-element-exception
Build info: version: '4.35.0', revision: '1c58e5028b'
System info: os.name: 'Windows 11', os.arch: 'amd64', os.version: '10.0', java.version: '21.0.3'
Driver info: org.openqa.selenium.chrome.ChromeDriver
Command: [c39c9a6b3c3e0b1edde4fbd78795be50, findElement {using=xpath, value=//h3[contains(text(),'Quản lý phản hồi')] | //h4[contains(text(),'Quản lý phản hồi')]}]
Capabilities {acceptInsecureCerts: false, browserName: chrome, browserVersion: 143.0.7499.170, chrome: {chromedriverVersion: 143.0.7499.169 (164b20aab62..., userDataDir: C:\Users\tongh\AppData\Loca...}, fedcm:accounts: true, goog:chromeOptions: {debuggerAddress: localhost:63900}, goog:processID: 21040, networkConnectionEnabled: false, pageLoadStrategy: normal, platformName: windows, proxy: Proxy(), se:cdp: ws://localhost:63900/devtoo..., se:cdpVersion: 143.0.7499.170, setWindowRect: true, strictFileInteractability: false, timeouts: {implicit: 0, pageLoad: 300000, script: 30000}, unhandledPromptBehavior: dismiss and notify, webauthn:extension:credBlob: true, webauthn:extension:largeBlob: true, webauthn:extension:minPinLength: true, webauthn:extension:prf: true, webauthn:virtualAuthenticators: true}
Session ID: c39c9a6b3c3e0b1edde4fbd78795be50]]>
            </message>
            <full-stacktrace>
              <![CDATA[org.openqa.selenium.NoSuchElementException: no such element: Unable to locate element: {"method":"xpath","selector":"//h3[contains(text(),'Quản lý phản hồi')] | //h4[contains(text(),'Quản lý phản hồi')]"}
  (Session info: chrome=143.0.7499.170)
For documentation on this error, please visit: https://www.selenium.dev/documentation/webdriver/troubleshooting/errors#no-such-element-exception
Build info: version: '4.35.0', revision: '1c58e5028b'
System info: os.name: 'Windows 11', os.arch: 'amd64', os.version: '10.0', java.version: '21.0.3'
Driver info: org.openqa.selenium.chrome.ChromeDriver
Command: [c39c9a6b3c3e0b1edde4fbd78795be50, findElement {using=xpath, value=//h3[contains(text(),'Quản lý phản hồi')] | //h4[contains(text(),'Quản lý phản hồi')]}]
Capabilities {acceptInsecureCerts: false, browserName: chrome, browserVersion: 143.0.7499.170, chrome: {chromedriverVersion: 143.0.7499.169 (164b20aab62..., userDataDir: C:\Users\tongh\AppData\Loca...}, fedcm:accounts: true, goog:chromeOptions: {debuggerAddress: localhost:63900}, goog:processID: 21040, networkConnectionEnabled: false, pageLoadStrategy: normal, platformName: windows, proxy: Proxy(), se:cdp: ws://localhost:63900/devtoo..., se:cdpVersion: 143.0.7499.170, setWindowRect: true, strictFileInteractability: false, timeouts: {implicit: 0, pageLoad: 300000, script: 30000}, unhandledPromptBehavior: dismiss and notify, webauthn:extension:credBlob: true, webauthn:extension:largeBlob: true, webauthn:extension:minPinLength: true, webauthn:extension:prf: true, webauthn:virtualAuthenticators: true}
Session ID: c39c9a6b3c3e0b1edde4fbd78795be50
at java.base/jdk.internal.reflect.DirectConstructorHandleAccessor.newInstance(DirectConstructorHandleAccessor.java:62)
at java.base/java.lang.reflect.Constructor.newInstanceWithCaller(Constructor.java:502)
at java.base/java.lang.reflect.Constructor.newInstance(Constructor.java:486)
at org.openqa.selenium.remote.ErrorCodec.decode(ErrorCodec.java:167)
at org.openqa.selenium.remote.codec.w3c.W3CHttpResponseCodec.decode(W3CHttpResponseCodec.java:138)
at org.openqa.selenium.remote.codec.w3c.W3CHttpResponseCodec.decode(W3CHttpResponseCodec.java:50)
at org.openqa.selenium.remote.HttpCommandExecutor.execute(HttpCommandExecutor.java:215)
at org.openqa.selenium.remote.service.DriverCommandExecutor.invokeExecute(DriverCommandExecutor.java:216)
at org.openqa.selenium.remote.service.DriverCommandExecutor.execute(DriverCommandExecutor.java:174)
at org.openqa.selenium.remote.RemoteWebDriver.execute(RemoteWebDriver.java:557)
at org.openqa.selenium.remote.ElementLocation$ElementFinder$2.findElement(ElementLocation.java:165)
at org.openqa.selenium.remote.ElementLocation.findElement(ElementLocation.java:59)
at org.openqa.selenium.remote.RemoteWebDriver.findElement(RemoteWebDriver.java:380)
at org.openqa.selenium.remote.RemoteWebDriver.findElement(RemoteWebDriver.java:374)
at Epic6.Test_US_6_2.TC01_TruyCapManHinh(Test_US_6_2.java:82)
at java.base/jdk.internal.reflect.DirectMethodHandleAccessor.invoke(DirectMethodHandleAccessor.java:103)
at java.base/java.lang.reflect.Method.invoke(Method.java:580)
at org.testng.internal.invokers.MethodInvocationHelper.invokeMethod(MethodInvocationHelper.java:141)
at org.testng.internal.invokers.TestInvoker.invokeMethod(TestInvoker.java:687)
at org.testng.internal.invokers.TestInvoker.invokeTestMethod(TestInvoker.java:230)
at org.testng.internal.invokers.MethodRunner.runInSequence(MethodRunner.java:63)
at org.testng.internal.invokers.TestInvoker$MethodInvocationAgent.invoke(TestInvoker.java:995)
at org.testng.internal.invokers.TestInvoker.invokeTestMethods(TestInvoker.java:203)
at org.testng.internal.invokers.TestMethodWorker.invokeTestMethods(TestMethodWorker.java:154)
at org.testng.internal.invokers.TestMethodWorker.run(TestMethodWorker.java:134)
at java.base/java.util.ArrayList.forEach(ArrayList.java:1596)
at org.testng.TestRunner.privateRun(TestRunner.java:741)
at org.testng.TestRunner.run(TestRunner.java:616)
at org.testng.SuiteRunner.runTest(SuiteRunner.java:421)
at org.testng.SuiteRunner.runSequentially(SuiteRunner.java:413)
at org.testng.SuiteRunner.privateRun(SuiteRunner.java:373)
at org.testng.SuiteRunner.run(SuiteRunner.java:312)
at org.testng.SuiteRunnerWorker.runSuite(SuiteRunnerWorker.java:52)
at org.testng.SuiteRunnerWorker.run(SuiteRunnerWorker.java:95)
at org.testng.TestNG.runSuitesSequentially(TestNG.java:1274)
at org.testng.TestNG.runSuitesLocally(TestNG.java:1208)
at org.testng.TestNG.runSuites(TestNG.java:1112)
at org.testng.TestNG.run(TestNG.java:1079)
at org.testng.remote.AbstractRemoteTestNG.run(AbstractRemoteTestNG.java:115)
at org.testng.remote.RemoteTestNG.initAndRun(RemoteTestNG.java:293)
at org.testng.remote.RemoteTestNG.main(RemoteTestNG.java:91)
]]>
            </full-stacktrace>
          </exception> <!-- org.openqa.selenium.NoSuchElementException -->
          <reporter-output>
          </reporter-output>
        </test-method> <!-- TC01_TruyCapManHinh -->
        <test-method is-config="true" signature="tearDown()[pri:0, instance:Epic6.Test_US_6_2@624ea235]" started-at="2025-12-30T17:02:47 ICT" name="tearDown" finished-at="2025-12-30T17:02:49 ICT" duration-ms="2234" status="PASS">
          <reporter-output>
          </reporter-output>
        </test-method> <!-- tearDown -->
        <test-method is-config="true" signature="setupAndNavigate()[pri:0, instance:Epic6.Test_US_6_2@624ea235]" started-at="2025-12-30T17:02:49 ICT" name="setupAndNavigate" finished-at="2025-12-30T17:02:56 ICT" duration-ms="6541" status="PASS">
          <reporter-output>
          </reporter-output>
        </test-method> <!-- setupAndNavigate -->
        <test-method signature="TC02_LocTheoTrangThai_ChuaXuLy()[pri:2, instance:Epic6.Test_US_6_2@624ea235]" started-at="2025-12-30T17:02:56 ICT" name="TC02_LocTheoTrangThai_ChuaXuLy" description="TC02: Lọc phản hồi theo Tab &#039;Chưa xử lý&#039;" finished-at="2025-12-30T17:03:07 ICT" duration-ms="11050" status="PASS">
          <reporter-output>
          </reporter-output>
        </test-method> <!-- TC02_LocTheoTrangThai_ChuaXuLy -->
        <test-method is-config="true" signature="tearDown()[pri:0, instance:Epic6.Test_US_6_2@624ea235]" started-at="2025-12-30T17:03:07 ICT" name="tearDown" finished-at="2025-12-30T17:03:09 ICT" duration-ms="2178" status="PASS">
          <reporter-output>
          </reporter-output>
        </test-method> <!-- tearDown -->
        <test-method is-config="true" signature="setupAndNavigate()[pri:0, instance:Epic6.Test_US_6_2@624ea235]" started-at="2025-12-30T17:03:09 ICT" name="setupAndNavigate" finished-at="2025-12-30T17:03:16 ICT" duration-ms="7042" status="PASS">
          <reporter-output>
          </reporter-output>
        </test-method> <!-- setupAndNavigate -->
        <test-method signature="TC03_XemChiTietPhanHoi()[pri:3, instance:Epic6.Test_US_6_2@624ea235]" started-at="2025-12-30T17:03:16 ICT" name="TC03_XemChiTietPhanHoi" description="TC03: Xem chi tiết phản hồi (Read-only)" finished-at="2025-12-30T17:03:28 ICT" duration-ms="11607" status="FAIL">
          <exception class="org.openqa.selenium.NoSuchElementException">
            <message>
              <![CDATA[no such element: Unable to locate element: {"method":"xpath","selector":"//button[contains(text(),'Đóng')] | //button[@aria-label='Close'] | //span[contains(text(),'×')]"}
  (Session info: chrome=143.0.7499.170)
For documentation on this error, please visit: https://www.selenium.dev/documentation/webdriver/troubleshooting/errors#no-such-element-exception
Build info: version: '4.35.0', revision: '1c58e5028b'
System info: os.name: 'Windows 11', os.arch: 'amd64', os.version: '10.0', java.version: '21.0.3'
Driver info: org.openqa.selenium.chrome.ChromeDriver
Command: [bf830d33f68701677a62b93d7152c95f, findElement {using=xpath, value=//button[contains(text(),'Đóng')] | //button[@aria-label='Close'] | //span[contains(text(),'×')]}]
Capabilities {acceptInsecureCerts: false, browserName: chrome, browserVersion: 143.0.7499.170, chrome: {chromedriverVersion: 143.0.7499.169 (164b20aab62..., userDataDir: C:\Users\tongh\AppData\Loca...}, fedcm:accounts: true, goog:chromeOptions: {debuggerAddress: localhost:63183}, goog:processID: 16632, networkConnectionEnabled: false, pageLoadStrategy: normal, platformName: windows, proxy: Proxy(), se:cdp: ws://localhost:63183/devtoo..., se:cdpVersion: 143.0.7499.170, setWindowRect: true, strictFileInteractability: false, timeouts: {implicit: 0, pageLoad: 300000, script: 30000}, unhandledPromptBehavior: dismiss and notify, webauthn:extension:credBlob: true, webauthn:extension:largeBlob: true, webauthn:extension:minPinLength: true, webauthn:extension:prf: true, webauthn:virtualAuthenticators: true}
Session ID: bf830d33f68701677a62b93d7152c95f]]>
            </message>
            <full-stacktrace>
              <![CDATA[org.openqa.selenium.NoSuchElementException: no such element: Unable to locate element: {"method":"xpath","selector":"//button[contains(text(),'Đóng')] | //button[@aria-label='Close'] | //span[contains(text(),'×')]"}
  (Session info: chrome=143.0.7499.170)
For documentation on this error, please visit: https://www.selenium.dev/documentation/webdriver/troubleshooting/errors#no-such-element-exception
Build info: version: '4.35.0', revision: '1c58e5028b'
System info: os.name: 'Windows 11', os.arch: 'amd64', os.version: '10.0', java.version: '21.0.3'
Driver info: org.openqa.selenium.chrome.ChromeDriver
Command: [bf830d33f68701677a62b93d7152c95f, findElement {using=xpath, value=//button[contains(text(),'Đóng')] | //button[@aria-label='Close'] | //span[contains(text(),'×')]}]
Capabilities {acceptInsecureCerts: false, browserName: chrome, browserVersion: 143.0.7499.170, chrome: {chromedriverVersion: 143.0.7499.169 (164b20aab62..., userDataDir: C:\Users\tongh\AppData\Loca...}, fedcm:accounts: true, goog:chromeOptions: {debuggerAddress: localhost:63183}, goog:processID: 16632, networkConnectionEnabled: false, pageLoadStrategy: normal, platformName: windows, proxy: Proxy(), se:cdp: ws://localhost:63183/devtoo..., se:cdpVersion: 143.0.7499.170, setWindowRect: true, strictFileInteractability: false, timeouts: {implicit: 0, pageLoad: 300000, script: 30000}, unhandledPromptBehavior: dismiss and notify, webauthn:extension:credBlob: true, webauthn:extension:largeBlob: true, webauthn:extension:minPinLength: true, webauthn:extension:prf: true, webauthn:virtualAuthenticators: true}
Session ID: bf830d33f68701677a62b93d7152c95f
at java.base/jdk.internal.reflect.DirectConstructorHandleAccessor.newInstance(DirectConstructorHandleAccessor.java:62)
at java.base/java.lang.reflect.Constructor.newInstanceWithCaller(Constructor.java:502)
at java.base/java.lang.reflect.Constructor.newInstance(Constructor.java:486)
at org.openqa.selenium.remote.ErrorCodec.decode(ErrorCodec.java:167)
at org.openqa.selenium.remote.codec.w3c.W3CHttpResponseCodec.decode(W3CHttpResponseCodec.java:138)
at org.openqa.selenium.remote.codec.w3c.W3CHttpResponseCodec.decode(W3CHttpResponseCodec.java:50)
at org.openqa.selenium.remote.HttpCommandExecutor.execute(HttpCommandExecutor.java:215)
at org.openqa.selenium.remote.service.DriverCommandExecutor.invokeExecute(DriverCommandExecutor.java:216)
at org.openqa.selenium.remote.service.DriverCommandExecutor.execute(DriverCommandExecutor.java:174)
at org.openqa.selenium.remote.RemoteWebDriver.execute(RemoteWebDriver.java:557)
at org.openqa.selenium.remote.ElementLocation$ElementFinder$2.findElement(ElementLocation.java:165)
at org.openqa.selenium.remote.ElementLocation.findElement(ElementLocation.java:59)
at org.openqa.selenium.remote.RemoteWebDriver.findElement(RemoteWebDriver.java:380)
at org.openqa.selenium.remote.RemoteWebDriver.findElement(RemoteWebDriver.java:374)
at Epic6.Test_US_6_2.TC03_XemChiTietPhanHoi(Test_US_6_2.java:121)
at java.base/jdk.internal.reflect.DirectMethodHandleAccessor.invoke(DirectMethodHandleAccessor.java:103)
at java.base/java.lang.reflect.Method.invoke(Method.java:580)
at org.testng.internal.invokers.MethodInvocationHelper.invokeMethod(MethodInvocationHelper.java:141)
at org.testng.internal.invokers.TestInvoker.invokeMethod(TestInvoker.java:687)
at org.testng.internal.invokers.TestInvoker.invokeTestMethod(TestInvoker.java:230)
at org.testng.internal.invokers.MethodRunner.runInSequence(MethodRunner.java:63)
at org.testng.internal.invokers.TestInvoker$MethodInvocationAgent.invoke(TestInvoker.java:995)
at org.testng.internal.invokers.TestInvoker.invokeTestMethods(TestInvoker.java:203)
at org.testng.internal.invokers.TestMethodWorker.invokeTestMethods(TestMethodWorker.java:154)
at org.testng.internal.invokers.TestMethodWorker.run(TestMethodWorker.java:134)
at java.base/java.util.ArrayList.forEach(ArrayList.java:1596)
at org.testng.TestRunner.privateRun(TestRunner.java:741)
at org.testng.TestRunner.run(TestRunner.java:616)
at org.testng.SuiteRunner.runTest(SuiteRunner.java:421)
at org.testng.SuiteRunner.runSequentially(SuiteRunner.java:413)
at org.testng.SuiteRunner.privateRun(SuiteRunner.java:373)
at org.testng.SuiteRunner.run(SuiteRunner.java:312)
at org.testng.SuiteRunnerWorker.runSuite(SuiteRunnerWorker.java:52)
at org.testng.SuiteRunnerWorker.run(SuiteRunnerWorker.java:95)
at org.testng.TestNG.runSuitesSequentially(TestNG.java:1274)
at org.testng.TestNG.runSuitesLocally(TestNG.java:1208)
at org.testng.TestNG.runSuites(TestNG.java:1112)
at org.testng.TestNG.run(TestNG.java:1079)
at org.testng.remote.AbstractRemoteTestNG.run(AbstractRemoteTestNG.java:115)
at org.testng.remote.RemoteTestNG.initAndRun(RemoteTestNG.java:293)
at org.testng.remote.RemoteTestNG.main(RemoteTestNG.java:91)
]]>
            </full-stacktrace>
          </exception> <!-- org.openqa.selenium.NoSuchElementException -->
          <reporter-output>
          </reporter-output>
        </test-method> <!-- TC03_XemChiTietPhanHoi -->
        <test-method is-config="true" signature="tearDown()[pri:0, instance:Epic6.Test_US_6_2@624ea235]" started-at="2025-12-30T17:03:28 ICT" name="tearDown" finished-at="2025-12-30T17:03:30 ICT" duration-ms="2228" status="PASS">
          <reporter-output>
          </reporter-output>
        </test-method> <!-- tearDown -->
        <test-method is-config="true" signature="setupAndNavigate()[pri:0, instance:Epic6.Test_US_6_2@624ea235]" started-at="2025-12-30T17:03:30 ICT" name="setupAndNavigate" finished-at="2025-12-30T17:03:37 ICT" duration-ms="6797" status="PASS">
          <reporter-output>
          </reporter-output>
        </test-method> <!-- setupAndNavigate -->
        <test-method signature="TC04_XuLyPhanHoi_BatDau()[pri:4, instance:Epic6.Test_US_6_2@624ea235]" started-at="2025-12-30T17:03:37 ICT" name="TC04_XuLyPhanHoi_BatDau" description="TC04: Xử lý phản hồi - Chuyển sang &#039;Đang xử lý&#039;" finished-at="2025-12-30T17:03:48 ICT" duration-ms="11062" status="PASS">
          <reporter-output>
          </reporter-output>
        </test-method> <!-- TC04_XuLyPhanHoi_BatDau -->
        <test-method is-config="true" signature="tearDown()[pri:0, instance:Epic6.Test_US_6_2@624ea235]" started-at="2025-12-30T17:03:48 ICT" name="tearDown" finished-at="2025-12-30T17:03:50 ICT" duration-ms="2210" status="PASS">
          <reporter-output>
          </reporter-output>
        </test-method> <!-- tearDown -->
        <test-method is-config="true" signature="setupAndNavigate()[pri:0, instance:Epic6.Test_US_6_2@624ea235]" started-at="2025-12-30T17:03:50 ICT" name="setupAndNavigate" finished-at="2025-12-30T17:03:57 ICT" duration-ms="7012" status="PASS">
          <reporter-output>
          </reporter-output>
        </test-method> <!-- setupAndNavigate -->
        <test-method signature="TC05_HuyPhanHoi()[pri:5, instance:Epic6.Test_US_6_2@624ea235]" started-at="2025-12-30T17:03:57 ICT" name="TC05_HuyPhanHoi" description="TC05: Hủy phản hồi (Từ chối)" finished-at="2025-12-30T17:04:01 ICT" duration-ms="4582" status="FAIL">
          <exception class="org.openqa.selenium.UnhandledAlertException">
            <message>
              <![CDATA[unexpected alert open: {Alert text : Cập nhật trạng thái thành công!}
  (Session info: chrome=143.0.7499.170): Cập nhật trạng thái thành công!
Build info: version: '4.35.0', revision: '1c58e5028b'
System info: os.name: 'Windows 11', os.arch: 'amd64', os.version: '10.0', java.version: '21.0.3'
Driver info: org.openqa.selenium.chrome.ChromeDriver
Command: [b104200fc0a05634d3e21d9461aa6fa1, refresh {}]
Capabilities {acceptInsecureCerts: false, browserName: chrome, browserVersion: 143.0.7499.170, chrome: {chromedriverVersion: 143.0.7499.169 (164b20aab62..., userDataDir: C:\Users\tongh\AppData\Loca...}, fedcm:accounts: true, goog:chromeOptions: {debuggerAddress: localhost:50202}, goog:processID: 14132, networkConnectionEnabled: false, pageLoadStrategy: normal, platformName: windows, proxy: Proxy(), se:cdp: ws://localhost:50202/devtoo..., se:cdpVersion: 143.0.7499.170, setWindowRect: true, strictFileInteractability: false, timeouts: {implicit: 0, pageLoad: 300000, script: 30000}, unhandledPromptBehavior: dismiss and notify, webauthn:extension:credBlob: true, webauthn:extension:largeBlob: true, webauthn:extension:minPinLength: true, webauthn:extension:prf: true, webauthn:virtualAuthenticators: true}
Session ID: b104200fc0a05634d3e21d9461aa6fa1]]>
            </message>
            <full-stacktrace>
              <![CDATA[org.openqa.selenium.UnhandledAlertException: unexpected alert open: {Alert text : Cập nhật trạng thái thành công!}
  (Session info: chrome=143.0.7499.170): Cập nhật trạng thái thành công!
Build info: version: '4.35.0', revision: '1c58e5028b'
System info: os.name: 'Windows 11', os.arch: 'amd64', os.version: '10.0', java.version: '21.0.3'
Driver info: org.openqa.selenium.chrome.ChromeDriver
Command: [b104200fc0a05634d3e21d9461aa6fa1, refresh {}]
Capabilities {acceptInsecureCerts: false, browserName: chrome, browserVersion: 143.0.7499.170, chrome: {chromedriverVersion: 143.0.7499.169 (164b20aab62..., userDataDir: C:\Users\tongh\AppData\Loca...}, fedcm:accounts: true, goog:chromeOptions: {debuggerAddress: localhost:50202}, goog:processID: 14132, networkConnectionEnabled: false, pageLoadStrategy: normal, platformName: windows, proxy: Proxy(), se:cdp: ws://localhost:50202/devtoo..., se:cdpVersion: 143.0.7499.170, setWindowRect: true, strictFileInteractability: false, timeouts: {implicit: 0, pageLoad: 300000, script: 30000}, unhandledPromptBehavior: dismiss and notify, webauthn:extension:credBlob: true, webauthn:extension:largeBlob: true, webauthn:extension:minPinLength: true, webauthn:extension:prf: true, webauthn:virtualAuthenticators: true}
Session ID: b104200fc0a05634d3e21d9461aa6fa1
at org.openqa.selenium.remote.codec.w3c.W3CHttpResponseCodec.decode(W3CHttpResponseCodec.java:136)
at org.openqa.selenium.remote.codec.w3c.W3CHttpResponseCodec.decode(W3CHttpResponseCodec.java:50)
at org.openqa.selenium.remote.HttpCommandExecutor.execute(HttpCommandExecutor.java:215)
at org.openqa.selenium.remote.service.DriverCommandExecutor.invokeExecute(DriverCommandExecutor.java:216)
at org.openqa.selenium.remote.service.DriverCommandExecutor.execute(DriverCommandExecutor.java:174)
at org.openqa.selenium.remote.RemoteWebDriver.execute(RemoteWebDriver.java:557)
at org.openqa.selenium.remote.RemoteWebDriver.execute(RemoteWebDriver.java:630)
at org.openqa.selenium.remote.RemoteWebDriver.execute(RemoteWebDriver.java:634)
at org.openqa.selenium.remote.RemoteWebDriver$RemoteNavigation.refresh(RemoteWebDriver.java:1099)
at Epic6.Test_US_6_2.TC05_HuyPhanHoi(Test_US_6_2.java:187)
at java.base/jdk.internal.reflect.DirectMethodHandleAccessor.invoke(DirectMethodHandleAccessor.java:103)
at java.base/java.lang.reflect.Method.invoke(Method.java:580)
at org.testng.internal.invokers.MethodInvocationHelper.invokeMethod(MethodInvocationHelper.java:141)
at org.testng.internal.invokers.TestInvoker.invokeMethod(TestInvoker.java:687)
at org.testng.internal.invokers.TestInvoker.invokeTestMethod(TestInvoker.java:230)
at org.testng.internal.invokers.MethodRunner.runInSequence(MethodRunner.java:63)
at org.testng.internal.invokers.TestInvoker$MethodInvocationAgent.invoke(TestInvoker.java:995)
at org.testng.internal.invokers.TestInvoker.invokeTestMethods(TestInvoker.java:203)
at org.testng.internal.invokers.TestMethodWorker.invokeTestMethods(TestMethodWorker.java:154)
at org.testng.internal.invokers.TestMethodWorker.run(TestMethodWorker.java:134)
at java.base/java.util.ArrayList.forEach(ArrayList.java:1596)
at org.testng.TestRunner.privateRun(TestRunner.java:741)
at org.testng.TestRunner.run(TestRunner.java:616)
at org.testng.SuiteRunner.runTest(SuiteRunner.java:421)
at org.testng.SuiteRunner.runSequentially(SuiteRunner.java:413)
at org.testng.SuiteRunner.privateRun(SuiteRunner.java:373)
at org.testng.SuiteRunner.run(SuiteRunner.java:312)
at org.testng.SuiteRunnerWorker.runSuite(SuiteRunnerWorker.java:52)
at org.testng.SuiteRunnerWorker.run(SuiteRunnerWorker.java:95)
at org.testng.TestNG.runSuitesSequentially(TestNG.java:1274)
at org.testng.TestNG.runSuitesLocally(TestNG.java:1208)
at org.testng.TestNG.runSuites(TestNG.java:1112)
at org.testng.TestNG.run(TestNG.java:1079)
at org.testng.remote.AbstractRemoteTestNG.run(AbstractRemoteTestNG.java:115)
at org.testng.remote.RemoteTestNG.initAndRun(RemoteTestNG.java:293)
at org.testng.remote.RemoteTestNG.main(RemoteTestNG.java:91)
]]>
            </full-stacktrace>
          </exception> <!-- org.openqa.selenium.UnhandledAlertException -->
          <reporter-output>
          </reporter-output>
        </test-method> <!-- TC05_HuyPhanHoi -->
        <test-method is-config="true" signature="tearDown()[pri:0, instance:Epic6.Test_US_6_2@624ea235]" started-at="2025-12-30T17:04:01 ICT" name="tearDown" finished-at="2025-12-30T17:04:04 ICT" duration-ms="2221" status="PASS">
          <reporter-output>
          </reporter-output>
        </test-method> <!-- tearDown -->
        <test-method is-config="true" signature="setupAndNavigate()[pri:0, instance:Epic6.Test_US_6_2@624ea235]" started-at="2025-12-30T17:04:04 ICT" name="setupAndNavigate" finished-at="2025-12-30T17:04:10 ICT" duration-ms="6580" status="PASS">
          <reporter-output>
          </reporter-output>
        </test-method> <!-- setupAndNavigate -->
        <test-method signature="TC06_TimKiemPhanHoi()[pri:6, instance:Epic6.Test_US_6_2@624ea235]" started-at="2025-12-30T17:04:10 ICT" name="TC06_TimKiemPhanHoi" description="TC06: Tìm kiếm phản hồi" finished-at="2025-12-30T17:04:12 ICT" duration-ms="2065" status="PASS">
          <reporter-output>
          </reporter-output>
        </test-method> <!-- TC06_TimKiemPhanHoi -->
        <test-method is-config="true" signature="tearDown()[pri:0, instance:Epic6.Test_US_6_2@624ea235]" started-at="2025-12-30T17:04:12 ICT" name="tearDown" finished-at="2025-12-30T17:04:15 ICT" duration-ms="2194" status="PASS">
          <reporter-output>
          </reporter-output>
        </test-method> <!-- tearDown -->
        <test-method is-config="true" signature="setupAndNavigate()[pri:0, instance:Epic6.Test_US_6_2@624ea235]" started-at="2025-12-30T17:04:15 ICT" name="setupAndNavigate" finished-at="2025-12-30T17:04:21 ICT" duration-ms="6564" status="PASS">
          <reporter-output>
          </reporter-output>
        </test-method> <!-- setupAndNavigate -->
        <test-method signature="TC07_KiemTraHinhAnh()[pri:7, instance:Epic6.Test_US_6_2@624ea235]" started-at="2025-12-30T17:04:21 ICT" name="TC07_KiemTraHinhAnh" description="TC07: Kiểm tra hiển thị hình ảnh đính kèm trong Modal" finished-at="2025-12-30T17:04:23 ICT" duration-ms="1534" status="FAIL">
          <exception class="java.lang.AssertionError">
            <message>
              <![CDATA[FAILED: Ảnh đính kèm bị lỗi (broken image) expected [true] but found [false]]]>
            </message>
            <full-stacktrace>
              <![CDATA[java.lang.AssertionError: FAILED: Ảnh đính kèm bị lỗi (broken image) expected [true] but found [false]
at org.testng.Assert.fail(Assert.java:111)
at org.testng.Assert.failNotEquals(Assert.java:1590)
at org.testng.Assert.assertTrue(Assert.java:57)
at Epic6.Test_US_6_2.TC07_KiemTraHinhAnh(Test_US_6_2.java:227)
at java.base/jdk.internal.reflect.DirectMethodHandleAccessor.invoke(DirectMethodHandleAccessor.java:103)
at java.base/java.lang.reflect.Method.invoke(Method.java:580)
at org.testng.internal.invokers.MethodInvocationHelper.invokeMethod(MethodInvocationHelper.java:141)
at org.testng.internal.invokers.TestInvoker.invokeMethod(TestInvoker.java:687)
at org.testng.internal.invokers.TestInvoker.invokeTestMethod(TestInvoker.java:230)
at org.testng.internal.invokers.MethodRunner.runInSequence(MethodRunner.java:63)
at org.testng.internal.invokers.TestInvoker$MethodInvocationAgent.invoke(TestInvoker.java:995)
at org.testng.internal.invokers.TestInvoker.invokeTestMethods(TestInvoker.java:203)
at org.testng.internal.invokers.TestMethodWorker.invokeTestMethods(TestMethodWorker.java:154)
at org.testng.internal.invokers.TestMethodWorker.run(TestMethodWorker.java:134)
at java.base/java.util.ArrayList.forEach(ArrayList.java:1596)
at org.testng.TestRunner.privateRun(TestRunner.java:741)
at org.testng.TestRunner.run(TestRunner.java:616)
at org.testng.SuiteRunner.runTest(SuiteRunner.java:421)
at org.testng.SuiteRunner.runSequentially(SuiteRunner.java:413)
at org.testng.SuiteRunner.privateRun(SuiteRunner.java:373)
at org.testng.SuiteRunner.run(SuiteRunner.java:312)
at org.testng.SuiteRunnerWorker.runSuite(SuiteRunnerWorker.java:52)
at org.testng.SuiteRunnerWorker.run(SuiteRunnerWorker.java:95)
at org.testng.TestNG.runSuitesSequentially(TestNG.java:1274)
at org.testng.TestNG.runSuitesLocally(TestNG.java:1208)
at org.testng.TestNG.runSuites(TestNG.java:1112)
at org.testng.TestNG.run(TestNG.java:1079)
at org.testng.remote.AbstractRemoteTestNG.run(AbstractRemoteTestNG.java:115)
at org.testng.remote.RemoteTestNG.initAndRun(RemoteTestNG.java:293)
at org.testng.remote.RemoteTestNG.main(RemoteTestNG.java:91)
]]>
            </full-stacktrace>
          </exception> <!-- java.lang.AssertionError -->
          <reporter-output>
          </reporter-output>
        </test-method> <!-- TC07_KiemTraHinhAnh -->
        <test-method is-config="true" signature="tearDown()[pri:0, instance:Epic6.Test_US_6_2@624ea235]" started-at="2025-12-30T17:04:23 ICT" name="tearDown" finished-at="2025-12-30T17:04:25 ICT" duration-ms="2199" status="PASS">
          <reporter-output>
          </reporter-output>
        </test-method> <!-- tearDown -->
        <test-method is-config="true" signature="setupAndNavigate()[pri:0, instance:Epic6.Test_US_6_2@624ea235]" started-at="2025-12-30T17:04:25 ICT" name="setupAndNavigate" finished-at="2025-12-30T17:04:31 ICT" duration-ms="6690" status="PASS">
          <reporter-output>
          </reporter-output>
        </test-method> <!-- setupAndNavigate -->
        <test-method signature="TC08_KiemTraThongTinKhach()[pri:8, instance:Epic6.Test_US_6_2@624ea235]" started-at="2025-12-30T17:04:31 ICT" name="TC08_KiemTraThongTinKhach" description="TC08: Kiểm tra thông tin Khách thuê trong danh sách" finished-at="2025-12-30T17:04:32 ICT" duration-ms="13" status="PASS">
          <reporter-output>
          </reporter-output>
        </test-method> <!-- TC08_KiemTraThongTinKhach -->
        <test-method is-config="true" signature="tearDown()[pri:0, instance:Epic6.Test_US_6_2@624ea235]" started-at="2025-12-30T17:04:32 ICT" name="tearDown" finished-at="2025-12-30T17:04:34 ICT" duration-ms="2210" status="PASS">
          <reporter-output>
          </reporter-output>
        </test-method> <!-- tearDown -->
        <test-method is-config="true" signature="setupAndNavigate()[pri:0, instance:Epic6.Test_US_6_2@624ea235]" started-at="2025-12-30T17:04:34 ICT" name="setupAndNavigate" finished-at="2025-12-30T17:04:40 ICT" duration-ms="6602" status="PASS">
          <reporter-output>
          </reporter-output>
        </test-method> <!-- setupAndNavigate -->
        <test-method signature="TC09_ClickNotification()[pri:9, instance:Epic6.Test_US_6_2@624ea235]" started-at="2025-12-30T17:04:40 ICT" name="TC09_ClickNotification" description="TC09: Click thông báo từ chuông (Bell Notification)" finished-at="2025-12-30T17:04:51 ICT" duration-ms="11101" status="PASS">
          <reporter-output>
          </reporter-output>
        </test-method> <!-- TC09_ClickNotification -->
        <test-method is-config="true" signature="tearDown()[pri:0, instance:Epic6.Test_US_6_2@624ea235]" started-at="2025-12-30T17:04:51 ICT" name="tearDown" finished-at="2025-12-30T17:04:54 ICT" duration-ms="2190" status="PASS">
          <reporter-output>
          </reporter-output>
        </test-method> <!-- tearDown -->
        <test-method is-config="true" signature="setupAndNavigate()[pri:0, instance:Epic6.Test_US_6_2@624ea235]" started-at="2025-12-30T17:04:54 ICT" name="setupAndNavigate" finished-at="2025-12-30T17:05:00 ICT" duration-ms="6658" status="PASS">
          <reporter-output>
          </reporter-output>
        </test-method> <!-- setupAndNavigate -->
        <test-method signature="TC10_TabDaXuLy()[pri:10, instance:Epic6.Test_US_6_2@624ea235]" started-at="2025-12-30T17:05:00 ICT" name="TC10_TabDaXuLy" description="TC10: Kiểm tra Tab &#039;Đã xử lý&#039;" finished-at="2025-12-30T17:05:01 ICT" duration-ms="1028" status="PASS">
          <reporter-output>
          </reporter-output>
        </test-method> <!-- TC10_TabDaXuLy -->
        <test-method is-config="true" signature="tearDown()[pri:0, instance:Epic6.Test_US_6_2@624ea235]" started-at="2025-12-30T17:05:01 ICT" name="tearDown" finished-at="2025-12-30T17:05:04 ICT" duration-ms="2202" status="PASS">
          <reporter-output>
          </reporter-output>
        </test-method> <!-- tearDown -->
      </class> <!-- Epic6.Test_US_6_2 -->
      <class name="Epic4.Test_US_4_4">
        <test-method is-config="true" signature="setupAndNavigate()[pri:0, instance:Epic4.Test_US_4_4@4f32a3ad]" started-at="2025-12-30T17:00:43 ICT" name="setupAndNavigate" finished-at="2025-12-30T17:00:51 ICT" duration-ms="7863" status="PASS">
          <reporter-output>
          </reporter-output>
        </test-method> <!-- setupAndNavigate -->
        <test-method signature="TC01_CheckUI_Statistics()[pri:1, instance:Epic4.Test_US_4_4@4f32a3ad]" started-at="2025-12-30T17:00:51 ICT" name="TC01_CheckUI_Statistics" description="TC_138, TC_150, TC_158: Kiểm tra UI, Thống kê và Định dạng tiền tệ" finished-at="2025-12-30T17:01:01 ICT" duration-ms="10012" status="FAIL">
          <exception class="org.openqa.selenium.NoSuchElementException">
            <message>
              <![CDATA[no such element: Unable to locate element: {"method":"xpath","selector":"//h3[contains(text(),'Quản lý Chi phí Phát sinh')]"}
  (Session info: chrome=143.0.7499.170)
For documentation on this error, please visit: https://www.selenium.dev/documentation/webdriver/troubleshooting/errors#no-such-element-exception
Build info: version: '4.35.0', revision: '1c58e5028b'
System info: os.name: 'Windows 11', os.arch: 'amd64', os.version: '10.0', java.version: '21.0.3'
Driver info: org.openqa.selenium.chrome.ChromeDriver
Command: [253dbcdaedb4d69e7483162928a3213c, findElement {using=xpath, value=//h3[contains(text(),'Quản lý Chi phí Phát sinh')]}]
Capabilities {acceptInsecureCerts: false, browserName: chrome, browserVersion: 143.0.7499.170, chrome: {chromedriverVersion: 143.0.7499.169 (164b20aab62..., userDataDir: C:\Users\tongh\AppData\Loca...}, fedcm:accounts: true, goog:chromeOptions: {debuggerAddress: localhost:57915}, goog:processID: 9640, networkConnectionEnabled: false, pageLoadStrategy: normal, platformName: windows, proxy: Proxy(), se:cdp: ws://localhost:57915/devtoo..., se:cdpVersion: 143.0.7499.170, setWindowRect: true, strictFileInteractability: false, timeouts: {implicit: 0, pageLoad: 300000, script: 30000}, unhandledPromptBehavior: dismiss and notify, webauthn:extension:credBlob: true, webauthn:extension:largeBlob: true, webauthn:extension:minPinLength: true, webauthn:extension:prf: true, webauthn:virtualAuthenticators: true}
Session ID: 253dbcdaedb4d69e7483162928a3213c]]>
            </message>
            <full-stacktrace>
              <![CDATA[org.openqa.selenium.NoSuchElementException: no such element: Unable to locate element: {"method":"xpath","selector":"//h3[contains(text(),'Quản lý Chi phí Phát sinh')]"}
  (Session info: chrome=143.0.7499.170)
For documentation on this error, please visit: https://www.selenium.dev/documentation/webdriver/troubleshooting/errors#no-such-element-exception
Build info: version: '4.35.0', revision: '1c58e5028b'
System info: os.name: 'Windows 11', os.arch: 'amd64', os.version: '10.0', java.version: '21.0.3'
Driver info: org.openqa.selenium.chrome.ChromeDriver
Command: [253dbcdaedb4d69e7483162928a3213c, findElement {using=xpath, value=//h3[contains(text(),'Quản lý Chi phí Phát sinh')]}]
Capabilities {acceptInsecureCerts: false, browserName: chrome, browserVersion: 143.0.7499.170, chrome: {chromedriverVersion: 143.0.7499.169 (164b20aab62..., userDataDir: C:\Users\tongh\AppData\Loca...}, fedcm:accounts: true, goog:chromeOptions: {debuggerAddress: localhost:57915}, goog:processID: 9640, networkConnectionEnabled: false, pageLoadStrategy: normal, platformName: windows, proxy: Proxy(), se:cdp: ws://localhost:57915/devtoo..., se:cdpVersion: 143.0.7499.170, setWindowRect: true, strictFileInteractability: false, timeouts: {implicit: 0, pageLoad: 300000, script: 30000}, unhandledPromptBehavior: dismiss and notify, webauthn:extension:credBlob: true, webauthn:extension:largeBlob: true, webauthn:extension:minPinLength: true, webauthn:extension:prf: true, webauthn:virtualAuthenticators: true}
Session ID: 253dbcdaedb4d69e7483162928a3213c
at java.base/jdk.internal.reflect.DirectConstructorHandleAccessor.newInstance(DirectConstructorHandleAccessor.java:62)
at java.base/java.lang.reflect.Constructor.newInstanceWithCaller(Constructor.java:502)
at java.base/java.lang.reflect.Constructor.newInstance(Constructor.java:486)
at org.openqa.selenium.remote.ErrorCodec.decode(ErrorCodec.java:167)
at org.openqa.selenium.remote.codec.w3c.W3CHttpResponseCodec.decode(W3CHttpResponseCodec.java:138)
at org.openqa.selenium.remote.codec.w3c.W3CHttpResponseCodec.decode(W3CHttpResponseCodec.java:50)
at org.openqa.selenium.remote.HttpCommandExecutor.execute(HttpCommandExecutor.java:215)
at org.openqa.selenium.remote.service.DriverCommandExecutor.invokeExecute(DriverCommandExecutor.java:216)
at org.openqa.selenium.remote.service.DriverCommandExecutor.execute(DriverCommandExecutor.java:174)
at org.openqa.selenium.remote.RemoteWebDriver.execute(RemoteWebDriver.java:557)
at org.openqa.selenium.remote.ElementLocation$ElementFinder$2.findElement(ElementLocation.java:165)
at org.openqa.selenium.remote.ElementLocation.findElement(ElementLocation.java:59)
at org.openqa.selenium.remote.RemoteWebDriver.findElement(RemoteWebDriver.java:380)
at org.openqa.selenium.remote.RemoteWebDriver.findElement(RemoteWebDriver.java:374)
at Epic4.Test_US_4_4.TC01_CheckUI_Statistics(Test_US_4_4.java:80)
at java.base/jdk.internal.reflect.DirectMethodHandleAccessor.invoke(DirectMethodHandleAccessor.java:103)
at java.base/java.lang.reflect.Method.invoke(Method.java:580)
at org.testng.internal.invokers.MethodInvocationHelper.invokeMethod(MethodInvocationHelper.java:141)
at org.testng.internal.invokers.TestInvoker.invokeMethod(TestInvoker.java:687)
at org.testng.internal.invokers.TestInvoker.invokeTestMethod(TestInvoker.java:230)
at org.testng.internal.invokers.MethodRunner.runInSequence(MethodRunner.java:63)
at org.testng.internal.invokers.TestInvoker$MethodInvocationAgent.invoke(TestInvoker.java:995)
at org.testng.internal.invokers.TestInvoker.invokeTestMethods(TestInvoker.java:203)
at org.testng.internal.invokers.TestMethodWorker.invokeTestMethods(TestMethodWorker.java:154)
at org.testng.internal.invokers.TestMethodWorker.run(TestMethodWorker.java:134)
at java.base/java.util.ArrayList.forEach(ArrayList.java:1596)
at org.testng.TestRunner.privateRun(TestRunner.java:741)
at org.testng.TestRunner.run(TestRunner.java:616)
at org.testng.SuiteRunner.runTest(SuiteRunner.java:421)
at org.testng.SuiteRunner.runSequentially(SuiteRunner.java:413)
at org.testng.SuiteRunner.privateRun(SuiteRunner.java:373)
at org.testng.SuiteRunner.run(SuiteRunner.java:312)
at org.testng.SuiteRunnerWorker.runSuite(SuiteRunnerWorker.java:52)
at org.testng.SuiteRunnerWorker.run(SuiteRunnerWorker.java:95)
at org.testng.TestNG.runSuitesSequentially(TestNG.java:1274)
at org.testng.TestNG.runSuitesLocally(TestNG.java:1208)
at org.testng.TestNG.runSuites(TestNG.java:1112)
at org.testng.TestNG.run(TestNG.java:1079)
at org.testng.remote.AbstractRemoteTestNG.run(AbstractRemoteTestNG.java:115)
at org.testng.remote.RemoteTestNG.initAndRun(RemoteTestNG.java:293)
at org.testng.remote.RemoteTestNG.main(RemoteTestNG.java:91)
]]>
            </full-stacktrace>
          </exception> <!-- org.openqa.selenium.NoSuchElementException -->
          <reporter-output>
          </reporter-output>
        </test-method> <!-- TC01_CheckUI_Statistics -->
        <test-method is-config="true" signature="tearDown()[pri:0, instance:Epic4.Test_US_4_4@4f32a3ad]" started-at="2025-12-30T17:01:01 ICT" name="tearDown" finished-at="2025-12-30T17:01:03 ICT" duration-ms="2227" status="PASS">
          <reporter-output>
          </reporter-output>
        </test-method> <!-- tearDown -->
        <test-method is-config="true" signature="setupAndNavigate()[pri:0, instance:Epic4.Test_US_4_4@4f32a3ad]" started-at="2025-12-30T17:01:03 ICT" name="setupAndNavigate" finished-at="2025-12-30T17:01:09 ICT" duration-ms="6317" status="PASS">
          <reporter-output>
          </reporter-output>
        </test-method> <!-- setupAndNavigate -->
        <test-method signature="TC02_CheckAddPopup()[pri:2, instance:Epic4.Test_US_4_4@4f32a3ad]" started-at="2025-12-30T17:01:09 ICT" name="TC02_CheckAddPopup" description="TC_139: Kiểm tra Popup Thêm chi phí" finished-at="2025-12-30T17:01:21 ICT" duration-ms="11077" status="FAIL">
          <exception class="org.openqa.selenium.NoSuchElementException">
            <message>
              <![CDATA[no such element: Unable to locate element: {"method":"xpath","selector":"//h5[contains(text(),'Thêm chi phí phát sinh')]"}
  (Session info: chrome=143.0.7499.170)
For documentation on this error, please visit: https://www.selenium.dev/documentation/webdriver/troubleshooting/errors#no-such-element-exception
Build info: version: '4.35.0', revision: '1c58e5028b'
System info: os.name: 'Windows 11', os.arch: 'amd64', os.version: '10.0', java.version: '21.0.3'
Driver info: org.openqa.selenium.chrome.ChromeDriver
Command: [7c658cf5986772eb8feffe6d38f807a9, findElement {using=xpath, value=//h5[contains(text(),'Thêm chi phí phát sinh')]}]
[...]
at org.openqa.selenium.remote.service.DriverCommandExecutor.execute(DriverCommandExecutor.java:174)
at org.openqa.selenium.remote.RemoteWebDriver.execute(RemoteWebDriver.java:557)
at org.openqa.selenium.remote.RemoteWebDriver.execute(RemoteWebDriver.java:630)
at org.openqa.selenium.remote.RemoteWebDriver.execute(RemoteWebDriver.java:634)
at org.openqa.selenium.remote.RemoteWebDriver.getPageSource(RemoteWebDriver.java:406)
at Epic4.Test_US_4_3.TC13_Validate_IndexLogic(Test_US_4_3.java:171)
at java.base/jdk.internal.reflect.DirectMethodHandleAccessor.invoke(DirectMethodHandleAccessor.java:103)
at java.base/java.lang.reflect.Method.invoke(Method.java:580)
at org.testng.internal.invokers.MethodInvocationHelper.invokeMethod(MethodInvocationHelper.java:141)
at org.testng.internal.invokers.TestInvoker.invokeMethod(TestInvoker.java:687)
at org.testng.internal.invokers.TestInvoker.invokeTestMethod(TestInvoker.java:230)
at org.testng.internal.invokers.MethodRunner.runInSequence(MethodRunner.java:63)
at org.testng.internal.invokers.TestInvoker$MethodInvocationAgent.invoke(TestInvoker.java:995)
at org.testng.internal.invokers.TestInvoker.invokeTestMethods(TestInvoker.java:203)
at org.testng.internal.invokers.TestMethodWorker.invokeTestMethods(TestMethodWorker.java:154)
at org.testng.internal.invokers.TestMethodWorker.run(TestMethodWorker.java:134)
at java.base/java.util.ArrayList.forEach(ArrayList.java:1596)
at org.testng.TestRunner.privateRun(TestRunner.java:741)
at org.testng.TestRunner.run(TestRunner.java:616)
at org.testng.SuiteRunner.runTest(SuiteRunner.java:421)
at org.testng.SuiteRunner.runSequentially(SuiteRunner.java:413)
at org.testng.SuiteRunner.privateRun(SuiteRunner.java:373)
at org.testng.SuiteRunner.run(SuiteRunner.java:312)
at org.testng.SuiteRunnerWorker.runSuite(SuiteRunnerWorker.java:52)
at org.testng.SuiteRunnerWorker.run(SuiteRunnerWorker.java:95)
at org.testng.TestNG.runSuitesSequentially(TestNG.java:1274)
at org.testng.TestNG.runSuitesLocally(TestNG.java:1208)
at org.testng.TestNG.runSuites(TestNG.java:1112)
at org.testng.TestNG.run(TestNG.java:1079)
at org.testng.remote.AbstractRemoteTestNG.run(AbstractRemoteTestNG.java:115)
at org.testng.remote.RemoteTestNG.initAndRun(RemoteTestNG.java:293)
at org.testng.remote.RemoteTestNG.main(RemoteTestNG.java:91)
]]>
            </full-stacktrace>
          </exception> <!-- org.openqa.selenium.UnhandledAlertException -->
          <reporter-output>
          </reporter-output>
        </test-method> <!-- TC13_Validate_IndexLogic -->
        <test-method is-config="true" signature="tearDown()[pri:0, instance:Epic4.Test_US_4_3@1b1cfb87]" started-at="2025-12-30T17:12:21 ICT" name="tearDown" finished-at="2025-12-30T17:12:23 ICT" duration-ms="2227" status="PASS">
          <reporter-output>
          </reporter-output>
        </test-method> <!-- tearDown -->
        <test-method is-config="true" signature="setupAndNavigate()[pri:0, instance:Epic4.Test_US_4_3@1b1cfb87]" started-at="2025-12-30T17:12:23 ICT" name="setupAndNavigate" finished-at="2025-12-30T17:12:29 ICT" duration-ms="6119" status="PASS">
          <reporter-output>
          </reporter-output>
        </test-method> <!-- setupAndNavigate -->
        <test-method signature="TC22_AutoCalculate()[pri:6, instance:Epic4.Test_US_4_3@1b1cfb87]" started-at="2025-12-30T17:12:29 ICT" name="TC22_AutoCalculate" description="TC_090, TC_091, TC_095, TC_096: Tính toán tự động (Tiêu thụ &amp; Thành tiền)" finished-at="2025-12-30T17:12:31 ICT" duration-ms="1786" status="PASS">
          <reporter-output>
          </reporter-output>
        </test-method> <!-- TC22_AutoCalculate -->
        <test-method is-config="true" signature="tearDown()[pri:0, instance:Epic4.Test_US_4_3@1b1cfb87]" started-at="2025-12-30T17:12:31 ICT" name="tearDown" finished-at="2025-12-30T17:12:33 ICT" duration-ms="2208" status="PASS">
          <reporter-output>
          </reporter-output>
        </test-method> <!-- tearDown -->
        <test-method is-config="true" signature="setupAndNavigate()[pri:0, instance:Epic4.Test_US_4_3@1b1cfb87]" started-at="2025-12-30T17:12:33 ICT" name="setupAndNavigate" finished-at="2025-12-30T17:12:39 ICT" duration-ms="6215" status="PASS">
          <reporter-output>
          </reporter-output>
        </test-method> <!-- setupAndNavigate -->
        <test-method signature="TC34_Search()[pri:7, instance:Epic4.Test_US_4_3@1b1cfb87]" started-at="2025-12-30T17:12:39 ICT" name="TC34_Search" description="TC_102, TC_103: Tìm kiếm" finished-at="2025-12-30T17:12:41 ICT" duration-ms="1123" status="PASS">
          <reporter-output>
          </reporter-output>
        </test-method> <!-- TC34_Search -->
        <test-method is-config="true" signature="tearDown()[pri:0, instance:Epic4.Test_US_4_3@1b1cfb87]" started-at="2025-12-30T17:12:41 ICT" name="tearDown" finished-at="2025-12-30T17:12:43 ICT" duration-ms="2196" status="PASS">
          <reporter-output>
          </reporter-output>
        </test-method> <!-- tearDown -->
        <test-method is-config="true" signature="setupAndNavigate()[pri:0, instance:Epic4.Test_US_4_3@1b1cfb87]" started-at="2025-12-30T17:12:43 ICT" name="setupAndNavigate" finished-at="2025-12-30T17:12:49 ICT" duration-ms="6239" status="PASS">
          <reporter-output>
          </reporter-output>
        </test-method> <!-- setupAndNavigate -->
        <test-method signature="TC45_EditRecord()[pri:8, instance:Epic4.Test_US_4_3@1b1cfb87]" started-at="2025-12-30T17:12:49 ICT" name="TC45_EditRecord" description="TC_113: Chỉnh sửa chỉ số nước" finished-at="2025-12-30T17:12:50 ICT" duration-ms="1032" status="FAIL">
          <exception class="org.openqa.selenium.UnhandledAlertException">
            <message>
              <![CDATA[unexpected alert open: {Alert text : Bản ghi đã thanh toán, không thể chỉnh sửa!}
  (Session info: chrome=143.0.7499.170): Bản ghi đã thanh toán, không thể chỉnh sửa!
Build info: version: '4.35.0', revision: '1c58e5028b'
System info: os.name: 'Windows 11', os.arch: 'amd64', os.version: '10.0', java.version: '21.0.3'
Driver info: org.openqa.selenium.chrome.ChromeDriver
Command: [9545b15010fe8d3a67dedb7193222a9f, findElement {using=xpath, value=//h5[contains(text(),'Sửa chỉ số nước')]}]
Capabilities {acceptInsecureCerts: false, browserName: chrome, browserVersion: 143.0.7499.170, chrome: {chromedriverVersion: 143.0.7499.169 (164b20aab62..., userDataDir: C:\Users\tongh\AppData\Loca...}, fedcm:accounts: true, goog:chromeOptions: {debuggerAddress: localhost:65074}, goog:processID: 20500, networkConnectionEnabled: false, pageLoadStrategy: normal, platformName: windows, proxy: Proxy(), se:cdp: ws://localhost:65074/devtoo..., se:cdpVersion: 143.0.7499.170, setWindowRect: true, strictFileInteractability: false, timeouts: {implicit: 0, pageLoad: 300000, script: 30000}, unhandledPromptBehavior: dismiss and notify, webauthn:extension:credBlob: true, webauthn:extension:largeBlob: true, webauthn:extension:minPinLength: true, webauthn:extension:prf: true, webauthn:virtualAuthenticators: true}
Session ID: 9545b15010fe8d3a67dedb7193222a9f]]>
            </message>
            <full-stacktrace>
              <![CDATA[org.openqa.selenium.UnhandledAlertException: unexpected alert open: {Alert text : Bản ghi đã thanh toán, không thể chỉnh sửa!}
  (Session info: chrome=143.0.7499.170): Bản ghi đã thanh toán, không thể chỉnh sửa!
Build info: version: '4.35.0', revision: '1c58e5028b'
System info: os.name: 'Windows 11', os.arch: 'amd64', os.version: '10.0', java.version: '21.0.3'
Driver info: org.openqa.selenium.chrome.ChromeDriver
Command: [9545b15010fe8d3a67dedb7193222a9f, findElement {using=xpath, value=//h5[contains(text(),'Sửa chỉ số nước')]}]
Capabilities {acceptInsecureCerts: false, browserName: chrome, browserVersion: 143.0.7499.170, chrome: {chromedriverVersion: 143.0.7499.169 (164b20aab62..., userDataDir: C:\Users\tongh\AppData\Loca...}, fedcm:accounts: true, goog:chromeOptions: {debuggerAddress: localhost:65074}, goog:processID: 20500, networkConnectionEnabled: false, pageLoadStrategy: normal, platformName: windows, proxy: Proxy(), se:cdp: ws://localhost:65074/devtoo..., se:cdpVersion: 143.0.7499.170, setWindowRect: true, strictFileInteractability: false, timeouts: {implicit: 0, pageLoad: 300000, script: 30000}, unhandledPromptBehavior: dismiss and notify, webauthn:extension:credBlob: true, webauthn:extension:largeBlob: true, webauthn:extension:minPinLength: true, webauthn:extension:prf: true, webauthn:virtualAuthenticators: true}
Session ID: 9545b15010fe8d3a67dedb7193222a9f
at org.openqa.selenium.remote.codec.w3c.W3CHttpResponseCodec.decode(W3CHttpResponseCodec.java:136)
at org.openqa.selenium.remote.codec.w3c.W3CHttpResponseCodec.decode(W3CHttpResponseCodec.java:50)
at org.openqa.selenium.remote.HttpCommandExecutor.execute(HttpCommandExecutor.java:215)
at org.openqa.selenium.remote.service.DriverCommandExecutor.invokeExecute(DriverCommandExecutor.java:216)
at org.openqa.selenium.remote.service.DriverCommandExecutor.execute(DriverCommandExecutor.java:174)
at org.openqa.selenium.remote.RemoteWebDriver.execute(RemoteWebDriver.java:557)
at org.openqa.selenium.remote.ElementLocation$ElementFinder$2.findElement(ElementLocation.java:165)
at org.openqa.selenium.remote.ElementLocation.findElement(ElementLocation.java:59)
at org.openqa.selenium.remote.RemoteWebDriver.findElement(RemoteWebDriver.java:380)
at org.openqa.selenium.remote.RemoteWebDriver.findElement(RemoteWebDriver.java:374)
at Epic4.Test_US_4_3.TC45_EditRecord(Test_US_4_3.java:233)
at java.base/jdk.internal.reflect.DirectMethodHandleAccessor.invoke(DirectMethodHandleAccessor.java:103)
at java.base/java.lang.reflect.Method.invoke(Method.java:580)
at org.testng.internal.invokers.MethodInvocationHelper.invokeMethod(MethodInvocationHelper.java:141)
at org.testng.internal.invokers.TestInvoker.invokeMethod(TestInvoker.java:687)
at org.testng.internal.invokers.TestInvoker.invokeTestMethod(TestInvoker.java:230)
at org.testng.internal.invokers.MethodRunner.runInSequence(MethodRunner.java:63)
at org.testng.internal.invokers.TestInvoker$MethodInvocationAgent.invoke(TestInvoker.java:995)
at org.testng.internal.invokers.TestInvoker.invokeTestMethods(TestInvoker.java:203)
at org.testng.internal.invokers.TestMethodWorker.invokeTestMethods(TestMethodWorker.java:154)
at org.testng.internal.invokers.TestMethodWorker.run(TestMethodWorker.java:134)
at java.base/java.util.ArrayList.forEach(ArrayList.java:1596)
at org.testng.TestRunner.privateRun(TestRunner.java:741)
at org.testng.TestRunner.run(TestRunner.java:616)
at org.testng.SuiteRunner.runTest(SuiteRunner.java:421)
at org.testng.SuiteRunner.runSequentially(SuiteRunner.java:413)
at org.testng.SuiteRunner.privateRun(SuiteRunner.java:373)
at org.testng.SuiteRunner.run(SuiteRunner.java:312)
at org.testng.SuiteRunnerWorker.runSuite(SuiteRunnerWorker.java:52)
at org.testng.SuiteRunnerWorker.run(SuiteRunnerWorker.java:95)
at org.testng.TestNG.runSuitesSequentially(TestNG.java:1274)
at org.testng.TestNG.runSuitesLocally(TestNG.java:1208)
at org.testng.TestNG.runSuites(TestNG.java:1112)
at org.testng.TestNG.run(TestNG.java:1079)
at org.testng.remote.AbstractRemoteTestNG.run(AbstractRemoteTestNG.java:115)
at org.testng.remote.RemoteTestNG.initAndRun(RemoteTestNG.java:293)
at org.testng.remote.RemoteTestNG.main(RemoteTestNG.java:91)
]]>
            </full-stacktrace>
          </exception> <!-- org.openqa.selenium.UnhandledAlertException -->
          <reporter-output>
          </reporter-output>
        </test-method> <!-- TC45_EditRecord -->
        <test-method is-config="true" signature="tearDown()[pri:0, instance:Epic4.Test_US_4_3@1b1cfb87]" started-at="2025-12-30T17:12:50 ICT" name="tearDown" finished-at="2025-12-30T17:12:52 ICT" duration-ms="2228" status="PASS">
          <reporter-output>
          </reporter-output>
        </test-method> <!-- tearDown -->
        <test-method is-config="true" signature="setupAndNavigate()[pri:0, instance:Epic4.Test_US_4_3@1b1cfb87]" started-at="2025-12-30T17:12:52 ICT" name="setupAndNavigate" finished-at="2025-12-30T17:12:58 ICT" duration-ms="6091" status="PASS">
          <reporter-output>
          </reporter-output>
        </test-method> <!-- setupAndNavigate -->
        <test-method signature="TC64_DeleteRecord()[pri:9, instance:Epic4.Test_US_4_3@1b1cfb87]" started-at="2025-12-30T17:12:58 ICT" name="TC64_DeleteRecord" description="TC_132: Xóa chỉ số nước" finished-at="2025-12-30T17:12:59 ICT" duration-ms="525" status="FAIL">
          <exception class="org.openqa.selenium.UnhandledAlertException">
            <message>
              <![CDATA[unexpected alert open: {Alert text : Hóa đơn đã thanh toán nên không thể xóa!}
  (Session info: chrome=143.0.7499.170): Hóa đơn đã thanh toán nên không thể xóa!
Build info: version: '4.35.0', revision: '1c58e5028b'
System info: os.name: 'Windows 11', os.arch: 'amd64', os.version: '10.0', java.version: '21.0.3'
Driver info: org.openqa.selenium.chrome.ChromeDriver
Command: [7421a88fca652c0cfacf48500b3ac11b, findElement {using=xpath, value=//h5[contains(text(),'Xác nhận xóa?')]}]
Capabilities {acceptInsecureCerts: false, browserName: chrome, browserVersion: 143.0.7499.170, chrome: {chromedriverVersion: 143.0.7499.169 (164b20aab62..., userDataDir: C:\Users\tongh\AppData\Loca...}, fedcm:accounts: true, goog:chromeOptions: {debuggerAddress: localhost:50265}, goog:processID: 21004, networkConnectionEnabled: false, pageLoadStrategy: normal, platformName: windows, proxy: Proxy(), se:cdp: ws://localhost:50265/devtoo..., se:cdpVersion: 143.0.7499.170, setWindowRect: true, strictFileInteractability: false, timeouts: {implicit: 0, pageLoad: 300000, script: 30000}, unhandledPromptBehavior: dismiss and notify, webauthn:extension:credBlob: true, webauthn:extension:largeBlob: true, webauthn:extension:minPinLength: true, webauthn:extension:prf: true, webauthn:virtualAuthenticators: true}
Session ID: 7421a88fca652c0cfacf48500b3ac11b]]>
            </message>
            <full-stacktrace>
              <![CDATA[org.openqa.selenium.UnhandledAlertException: unexpected alert open: {Alert text : Hóa đơn đã thanh toán nên không thể xóa!}
  (Session info: chrome=143.0.7499.170): Hóa đơn đã thanh toán nên không thể xóa!
Build info: version: '4.35.0', revision: '1c58e5028b'
System info: os.name: 'Windows 11', os.arch: 'amd64', os.version: '10.0', java.version: '21.0.3'
Driver info: org.openqa.selenium.chrome.ChromeDriver
Command: [7421a88fca652c0cfacf48500b3ac11b, findElement {using=xpath, value=//h5[contains(text(),'Xác nhận xóa?')]}]
Capabilities {acceptInsecureCerts: false, browserName: chrome, browserVersion: 143.0.7499.170, chrome: {chromedriverVersion: 143.0.7499.169 (164b20aab62..., userDataDir: C:\Users\tongh\AppData\Loca...}, fedcm:accounts: true, goog:chromeOptions: {debuggerAddress: localhost:50265}, goog:processID: 21004, networkConnectionEnabled: false, pageLoadStrategy: normal, platformName: windows, proxy: Proxy(), se:cdp: ws://localhost:50265/devtoo..., se:cdpVersion: 143.0.7499.170, setWindowRect: true, strictFileInteractability: false, timeouts: {implicit: 0, pageLoad: 300000, script: 30000}, unhandledPromptBehavior: dismiss and notify, webauthn:extension:credBlob: true, webauthn:extension:largeBlob: true, webauthn:extension:minPinLength: true, webauthn:extension:prf: true, webauthn:virtualAuthenticators: true}
Session ID: 7421a88fca652c0cfacf48500b3ac11b
at org.openqa.selenium.remote.codec.w3c.W3CHttpResponseCodec.decode(W3CHttpResponseCodec.java:136)
at org.openqa.selenium.remote.codec.w3c.W3CHttpResponseCodec.decode(W3CHttpResponseCodec.java:50)
at org.openqa.selenium.remote.HttpCommandExecutor.execute(HttpCommandExecutor.java:215)
at org.openqa.selenium.remote.service.DriverCommandExecutor.invokeExecute(DriverCommandExecutor.java:216)
at org.openqa.selenium.remote.service.DriverCommandExecutor.execute(DriverCommandExecutor.java:174)
at org.openqa.selenium.remote.RemoteWebDriver.execute(RemoteWebDriver.java:557)
at org.openqa.selenium.remote.ElementLocation$ElementFinder$2.findElement(ElementLocation.java:165)
at org.openqa.selenium.remote.ElementLocation.findElement(ElementLocation.java:59)
at org.openqa.selenium.remote.RemoteWebDriver.findElement(RemoteWebDriver.java:380)
at org.openqa.selenium.remote.RemoteWebDriver.findElement(RemoteWebDriver.java:374)
at Epic4.Test_US_4_3.TC64_DeleteRecord(Test_US_4_3.java:255)
at java.base/jdk.internal.reflect.DirectMethodHandleAccessor.invoke(DirectMethodHandleAccessor.java:103)
at java.base/java.lang.reflect.Method.invoke(Method.java:580)
at org.testng.internal.invokers.MethodInvocationHelper.invokeMethod(MethodInvocationHelper.java:141)
at org.testng.internal.invokers.TestInvoker.invokeMethod(TestInvoker.java:687)
at org.testng.internal.invokers.TestInvoker.invokeTestMethod(TestInvoker.java:230)
at org.testng.internal.invokers.MethodRunner.runInSequence(MethodRunner.java:63)
at org.testng.internal.invokers.TestInvoker$MethodInvocationAgent.invoke(TestInvoker.java:995)
at org.testng.internal.invokers.TestInvoker.invokeTestMethods(TestInvoker.java:203)
at org.testng.internal.invokers.TestMethodWorker.invokeTestMethods(TestMethodWorker.java:154)
at org.testng.internal.invokers.TestMethodWorker.run(TestMethodWorker.java:134)
at java.base/java.util.ArrayList.forEach(ArrayList.java:1596)
at org.testng.TestRunner.privateRun(TestRunner.java:741)
at org.testng.TestRunner.run(TestRunner.java:616)
at org.testng.SuiteRunner.runTest(SuiteRunner.java:421)
at org.testng.SuiteRunner.runSequentially(SuiteRunner.java:413)
at org.testng.SuiteRunner.privateRun(SuiteRunner.java:373)
at org.testng.SuiteRunner.run(SuiteRunner.java:312)
at org.testng.SuiteRunnerWorker.runSuite(SuiteRunnerWorker.java:52)
at org.testng.SuiteRunnerWorker.run(SuiteRunnerWorker.java:95)
at org.testng.TestNG.runSuitesSequentially(TestNG.java:1274)
at org.testng.TestNG.runSuitesLocally(TestNG.java:1208)
at org.testng.TestNG.runSuites(TestNG.java:1112)
at org.testng.TestNG.run(TestNG.java:1079)
at org.testng.remote.AbstractRemoteTestNG.run(AbstractRemoteTestNG.java:115)
at org.testng.remote.RemoteTestNG.initAndRun(RemoteTestNG.java:293)
at org.testng.remote.RemoteTestNG.main(RemoteTestNG.java:91)
]]>
            </full-stacktrace>
          </exception> <!-- org.openqa.selenium.UnhandledAlertException -->
          <reporter-output>
          </reporter-output>
        </test-method> <!-- TC64_DeleteRecord -->
        <test-method is-config="true" signature="tearDown()[pri:0, instance:Epic4.Test_US_4_3@1b1cfb87]" started-at="2025-12-30T17:12:59 ICT" name="tearDown" finished-at="2025-12-30T17:13:01 ICT" duration-ms="2213" status="PASS">
          <reporter-output>
          </reporter-output>
        </test-method> <!-- tearDown -->
        <test-method is-config="true" signature="setupAndNavigate()[pri:0, instance:Epic4.Test_US_4_3@1b1cfb87]" started-at="2025-12-30T17:13:01 ICT" name="setupAndNavigate" finished-at="2025-12-30T17:13:07 ICT" duration-ms="6254" status="PASS">
          <reporter-output>
          </reporter-output>
        </test-method> <!-- setupAndNavigate -->
        <test-method signature="TC137_CheckChart()[pri:10, instance:Epic4.Test_US_4_3@1b1cfb87]" started-at="2025-12-30T17:13:07 ICT" name="TC137_CheckChart" description="TC_137: Kiểm tra biểu đồ" finished-at="2025-12-30T17:13:07 ICT" duration-ms="22" status="PASS">
          <reporter-output>
          </reporter-output>
        </test-method> <!-- TC137_CheckChart -->
        <test-method is-config="true" signature="tearDown()[pri:0, instance:Epic4.Test_US_4_3@1b1cfb87]" started-at="2025-12-30T17:13:07 ICT" name="tearDown" finished-at="2025-12-30T17:13:10 ICT" duration-ms="2214" status="PASS">
          <reporter-output>
          </reporter-output>
        </test-method> <!-- tearDown -->
      </class> <!-- Epic4.Test_US_4_3 -->
    </test> <!-- Test_Full -->
  </suite> <!-- RoomManagement_Suite -->
</testng-results>
