<?xml version="1.0" encoding="UTF-8"?>
<!-- Generated by org.testng.reporters.JUnitReportReporter -->
<testsuite hostname="ThanhHuy" failures="0" tests="19" name="Epic8.US84_US85" time="13.002" errors="1" timestamp="2025-11-29T11:29:55 ICT" skipped="18">
  <testcase classname="Epic8.US84_US85" name="beforeClass" time="13.000">
    <error message="Expected condition failed: waiting for visibility of element located by By.xpath: //input[@placeholder=&#039;Tên đăng nhập&#039;] (tried for 10 second(s) with 500 milliseconds interval)
Build info: version: &#039;4.35.0&#039;, revision: &#039;1c58e5028b&#039;
System info: os.name: &#039;Windows 11&#039;, os.arch: &#039;amd64&#039;, os.version: &#039;10.0&#039;, java.version: &#039;21.0.1&#039;
Driver info: org.openqa.selenium.edge.EdgeDriver
Capabilities {acceptInsecureCerts: false, browserName: MicrosoftEdge, browserVersion: 142.0.3595.94, fedcm:accounts: true, goog:processID: 27868, ms:edgeOptions: {debuggerAddress: localhost:64279}, msedge: {msedgedriverVersion: 142.0.3595.94 (6565d6e52817..., userDataDir: C:\Users\nguye\AppData\Loca...}, networkConnectionEnabled: false, pageLoadStrategy: normal, platformName: windows, proxy: Proxy(), se:cdp: ws://localhost:64279/devtoo..., se:cdpVersion: 142.0.3595.94, setWindowRect: true, strictFileInteractability: false, timeouts: {implicit: 0, pageLoad: 300000, script: 30000}, unhandledPromptBehavior: dismiss and notify, webauthn:extension:credBlob: true, webauthn:extension:largeBlob: true, webauthn:extension:minPinLength: true, webauthn:extension:prf: true, webauthn:virtualAuthenticators: true}
Session ID: 5d8ba3373d58cfb3f1e84cd153603d34" type="org.openqa.selenium.TimeoutException">
      <![CDATA[org.openqa.selenium.TimeoutException: Expected condition failed: waiting for visibility of element located by By.xpath: //input[@placeholder='Tên đăng nhập'] (tried for 10 second(s) with 500 milliseconds interval)
Build info: version: '4.35.0', revision: '1c58e5028b'
System info: os.name: 'Windows 11', os.arch: 'amd64', os.version: '10.0', java.version: '21.0.1'
Driver info: org.openqa.selenium.edge.EdgeDriver
Capabilities {acceptInsecureCerts: false, browserName: MicrosoftEdge, browserVersion: 142.0.3595.94, fedcm:accounts: true, goog:processID: 27868, ms:edgeOptions: {debuggerAddress: localhost:64279}, msedge: {msedgedriverVersion: 142.0.3595.94 (6565d6e52817..., userDataDir: C:\Users\nguye\AppData\Loca...}, networkConnectionEnabled: false, pageLoadStrategy: normal, platformName: windows, proxy: Proxy(), se:cdp: ws://localhost:64279/devtoo..., se:cdpVersion: 142.0.3595.94, setWindowRect: true, strictFileInteractability: false, timeouts: {implicit: 0, pageLoad: 300000, script: 30000}, unhandledPromptBehavior: dismiss and notify, webauthn:extension:credBlob: true, webauthn:extension:largeBlob: true, webauthn:extension:minPinLength: true, webauthn:extension:prf: true, webauthn:virtualAuthenticators: true}
Session ID: 5d8ba3373d58cfb3f1e84cd153603d34
at org.openqa.selenium.support.ui.WebDriverWait.timeoutException(WebDriverWait.java:84)
at org.openqa.selenium.support.ui.FluentWait.until(FluentWait.java:228)
at Epic8.US84_US85.loginAsTenant(US84_US85.java:551)
at Epic8.US84_US85.beforeClass(US84_US85.java:30)
at java.base/jdk.internal.reflect.DirectMethodHandleAccessor.invoke(DirectMethodHandleAccessor.java:103)
at java.base/java.lang.reflect.Method.invoke(Method.java:580)
at org.testng.internal.invokers.MethodInvocationHelper.invokeMethod(MethodInvocationHelper.java:141)
at org.testng.internal.invokers.MethodInvocationHelper.invokeMethodConsideringTimeout(MethodInvocationHelper.java:71)
at org.testng.internal.invokers.ConfigInvoker.invokeConfigurationMethod(ConfigInvoker.java:400)
at org.testng.internal.invokers.ConfigInvoker.invokeConfigurations(ConfigInvoker.java:333)
at org.testng.internal.invokers.TestMethodWorker.invokeBeforeClassMethods(TestMethodWorker.java:188)
at org.testng.internal.invokers.TestMethodWorker.run(TestMethodWorker.java:128)
at java.base/java.util.ArrayList.forEach(ArrayList.java:1596)
at org.testng.TestRunner.privateRun(TestRunner.java:741)
at org.testng.TestRunner.run(TestRunner.java:616)
at org.testng.SuiteRunner.runTest(SuiteRunner.java:421)
at org.testng.SuiteRunner.runSequentially(SuiteRunner.java:413)
at org.testng.SuiteRunner.privateRun(SuiteRunner.java:373)
at org.testng.SuiteRunner.run(SuiteRunner.java:312)
at org.testng.SuiteRunnerWorker.runSuite(SuiteRunnerWorker.java:52)
at org.testng.SuiteRunnerWorker.run(SuiteRunnerWorker.java:95)
at org.testng.TestNG.runSuitesSequentially(TestNG.java:1274)
at org.testng.TestNG.runSuitesLocally(TestNG.java:1208)
at org.testng.TestNG.runSuites(TestNG.java:1112)
at org.testng.TestNG.run(TestNG.java:1079)
at org.testng.remote.AbstractRemoteTestNG.run(AbstractRemoteTestNG.java:115)
at org.testng.remote.RemoteTestNG.initAndRun(RemoteTestNG.java:293)
at org.testng.remote.RemoteTestNG.main(RemoteTestNG.java:91)
]]>
    </error>
  </testcase> <!-- beforeClass -->
  <testcase classname="Epic8.US84_US85" name="TC841" time="0.000">
    <skipped/>
  </testcase> <!-- TC841 -->
  <testcase classname="Epic8.US84_US85" name="TC842" time="0.000">
    <skipped/>
  </testcase> <!-- TC842 -->
  <testcase classname="Epic8.US84_US85" name="TC843" time="0.000">
    <skipped/>
  </testcase> <!-- TC843 -->
  <testcase classname="Epic8.US84_US85" name="TC844" time="0.000">
    <skipped/>
  </testcase> <!-- TC844 -->
  <testcase classname="Epic8.US84_US85" name="TC845" time="0.000">
    <skipped/>
  </testcase> <!-- TC845 -->
  <testcase classname="Epic8.US84_US85" name="TC846" time="0.001">
    <skipped/>
  </testcase> <!-- TC846 -->
  <testcase classname="Epic8.US84_US85" name="TC847" time="0.000">
    <skipped/>
  </testcase> <!-- TC847 -->
  <testcase classname="Epic8.US84_US85" name="TC848" time="0.000">
    <skipped/>
  </testcase> <!-- TC848 -->
  <testcase classname="Epic8.US84_US85" name="TC849" time="0.000">
    <skipped/>
  </testcase> <!-- TC849 -->
  <testcase classname="Epic8.US84_US85" name="TC8410" time="0.000">
    <skipped/>
  </testcase> <!-- TC8410 -->
  <testcase classname="Epic8.US84_US85" name="TC8411" time="0.000">
    <skipped/>
  </testcase> <!-- TC8411 -->
  <testcase classname="Epic8.US84_US85" name="TC8413" time="0.000">
    <skipped/>
  </testcase> <!-- TC8413 -->
  <testcase classname="Epic8.US84_US85" name="TC851" time="0.000">
    <skipped/>
  </testcase> <!-- TC851 -->
  <testcase classname="Epic8.US84_US85" name="TC852" time="0.001">
    <skipped/>
  </testcase> <!-- TC852 -->
  <testcase classname="Epic8.US84_US85" name="TC853" time="0.000">
    <skipped/>
  </testcase> <!-- TC853 -->
  <testcase classname="Epic8.US84_US85" name="TC854" time="0.000">
    <skipped/>
  </testcase> <!-- TC854 -->
  <testcase classname="Epic8.US84_US85" name="TC855" time="0.000">
    <skipped/>
  </testcase> <!-- TC855 -->
  <testcase classname="Epic8.US84_US85" name="TC856" time="0.000">
    <skipped/>
  </testcase> <!-- TC856 -->
</testsuite> <!-- Epic8.US84_US85 -->
