<?xml version="1.0" encoding="UTF-8"?>
<!-- Generated by org.testng.reporters.JUnitReportReporter -->
<testsuite hostname="ThanhHuy" failures="0" tests="7" name="Epic7.US71" time="13.237" errors="0" timestamp="2025-11-17T07:53:18 ICT" skipped="0">
  <testcase classname="Epic7.US71" name="TC711" time="0.064"/>
  <testcase classname="Epic7.US71" name="TC712" time="2.111"/>
  <testcase classname="Epic7.US71" name="TC713" time="2.217"/>
  <testcase classname="Epic7.US71" name="TC714" time="2.073"/>
  <testcase classname="Epic7.US71" name="TC715" time="2.250"/>
  <testcase classname="Epic7.US71" name="TC_UI_712" time="2.270"/>
  <testcase classname="Epic7.US71" name="TC_UI_713" time="2.252"/>
</testsuite> <!-- Epic7.US71 -->
