<?xml version="1.0" encoding="UTF-8"?>
<!-- Generated by org.testng.reporters.JUnitReportReporter -->
<testsuite hostname="ThanhHuy" failures="0" tests="6" name="Epic7.US72" time="8.796" errors="0" timestamp="2025-11-17T07:45:20 ICT" skipped="0">
  <testcase classname="Epic7.US72" name="TC721" time="0.048"/>
  <testcase classname="Epic7.US72" name="TC722" time="0.032"/>
  <testcase classname="Epic7.US72" name="TC723" time="2.068"/>
  <testcase classname="Epic7.US72" name="TC724" time="2.193"/>
  <testcase classname="Epic7.US72" name="TC_UI_722" time="2.236"/>
  <testcase classname="Epic7.US72" name="TC_UI_723" time="2.219"/>
</testsuite> <!-- Epic7.US72 -->
