<?xml version="1.0" encoding="UTF-8"?>
<!-- Generated by org.testng.reporters.JUnitReportReporter -->
<testsuite hostname="ThanhHuy" failures="0" tests="5" name="Epic1.US11" time="24.955" errors="0" timestamp="2025-11-17T08:30:24 ICT" skipped="0">
  <testcase classname="Epic1.US11" name="TC111" time="4.787"/>
  <testcase classname="Epic1.US11" name="TC112" time="11.797"/>
  <testcase classname="Epic1.US11" name="TC113" time="2.801"/>
  <testcase classname="Epic1.US11" name="TC114" time="2.492"/>
  <testcase classname="Epic1.US11" name="TC115" time="3.078"/>
</testsuite> <!-- Epic1.US11 -->
