<?xml version="1.0" encoding="UTF-8"?>
<!-- Generated by org.testng.reporters.JUnitXMLReporter -->
<testsuite ignored="0" hostname="DESKTOP-LQQ7F2H" failures="0" tests="5" name="Default test" time="4.607" errors="0" timestamp="2025-12-28T22:48:33 ICT">
  <testcase classname="Epic14.US142" name="TC_UI_14_2_2_VerifyNewStatusInList" time="0.062"/>
  <testcase classname="Epic14.US142" name="TC_14_2_5_and_14_2_6_HandleNotes" time="0.106"/>
  <testcase classname="Epic14.US142" name="TC_14_2_4_and_14_2_7_UpdateToResolved" time="0.681"/>
  <testcase classname="Epic14.US142" name="TC_UI_14_2_8_VerifySync" time="0.165"/>
  <testcase classname="Epic14.US142" name="TC_14_2_9_LockAccount" time="0.613"/>
</testsuite> <!-- Default test -->
