<html>
<head>
<title>TestNG:  Run_All_US_Tests</title>
<link href="../testng.css" rel="stylesheet" type="text/css" />
<link href="../my-testng.css" rel="stylesheet" type="text/css" />

<style type="text/css">
.log { display: none;} 
.stack-trace { display: none;} 
</style>
<script type="text/javascript">
<!--
function flip(e) {
  current = e.style.display;
  if (current == 'block') {
    e.style.display = 'none';
    return 0;
  }
  else {
    e.style.display = 'block';
    return 1;
  }
}

function toggleBox(szDivId, elem, msg1, msg2)
{
  var res = -1;  if (document.getElementById) {
    res = flip(document.getElementById(szDivId));
  }
  else if (document.all) {
    // this is the way old msie versions work
    res = flip(document.all[szDivId]);
  }
  if(elem) {
    if(res == 0) elem.innerHTML = msg1; else elem.innerHTML = msg2;
  }

}

function toggleAllBoxes() {
  if (document.getElementsByTagName) {
    d = document.getElementsByTagName('div');
    for (i = 0; i < d.length; i++) {
      if (d[i].className == 'log') {
        flip(d[i]);
      }
    }
  }
}

// -->
</script>

</head>
<body>
<h2 align='center'>Run_All_US_Tests</h2><table border='1' align="center">
<tr>
<td>Tests passed/Failed/Skipped:</td><td>42/1/0</td>
</tr><tr>
<td>Started on:</td><td>Sun Nov 16 15:59:59 ICT 2025</td>
</tr>
<tr><td>Total time:</td><td>49 seconds (49780 ms)</td>
</tr><tr>
<td>Included groups:</td><td></td>
</tr><tr>
<td>Excluded groups:</td><td></td>
</tr>
</table><p/>
<small><i>(Hover the method name to see the test class name)</i></small><p/>
<table width='100%' border='1' class='invocation-failed'>
<tr><td colspan='4' align='center'><b>FAILED TESTS</b></td></tr>
<tr><td><b>Test method</b></td>
<td><b>Attribute(s)</b></td>
<td width="30%"><b>Exception</b></td>
<td width="10%"><b>Time (seconds)</b></td>
<td><b>Instance</b></td>
</tr>
<tr>
<td title='Epic1.US14.TC141()'><b>TC141</b><br>Test class: Epic1.US14</td>
<td><div><pre>org.openqa.selenium.NoSuchElementException: no such element: Unable to locate element: {&quot;method&quot;:&quot;xpath&quot;,&quot;selector&quot;:&quot;//tbody/tr[8]/td[7]/button[1]/i[1]&quot;}
  (Session info: chrome=142.0.7444.163)
For documentation on this error, please visit: https://www.selenium.dev/documentation/webdriver/troubleshooting/errors#no-such-element-exception
Build info: version: &apos;4.35.0&apos;, revision: &apos;1c58e5028b&apos;
System info: os.name: &apos;Windows 11&apos;, os.arch: &apos;amd64&apos;, os.version: &apos;10.0&apos;, java.version: &apos;21.0.1&apos;
Driver info: org.openqa.selenium.chrome.ChromeDriver
Command: [037f146c3b69236af1944ae768685983, findElement {value=//tbody/tr[8]/td[7]/button[1]/i[1], using=xpath}]
Capabilities {acceptInsecureCerts: false, browserName: chrome, browserVersion: 142.0.7444.163, chrome: {chromedriverVersion: 142.0.7444.162 (c076baf266c..., userDataDir: C:\Users\nguye\AppData\Loca...}, fedcm:accounts: true, goog:chromeOptions: {debuggerAddress: localhost:56263}, goog:processID: 29156, networkConnectionEnabled: false, pageLoadStrategy: normal, platformName: windows, proxy: Proxy(), se:cdp: ws://localhost:56263/devtoo..., se:cdpVersion: 142.0.7444.163, setWindowRect: true, strictFileInteractability: false, timeouts: {implicit: 0, pageLoad: 300000, script: 30000}, unhandledPromptBehavior: dismiss and notify, webauthn:extension:credBlob: true, webauthn:extension:largeBlob: true, webauthn:extension:minPinLength: true, webauthn:extension:prf: true, webauthn:virtualAuthenticators: true}
Session ID: 037f146c3b69236af1944ae768685983
	at org.openqa.selenium.remote.ErrorCodec.decode(ErrorCodec.java:167)
	at org.openqa.selenium.remote.codec.w3c.W3CHttpResponseCodec.decode(W3CHttpResponseCodec.java:138)
	at org.openqa.selenium.remote.codec.w3c.W3CHttpResponseCodec.decode(W3CHttpResponseCodec.java:50)
	at org.openqa.selenium.remote.HttpCommandExecutor.execute(HttpCommandExecutor.java:215)
	at org.openqa.selenium.remote.service.DriverCommandExecutor.invokeExecute(DriverCommandExecutor.java:216)
	at org.openqa.selenium.remote.service.DriverCommandExecutor.execute(DriverCommandExecutor.java:174)
	at org.openqa.selenium.remote.RemoteWebDriver.execute(RemoteWebDriver.java:557)
	at org.openqa.selenium.remote.ElementLocation$ElementFinder$2.findElement(ElementLocation.java:165)
	at org.openqa.selenium.remote.ElementLocation.findElement(ElementLocation.java:59)
	at org.openqa.selenium.remote.RemoteWebDriver.findElement(RemoteWebDriver.java:380)
	at org.openqa.selenium.remote.RemoteWebDriver.findElement(RemoteWebDriver.java:374)
	at Epic1.US14.TC141(US14.java:71)
	at java.base/java.util.concurrent.Executors$RunnableAdapter.call(Executors.java:572)
	at java.base/java.util.concurrent.FutureTask.run(FutureTask.java:317)
	at java.base/java.util.concurrent.ThreadPoolExecutor.runWorker(ThreadPoolExecutor.java:1144)
	at java.base/java.util.concurrent.ThreadPoolExecutor$Worker.run(ThreadPoolExecutor.java:642)
	at java.base/java.lang.Thread.run(Thread.java:1583)
... Removed 14 stack frames</pre></div><a href='#' onClick='toggleBox("stack-trace747332014", this, "Click to show all stack frames", "Click to hide stack frames")'>Click to show all stack frames</a>
<div class='stack-trace' id='stack-trace747332014'><pre>org.openqa.selenium.NoSuchElementException: no such element: Unable to locate element: {&quot;method&quot;:&quot;xpath&quot;,&quot;selector&quot;:&quot;//tbody/tr[8]/td[7]/button[1]/i[1]&quot;}
  (Session info: chrome=142.0.7444.163)
For documentation on this error, please visit: https://www.selenium.dev/documentation/webdriver/troubleshooting/errors#no-such-element-exception
Build info: version: &apos;4.35.0&apos;, revision: &apos;1c58e5028b&apos;
System info: os.name: &apos;Windows 11&apos;, os.arch: &apos;amd64&apos;, os.version: &apos;10.0&apos;, java.version: &apos;21.0.1&apos;
Driver info: org.openqa.selenium.chrome.ChromeDriver
Command: [037f146c3b69236af1944ae768685983, findElement {value=//tbody/tr[8]/td[7]/button[1]/i[1], using=xpath}]
Capabilities {acceptInsecureCerts: false, browserName: chrome, browserVersion: 142.0.7444.163, chrome: {chromedriverVersion: 142.0.7444.162 (c076baf266c..., userDataDir: C:\Users\nguye\AppData\Loca...}, fedcm:accounts: true, goog:chromeOptions: {debuggerAddress: localhost:56263}, goog:processID: 29156, networkConnectionEnabled: false, pageLoadStrategy: normal, platformName: windows, proxy: Proxy(), se:cdp: ws://localhost:56263/devtoo..., se:cdpVersion: 142.0.7444.163, setWindowRect: true, strictFileInteractability: false, timeouts: {implicit: 0, pageLoad: 300000, script: 30000}, unhandledPromptBehavior: dismiss and notify, webauthn:extension:credBlob: true, webauthn:extension:largeBlob: true, webauthn:extension:minPinLength: true, webauthn:extension:prf: true, webauthn:virtualAuthenticators: true}
Session ID: 037f146c3b69236af1944ae768685983
	at java.base/jdk.internal.reflect.DirectConstructorHandleAccessor.newInstance(DirectConstructorHandleAccessor.java:62)
	at java.base/java.lang.reflect.Constructor.newInstanceWithCaller(Constructor.java:502)
	at java.base/java.lang.reflect.Constructor.newInstance(Constructor.java:486)
	at org.openqa.selenium.remote.ErrorCodec.decode(ErrorCodec.java:167)
	at org.openqa.selenium.remote.codec.w3c.W3CHttpResponseCodec.decode(W3CHttpResponseCodec.java:138)
	at org.openqa.selenium.remote.codec.w3c.W3CHttpResponseCodec.decode(W3CHttpResponseCodec.java:50)
	at org.openqa.selenium.remote.HttpCommandExecutor.execute(HttpCommandExecutor.java:215)
	at org.openqa.selenium.remote.service.DriverCommandExecutor.invokeExecute(DriverCommandExecutor.java:216)
	at org.openqa.selenium.remote.service.DriverCommandExecutor.execute(DriverCommandExecutor.java:174)
	at org.openqa.selenium.remote.RemoteWebDriver.execute(RemoteWebDriver.java:557)
	at org.openqa.selenium.remote.ElementLocation$ElementFinder$2.findElement(ElementLocation.java:165)
	at org.openqa.selenium.remote.ElementLocation.findElement(ElementLocation.java:59)
	at org.openqa.selenium.remote.RemoteWebDriver.findElement(RemoteWebDriver.java:380)
	at org.openqa.selenium.remote.RemoteWebDriver.findElement(RemoteWebDriver.java:374)
	at Epic1.US14.TC141(US14.java:71)
	at java.base/jdk.internal.reflect.DirectMethodHandleAccessor.invoke(DirectMethodHandleAccessor.java:103)
	at java.base/java.lang.reflect.Method.invoke(Method.java:580)
	at org.testng.internal.invokers.MethodInvocationHelper.invokeMethod(MethodInvocationHelper.java:141)
	at org.testng.internal.invokers.TestInvoker.invokeMethod(TestInvoker.java:687)
	at org.testng.internal.invokers.TestInvoker.invokeTestMethod(TestInvoker.java:230)
	at org.testng.internal.invokers.MethodRunner.runInSequence(MethodRunner.java:63)
	at org.testng.internal.invokers.TestInvoker$MethodInvocationAgent.invoke(TestInvoker.java:995)
	at org.testng.internal.invokers.TestInvoker.invokeTestMethods(TestInvoker.java:203)
	at org.testng.internal.invokers.TestMethodWorker.invokeTestMethods(TestMethodWorker.java:154)
	at org.testng.internal.invokers.TestMethodWorker.run(TestMethodWorker.java:134)
	at java.base/java.util.concurrent.Executors$RunnableAdapter.call(Executors.java:572)
	at java.base/java.util.concurrent.FutureTask.run(FutureTask.java:317)
	at org.testng.internal.thread.graph.TestNGFutureTask.run(TestNGFutureTask.java:22)
	at java.base/java.util.concurrent.ThreadPoolExecutor.runWorker(ThreadPoolExecutor.java:1144)
	at java.base/java.util.concurrent.ThreadPoolExecutor$Worker.run(ThreadPoolExecutor.java:642)
	at java.base/java.lang.Thread.run(Thread.java:1583)
</pre></div></td>
<td>0</td>
<td>Epic1.US14@4e50c791</td></tr>
</table><p>
<table width='100%' border='1' class='invocation-passed'>
<tr><td colspan='4' align='center'><b>PASSED TESTS</b></td></tr>
<tr><td><b>Test method</b></td>
<td><b>Attribute(s)</b></td>
<td width="30%"><b>Exception</b></td>
<td width="10%"><b>Time (seconds)</b></td>
<td><b>Instance</b></td>
</tr>
<tr>
<td title='Epic7.US73.TC_UI_733()'><b>TC_UI_733</b><br>Test class: Epic7.US73</td>
<td></td>
<td>0</td>
<td>Epic7.US73@71e9ddb4</td></tr>
<tr>
<td title='Epic8.US83.TC831()'><b>TC831</b><br>Test class: Epic8.US83</td>
<td></td>
<td>0</td>
<td>Epic8.US83@5aebe890</td></tr>
<tr>
<td title='Epic1.US14.TC143()'><b>TC143</b><br>Test class: Epic1.US14</td>
<td></td>
<td>2</td>
<td>Epic1.US14@4e50c791</td></tr>
<tr>
<td title='Epic1.US12.TC121()'><b>TC121</b><br>Test class: Epic1.US12</td>
<td></td>
<td>3</td>
<td>Epic1.US12@5fbe4146</td></tr>
<tr>
<td title='Epic1.US11.TC111()'><b>TC111</b><br>Test class: Epic1.US11</td>
<td></td>
<td>4</td>
<td>Epic1.US11@17f7cd29</td></tr>
<tr>
<td title='Epic7.US71.TC711()'><b>TC711</b><br>Test class: Epic7.US71</td>
<td></td>
<td>0</td>
<td>Epic7.US71@7530ad9c</td></tr>
<tr>
<td title='Epic1.US13.TC133()'><b>TC133</b><br>Test class: Epic1.US13</td>
<td></td>
<td>2</td>
<td>Epic1.US13@1e66f1f5</td></tr>
<tr>
<td title='Epic7.US73.TC732()'><b>TC732</b><br>Test class: Epic7.US73</td>
<td></td>
<td>0</td>
<td>Epic7.US73@71e9ddb4</td></tr>
<tr>
<td title='Epic8.US82.TC821()'><b>TC821</b><br>Test class: Epic8.US82</td>
<td></td>
<td>3</td>
<td>Epic8.US82@4961f6af</td></tr>
<tr>
<td title='Epic7.US71.TC712()'><b>TC712</b><br>Test class: Epic7.US71</td>
<td></td>
<td>2</td>
<td>Epic7.US71@7530ad9c</td></tr>
<tr>
<td title='Epic1.US13.TC131()'><b>TC131</b><br>Test class: Epic1.US13</td>
<td></td>
<td>5</td>
<td>Epic1.US13@1e66f1f5</td></tr>
<tr>
<td title='Epic8.US82.TC825()'><b>TC825</b><br>Test class: Epic8.US82</td>
<td></td>
<td>3</td>
<td>Epic8.US82@4961f6af</td></tr>
<tr>
<td title='Epic7.US72.TC_UI_722()'><b>TC_UI_722</b><br>Test class: Epic7.US72</td>
<td></td>
<td>2</td>
<td>Epic7.US72@58a9760d</td></tr>
<tr>
<td title='Epic1.US11.TC112()'><b>TC112</b><br>Test class: Epic1.US11</td>
<td></td>
<td>11</td>
<td>Epic1.US11@17f7cd29</td></tr>
<tr>
<td title='Epic8.US83.TC832()'><b>TC832</b><br>Test class: Epic8.US83</td>
<td></td>
<td>0</td>
<td>Epic8.US83@5aebe890</td></tr>
<tr>
<td title='Epic7.US71.TC_UI_712()'><b>TC_UI_712</b><br>Test class: Epic7.US71</td>
<td></td>
<td>2</td>
<td>Epic7.US71@7530ad9c</td></tr>
<tr>
<td title='Epic7.US73.TC733()'><b>TC733</b><br>Test class: Epic7.US73</td>
<td></td>
<td>0</td>
<td>Epic7.US73@71e9ddb4</td></tr>
<tr>
<td title='Epic8.US83.TC833()'><b>TC833</b><br>Test class: Epic8.US83</td>
<td></td>
<td>0</td>
<td>Epic8.US83@5aebe890</td></tr>
<tr>
<td title='Epic1.US14.TC142()'><b>TC142</b><br>Test class: Epic1.US14</td>
<td></td>
<td>7</td>
<td>Epic1.US14@4e50c791</td></tr>
<tr>
<td title='Epic8.US83.TC_UI_832()'><b>TC_UI_832</b><br>Test class: Epic8.US83</td>
<td></td>
<td>0</td>
<td>Epic8.US83@5aebe890</td></tr>
<tr>
<td title='Epic7.US73.TC735()'><b>TC735</b><br>Test class: Epic7.US73</td>
<td></td>
<td>0</td>
<td>Epic7.US73@71e9ddb4</td></tr>
<tr>
<td title='Epic1.US12.TC123()'><b>TC123</b><br>Test class: Epic1.US12</td>
<td></td>
<td>2</td>
<td>Epic1.US12@5fbe4146</td></tr>
<tr>
<td title='Epic1.US11.TC114()'><b>TC114</b><br>Test class: Epic1.US11</td>
<td></td>
<td>2</td>
<td>Epic1.US11@17f7cd29</td></tr>
<tr>
<td title='Epic8.US82.TC823()'><b>TC823</b><br>Test class: Epic8.US82</td>
<td></td>
<td>0</td>
<td>Epic8.US82@4961f6af</td></tr>
<tr>
<td title='Epic8.US82.TC824()'><b>TC824</b><br>Test class: Epic8.US82</td>
<td></td>
<td>0</td>
<td>Epic8.US82@4961f6af</td></tr>
<tr>
<td title='Epic1.US12.TC122()'><b>TC122</b><br>Test class: Epic1.US12</td>
<td></td>
<td>0</td>
<td>Epic1.US12@5fbe4146</td></tr>
<tr>
<td title='Epic7.US71.TC713()'><b>TC713</b><br>Test class: Epic7.US71</td>
<td></td>
<td>2</td>
<td>Epic7.US71@7530ad9c</td></tr>
<tr>
<td title='Epic7.US72.TC724()'><b>TC724</b><br>Test class: Epic7.US72</td>
<td></td>
<td>2</td>
<td>Epic7.US72@58a9760d</td></tr>
<tr>
<td title='Epic7.US71.TC_UI_713()'><b>TC_UI_713</b><br>Test class: Epic7.US71</td>
<td></td>
<td>2</td>
<td>Epic7.US71@7530ad9c</td></tr>
<tr>
<td title='Epic7.US72.TC723()'><b>TC723</b><br>Test class: Epic7.US72</td>
<td></td>
<td>2</td>
<td>Epic7.US72@58a9760d</td></tr>
<tr>
<td title='Epic7.US71.TC715()'><b>TC715</b><br>Test class: Epic7.US71</td>
<td></td>
<td>2</td>
<td>Epic7.US71@7530ad9c</td></tr>
<tr>
<td title='Epic7.US73.TC_UI_732()'><b>TC_UI_732</b><br>Test class: Epic7.US73</td>
<td></td>
<td>0</td>
<td>Epic7.US73@71e9ddb4</td></tr>
<tr>
<td title='Epic1.US11.TC113()'><b>TC113</b><br>Test class: Epic1.US11</td>
<td></td>
<td>2</td>
<td>Epic1.US11@17f7cd29</td></tr>
<tr>
<td title='Epic8.US83.TC_UI_833()'><b>TC_UI_833</b><br>Test class: Epic8.US83</td>
<td></td>
<td>0</td>
<td>Epic8.US83@5aebe890</td></tr>
<tr>
<td title='Epic7.US72.TC722()'><b>TC722</b><br>Test class: Epic7.US72</td>
<td></td>
<td>0</td>
<td>Epic7.US72@58a9760d</td></tr>
<tr>
<td title='Epic7.US71.TC714()'><b>TC714</b><br>Test class: Epic7.US71</td>
<td></td>
<td>2</td>
<td>Epic7.US71@7530ad9c</td></tr>
<tr>
<td title='Epic8.US81.TC811()'><b>TC811</b><br>Test class: Epic8.US81</td>
<td></td>
<td>0</td>
<td>Epic8.US81@394df057</td></tr>
<tr>
<td title='Epic7.US73.TC734()'><b>TC734</b><br>Test class: Epic7.US73</td>
<td></td>
<td>0</td>
<td>Epic7.US73@71e9ddb4</td></tr>
<tr>
<td title='Epic1.US11.TC115()'><b>TC115</b><br>Test class: Epic1.US11</td>
<td></td>
<td>2</td>
<td>Epic1.US11@17f7cd29</td></tr>
<tr>
<td title='Epic8.US82.TC822()'><b>TC822</b><br>Test class: Epic8.US82</td>
<td></td>
<td>0</td>
<td>Epic8.US82@4961f6af</td></tr>
<tr>
<td title='Epic7.US72.TC721()'><b>TC721</b><br>Test class: Epic7.US72</td>
<td></td>
<td>0</td>
<td>Epic7.US72@58a9760d</td></tr>
<tr>
<td title='Epic7.US73.TC731()'><b>TC731</b><br>Test class: Epic7.US73</td>
<td></td>
<td>1</td>
<td>Epic7.US73@71e9ddb4</td></tr>
</table><p>
</body>
</html>