<?xml version="1.0" encoding="UTF-8"?>
<!-- Generated by org.testng.reporters.JUnitReportReporter -->
<testsuite hostname="MinNghiax" failures="0" tests="13" name="Epic4.Test_US_4_2" time="14.457" errors="1" timestamp="2025-12-30T17:13:10 ICT" skipped="12">
  <testcase classname="Epic4.Test_US_4_2" name="setupAndNavigate" time="14.457">
    <error message="Expected condition failed: waiting for element to be clickable: By.xpath: //a[contains(text(),&#039;Quản lý điện&#039;)]//parent::li | //span[contains(text(),&#039;Quản lý điện&#039;)] (tried for 10 second(s) with 500 milliseconds interval)
Build info: version: &#039;4.35.0&#039;, revision: &#039;1c58e5028b&#039;
System info: os.name: &#039;Windows 11&#039;, os.arch: &#039;amd64&#039;, os.version: &#039;10.0&#039;, java.version: &#039;21.0.3&#039;
Driver info: org.openqa.selenium.chrome.ChromeDriver
Capabilities {acceptInsecureCerts: false, browserName: chrome, browserVersion: 143.0.7499.170, chrome: {chromedriverVersion: 143.0.7499.169 (164b20aab62..., userDataDir: C:\Users\tongh\AppData\Loca...}, fedcm:accounts: true, goog:chromeOptions: {debuggerAddress: localhost:52909}, goog:processID: 8296, networkConnectionEnabled: false, pageLoadStrategy: normal, platformName: windows, proxy: Proxy(), se:cdp: ws://localhost:52909/devtoo..., se:cdpVersion: 143.0.7499.170, setWindowRect: true, strictFileInteractability: false, timeouts: {implicit: 0, pageLoad: 300000, script: 30000}, unhandledPromptBehavior: dismiss and notify, webauthn:extension:credBlob: true, webauthn:extension:largeBlob: true, webauthn:extension:minPinLength: true, webauthn:extension:prf: true, webauthn:virtualAuthenticators: true}
Session ID: 3a913754dd2bbe0a842b2e043cfd4034" type="org.openqa.selenium.TimeoutException">
      <![CDATA[org.openqa.selenium.TimeoutException: Expected condition failed: waiting for element to be clickable: By.xpath: //a[contains(text(),'Quản lý điện')]//parent::li | //span[contains(text(),'Quản lý điện')] (tried for 10 second(s) with 500 milliseconds interval)
Build info: version: '4.35.0', revision: '1c58e5028b'
System info: os.name: 'Windows 11', os.arch: 'amd64', os.version: '10.0', java.version: '21.0.3'
Driver info: org.openqa.selenium.chrome.ChromeDriver
Capabilities {acceptInsecureCerts: false, browserName: chrome, browserVersion: 143.0.7499.170, chrome: {chromedriverVersion: 143.0.7499.169 (164b20aab62..., userDataDir: C:\Users\tongh\AppData\Loca...}, fedcm:accounts: true, goog:chromeOptions: {debuggerAddress: localhost:52909}, goog:processID: 8296, networkConnectionEnabled: false, pageLoadStrategy: normal, platformName: windows, proxy: Proxy(), se:cdp: ws://localhost:52909/devtoo..., se:cdpVersion: 143.0.7499.170, setWindowRect: true, strictFileInteractability: false, timeouts: {implicit: 0, pageLoad: 300000, script: 30000}, unhandledPromptBehavior: dismiss and notify, webauthn:extension:credBlob: true, webauthn:extension:largeBlob: true, webauthn:extension:minPinLength: true, webauthn:extension:prf: true, webauthn:virtualAuthenticators: true}
Session ID: 3a913754dd2bbe0a842b2e043cfd4034
at org.openqa.selenium.support.ui.WebDriverWait.timeoutException(WebDriverWait.java:84)
at org.openqa.selenium.support.ui.FluentWait.until(FluentWait.java:228)
at Epic4.Test_US_4_2.setupAndNavigate(Test_US_4_2.java:58)
at java.base/jdk.internal.reflect.DirectMethodHandleAccessor.invoke(DirectMethodHandleAccessor.java:103)
at java.base/java.lang.reflect.Method.invoke(Method.java:580)
at org.testng.internal.invokers.MethodInvocationHelper.invokeMethod(MethodInvocationHelper.java:141)
at org.testng.internal.invokers.MethodInvocationHelper.invokeMethodConsideringTimeout(MethodInvocationHelper.java:71)
at org.testng.internal.invokers.ConfigInvoker.invokeConfigurationMethod(ConfigInvoker.java:400)
at org.testng.internal.invokers.ConfigInvoker.invokeConfigurations(ConfigInvoker.java:333)
at org.testng.internal.invokers.TestInvoker.runConfigMethods(TestInvoker.java:836)
at org.testng.internal.invokers.TestInvoker.invokeMethod(TestInvoker.java:601)
at org.testng.internal.invokers.TestInvoker.invokeTestMethod(TestInvoker.java:230)
at org.testng.internal.invokers.MethodRunner.runInSequence(MethodRunner.java:63)
at org.testng.internal.invokers.TestInvoker$MethodInvocationAgent.invoke(TestInvoker.java:995)
at org.testng.internal.invokers.TestInvoker.invokeTestMethods(TestInvoker.java:203)
at org.testng.internal.invokers.TestMethodWorker.invokeTestMethods(TestMethodWorker.java:154)
at org.testng.internal.invokers.TestMethodWorker.run(TestMethodWorker.java:134)
at java.base/java.util.ArrayList.forEach(ArrayList.java:1596)
at org.testng.TestRunner.privateRun(TestRunner.java:741)
at org.testng.TestRunner.run(TestRunner.java:616)
at org.testng.SuiteRunner.runTest(SuiteRunner.java:421)
at org.testng.SuiteRunner.runSequentially(SuiteRunner.java:413)
at org.testng.SuiteRunner.privateRun(SuiteRunner.java:373)
at org.testng.SuiteRunner.run(SuiteRunner.java:312)
at org.testng.SuiteRunnerWorker.runSuite(SuiteRunnerWorker.java:52)
at org.testng.SuiteRunnerWorker.run(SuiteRunnerWorker.java:95)
at org.testng.TestNG.runSuitesSequentially(TestNG.java:1274)
at org.testng.TestNG.runSuitesLocally(TestNG.java:1208)
at org.testng.TestNG.runSuites(TestNG.java:1112)
at org.testng.TestNG.run(TestNG.java:1079)
at org.testng.remote.AbstractRemoteTestNG.run(AbstractRemoteTestNG.java:115)
at org.testng.remote.RemoteTestNG.initAndRun(RemoteTestNG.java:293)
at org.testng.remote.RemoteTestNG.main(RemoteTestNG.java:91)
]]>
    </error>
  </testcase> <!-- setupAndNavigate -->
  <testcase classname="Epic4.Test_US_4_2" name="TC01_CheckUI_Statistics" time="0.000">
    <skipped/>
  </testcase> <!-- TC01_CheckUI_Statistics -->
  <testcase classname="Epic4.Test_US_4_2" name="TC02_CheckSearchPlaceholder" time="0.000">
    <skipped/>
  </testcase> <!-- TC02_CheckSearchPlaceholder -->
  <testcase classname="Epic4.Test_US_4_2" name="TC03_CheckAddPopup" time="0.000">
    <skipped/>
  </testcase> <!-- TC03_CheckAddPopup -->
  <testcase classname="Epic4.Test_US_4_2" name="TC09_AddNewRecord_Success" time="0.000">
    <skipped/>
  </testcase> <!-- TC09_AddNewRecord_Success -->
  <testcase classname="Epic4.Test_US_4_2" name="TC10_AddNewRecord_MissingRoom" time="0.000">
    <skipped/>
  </testcase> <!-- TC10_AddNewRecord_MissingRoom -->
  <testcase classname="Epic4.Test_US_4_2" name="TC13_AddNewRecord_NewIndexLessThanOld" time="0.000">
    <skipped/>
  </testcase> <!-- TC13_AddNewRecord_NewIndexLessThanOld -->
  <testcase classname="Epic4.Test_US_4_2" name="TC17_InputCharacterInNumberFields" time="0.000">
    <skipped/>
  </testcase> <!-- TC17_InputCharacterInNumberFields -->
  <testcase classname="Epic4.Test_US_4_2" name="TC22_AutoCalculate" time="0.000">
    <skipped/>
  </testcase> <!-- TC22_AutoCalculate -->
  <testcase classname="Epic4.Test_US_4_2" name="TC34_Search" time="0.000">
    <skipped/>
  </testcase> <!-- TC34_Search -->
  <testcase classname="Epic4.Test_US_4_2" name="TC45_EditRecord" time="0.000">
    <skipped/>
  </testcase> <!-- TC45_EditRecord -->
  <testcase classname="Epic4.Test_US_4_2" name="TC64_DeleteRecord" time="0.000">
    <skipped/>
  </testcase> <!-- TC64_DeleteRecord -->
  <testcase classname="Epic4.Test_US_4_2" name="TC44_ExportExcel" time="0.000">
    <skipped/>
  </testcase> <!-- TC44_ExportExcel -->
</testsuite> <!-- Epic4.Test_US_4_2 -->
