<?xml version="1.0" encoding="UTF-8"?>
<!-- Generated by org.testng.reporters.JUnitXMLReporter -->
<testsuite ignored="0" hostname="DESKTOP-EJIGPN3" failures="1" tests="4" name="Test" time="30.659" errors="0" timestamp="2025-11-14T20:34:06 ICT">
  <testcase classname="tests.rooms.RoomFilterTests" name="testFilterByAreaAndPrice" time="0.034">
    <failure type="java.lang.AssertionError" message="Không lọc được danh sách phòng! expected [true] but found [false]">
      <![CDATA[java.lang.AssertionError: Không lọc được danh sách phòng! expected [true] but found [false]
at tests.rooms.RoomFilterTests.testFilterByAreaAndPrice(RoomFilterTests.java:15)
at java.base/java.util.ArrayList.forEach(ArrayList.java:1596)
... Removed 28 stack frames]]>
    </failure>
  </testcase> <!-- testFilterByAreaAndPrice -->
  <testcase classname="tests.home.HomeSortTests" name="testSortPriceLowToHigh" time="20.166"/>
  <testcase classname="tests.home.HomeNavigationTests" name="testClickRoomOpensDetail" time="0.254"/>
  <testcase classname="tests.tenants.AddTenantTests" name="f" time="0.003"/>
</testsuite> <!-- Test -->
